<?xml version="1.0" encoding="UTF-8"?>
<testsuites>
  <testsuite name="" tests="109" assertions="216" errors="5" warnings="0" failures="6" skipped="0" time="4.156600">
    <testsuite name="Project Test Suite" tests="109" assertions="216" errors="5" warnings="0" failures="6" skipped="0" time="4.156600">
      <testsuite name="App\Card\BlackJackTest" file="/home/albinr/dbwebb-kurser/mvc/me/report/tests/Card/BlackJackTest.php" tests="9" assertions="15" errors="2" warnings="0" failures="0" skipped="0" time="0.021555">
        <testcase name="testInitWithPlayers" class="App\Card\BlackJackTest" classname="App.Card.BlackJackTest" file="/home/albinr/dbwebb-kurser/mvc/me/report/tests/Card/BlackJackTest.php" line="12" assertions="3" time="0.012016"/>
        <testcase name="testPlayerHit" class="App\Card\BlackJackTest" classname="App.Card.BlackJackTest" file="/home/albinr/dbwebb-kurser/mvc/me/report/tests/Card/BlackJackTest.php" line="26" assertions="0" time="0.002989">
          <error type="PHPUnit\Framework\Error\Warning">App\Card\BlackJackTest::testPlayerHit
Undefined array key 0

/home/albinr/dbwebb-kurser/mvc/me/report/src/Card/Player.php:51
/home/albinr/dbwebb-kurser/mvc/me/report/src/Card/BlackJack.php:76
/home/albinr/dbwebb-kurser/mvc/me/report/tests/Card/BlackJackTest.php:34</error>
        </testcase>
        <testcase name="testPlayerStand" class="App\Card\BlackJackTest" classname="App.Card.BlackJackTest" file="/home/albinr/dbwebb-kurser/mvc/me/report/tests/Card/BlackJackTest.php" line="47" assertions="1" time="0.000512"/>
        <testcase name="testAllPlayersStandBankPlays" class="App\Card\BlackJackTest" classname="App.Card.BlackJackTest" file="/home/albinr/dbwebb-kurser/mvc/me/report/tests/Card/BlackJackTest.php" line="60" assertions="1" time="0.000617"/>
        <testcase name="testGameResults" class="App\Card\BlackJackTest" classname="App.Card.BlackJackTest" file="/home/albinr/dbwebb-kurser/mvc/me/report/tests/Card/BlackJackTest.php" line="74" assertions="0" time="0.000519">
          <error type="PHPUnit\Framework\RiskyTestError">App\Card\BlackJackTest::testGameResults
This test did not perform any assertions

/home/albinr/dbwebb-kurser/mvc/me/report/tests/Card/BlackJackTest.php:74</error>
        </testcase>
        <testcase name="testBankPlay" class="App\Card\BlackJackTest" classname="App.Card.BlackJackTest" file="/home/albinr/dbwebb-kurser/mvc/me/report/tests/Card/BlackJackTest.php" line="97" assertions="3" time="0.002542"/>
        <testcase name="testToSessionAndFromSession" class="App\Card\BlackJackTest" classname="App.Card.BlackJackTest" file="/home/albinr/dbwebb-kurser/mvc/me/report/tests/Card/BlackJackTest.php" line="113" assertions="4" time="0.000733"/>
        <testcase name="testMultipleDecks" class="App\Card\BlackJackTest" classname="App.Card.BlackJackTest" file="/home/albinr/dbwebb-kurser/mvc/me/report/tests/Card/BlackJackTest.php" line="132" assertions="2" time="0.000737"/>
        <testcase name="testNoPlayers" class="App\Card\BlackJackTest" classname="App.Card.BlackJackTest" file="/home/albinr/dbwebb-kurser/mvc/me/report/tests/Card/BlackJackTest.php" line="146" assertions="1" time="0.000892"/>
      </testsuite>
      <testsuite name="App\Card\CardGraphicTest" file="/home/albinr/dbwebb-kurser/mvc/me/report/tests/Card/CardGraphicTest.php" tests="3" assertions="7" errors="0" warnings="0" failures="0" skipped="0" time="0.006644">
        <testcase name="testRenderedSuitSymbolsAndColors" class="App\Card\CardGraphicTest" classname="App.Card.CardGraphicTest" file="/home/albinr/dbwebb-kurser/mvc/me/report/tests/Card/CardGraphicTest.php" line="12" assertions="4" time="0.004798"/>
        <testcase name="testRenderOutputStructure" class="App\Card\CardGraphicTest" classname="App.Card.CardGraphicTest" file="/home/albinr/dbwebb-kurser/mvc/me/report/tests/Card/CardGraphicTest.php" line="25" assertions="1" time="0.000446"/>
        <testcase name="testRenderWithUnrecognizedSuit" class="App\Card\CardGraphicTest" classname="App.Card.CardGraphicTest" file="/home/albinr/dbwebb-kurser/mvc/me/report/tests/Card/CardGraphicTest.php" line="39" assertions="2" time="0.001400"/>
      </testsuite>
      <testsuite name="App\Card\CardHandTest" file="/home/albinr/dbwebb-kurser/mvc/me/report/tests/Card/CardHandTest.php" tests="6" assertions="9" errors="0" warnings="0" failures="0" skipped="0" time="0.002538">
        <testcase name="testConstructorInitialization" class="App\Card\CardHandTest" classname="App.Card.CardHandTest" file="/home/albinr/dbwebb-kurser/mvc/me/report/tests/Card/CardHandTest.php" line="12" assertions="3" time="0.000868"/>
        <testcase name="testAddCard" class="App\Card\CardHandTest" classname="App.Card.CardHandTest" file="/home/albinr/dbwebb-kurser/mvc/me/report/tests/Card/CardHandTest.php" line="26" assertions="2" time="0.000328"/>
        <testcase name="testShowHand" class="App\Card\CardHandTest" classname="App.Card.CardHandTest" file="/home/albinr/dbwebb-kurser/mvc/me/report/tests/Card/CardHandTest.php" line="35" assertions="1" time="0.000331"/>
        <testcase name="testClearHand" class="App\Card\CardHandTest" classname="App.Card.CardHandTest" file="/home/albinr/dbwebb-kurser/mvc/me/report/tests/Card/CardHandTest.php" line="45" assertions="1" time="0.000326"/>
        <testcase name="testToArray" class="App\Card\CardHandTest" classname="App.Card.CardHandTest" file="/home/albinr/dbwebb-kurser/mvc/me/report/tests/Card/CardHandTest.php" line="54" assertions="1" time="0.000325"/>
        <testcase name="testGetRenderedHand" class="App\Card\CardHandTest" classname="App.Card.CardHandTest" file="/home/albinr/dbwebb-kurser/mvc/me/report/tests/Card/CardHandTest.php" line="65" assertions="1" time="0.000359"/>
      </testsuite>
      <testsuite name="App\Card\CardTest" file="/home/albinr/dbwebb-kurser/mvc/me/report/tests/Card/CardTest.php" tests="5" assertions="8" errors="0" warnings="0" failures="0" skipped="0" time="0.001640">
        <testcase name="testCreateCard" class="App\Card\CardTest" classname="App.Card.CardTest" file="/home/albinr/dbwebb-kurser/mvc/me/report/tests/Card/CardTest.php" line="16" assertions="4" time="0.000339"/>
        <testcase name="testGetAsString" class="App\Card\CardTest" classname="App.Card.CardTest" file="/home/albinr/dbwebb-kurser/mvc/me/report/tests/Card/CardTest.php" line="27" assertions="1" time="0.000347"/>
        <testcase name="testGetValue" class="App\Card\CardTest" classname="App.Card.CardTest" file="/home/albinr/dbwebb-kurser/mvc/me/report/tests/Card/CardTest.php" line="36" assertions="1" time="0.000327"/>
        <testcase name="testGetSuit" class="App\Card\CardTest" classname="App.Card.CardTest" file="/home/albinr/dbwebb-kurser/mvc/me/report/tests/Card/CardTest.php" line="45" assertions="1" time="0.000327"/>
        <testcase name="testGetId" class="App\Card\CardTest" classname="App.Card.CardTest" file="/home/albinr/dbwebb-kurser/mvc/me/report/tests/Card/CardTest.php" line="54" assertions="1" time="0.000300"/>
      </testsuite>
      <testsuite name="App\Card\DeckOfCardsTest" file="/home/albinr/dbwebb-kurser/mvc/me/report/tests/Card/DeckOfCardsTest.php" tests="7" assertions="25" errors="0" warnings="0" failures="0" skipped="0" time="0.012551">
        <testcase name="testInitialization" class="App\Card\DeckOfCardsTest" classname="App.Card.DeckOfCardsTest" file="/home/albinr/dbwebb-kurser/mvc/me/report/tests/Card/DeckOfCardsTest.php" line="12" assertions="3" time="0.000440"/>
        <testcase name="testConstructFromArray" class="App\Card\DeckOfCardsTest" classname="App.Card.DeckOfCardsTest" file="/home/albinr/dbwebb-kurser/mvc/me/report/tests/Card/DeckOfCardsTest.php" line="22" assertions="13" time="0.000421"/>
        <testcase name="testShuffle" class="App\Card\DeckOfCardsTest" classname="App.Card.DeckOfCardsTest" file="/home/albinr/dbwebb-kurser/mvc/me/report/tests/Card/DeckOfCardsTest.php" line="41" assertions="1" time="0.007962"/>
        <testcase name="testSort" class="App\Card\DeckOfCardsTest" classname="App.Card.DeckOfCardsTest" file="/home/albinr/dbwebb-kurser/mvc/me/report/tests/Card/DeckOfCardsTest.php" line="51" assertions="2" time="0.001390"/>
        <testcase name="testDealCard" class="App\Card\DeckOfCardsTest" classname="App.Card.DeckOfCardsTest" file="/home/albinr/dbwebb-kurser/mvc/me/report/tests/Card/DeckOfCardsTest.php" line="61" assertions="2" time="0.000466"/>
        <testcase name="testToArray" class="App\Card\DeckOfCardsTest" classname="App.Card.DeckOfCardsTest" file="/home/albinr/dbwebb-kurser/mvc/me/report/tests/Card/DeckOfCardsTest.php" line="71" assertions="3" time="0.001462"/>
        <testcase name="testToString" class="App\Card\DeckOfCardsTest" classname="App.Card.DeckOfCardsTest" file="/home/albinr/dbwebb-kurser/mvc/me/report/tests/Card/DeckOfCardsTest.php" line="80" assertions="1" time="0.000411"/>
      </testsuite>
      <testsuite name="App\Card\DeckWithJokersTest" file="/home/albinr/dbwebb-kurser/mvc/me/report/tests/Card/DeckWithJokersTest.php" tests="1" assertions="7" errors="0" warnings="0" failures="0" skipped="0" time="0.001321">
        <testcase name="testInitializationWithJokers" class="App\Card\DeckWithJokersTest" classname="App.Card.DeckWithJokersTest" file="/home/albinr/dbwebb-kurser/mvc/me/report/tests/Card/DeckWithJokersTest.php" line="12" assertions="7" time="0.001321"/>
      </testsuite>
      <testsuite name="App\Card\PlayerTest" file="/home/albinr/dbwebb-kurser/mvc/me/report/tests/Card/PlayerTest.php" tests="6" assertions="16" errors="0" warnings="0" failures="0" skipped="0" time="0.002892">
        <testcase name="testPlayerInitialization" class="App\Card\PlayerTest" classname="App.Card.PlayerTest" file="/home/albinr/dbwebb-kurser/mvc/me/report/tests/Card/PlayerTest.php" line="12" assertions="4" time="0.000320"/>
        <testcase name="testAddAndGetHands" class="App\Card\PlayerTest" classname="App.Card.PlayerTest" file="/home/albinr/dbwebb-kurser/mvc/me/report/tests/Card/PlayerTest.php" line="22" assertions="3" time="0.000781"/>
        <testcase name="testSetAndGetHand" class="App\Card\PlayerTest" classname="App.Card.PlayerTest" file="/home/albinr/dbwebb-kurser/mvc/me/report/tests/Card/PlayerTest.php" line="36" assertions="2" time="0.000326"/>
        <testcase name="testSetAndGetResults" class="App\Card\PlayerTest" classname="App.Card.PlayerTest" file="/home/albinr/dbwebb-kurser/mvc/me/report/tests/Card/PlayerTest.php" line="49" assertions="5" time="0.000402"/>
        <testcase name="testGetResultReturnsNullIfNoResult" class="App\Card\PlayerTest" classname="App.Card.PlayerTest" file="/home/albinr/dbwebb-kurser/mvc/me/report/tests/Card/PlayerTest.php" line="65" assertions="1" time="0.000744"/>
        <testcase name="testOverwriteResults" class="App\Card\PlayerTest" classname="App.Card.PlayerTest" file="/home/albinr/dbwebb-kurser/mvc/me/report/tests/Card/PlayerTest.php" line="72" assertions="1" time="0.000320"/>
      </testsuite>
      <testsuite name="App\Card\TwentyOneTest" file="/home/albinr/dbwebb-kurser/mvc/me/report/tests/Card/TwentyOneTest.php" tests="10" assertions="14" errors="0" warnings="0" failures="0" skipped="0" time="0.006888">
        <testcase name="testCreateTwentyOne" class="App\Card\TwentyOneTest" classname="App.Card.TwentyOneTest" file="/home/albinr/dbwebb-kurser/mvc/me/report/tests/Card/TwentyOneTest.php" line="16" assertions="2" time="0.001952"/>
        <testcase name="testInitialGameState" class="App\Card\TwentyOneTest" classname="App.Card.TwentyOneTest" file="/home/albinr/dbwebb-kurser/mvc/me/report/tests/Card/TwentyOneTest.php" line="28" assertions="3" time="0.000476"/>
        <testcase name="testHit" class="App\Card\TwentyOneTest" classname="App.Card.TwentyOneTest" file="/home/albinr/dbwebb-kurser/mvc/me/report/tests/Card/TwentyOneTest.php" line="39" assertions="1" time="0.000463"/>
        <testcase name="testStand" class="App\Card\TwentyOneTest" classname="App.Card.TwentyOneTest" file="/home/albinr/dbwebb-kurser/mvc/me/report/tests/Card/TwentyOneTest.php" line="49" assertions="2" time="0.000600"/>
        <testcase name="testPlayerHitLoss" class="App\Card\TwentyOneTest" classname="App.Card.TwentyOneTest" file="/home/albinr/dbwebb-kurser/mvc/me/report/tests/Card/TwentyOneTest.php" line="60" assertions="1" time="0.000695"/>
        <testcase name="testGameOver" class="App\Card\TwentyOneTest" classname="App.Card.TwentyOneTest" file="/home/albinr/dbwebb-kurser/mvc/me/report/tests/Card/TwentyOneTest.php" line="72" assertions="1" time="0.000637"/>
        <testcase name="testPlayerWins" class="App\Card\TwentyOneTest" classname="App.Card.TwentyOneTest" file="/home/albinr/dbwebb-kurser/mvc/me/report/tests/Card/TwentyOneTest.php" line="81" assertions="1" time="0.000496"/>
        <testcase name="testBankWins" class="App\Card\TwentyOneTest" classname="App.Card.TwentyOneTest" file="/home/albinr/dbwebb-kurser/mvc/me/report/tests/Card/TwentyOneTest.php" line="95" assertions="1" time="0.000506"/>
        <testcase name="testPlayerLoss" class="App\Card\TwentyOneTest" classname="App.Card.TwentyOneTest" file="/home/albinr/dbwebb-kurser/mvc/me/report/tests/Card/TwentyOneTest.php" line="109" assertions="1" time="0.000495"/>
        <testcase name="testBankLoss" class="App\Card\TwentyOneTest" classname="App.Card.TwentyOneTest" file="/home/albinr/dbwebb-kurser/mvc/me/report/tests/Card/TwentyOneTest.php" line="124" assertions="1" time="0.000567"/>
      </testsuite>
      <testsuite name="App\Tests\Controller\ApiBlackJackControllerTest" file="/home/albinr/dbwebb-kurser/mvc/me/report/tests/Controller/ApiBlackJackControllerTest.php" tests="9" assertions="22" errors="0" warnings="0" failures="3" skipped="0" time="2.361799">
        <testcase name="testApiBlackJackSetup" class="App\Tests\Controller\ApiBlackJackControllerTest" classname="App.Tests.Controller.ApiBlackJackControllerTest" file="/home/albinr/dbwebb-kurser/mvc/me/report/tests/Controller/ApiBlackJackControllerTest.php" line="9" assertions="1" time="0.901576">
          <failure type="PHPUnit\Framework\ExpectationFailedException">App\Tests\Controller\ApiBlackJackControllerTest::testApiBlackJackSetup
Failed asserting that the Response is successful.
HTTP/1.1 500 Internal Server Error&#13;
Cache-Control:          max-age=0, must-revalidate, private&#13;
Content-Type:           text/html; charset=UTF-8&#13;
Date:                   Mon, 26 Aug 2024 20:20:48 GMT&#13;
Expires:                Mon, 26 Aug 2024 20:20:48 GMT&#13;
Set-Cookie:             MOCKSESSID=9c63ac7a3691d6b72d810e60930c4faa8fbd3438f97e97f494d5786043f951d7; path=/; httponly; samesite=lax&#13;
Vary:                   Accept&#13;
X-Debug-Exception:      Too%20few%20arguments%20to%20function%20App%5CCard%5CPlayer%3A%3AgetHand%28%29%2C%200%20passed%20in%20%2Fhome%2Falbinr%2Fdbwebb-kurser%2Fmvc%2Fme%2Freport%2Fsrc%2FController%2FApiBlackJackController.php%20on%20line%2045%20and%20exactly%201%20expected&#13;
X-Debug-Exception-File: %2Fhome%2Falbinr%2Fdbwebb-kurser%2Fmvc%2Fme%2Freport%2Fsrc%2FCard%2FPlayer.php:49&#13;
X-Robots-Tag:           noindex&#13;
&#13;
&lt;!-- Too few arguments to function App\Card\Player::getHand(), 0 passed in /home/albinr/dbwebb-kurser/mvc/me/report/src/Controller/ApiBlackJackController.php on line 45 and exactly 1 expected (500 Internal Server Error) --&gt;
&lt;!DOCTYPE html&gt;
&lt;html lang="en"&gt;
    &lt;head&gt;
        &lt;meta charset="UTF-8" /&gt;
        &lt;meta name="robots" content="noindex,nofollow" /&gt;
        &lt;meta name="viewport" content="width=device-width,initial-scale=1" /&gt;
        &lt;title&gt;Too few arguments to function App\Card\Player::getHand(), 0 passed in /home/albinr/dbwebb-kurser/mvc/me/report/src/Controller/ApiBlackJackController.php on line 45 and exactly 1 expected (500 Internal Server Error)&lt;/title&gt;
        &lt;link rel="icon" type="image/png" href="data:image/png;base64,iVBORw0KGgoAAAANSUhEUgAAABwAAAAgCAYAAAABtRhCAAADVUlEQVRIx82XX0jTURTHLYPyqZdefQx66CEo80+aYpoIkqzUikz6Z5klQoWUWYRIJYEUGpQ+lIr9U5dOTLdCtkmWZis3rbnC5fw/neYW002307mX/cZvP3/7o1PwwOdh95x7vnf39zvnd29AgBer2xO6DclAXiMqZAqxIiNIN/IYSUS2BPhjmGATchUxI+ADWiRhpWK7HKuHFVBFdmU5YvnI4grFGCaReF/EBH4KsZlGgj2JBTuCYBWRIYF8YoEOJ6wBt/gEs7mBbyOjQXruPLSdOgPCiEiPSUUHDoL8Ug5IUo9B/d5wrt+G7OAKNrODPuVdB6vRCIzN6SdBlpW9RIgk/1FeAXabzRlrUPVCS/JhbmwudztnGeeH9AyXBIwtmM3wLinZJZHifjHw2V+NBoRh+9ixQrbgbnaSIcl7cGea6hoXQbNe7za241oeO5Z0p42M4BV2EqP2D50wo+6HzvwC6C4sApNOR8cmOrtcnhtj2kYRyC9eBvXzKrBZrXSs72kFd1t3MoKVbMekQkEnSNKOO8fac3LpmK6l1TlGtsxmsdKFsecPYgwxst0cwROMYDXboSotg0WLBRqjY51jLYcENElXwW2XJKPydvoI2GN9T8rBtrAArYIUruBJXkFheCQYlCpQP6uk5dAQFQNaUROMSGVQFxLmkoQsxDJrhLbTZ+nvVsERME9MgPJRKV/58AsyomTSzE813WLFvWK++qI0xSfQl8k8Pg46sYRuv5t6dS+4RqxDwaa4BGjYH+NTQvKScIp9+YL/hoZh3jDtLRHtt2C3g6bmhX+CpsFBWg7ilDSPgj0lD2ncr5ev/BP8VvyAJhqVyZeUhPOrEhEFxgEtjft846Z/guQTNT89Q5P9flMLoth4F7808wKtWWKzAwNQHxrh/1vaid2F+XpYTSbQf1XA2McOmOpROnvpvMEA4tSjq1cW0sws2gCYxswY6TKkvzYnJq1NHZLnRU4BX+4U0uburvusu8Kv8iHY7qefkM4IFngJHEOUXmLEPgiGsI8YnlZILit3vSSLRTQe/MPIZva5pshNIEmyFQlCvruJKXPkCEfmePzkphXHdzZNQdoRI9KPlBAxlj/I8U97ERPS5bjGbWDFbEdqHVe5caTBeZZx2H/IMvzeN15yoQAAAABJRU5ErkJggg==" /&gt;
        &lt;style&gt;/* This file is based on WebProfilerBundle/Resources/views/Profiler/profiler.css.twig.
   If you make any change in this file, verify the same change is needed in the other file. */
:root {
    --font-sans-serif: Helvetica, Arial, sans-serif;
    --page-background: #f9f9f9;
    --color-text: #222;
    /* when updating any of these colors, do the same in toolbar.css.twig */
    --color-success: #4f805d;
    --color-warning: #a46a1f;
    --color-error: #b0413e;
    --color-muted: #999;
    --tab-background: #f0f0f0;
    --tab-border-color: #e5e5e5;
    --tab-active-border-color: #d4d4d4;
    --tab-color: #444;
    --tab-active-background: #fff;
    --tab-active-color: var(--color-text);
    --tab-disabled-background: #f5f5f5;
    --tab-disabled-color: #999;
    --selected-badge-background: #e5e5e5;
    --selected-badge-color: #525252;
    --selected-badge-shadow: inset 0 0 0 1px #d4d4d4;
    --selected-badge-warning-background: #fde496;
    --selected-badge-warning-color: #785b02;
    --selected-badge-warning-shadow: inset 0 0 0 1px #e6af05;
    --selected-badge-danger-background: #FCE9ED;
    --selected-badge-danger-color: #83122A;
    --selected-badge-danger-shadow: inset 0 0 0 1px #F5B8C5;
    --metric-value-background: #fff;
    --metric-value-color: inherit;
    --metric-unit-color: #999;
    --metric-label-background: #e0e0e0;
    --metric-label-color: inherit;
    --table-border: #e0e0e0;
    --table-background: #fff;
    --table-header: #e0e0e0;
    --trace-selected-background: #F7E5A1;
    --tree-active-background: #F7E5A1;
    --exception-title-color: var(--base-2);
    --shadow: 0px 0px 1px rgba(128, 128, 128, .2);
    --border: 1px solid #e0e0e0;
    --background-error: var(--color-error);
    --highlight-comment: #969896;
    --highlight-default: #222222;
    --highlight-keyword: #a71d5d;
    --highlight-string: #183691;
    --base-0: #fff;
    --base-1: #f5f5f5;
    --base-2: #e0e0e0;
    --base-3: #ccc;
    --base-4: #666;
    --base-5: #444;
    --base-6: #222;
}

.theme-dark {
    --page-background: #36393e;
    --color-text: #e0e0e0;
    --color-muted: #777;
    --color-error: #d43934;
    --tab-background: #404040;
    --tab-border-color: #737373;
    --tab-active-border-color: #171717;
    --tab-color: var(--color-text);
    --tab-active-background: #d4d4d4;
    --tab-active-color: #262626;
    --tab-disabled-background: var(--page-background);
    --tab-disabled-color: #a3a3a3;
    --selected-badge-background: #555;
    --selected-badge-color: #ddd;
    --selected-badge-shadow: none;
    --selected-badge-warning-background: #fcd55f;
    --selected-badge-warning-color: #785b02;
    --selected-badge-warning-shadow: inset 0 0 0 1px #af8503;
    --selected-badge-danger-background: #B41939;
    --selected-badge-danger-color: #FCE9ED;
    --selected-badge-danger-shadow: none;
    --metric-value-background: #555;
    --metric-value-color: inherit;
    --metric-unit-color: #999;
    --metric-label-background: #777;
    --metric-label-color: #e0e0e0;
    --trace-selected-background: #71663acc;
    --table-border: #444;
    --table-background: #333;
    --table-header: #555;
    --info-background: rgba(79, 148, 195, 0.5);
    --tree-active-background: var(--metric-label-background);
    --exception-title-color: var(--base-2);
    --shadow: 0px 0px 1px rgba(32, 32, 32, .2);
    --border: 1px solid #666;
    --background-error: #b0413e;
    --highlight-comment: #dedede;
    --highlight-default: var(--base-6);
    --highlight-keyword: #ff413c;
    --highlight-string: #70a6fd;
    --base-0: #2e3136;
    --base-1: #444;
    --base-2: #666;
    --base-3: #666;
    --base-4: #666;
    --base-5: #e0e0e0;
    --base-6: #f5f5f5;
    --card-label-background: var(--tab-active-background);
    --card-label-color: var(--tab-active-color);
}

html{font-family:sans-serif;-webkit-text-size-adjust:100%;-ms-text-size-adjust:100%}body{margin:0}article,aside,details,figcaption,figure,footer,header,hgroup,main,menu,nav,section{display:block}audio,canvas,progress,video{display:inline-block;vertical-align:baseline}audio:not([controls]){display:none;height:0}[hidden],template{display:none}a{background-color:transparent}a:active,a:hover{outline:0}abbr[title]{border-bottom:1px dotted}b,strong{font-weight:700}dfn{font-style:italic}h1{margin:.67em 0;font-size:2em}mark{color:#000;background:#ff0}small{font-size:80%}sub,sup{position:relative;font-size:75%;line-height:0;vertical-align:baseline}sup{top:-.5em}sub{bottom:-.25em}img{border:0}svg:not(:root){overflow:hidden}figure{margin:1em 40px}hr{height:0;-webkit-box-sizing:content-box;-moz-box-sizing:content-box;box-sizing:content-box}pre{overflow:auto}code,kbd,pre,samp{font-family:monospace,monospace;font-size:1em}button,input,optgroup,select,textarea{margin:0;font:inherit;color:inherit}button{overflow:visible}button,select{text-transform:none}button,html input[type="button"],input[type="reset"],input[type="submit"]{-webkit-appearance:button;cursor:pointer}button[disabled],html input[disabled]{cursor:default}button::-moz-focus-inner,input::-moz-focus-inner{padding:0;border:0}input{line-height:normal}input[type="checkbox"],input[type="radio"]{-webkit-box-sizing:border-box;-moz-box-sizing:border-box;box-sizing:border-box;padding:0}input[type="number"]::-webkit-inner-spin-button,input[type="number"]::-webkit-outer-spin-button{height:auto}input[type="search"]{-webkit-box-sizing:content-box;-moz-box-sizing:content-box;box-sizing:content-box;-webkit-appearance:textfield}input[type="search"]::-webkit-search-cancel-button,input[type="search"]::-webkit-search-decoration{-webkit-appearance:none}fieldset{padding:.35em .625em .75em;margin:0 2px;border:1px solid silver}legend{padding:0;border:0}textarea{overflow:auto}optgroup{font-weight:700}table{border-spacing:0;border-collapse:collapse}td,th{padding:0}summary{cursor: pointer}

html {
    /* always display the vertical scrollbar to avoid jumps when toggling contents */
    overflow-y: scroll;
}
body { background-color: var(--page-background); color: var(--base-6); font: 14px/1.4 Helvetica, Arial, sans-serif; padding-bottom: 45px; }

a { cursor: pointer; text-decoration: none; }
a:hover { text-decoration: underline; }
abbr[title] { border-bottom: none; cursor: help; text-decoration: none; }

code, pre { font: 13px/1.5 Consolas, Monaco, Menlo, "Ubuntu Mono", "Liberation Mono", monospace; }

table, tr, th, td { background: var(--base-0); border-collapse: collapse; vertical-align: top; }
table { background: var(--base-0); border: var(--border); box-shadow: 0px 0px 1px rgba(128, 128, 128, .2); margin: 1em 0; width: 100%; }
table th, table td { border: solid var(--base-2); border-width: 1px 0; padding: 8px 10px; }
table th { background-color: var(--base-2); font-weight: bold; text-align: left; }

.m-t-5 { margin-top: 5px; }
.hidden-xs-down { display: none; }
.block { display: block; }
.full-width { width: 100%; }
.hidden { display: none; }
.prewrap { white-space: pre-wrap; }
.nowrap { white-space: nowrap; }
.newline { display: block; }
.break-long-words { word-wrap: break-word; overflow-wrap: break-word; -webkit-hyphens: auto; -moz-hyphens: auto; hyphens: auto; min-width: 0; }
.text-small { font-size: 12px !important; }
.text-muted { color: #999; }
.text-bold { font-weight: bold; }
.empty { border: 4px dashed var(--base-2); color: #999; margin: 1em 0; padding: .5em 2em; }

.status-success { background: rgba(94, 151, 110, 0.3); }
.status-warning { background: rgba(240, 181, 24, 0.3); }
.status-error { background: rgba(176, 65, 62, 0.2); }
.status-success td, .status-warning td, .status-error td { background: transparent; }
tr.status-error td, tr.status-warning td { border-bottom: 1px solid var(--base-2); border-top: 1px solid var(--base-2); }
.status-warning .colored { color: #A46A1F; }
.status-error .colored  { color: var(--color-error); }

.sf-toggle { cursor: pointer; position: relative; }
.sf-toggle-content { -moz-transition: display .25s ease; -webkit-transition: display .25s ease; transition: display .25s ease; }
.sf-toggle-content.sf-toggle-hidden { display: none; }
.sf-toggle-content.sf-toggle-visible { display: block; }
thead.sf-toggle-content.sf-toggle-visible, tbody.sf-toggle-content.sf-toggle-visible { display: table-row-group; }
.sf-toggle-off .icon-close, .sf-toggle-on .icon-open { display: none; }
.sf-toggle-off .icon-open, .sf-toggle-on .icon-close { display: block; }

.tab-navigation {
    background-color: var(--tab-background);
    border-radius: 6px;
    box-shadow: inset 0 0 0 1px var(--tab-border-color), 0 0 0 5px var(--page-background);
    display: inline-flex;
    flex-wrap: wrap;
    margin: 0 0 15px;
    padding: 0;
    user-select: none;
    -webkit-user-select: none;
}
.sf-tabs-sm .tab-navigation {
    box-shadow: inset 0 0 0 1px var(--tab-border-color), 0 0 0 4px var(--page-background);
    margin: 0 0 10px;
}
.tab-navigation .tab-control {
    background: transparent;
    border: 0;
    box-shadow: none;
    transition: box-shadow .05s ease-in, background-color .05s ease-in;
    cursor: pointer;
    font-size: 14px;
    font-weight: 500;
    line-height: 1.4;
    margin: 0;
    padding: 4px 14px;
    position: relative;
    text-align: center;
    z-index: 1;
}
.sf-tabs-sm .tab-navigation .tab-control {
    font-size: 13px;
    padding: 2.5px 10px;
}
.tab-navigation .tab-control:before {
    background: var(--tab-border-color);
    bottom: 15%;
    content: "";
    left: 0;
    position: absolute;
    top: 15%;
    width: 1px;
}
.tab-navigation .tab-control:first-child:before,
.tab-navigation .tab-control.active + .tab-control:before,
.tab-navigation .tab-control.active:before {
    width: 0;
}
.tab-navigation .tab-control .badge {
    background: var(--selected-badge-background);
    box-shadow: var(--selected-badge-shadow);
    color: var(--selected-badge-color);
    display: inline-block;
    font-size: 12px;
    font-weight: bold;
    line-height: 1;
    margin-left: 8px;
    min-width: 10px;
    padding: 2px 6px;
    text-align: center;
    white-space: nowrap;
}
.tab-navigation .tab-control.disabled {
    color: var(--tab-disabled-color);
}
.tab-navigation .tab-control.active {
    background-color: var(--tab-active-background);
    border-radius: 6px;
    box-shadow: inset 0 0 0 1.5px var(--tab-active-border-color);
    color: var(--tab-active-color);
    position: relative;
    z-index: 1;
}
.theme-dark .tab-navigation li.active {
    box-shadow: inset 0 0 0 1px var(--tab-border-color);
}
.tab-content &gt; *:first-child {
    margin-top: 0;
}
.tab-navigation .tab-control .badge.status-warning {
    background: var(--selected-badge-warning-background);
    box-shadow: var(--selected-badge-warning-shadow);
    color: var(--selected-badge-warning-color);
}
.tab-navigation .tab-control .badge.status-error {
    background: var(--selected-badge-danger-background);
    box-shadow: var(--selected-badge-danger-shadow);
    color: var(--selected-badge-danger-color);
}

.sf-tabs .tab:not(:first-child) { display: none; }

[data-filters] { position: relative; }
[data-filtered] { cursor: pointer; }
[data-filtered]:after { content: '\00a0\25BE'; }
[data-filtered]:hover .filter-list li { display: inline-flex; }
[class*="filter-hidden-"] { display: none; }
.filter-list { position: absolute; border: var(--border); box-shadow: var(--shadow); margin: 0; padding: 0; display: flex; flex-direction: column; }
.filter-list :after { content: ''; }
.filter-list li {
    background: var(--tab-disabled-background);
    border-bottom: var(--border);
    color: var(--tab-disabled-color);
    display: none;
    list-style: none;
    margin: 0;
    padding: 5px 10px;
    text-align: left;
    font-weight: normal;
}
.filter-list li.active {
    background: var(--tab-background);
    color: var(--tab-color);
}
.filter-list li.last-active {
    background: var(--tab-active-background);
    color: var(--tab-active-color);
}

.filter-list-level li { cursor: s-resize; }
.filter-list-level li.active { cursor: n-resize; }
.filter-list-level li.last-active { cursor: default; }
.filter-list-level li.last-active:before { content: '\2714\00a0'; }
.filter-list-choice li:before { content: '\2714\00a0'; color: transparent; }
.filter-list-choice li.active:before { color: unset; }

.container { max-width: 1024px; margin: 0 auto; padding: 0 15px; }
.container::after { content: ""; display: table; clear: both; }

header { background-color: #222; color: rgba(255, 255, 255, 0.75); font-size: 13px; height: 33px; line-height: 33px; padding: 0; }
header .container { display: flex; justify-content: space-between; }
.logo { flex: 1; font-size: 13px; font-weight: normal; margin: 0; padding: 0; }
.logo svg { height: 18px; width: 18px; opacity: .8; vertical-align: -5px; }

.help-link { margin-left: 15px; }
.help-link a { color: inherit; }
.help-link .icon svg { height: 15px; width: 15px; opacity: .7; vertical-align: -2px; }
.help-link a:hover { color: #EEE; text-decoration: none; }
.help-link a:hover svg { opacity: .9; }

.exception-summary { background: var(--background-error); border-bottom: 2px solid rgba(0, 0, 0, 0.1); border-top: 1px solid rgba(0, 0, 0, .3); flex: 0 0 auto; margin-bottom: 15px; }
.exception-metadata { background: rgba(0, 0, 0, 0.1); padding: 7px 0; }
.exception-metadata .container { display: flex; flex-direction: row; justify-content: space-between; }
.exception-metadata h2, .exception-metadata h2 &gt; a { color: rgba(255, 255, 255, 0.8); font-size: 13px; font-weight: 400; margin: 0; }
.exception-http small { font-size: 13px; opacity: .7; }
.exception-hierarchy { flex: 1; }
.exception-hierarchy .icon { margin: 0 3px; opacity: .7; }
.exception-hierarchy .icon svg { height: 13px; width: 13px; vertical-align: -2px; }

.exception-without-message .exception-message-wrapper { display: none; }
.exception-message-wrapper .container { display: flex; align-items: flex-start; min-height: 70px; padding: 10px 15px 8px; }
.exception-message { flex-grow: 1; }
.exception-message, .exception-message a { color: #FFF; font-size: 21px; font-weight: 400; margin: 0; }
.exception-message.long { font-size: 18px; }
.exception-message a { border-bottom: 1px solid rgba(255, 255, 255, 0.5); font-size: inherit; text-decoration: none; }
.exception-message a:hover { border-bottom-color: #ffffff; }

.exception-properties-wrapper { margin: .8em 0; }
.exception-properties { background: var(--base-0); border: var(--border); box-shadow: 0px 0px 1px rgba(128, 128, 128, .2); }
.exception-properties pre { margin: 0; padding: 0.2em 0; }

.exception-illustration { flex-basis: 111px; flex-shrink: 0; height: 66px; margin-left: 15px; opacity: .7; }

.trace + .trace { margin-top: 30px; }
.trace-head { background-color: var(--base-2); padding: 10px; position: relative; }
.trace-head .trace-class { color: var(--base-6); font-size: 18px; font-weight: bold; line-height: 1.3; margin: 0; position: relative; }
.trace-head .trace-namespace { color: #999; display: block; font-size: 13px; }
.trace-head .icon { position: absolute; right: 0; top: 0; }
.trace-head .icon svg { fill: var(--base-5); height: 24px; width: 24px; }

.trace-details { background: var(--base-0); border: var(--border); box-shadow: 0px 0px 1px rgba(128, 128, 128, .2); margin: 0 0 1em; table-layout: fixed; }

.trace-message { font-size: 14px; font-weight: normal; margin: .5em 0 0; }

.trace-line { position: relative; padding-top: 8px; padding-bottom: 8px; }
.trace-line + .trace-line { border-top: var(--border); }
.trace-line:hover { background: var(--base-1); }
.trace-line a { color: var(--base-6); }
.trace-line .icon { opacity: .4; position: absolute; left: 10px; }
.trace-line .icon svg { fill: var(--base-5); height: 16px; width: 16px; }
.trace-line .icon.icon-copy { left: auto; top: auto; padding-left: 5px; display: none }
.trace-line:hover .icon.icon-copy:not(.hidden) { display: inline-block }
.trace-line-header { padding-left: 36px; padding-right: 10px; }

.trace-file-path, .trace-file-path a { color: var(--base-6); font-size: 13px; }
.trace-class { color: var(--color-error); }
.trace-type { padding: 0 2px; }
.trace-method { color: var(--color-error); font-weight: bold; }
.trace-arguments { color: #777; font-weight: normal; padding-left: 2px; }

.trace-code { background: var(--base-0); font-size: 12px; margin: 10px 10px 2px 10px; padding: 10px; overflow-x: auto; white-space: nowrap; }
.trace-code ol { margin: 0; float: left; }
.trace-code li { color: #969896; margin: 0; padding-left: 10px; float: left; width: 100%; }
.trace-code li + li { margin-top: 5px; }
.trace-code li.selected { background: var(--trace-selected-background); margin-top: 2px; }
.trace-code li code { color: var(--base-6); white-space: nowrap; }

.trace-as-text .stacktrace { line-height: 1.8; margin: 0 0 15px; white-space: pre-wrap; }

@media (min-width: 575px) {
    .hidden-xs-down { display: initial; }
    .help-link { margin-left: 30px; }
}&lt;/style&gt;
        &lt;style&gt;.sf-reset .traces {
    padding-bottom: 14px;
}
.sf-reset .traces li {
    font-size: 12px;
    color: #868686;
    padding: 5px 4px;
    list-style-type: decimal;
    margin-left: 20px;
}
.sf-reset #logs .traces li.error {
    font-style: normal;
    color: #AA3333;
    background: #f9ecec;
}
.sf-reset #logs .traces li.warning {
    font-style: normal;
    background: #ffcc00;
}
/* fix for Opera not liking empty &lt;li&gt; */
.sf-reset .traces li:after {
    content: "\00A0";
}
.sf-reset .trace {
    border: 1px solid #D3D3D3;
    padding: 10px;
    overflow: auto;
    margin: 10px 0 20px;
}
.sf-reset .block-exception {
    -moz-border-radius: 16px;
    -webkit-border-radius: 16px;
    border-radius: 16px;
    margin-bottom: 20px;
    background-color: #f6f6f6;
    border: 1px solid #dfdfdf;
    padding: 30px 28px;
    word-wrap: break-word;
    overflow: hidden;
}
.sf-reset .block-exception div {
    color: #313131;
    font-size: 10px;
}
.sf-reset .block-exception-detected .illustration-exception,
.sf-reset .block-exception-detected .text-exception {
    float: left;
}
.sf-reset .block-exception-detected .illustration-exception {
    width: 152px;
}
.sf-reset .block-exception-detected .text-exception {
    width: 670px;
    padding: 30px 44px 24px 46px;
    position: relative;
}
.sf-reset .text-exception .open-quote,
.sf-reset .text-exception .close-quote {
    font-family: Arial, Helvetica, sans-serif;
    position: absolute;
    color: #C9C9C9;
    font-size: 8em;
}
.sf-reset .open-quote {
    top: 0;
    left: 0;
}
.sf-reset .close-quote {
    bottom: -0.5em;
    right: 50px;
}
.sf-reset .block-exception p {
    font-family: Arial, Helvetica, sans-serif;
}
.sf-reset .block-exception p a,
.sf-reset .block-exception p a:hover {
    color: #565656;
}
.sf-reset .logs h2 {
    float: left;
    width: 654px;
}
.sf-reset .error-count, .sf-reset .support {
    float: right;
    width: 170px;
    text-align: right;
}
.sf-reset .error-count span {
    display: inline-block;
    background-color: #aacd4e;
    -moz-border-radius: 6px;
    -webkit-border-radius: 6px;
    border-radius: 6px;
    padding: 4px;
    color: white;
    margin-right: 2px;
    font-size: 11px;
    font-weight: bold;
}

.sf-reset .support a {
    display: inline-block;
    -moz-border-radius: 6px;
    -webkit-border-radius: 6px;
    border-radius: 6px;
    padding: 4px;
    color: #000000;
    margin-right: 2px;
    font-size: 11px;
    font-weight: bold;
}

.sf-reset .toggle {
    vertical-align: middle;
}
.sf-reset .linked ul,
.sf-reset .linked li {
    display: inline;
}
.sf-reset #output-content {
    color: #000;
    font-size: 12px;
}
.sf-reset #traces-text pre {
    white-space: pre;
    font-size: 12px;
    font-family: monospace;
}&lt;/style&gt;
    &lt;/head&gt;
    &lt;body&gt;
        &lt;script&gt;
            document.body.classList.add(
                localStorage.getItem('symfony/profiler/theme') || (matchMedia('(prefers-color-scheme: dark)').matches ? 'theme-dark' : 'theme-light')
            );
        &lt;/script&gt;

                    &lt;header&gt;
                &lt;div class="container"&gt;
                    &lt;h1 class="logo"&gt;&lt;svg xmlns="http://www.w3.org/2000/svg" width="24" height="24" viewBox="0 0 24 24"&gt;&lt;path fill="#FFF" d="M12 .9C5.8.9.9 5.8.9 12a11 11 0 1 0 22.2 0A11 11 0 0 0 12 .9zm6.5 6c-.6 0-.9-.3-.9-.8 0-.2 0-.4.2-.6l.2-.4c0-.3-.5-.4-.6-.4-1.8.1-2.3 2.5-2.7 4.4l-.2 1c1 .2 1.8 0 2.2-.3.6-.4-.2-.7-.1-1.2.1-.3.5-.5.7-.6.5 0 .7.5.7.9 0 .7-1 1.8-3 1.8l-.6-.1-.6 2.4c-.4 1.6-.8 3.8-2.4 5.7-1.4 1.7-2.9 1.9-3.5 1.9-1.2 0-1.9-.6-2-1.5 0-.8.7-1.3 1.2-1.3.6 0 1.1.5 1.1 1s-.2.6-.4.6c-.1.1-.3.2-.3.4 0 .1.1.3.4.3.5 0 .8-.3 1.1-.5 1.2-.9 1.6-2.7 2.2-5.7l.1-.7.7-3.2c-.8-.6-1.3-1.4-2.4-1.7-.6-.1-1.1.1-1.5.5-.4.5-.2 1.1.2 1.5l.7.6c.7.8 1.2 1.6 1 2.5-.3 1.5-2 2.6-4 1.9-1.8-.6-2-1.8-1.8-2.5.2-.6.6-.7 1.1-.6.5.2.6.7.6 1.2l-.1.3c-.2.1-.3.3-.3.4-.1.4.4.6.7.7.7.3 1.6-.2 1.8-.8a1 1 0 0 0-.4-1.1l-.7-.8c-.4-.4-1.1-1.4-.7-2.6.1-.5.4-.9.7-1.3a4 4 0 0 1 2.8-.6c1.2.4 1.8 1.1 2.6 1.8.5-1.2 1-2.4 1.8-3.5.9-.9 1.9-1.6 3.1-1.7 1.3.2 2.2.7 2.2 1.6 0 .4-.2 1.1-.9 1.1z"/&gt;&lt;/svg&gt; Symfony Exception&lt;/h1&gt;

                    &lt;div class="help-link"&gt;
                        &lt;a href="https://symfony.com/doc/7.0.6/index.html"&gt;
                            &lt;span class="icon"&gt;&lt;svg width="1792" height="1792" viewBox="0 0 1792 1792" xmlns="http://www.w3.org/2000/svg"&gt;&lt;path fill="#FFF" d="M1703 478q40 57 18 129l-275 906q-19 64-76.5 107.5T1247 1664H324q-77 0-148.5-53.5T76 1479q-24-67-2-127 0-4 3-27t4-37q1-8-3-21.5t-3-19.5q2-11 8-21t16.5-23.5T116 1179q23-38 45-91.5t30-91.5q3-10 .5-30t-.5-28q3-11 17-28t17-23q21-36 42-92t25-90q1-9-2.5-32t.5-28q4-13 22-30.5t22-22.5q19-26 42.5-84.5T404 411q1-8-3-25.5t-2-26.5q2-8 9-18t18-23 17-21q8-12 16.5-30.5t15-35 16-36 19.5-32 26.5-23.5 36-11.5T620 134l-1 3q38-9 51-9h761q74 0 114 56t18 130l-274 906q-36 119-71.5 153.5T1089 1408H220q-27 0-38 15-11 16-1 43 24 70 144 70h923q29 0 56-15.5t35-41.5l300-987q7-22 5-57 38 15 59 43zm-1064 2q-4 13 2 22.5t20 9.5h608q13 0 25.5-9.5T1311 480l21-64q4-13-2-22.5t-20-9.5H702q-13 0-25.5 9.5T660 416zm-83 256q-4 13 2 22.5t20 9.5h608q13 0 25.5-9.5T1228 736l21-64q4-13-2-22.5t-20-9.5H619q-13 0-25.5 9.5T577 672z"/&gt;&lt;/svg&gt;&lt;/span&gt;
                            &lt;span class="hidden-xs-down"&gt;Symfony&lt;/span&gt; Docs
                        &lt;/a&gt;
                    &lt;/div&gt;
                &lt;/div&gt;
            &lt;/header&gt;
        
        &lt;div class="exception-summary "&gt;
    &lt;div class="exception-metadata"&gt;
        &lt;div class="container"&gt;
            &lt;h2 class="exception-hierarchy"&gt;
                                &lt;a href="#trace-box-1"&gt;&lt;abbr title="ArgumentCountError"&gt;ArgumentCountError&lt;/abbr&gt;&lt;/a&gt;
            &lt;/h2&gt;
            &lt;h2 class="exception-http"&gt;
                HTTP 500 &lt;small&gt;Internal Server Error&lt;/small&gt;
            &lt;/h2&gt;
        &lt;/div&gt;
    &lt;/div&gt;
    &lt;div class="exception-message-wrapper"&gt;
        &lt;div class="container"&gt;
            &lt;h1 class="break-long-words exception-message long"&gt;Too few arguments to function App\Card\Player::getHand(), 0 passed in /home/albinr/dbwebb-kurser/mvc/me/report/src/Controller/ApiBlackJackController.php on line 45 and exactly 1 expected&lt;/h1&gt;

            &lt;div class="exception-illustration hidden-xs-down"&gt;
                &lt;svg viewBox="0 0 136 81" xmlns="http://www.w3.org/2000/svg" fill-rule="evenodd" clip-rule="evenodd" stroke-linejoin="round" stroke-miterlimit="1.4"&gt;&lt;path d="M92.4 20.4a23.2 23.2 0 0 1 9 1.9 23.7 23.7 0 0 1 5.2 3 24.3 24.3 0 0 1 3.4 3.4 24.8 24.8 0 0 1 5 9.4c.5 1.7.8 3.4 1 5.2v14.5h.4l.5.2a7.4 7.4 0 0 0 2.5.2l.2-.2.6-.8.8-1.3-.2-.1a5.5 5.5 0 0 1-.8-.3 5.6 5.6 0 0 1-2.3-1.8 5.7 5.7 0 0 1-.9-1.6 6.5 6.5 0 0 1-.2-2.8 7.3 7.3 0 0 1 .5-2l.3-.3.8-.9.3-.3c.2-.2.5-.3.8-.3H120.7c.2 0 .3-.1.4 0h.4l.2.1.3.2.2-.4.3-.4.1-.1 1.2-1 .3-.2.4-.1.4-.1h.3l1.5.1.4.1.8.5.1.2 1 1.1v.2H129.4l.4-.2 1.4-.5h1.1c.3 0 .7.2 1 .4.2 0 .3.2.5.3l.2.2.5.3.4.6.1.3.4 1.4.1.4v.6a7.8 7.8 0 0 1-.1.6 9.9 9.9 0 0 1-.8 2.4 7.8 7.8 0 0 1-3 3.3 6.4 6.4 0 0 1-1 .5 6.1 6.1 0 0 1-.6.2l-.7.1h-.1a23.4 23.4 0 0 1-.2 1.7 14.3 14.3 0 0 1-.6 2.1l-.8 2a9.2 9.2 0 0 1-.4.6l-.7 1a9.1 9.1 0 0 1-2.3 2.2c-.9.5-2 .6-3 .7l-1.4.1h-.5l-.4.1a15.8 15.8 0 0 1-2.8-.1v4.2a9.7 9.7 0 0 1-.7 3.5 9.6 9.6 0 0 1-1.7 2.8 9.3 9.3 0 0 1-3 2.3 9 9 0 0 1-5.4.7 9 9 0 0 1-3-1 9.4 9.4 0 0 1-2.7-2.5 10 10 0 0 1-1 1.2 9.3 9.3 0 0 1-2 1.3 9 9 0 0 1-2.4 1 9 9 0 0 1-6.5-1.1A9.4 9.4 0 0 1 85 77V77a10.9 10.9 0 0 1-.6.6 9.3 9.3 0 0 1-2.7 2 9 9 0 0 1-6 .8 9 9 0 0 1-2.4-1 9.3 9.3 0 0 1-2.3-1.7 9.6 9.6 0 0 1-1.8-2.8 9.7 9.7 0 0 1-.8-3.7v-4a18.5 18.5 0 0 1-2.9.2l-1.2-.1c-1.9-.3-3.7-1-5.1-2.2a8.2 8.2 0 0 1-1.1-1 10.2 10.2 0 0 1-.9-1.2 15.3 15.3 0 0 1-.7-1.3 20.8 20.8 0 0 1-1.9-6.2v-.2a6.5 6.5 0 0 1-1-.3 6.1 6.1 0 0 1-.6-.3 6.6 6.6 0 0 1-.9-.6 8.2 8.2 0 0 1-2.7-3.7 10 10 0 0 1-.3-1 10.3 10.3 0 0 1-.3-1.9V47v-.4l.1-.4.6-1.4.1-.2a2 2 0 0 1 .8-.8l.3-.2.3-.2a3.2 3.2 0 0 1 1.8-.5h.4l.3.2 1.4.6.2.2.4.3.3.4.7-.7.2-.2.4-.2.6-.2h2.1l.4.2.4.2.3.2.8 1 .2-.1h.1v-.1H63l1.1.1h.3l.8.5.3.4.7 1 .2.3.1.5a11 11 0 0 1 .2 1.5c0 .8 0 1.6-.3 2.3a6 6 0 0 1-.5 1.2 5.5 5.5 0 0 1-3.3 2.5 12.3 12.3 0 0 0 1.4 3h.1l.2.1 1 .2h1.5l.5-.2H67.8l.5-.2h.1V44v-.4a26.7 26.7 0 0 1 .3-2.3 24.7 24.7 0 0 1 5.7-12.5 24.2 24.2 0 0 1 3.5-3.3 23.7 23.7 0 0 1 4.9-3 23.2 23.2 0 0 1 5.6-1.7 23.7 23.7 0 0 1 4-.3zm-.3 2a21.2 21.2 0 0 0-8 1.7 21.6 21.6 0 0 0-4.8 2.7 22.2 22.2 0 0 0-3.2 3 22.7 22.7 0 0 0-5 9.2 23.4 23.4 0 0 0-.7 4.9v15.7l-.5.1a34.3 34.3 0 0 1-1.5.3h-.2l-.4.1h-.4l-.9.2a10 10 0 0 1-1.9 0c-.5 0-1-.2-1.5-.4a1.8 1.8 0 0 1-.3-.2 2 2 0 0 1-.3-.3 5.2 5.2 0 0 1-.1-.2 9 9 0 0 1-.6-.9 13.8 13.8 0 0 1-1-2 14.3 14.3 0 0 1-.6-2 14 14 0 0 1-.1-.8v-.2h.3a12.8 12.8 0 0 0 1.4-.2 4.4 4.4 0 0 0 .3 0 3.6 3.6 0 0 0 1.1-.7 3.4 3.4 0 0 0 1.2-1.7l.2-1.2a5.1 5.1 0 0 0 0-.8 7.2 7.2 0 0 0-.1-.8l-.7-1-1.2-.2-1 .7-.1 1.3a5 5 0 0 1 .1.4v.6a1 1 0 0 1 0 .3c-.1.3-.4.4-.7.5l-1.2.4v-.7A9.9 9.9 0 0 1 60 49l.3-.6v-.2l.1-.1v-1.6l-1-1.2h-1.5l-1 1.1v.4a5.3 5.3 0 0 0-.2.6 5.5 5.5 0 0 0 0 .5c0 .7 0 1.4.3 2 0 .4.2.8.4 1.2L57 51a9.5 9.5 0 0 1-1.1-.5h-.2a2 2 0 0 1-.4-.3c-.4-.4-.5-1-.6-1.6a5.6 5.6 0 0 1 0-.5v-.5-.5l-.6-1.5-1.4-.6-.9.3s-.2 0-.3.2a2 2 0 0 1-.1 0l-.6 1.4v.7a8.5 8.5 0 0 0 .5 2c.4 1.1 1 2.1 2 2.8a4.7 4.7 0 0 0 2.1.9h1a22.8 22.8 0 0 0 .1 1 18.1 18.1 0 0 0 .8 3.8 18.2 18.2 0 0 0 1.6 3.7l1 1.3c1 1 2.3 1.6 3.7 2a11.7 11.7 0 0 0 4.8 0h.4l.5-.2.5-.1.6-.2v6.6a8 8 0 0 0 .1 1.3 7.5 7.5 0 0 0 2.4 4.3 7.2 7.2 0 0 0 2.3 1.3 7 7 0 0 0 7-1.1 7.5 7.5 0 0 0 2-2.6A7.7 7.7 0 0 0 85 72V71a8.2 8.2 0 0 0 .2 1.3c0 .7.3 1.4.6 2a7.5 7.5 0 0 0 1.7 2.3 7.3 7.3 0 0 0 2.2 1.4 7.1 7.1 0 0 0 4.6.2 7.2 7.2 0 0 0 2.4-1.2 7.5 7.5 0 0 0 2.1-2.7 7.8 7.8 0 0 0 .7-2.4V71a9.3 9.3 0 0 0 .1.6 7.6 7.6 0 0 0 .6 2.5 7.5 7.5 0 0 0 2.4 3 7.1 7.1 0 0 0 7 .8 7.3 7.3 0 0 0 2.3-1.5 7.5 7.5 0 0 0 1.6-2.3 7.6 7.6 0 0 0 .5-2l.1-1.1v-6.7l.4.1a12.2 12.2 0 0 0 2 .5 11.1 11.1 0 0 0 2.5 0h.8l1.2-.1a9.5 9.5 0 0 0 1.4-.2l.9-.3a3.5 3.5 0 0 0 .6-.4l1.2-1.4a12.2 12.2 0 0 0 .8-1.2c0-.3.2-.5.3-.7a15.9 15.9 0 0 0 .7-2l.3-1.6v-1.3l.2-.9V54.6a15.5 15.5 0 0 0 1.8 0 4.5 4.5 0 0 0 1.4-.5 5.7 5.7 0 0 0 2.5-3.2 7.6 7.6 0 0 0 .4-1.5v-.3l-.4-1.4a5.2 5.2 0 0 1-.2-.1l-.4-.4a3.8 3.8 0 0 0-.2 0 1.4 1.4 0 0 0-.5-.2l-1.4.4-.7 1.3v.7a5.7 5.7 0 0 1-.1.8l-.7 1.4a1.9 1.9 0 0 1-.5.3h-.3a9.6 9.6 0 0 1-.8.3 8.8 8.8 0 0 1-.6 0l.2-.4.2-.5.2-.3v-.4l.1-.2V50l.1-1 .1-.6v-.6a4.8 4.8 0 0 0 0-.8v-.2l-1-1.1-1.5-.2-1.1 1-.2 1.4v.1l.2.4.2.3v.4l.1 1.1v.3l.1.5v.8a9.6 9.6 0 0 1-.8-.3l-.2-.1h-.3l-.8-.1h-.2a1.6 1.6 0 0 1-.2-.2.9.9 0 0 1-.2-.2 1 1 0 0 1-.1-.5l.2-.9v-1.2l-.9-.8h-1.2l-.8.9v.3a4.8 4.8 0 0 0-.3 2l.3.9a3.5 3.5 0 0 0 1.2 1.6l1 .5.8.2 1.4.1h.4l.2.1a12.1 12.1 0 0 1-1 2.6 13.2 13.2 0 0 1-.8 1.5 9.5 9.5 0 0 1-1 1.2l-.2.3a1.7 1.7 0 0 1-.4.3 2.4 2.4 0 0 1-.7.2h-2.5a7.8 7.8 0 0 1-.6-.2l-.7-.2h-.2a14.8 14.8 0 0 1-.6-.2 23.4 23.4 0 0 1-.4-.1l-.4-.1-.3-.1V43.9a34.6 34.6 0 0 0 0-.6 23.6 23.6 0 0 0-.4-3 22.7 22.7 0 0 0-1.5-4.7 22.6 22.6 0 0 0-4.6-6.7 21.9 21.9 0 0 0-6.9-4.7 21.2 21.2 0 0 0-8.1-1.8H92zm9.1 33.7l.3.1a1 1 0 0 1 .6.8v.4a8.4 8.4 0 0 1 0 .5 8.8 8.8 0 0 1-1.6 4.2l-1 1.3A10 10 0 0 1 95 66c-1.3.3-2.7.4-4 .3a10.4 10.4 0 0 1-2.7-.8 10 10 0 0 1-3.6-2.5 9.3 9.3 0 0 1-.8-1 9 9 0 0 1-.7-1.2 8.6 8.6 0 0 1-.8-3.4V57a1 1 0 0 1 .3-.6 1 1 0 0 1 1.3-.2 1 1 0 0 1 .4.8v.4a6.5 6.5 0 0 0 .5 2.2 7 7 0 0 0 2.1 2.8l1 .6c2.6 1.6 6 1.6 8.5 0a8 8 0 0 0 1.1-.6 7.6 7.6 0 0 0 1.2-1.2 7 7 0 0 0 1-1.7 6.5 6.5 0 0 0 .4-2.5 1 1 0 0 1 .7-1h.4zM30.7 43.7c-15.5 1-28.5-6-30.1-16.4C-1.2 15.7 11.6 4 29 1.3 46.6-1.7 62.3 5.5 64 17.1c1.6 10.4-8.7 21-23.7 25a31.2 31.2 0 0 0 0 .9v.3a19 19 0 0 0 .1 1l.1.4.1.9a4.7 4.7 0 0 0 .5 1l.7 1a9.2 9.2 0 0 0 1.2 1l1.5.8.6.8-.7.6-1.1.3a11.2 11.2 0 0 1-2.6.4 8.6 8.6 0 0 1-3-.5 8.5 8.5 0 0 1-1-.4 11.2 11.2 0 0 1-1.8-1.2 13.3 13.3 0 0 1-1-1 18 18 0 0 1-.7-.6l-.4-.4a23.4 23.4 0 0 1-1.3-1.8l-.1-.1-.3-.5V45l-.3-.6v-.7zM83.1 36c3.6 0 6.5 3.2 6.5 7.1 0 4-3 7.2-6.5 7.2S76.7 47 76.7 43 79.6 36 83 36zm18 0c3.6 0 6.5 3.2 6.5 7.1 0 4-2.9 7.2-6.4 7.2S94.7 47 94.7 43s3-7.1 6.5-7.1zm-18 6.1c2 0 3.5 1.6 3.5 3.6S85 49.2 83 49.2s-3.4-1.6-3.4-3.6S81.2 42 83 42zm17.9 0c1.9 0 3.4 1.6 3.4 3.6s-1.5 3.6-3.4 3.6c-2 0-3.5-1.6-3.5-3.6S99.1 42 101 42zM17 28c-.3 1.6-1.8 5-5.2 5.8-2.5.6-4.1-.8-4.5-2.6-.4-1.9.7-3.5 2.1-4.5A3.5 3.5 0 0 1 8 24.6c-.4-2 .8-3.7 3.2-4.2 1.9-.5 3.1.2 3.4 1.5.3 1.1-.5 2.2-1.8 2.5-.9.3-1.6 0-1.7-.6a1.4 1.4 0 0 1 0-.7s.3.2 1 0c.7-.1 1-.7.9-1.2-.2-.6-1-.8-1.8-.6-1 .2-2 1-1.7 2.6.3 1 .9 1.6 1.5 1.8l.7-.2c1-.2 1.5 0 1.6.5 0 .4-.2 1-1.2 1.2a3.3 3.3 0 0 1-1.5 0c-.9.7-1.6 1.9-1.3 3.2.3 1.3 1.3 2.2 3 1.8 2.5-.7 3.8-3.7 4.2-5-.3-.5-.6-1-.7-1.6-.1-.5.1-1 .9-1.2.4 0 .7.2.8.8a2.8 2.8 0 0 1 0 1l.7 1c.6-2 1.4-4 1.7-4 .6-.2 1.5.6 1.5.6-.8.7-1.7 2.4-2.3 4.2.8.6 1.6 1 2.1 1 .5-.1.8-.6 1-1.2-.3-2.2 1-4.3 2.3-4.6.7-.2 1.3.2 1.4.8.1.5 0 1.3-.9 1.7-.2-1-.6-1.3-1-1.3-.4.1-.7 1.4-.4 2.8.2 1 .7 1.5 1.3 1.4.8-.2 1.3-1.2 1.7-2.1-.3-2.1.9-4.2 2.2-4.5.7-.2 1.2.1 1.4 1 .4 1.4-1 2.8-2.2 3.4.3.7.7 1 1.3.9 1-.3 1.6-1.5 2-2.5l-.5-3v-.3s1.6-.3 1.8.6v.1c.2-.6.7-1.2 1.3-1.4.8-.1 1.5.6 1.7 1.6.5 2.2-.5 4.4-1.8 4.7H33a31.9 31.9 0 0 0 1 5.2c-.4.1-1.8.4-2-.4l-.5-5.6c-.5 1-1.3 2.2-2.5 2.4-1 .3-1.6-.3-2-1.1-.5 1-1.3 2.1-2.4 2.4-.8.2-1.5-.1-2-1-.3.8-.9 1.5-1.5 1.7-.7.1-1.5-.3-2.4-1-.3.8-.4 1.6-.4 2.2 0 0-.7 0-.8-.4-.1-.5 0-1.5.3-2.7a10.3 10.3 0 0 1-.7-.8zm38.2-17.8l.2.9c.5 1.9.4 4.4.8 6.4 0 .6-.4 3-1.4 3.3-.2 0-.3 0-.4-.4-.1-.7 0-1.6-.3-2.6-.2-1.1-.8-1.6-1.5-1.5-.8.2-1.3 1-1.6 2l-.1-.5c-.2-1-1.8-.6-1.8-.6a6.2 6.2 0 0 1 .4 1.3l.2 1c-.2.5-.6 1-1.2 1l-.2.1a7 7 0 0 0-.1-.8c-.3-1.1-1-2-1.6-1.8a.7.7 0 0 0-.4.3c-1.3.3-2.4 2-2.1 3.9-.2.9-.6 1.7-1 1.9-.5 0-.8-.5-1.1-1.8l-.1-1.2a4 4 0 0 0 0-1.7c0-.4-.4-.7-.8-.6-.7.2-.9 1.7-.5 3.8-.2 1-.6 2-1.3 2-.4.2-.8-.2-1-1l-.2-3c1.2-.5 2-1 1.8-1.7-.1-.5-.8-.7-.8-.7s0 .7-1 1.2l-.2-1.4c-.1-.6-.4-1-1.7-.6l.4 1 .2 1.5h-1v.8c0 .3.4.3 1 .2 0 1.3 0 2.7.2 3.6.3 1.4 1.2 2 2 1.7 1-.2 1.6-1.3 2-2.3.3 1.2 1 2 1.9 1.7.7-.2 1.2-1.1 1.6-2.2.4.8 1.1 1.1 2 1 1.2-.4 1.7-1.6 1.8-2.8h.2c.6-.2 1-.6 1.3-1 0 .8 0 1.5.2 2.1.1.5.3.7.6.6.5-.1 1-.9 1-.9a4 4 0 0 1-.3-1c-.3-1.3.3-3.6 1-3.7.2 0 .3.2.5.7v.8l.2 1.5v.7c.2.7.7 1.3 1.5 1 1.3-.2 2-2.6 2.1-3.9.3.2.6.2 1 .1-.6-2.2 0-6.1-.3-7.9-.1-.4-1-.5-1.7-.5h-.4zm-21.5 12c.4 0 .7.3 1 1.1.2 1.3-.3 2.6-.9 2.8-.2 0-.7 0-1-1.2v-.4c0-1.3.4-2 1-2.2zm-5.2 1c.3 0 .6.2.6.5.2.6-.3 1.3-1.2 2-.3-1.4.1-2.3.6-2.5zm18-.4c-.5.2-1-.4-1.2-1.2-.2-1 0-2.1.7-2.5v.5c.2.7.6 1.5 1.3 1.9 0 .7-.2 1.2-.7 1.3zm10-1.6c0 .5.4.7 1 .6.8-.2 1-1 .8-1.6 0-.5-.4-1-1-.8-.5.1-1 .9-.8 1.8zm-14.3-5.5c0-.4-.5-.7-1-.5-.8.2-1 1-.9 1.5.2.6.5 1 1 .8.5 0 1.1-1 1-1.8z" fill="#fff" fill-opacity=".6"/&gt;&lt;/svg&gt;            &lt;/div&gt;
        &lt;/div&gt;
    &lt;/div&gt;
&lt;/div&gt;

&lt;div class="container"&gt;
    &lt;div class="sf-tabs"&gt;
        &lt;div class="tab"&gt;
                        &lt;h3 class="tab-title"&gt;
                                    Exception
                            &lt;/h3&gt;

            &lt;div class="tab-content"&gt;
                &lt;div class="trace trace-as-html" id="trace-box-1"&gt;
    &lt;div class="trace-details"&gt;
        &lt;div class="trace-head"&gt;
            &lt;div class="sf-toggle" data-toggle-selector="#trace-html-1" data-toggle-initial="display"&gt;
                &lt;span class="icon icon-close"&gt;&lt;svg width="1792" height="1792" viewBox="0 0 1792 1792" xmlns="http://www.w3.org/2000/svg"&gt;&lt;path d="M1344 800v64q0 14-9 23t-23 9H480q-14 0-23-9t-9-23v-64q0-14 9-23t23-9h832q14 0 23 9t9 23zm128 448V416q0-66-47-113t-113-47H480q-66 0-113 47t-47 113v832q0 66 47 113t113 47h832q66 0 113-47t47-113zm128-832v832q0 119-84.5 203.5T1312 1536H480q-119 0-203.5-84.5T192 1248V416q0-119 84.5-203.5T480 128h832q119 0 203.5 84.5T1600 416z"/&gt;&lt;/svg&gt;&lt;/span&gt;
                &lt;span class="icon icon-open"&gt;&lt;svg width="1792" height="1792" viewBox="0 0 1792 1792" xmlns="http://www.w3.org/2000/svg"&gt;&lt;path d="M1344 800v64q0 14-9 23t-23 9H960v352q0 14-9 23t-23 9h-64q-14 0-23-9t-9-23V896H480q-14 0-23-9t-9-23v-64q0-14 9-23t23-9h352V416q0-14 9-23t23-9h64q14 0 23 9t9 23v352h352q14 0 23 9t9 23zm128 448V416q0-66-47-113t-113-47H480q-66 0-113 47t-47 113v832q0 66 47 113t113 47h832q66 0 113-47t47-113zm128-832v832q0 119-84.5 203.5T1312 1536H480q-119 0-203.5-84.5T192 1248V416q0-119 84.5-203.5T480 128h832q119 0 203.5 84.5T1600 416z"/&gt;&lt;/svg&gt;&lt;/span&gt;
                                                    &lt;h3 class="trace-class"&gt;
                                                ArgumentCountError                    &lt;/h3&gt;
                                            &lt;/div&gt;
                    &lt;/div&gt;

        &lt;div id="trace-html-1" class="sf-toggle-content"&gt;
                    &lt;div class="trace-line "&gt;
                &lt;div class="trace-line-header break-long-words sf-toggle" data-toggle-selector="#trace-html-1-0" data-toggle-initial="display"&gt;
            &lt;span class="icon icon-close"&gt;&lt;svg width="1792" height="1792" viewBox="0 0 1792 1792" xmlns="http://www.w3.org/2000/svg"&gt;&lt;path d="M1408 960V832q0-26-19-45t-45-19H448q-26 0-45 19t-19 45v128q0 26 19 45t45 19h896q26 0 45-19t19-45zm256-544v960q0 119-84.5 203.5T1376 1664H416q-119 0-203.5-84.5T128 1376V416q0-119 84.5-203.5T416 128h960q119 0 203.5 84.5T1664 416z"/&gt;&lt;/svg&gt;&lt;/span&gt;
        &lt;span class="icon icon-open"&gt;&lt;svg width="1792" height="1792" viewBox="0 0 1792 1792" xmlns="http://www.w3.org/2000/svg"&gt;&lt;path d="M1408 960V832q0-26-19-45t-45-19h-320V448q0-26-19-45t-45-19H832q-26 0-45 19t-19 45v320H448q-26 0-45 19t-19 45v128q0 26 19 45t45 19h320v320q0 26 19 45t45 19h128q26 0 45-19t19-45v-320h320q26 0 45-19t19-45zm256-544v960q0 119-84.5 203.5T1376 1664H416q-119 0-203.5-84.5T128 1376V416q0-119 84.5-203.5T416 128h960q119 0 203.5 84.5T1664 416z"/&gt;&lt;/svg&gt;&lt;/span&gt;
    
    
                    &lt;span class="block trace-file-path"&gt;
            in
            &lt;a href="file:///home/albinr/dbwebb-kurser/mvc/me/report/src/Card/Player.php#L49"&gt;
                src/Card/&lt;strong&gt;Player.php&lt;/strong&gt;
            &lt;/a&gt;
                        (line 49)
            &lt;span class="icon icon-copy hidden" data-clipboard-text="src/Card/Player.php:49"&gt;
                &lt;svg xmlns="http://www.w3.org/2000/svg" height="24" viewBox="0 0 24 24" width="24"&gt;&lt;path d="M0 0h24v24H0z" fill="none"/&gt;&lt;path d="M16 1H4c-1.1 0-2 .9-2 2v14h2V3h12V1zm3 4H8c-1.1 0-2 .9-2 2v14c0 1.1.9 2 2 2h11c1.1 0 2-.9 2-2V7c0-1.1-.9-2-2-2zm0 16H8V7h11v14z"/&gt;&lt;/svg&gt;            &lt;/span&gt;
        &lt;/span&gt;
    &lt;/div&gt;
    &lt;div id="trace-html-1-0" class="trace-code sf-toggle-content"&gt;
        &lt;ol start="44"&gt;&lt;li&gt;&lt;code&gt;&amp;nbsp;&amp;nbsp;&amp;nbsp;&amp;nbsp;public&amp;nbsp;function&amp;nbsp;&lt;span&amp;nbsp;style="color:&amp;nbsp;var(--highlight-default)"&gt;addHand&lt;/span&gt;&lt;span&amp;nbsp;style="color:&amp;nbsp;var(--highlight-keyword)"&gt;(&lt;/span&gt;&lt;span&amp;nbsp;style="color:&amp;nbsp;var(--highlight-default)"&gt;CardHand&amp;nbsp;$hand&lt;/span&gt;&lt;span&amp;nbsp;style="color:&amp;nbsp;var(--highlight-keyword)"&gt;):&amp;nbsp;&lt;/span&gt;&lt;span&amp;nbsp;style="color:&amp;nbsp;var(--highlight-default)"&gt;void&lt;/span&gt;&lt;/code&gt;&lt;/li&gt;
&lt;li&gt;&lt;code&gt;&amp;nbsp;&amp;nbsp;&amp;nbsp;&amp;nbsp;&lt;span&amp;nbsp;style="color:&amp;nbsp;var(--highlight-keyword)"&gt;{&lt;/span&gt;&lt;/code&gt;&lt;/li&gt;
&lt;li&gt;&lt;code&gt;&amp;nbsp;&amp;nbsp;&amp;nbsp;&amp;nbsp;&amp;nbsp;&amp;nbsp;&amp;nbsp;&amp;nbsp;&lt;span&amp;nbsp;style="color:&amp;nbsp;var(--highlight-default)"&gt;$this&lt;/span&gt;&lt;span&amp;nbsp;style="color:&amp;nbsp;var(--highlight-keyword)"&gt;-&amp;gt;&lt;/span&gt;&lt;span&amp;nbsp;style="color:&amp;nbsp;var(--highlight-default)"&gt;hands&lt;/span&gt;&lt;span&amp;nbsp;style="color:&amp;nbsp;var(--highlight-keyword)"&gt;[]&amp;nbsp;=&amp;nbsp;&lt;/span&gt;&lt;span&amp;nbsp;style="color:&amp;nbsp;var(--highlight-default)"&gt;$hand&lt;/span&gt;&lt;span&amp;nbsp;style="color:&amp;nbsp;var(--highlight-keyword)"&gt;;&lt;/span&gt;&lt;/code&gt;&lt;/li&gt;
&lt;li&gt;&lt;code&gt;&amp;nbsp;&amp;nbsp;&amp;nbsp;&amp;nbsp;}&lt;/code&gt;&lt;/li&gt;
&lt;li&gt;&lt;code&gt;&lt;/code&gt;&lt;/li&gt;
&lt;li class="selected"&gt;&lt;code&gt;&amp;nbsp;&amp;nbsp;&amp;nbsp;&amp;nbsp;public&amp;nbsp;function&amp;nbsp;&lt;span&amp;nbsp;style="color:&amp;nbsp;var(--highlight-default)"&gt;getHand&lt;/span&gt;&lt;span&amp;nbsp;style="color:&amp;nbsp;var(--highlight-keyword)"&gt;(&lt;/span&gt;&lt;span&amp;nbsp;style="color:&amp;nbsp;var(--highlight-default)"&gt;int&amp;nbsp;$handIndex&lt;/span&gt;&lt;span&amp;nbsp;style="color:&amp;nbsp;var(--highlight-keyword)"&gt;):&amp;nbsp;&lt;/span&gt;&lt;span&amp;nbsp;style="color:&amp;nbsp;var(--highlight-default)"&gt;CardHand&lt;/span&gt;&lt;/code&gt;&lt;/li&gt;
&lt;li&gt;&lt;code&gt;&amp;nbsp;&amp;nbsp;&amp;nbsp;&amp;nbsp;&lt;span&amp;nbsp;style="color:&amp;nbsp;var(--highlight-keyword)"&gt;{&lt;/span&gt;&lt;/code&gt;&lt;/li&gt;
&lt;li&gt;&lt;code&gt;&amp;nbsp;&amp;nbsp;&amp;nbsp;&amp;nbsp;&amp;nbsp;&amp;nbsp;&amp;nbsp;&amp;nbsp;return&amp;nbsp;&lt;span&amp;nbsp;style="color:&amp;nbsp;var(--highlight-default)"&gt;$this&lt;/span&gt;&lt;span&amp;nbsp;style="color:&amp;nbsp;var(--highlight-keyword)"&gt;-&amp;gt;&lt;/span&gt;&lt;span&amp;nbsp;style="color:&amp;nbsp;var(--highlight-default)"&gt;hands&lt;/span&gt;&lt;span&amp;nbsp;style="color:&amp;nbsp;var(--highlight-keyword)"&gt;[&lt;/span&gt;&lt;span&amp;nbsp;style="color:&amp;nbsp;var(--highlight-default)"&gt;$handIndex&lt;/span&gt;&lt;span&amp;nbsp;style="color:&amp;nbsp;var(--highlight-keyword)"&gt;];&lt;/span&gt;&lt;/code&gt;&lt;/li&gt;
&lt;li&gt;&lt;code&gt;&amp;nbsp;&amp;nbsp;&amp;nbsp;&amp;nbsp;}&lt;/code&gt;&lt;/li&gt;
&lt;li&gt;&lt;code&gt;&lt;/code&gt;&lt;/li&gt;
&lt;li&gt;&lt;code&gt;&amp;nbsp;&amp;nbsp;&amp;nbsp;&amp;nbsp;public&amp;nbsp;function&amp;nbsp;&lt;span&amp;nbsp;style="color:&amp;nbsp;var(--highlight-default)"&gt;setResult&lt;/span&gt;&lt;span&amp;nbsp;style="color:&amp;nbsp;var(--highlight-keyword)"&gt;(&lt;/span&gt;&lt;span&amp;nbsp;style="color:&amp;nbsp;var(--highlight-default)"&gt;int&amp;nbsp;$handIndex&lt;/span&gt;&lt;span&amp;nbsp;style="color:&amp;nbsp;var(--highlight-keyword)"&gt;,&amp;nbsp;&lt;/span&gt;&lt;span&amp;nbsp;style="color:&amp;nbsp;var(--highlight-default)"&gt;string&amp;nbsp;$result&lt;/span&gt;&lt;span&amp;nbsp;style="color:&amp;nbsp;var(--highlight-keyword)"&gt;):&amp;nbsp;&lt;/span&gt;&lt;span&amp;nbsp;style="color:&amp;nbsp;var(--highlight-default)"&gt;void&lt;/span&gt;&lt;/code&gt;&lt;/li&gt;&lt;/ol&gt;    &lt;/div&gt;            &lt;/div&gt;
                        &lt;div class="trace-line "&gt;
                &lt;div class="trace-line-header break-long-words sf-toggle" data-toggle-selector="#trace-html-1-1" data-toggle-initial=""&gt;
            &lt;span class="icon icon-close"&gt;&lt;svg width="1792" height="1792" viewBox="0 0 1792 1792" xmlns="http://www.w3.org/2000/svg"&gt;&lt;path d="M1408 960V832q0-26-19-45t-45-19H448q-26 0-45 19t-19 45v128q0 26 19 45t45 19h896q26 0 45-19t19-45zm256-544v960q0 119-84.5 203.5T1376 1664H416q-119 0-203.5-84.5T128 1376V416q0-119 84.5-203.5T416 128h960q119 0 203.5 84.5T1664 416z"/&gt;&lt;/svg&gt;&lt;/span&gt;
        &lt;span class="icon icon-open"&gt;&lt;svg width="1792" height="1792" viewBox="0 0 1792 1792" xmlns="http://www.w3.org/2000/svg"&gt;&lt;path d="M1408 960V832q0-26-19-45t-45-19h-320V448q0-26-19-45t-45-19H832q-26 0-45 19t-19 45v320H448q-26 0-45 19t-19 45v128q0 26 19 45t45 19h320v320q0 26 19 45t45 19h128q26 0 45-19t19-45v-320h320q26 0 45-19t19-45zm256-544v960q0 119-84.5 203.5T1376 1664H416q-119 0-203.5-84.5T128 1376V416q0-119 84.5-203.5T416 128h960q119 0 203.5 84.5T1664 416z"/&gt;&lt;/svg&gt;&lt;/span&gt;
    
            &lt;span class="trace-class"&gt;&lt;abbr title="App\Card\Player"&gt;Player&lt;/abbr&gt;&lt;/span&gt;&lt;span class="trace-type"&gt;-&gt;&lt;/span&gt;&lt;span class="trace-method"&gt;getHand&lt;/span&gt;&lt;span class="trace-arguments"&gt;()&lt;/span&gt;    
                    &lt;span class="block trace-file-path"&gt;
            in
            &lt;a href="file:///home/albinr/dbwebb-kurser/mvc/me/report/src/Controller/ApiBlackJackController.php#L45"&gt;
                src/Controller/&lt;strong&gt;ApiBlackJackController.php&lt;/strong&gt;
            &lt;/a&gt;
                        (line 45)
            &lt;span class="icon icon-copy hidden" data-clipboard-text="src/Controller/ApiBlackJackController.php:45"&gt;
                &lt;svg xmlns="http://www.w3.org/2000/svg" height="24" viewBox="0 0 24 24" width="24"&gt;&lt;path d="M0 0h24v24H0z" fill="none"/&gt;&lt;path d="M16 1H4c-1.1 0-2 .9-2 2v14h2V3h12V1zm3 4H8c-1.1 0-2 .9-2 2v14c0 1.1.9 2 2 2h11c1.1 0 2-.9 2-2V7c0-1.1-.9-2-2-2zm0 16H8V7h11v14z"/&gt;&lt;/svg&gt;            &lt;/span&gt;
        &lt;/span&gt;
    &lt;/div&gt;
    &lt;div id="trace-html-1-1" class="trace-code sf-toggle-content"&gt;
        &lt;ol start="40"&gt;&lt;li&gt;&lt;code&gt;&amp;nbsp;&amp;nbsp;&amp;nbsp;&amp;nbsp;&amp;nbsp;&amp;nbsp;&amp;nbsp;&amp;nbsp;&amp;nbsp;&amp;nbsp;&amp;nbsp;&amp;nbsp;&lt;span&amp;nbsp;style="color:&amp;nbsp;var(--highlight-default)"&gt;$players&lt;/span&gt;&lt;span&amp;nbsp;style="color:&amp;nbsp;var(--highlight-keyword)"&gt;[]&amp;nbsp;=&amp;nbsp;[&lt;/span&gt;&lt;/code&gt;&lt;/li&gt;
&lt;li&gt;&lt;code&gt;&amp;nbsp;&amp;nbsp;&amp;nbsp;&amp;nbsp;&amp;nbsp;&amp;nbsp;&amp;nbsp;&amp;nbsp;&amp;nbsp;&amp;nbsp;&amp;nbsp;&amp;nbsp;&amp;nbsp;&amp;nbsp;&amp;nbsp;&amp;nbsp;&lt;span&amp;nbsp;style="color:&amp;nbsp;var(--highlight-string)"&gt;'player-id'&amp;nbsp;&lt;/span&gt;&lt;span&amp;nbsp;style="color:&amp;nbsp;var(--highlight-keyword)"&gt;=&amp;gt;&amp;nbsp;&lt;/span&gt;&lt;span&amp;nbsp;style="color:&amp;nbsp;var(--highlight-default)"&gt;$player&lt;/span&gt;&lt;span&amp;nbsp;style="color:&amp;nbsp;var(--highlight-keyword)"&gt;-&amp;gt;&lt;/span&gt;&lt;span&amp;nbsp;style="color:&amp;nbsp;var(--highlight-default)"&gt;getId&lt;/span&gt;&lt;span&amp;nbsp;style="color:&amp;nbsp;var(--highlight-keyword)"&gt;(),&lt;/span&gt;&lt;/code&gt;&lt;/li&gt;
&lt;li&gt;&lt;code&gt;&amp;nbsp;&amp;nbsp;&amp;nbsp;&amp;nbsp;&amp;nbsp;&amp;nbsp;&amp;nbsp;&amp;nbsp;&amp;nbsp;&amp;nbsp;&amp;nbsp;&amp;nbsp;&amp;nbsp;&amp;nbsp;&amp;nbsp;&amp;nbsp;&lt;span&amp;nbsp;style="color:&amp;nbsp;var(--highlight-string)"&gt;'player-name'&amp;nbsp;&lt;/span&gt;&lt;span&amp;nbsp;style="color:&amp;nbsp;var(--highlight-keyword)"&gt;=&amp;gt;&amp;nbsp;&lt;/span&gt;&lt;span&amp;nbsp;style="color:&amp;nbsp;var(--highlight-default)"&gt;$player&lt;/span&gt;&lt;span&amp;nbsp;style="color:&amp;nbsp;var(--highlight-keyword)"&gt;-&amp;gt;&lt;/span&gt;&lt;span&amp;nbsp;style="color:&amp;nbsp;var(--highlight-default)"&gt;getName&lt;/span&gt;&lt;span&amp;nbsp;style="color:&amp;nbsp;var(--highlight-keyword)"&gt;(),&lt;/span&gt;&lt;/code&gt;&lt;/li&gt;
&lt;li&gt;&lt;code&gt;&amp;nbsp;&amp;nbsp;&amp;nbsp;&amp;nbsp;&amp;nbsp;&amp;nbsp;&amp;nbsp;&amp;nbsp;&amp;nbsp;&amp;nbsp;&amp;nbsp;&amp;nbsp;&amp;nbsp;&amp;nbsp;&amp;nbsp;&amp;nbsp;&lt;span&amp;nbsp;style="color:&amp;nbsp;var(--highlight-string)"&gt;'player-cards'&amp;nbsp;&lt;/span&gt;&lt;span&amp;nbsp;style="color:&amp;nbsp;var(--highlight-keyword)"&gt;=&amp;gt;&amp;nbsp;&lt;/span&gt;&lt;span&amp;nbsp;style="color:&amp;nbsp;var(--highlight-default)"&gt;array_map&lt;/span&gt;&lt;span&amp;nbsp;style="color:&amp;nbsp;var(--highlight-keyword)"&gt;(function&amp;nbsp;(&lt;/span&gt;&lt;span&amp;nbsp;style="color:&amp;nbsp;var(--highlight-default)"&gt;$card&lt;/span&gt;&lt;span&amp;nbsp;style="color:&amp;nbsp;var(--highlight-keyword)"&gt;)&amp;nbsp;{&lt;/span&gt;&lt;/code&gt;&lt;/li&gt;
&lt;li&gt;&lt;code&gt;&amp;nbsp;&amp;nbsp;&amp;nbsp;&amp;nbsp;&amp;nbsp;&amp;nbsp;&amp;nbsp;&amp;nbsp;&amp;nbsp;&amp;nbsp;&amp;nbsp;&amp;nbsp;&amp;nbsp;&amp;nbsp;&amp;nbsp;&amp;nbsp;&amp;nbsp;&amp;nbsp;&amp;nbsp;&amp;nbsp;return&amp;nbsp;&lt;span&amp;nbsp;style="color:&amp;nbsp;var(--highlight-default)"&gt;$card&lt;/span&gt;&lt;span&amp;nbsp;style="color:&amp;nbsp;var(--highlight-keyword)"&gt;-&amp;gt;&lt;/span&gt;&lt;span&amp;nbsp;style="color:&amp;nbsp;var(--highlight-default)"&gt;getAsString&lt;/span&gt;&lt;span&amp;nbsp;style="color:&amp;nbsp;var(--highlight-keyword)"&gt;();&lt;/span&gt;&lt;/code&gt;&lt;/li&gt;
&lt;li class="selected"&gt;&lt;code&gt;&amp;nbsp;&amp;nbsp;&amp;nbsp;&amp;nbsp;&amp;nbsp;&amp;nbsp;&amp;nbsp;&amp;nbsp;&amp;nbsp;&amp;nbsp;&amp;nbsp;&amp;nbsp;&amp;nbsp;&amp;nbsp;&amp;nbsp;&amp;nbsp;},&amp;nbsp;&lt;span&amp;nbsp;style="color:&amp;nbsp;var(--highlight-default)"&gt;$player&lt;/span&gt;&lt;span&amp;nbsp;style="color:&amp;nbsp;var(--highlight-keyword)"&gt;-&amp;gt;&lt;/span&gt;&lt;span&amp;nbsp;style="color:&amp;nbsp;var(--highlight-default)"&gt;getHand&lt;/span&gt;&lt;span&amp;nbsp;style="color:&amp;nbsp;var(--highlight-keyword)"&gt;()-&amp;gt;&lt;/span&gt;&lt;span&amp;nbsp;style="color:&amp;nbsp;var(--highlight-default)"&gt;getCards&lt;/span&gt;&lt;span&amp;nbsp;style="color:&amp;nbsp;var(--highlight-keyword)"&gt;()),&lt;/span&gt;&lt;/code&gt;&lt;/li&gt;
&lt;li&gt;&lt;code&gt;&amp;nbsp;&amp;nbsp;&amp;nbsp;&amp;nbsp;&amp;nbsp;&amp;nbsp;&amp;nbsp;&amp;nbsp;&amp;nbsp;&amp;nbsp;&amp;nbsp;&amp;nbsp;&amp;nbsp;&amp;nbsp;&amp;nbsp;&amp;nbsp;&lt;span&amp;nbsp;style="color:&amp;nbsp;var(--highlight-string)"&gt;'player-score'&amp;nbsp;&lt;/span&gt;&lt;span&amp;nbsp;style="color:&amp;nbsp;var(--highlight-keyword)"&gt;=&amp;gt;&amp;nbsp;&lt;/span&gt;&lt;span&amp;nbsp;style="color:&amp;nbsp;var(--highlight-default)"&gt;$game&lt;/span&gt;&lt;span&amp;nbsp;style="color:&amp;nbsp;var(--highlight-keyword)"&gt;-&amp;gt;&lt;/span&gt;&lt;span&amp;nbsp;style="color:&amp;nbsp;var(--highlight-default)"&gt;getPlayerScore&lt;/span&gt;&lt;span&amp;nbsp;style="color:&amp;nbsp;var(--highlight-keyword)"&gt;(&lt;/span&gt;&lt;span&amp;nbsp;style="color:&amp;nbsp;var(--highlight-default)"&gt;$index&lt;/span&gt;&lt;span&amp;nbsp;style="color:&amp;nbsp;var(--highlight-keyword)"&gt;)&lt;/span&gt;&lt;/code&gt;&lt;/li&gt;
&lt;li&gt;&lt;code&gt;&amp;nbsp;&amp;nbsp;&amp;nbsp;&amp;nbsp;&amp;nbsp;&amp;nbsp;&amp;nbsp;&amp;nbsp;&amp;nbsp;&amp;nbsp;&amp;nbsp;&amp;nbsp;];&lt;/code&gt;&lt;/li&gt;
&lt;li&gt;&lt;code&gt;&amp;nbsp;&amp;nbsp;&amp;nbsp;&amp;nbsp;&amp;nbsp;&amp;nbsp;&amp;nbsp;&amp;nbsp;}&lt;/code&gt;&lt;/li&gt;
&lt;li&gt;&lt;code&gt;&lt;/code&gt;&lt;/li&gt;
&lt;li&gt;&lt;code&gt;&amp;nbsp;&amp;nbsp;&amp;nbsp;&amp;nbsp;&amp;nbsp;&amp;nbsp;&amp;nbsp;&amp;nbsp;&lt;span&amp;nbsp;style="color:&amp;nbsp;var(--highlight-default)"&gt;$data&amp;nbsp;&lt;/span&gt;&lt;span&amp;nbsp;style="color:&amp;nbsp;var(--highlight-keyword)"&gt;=&amp;nbsp;[&lt;/span&gt;&lt;/code&gt;&lt;/li&gt;&lt;/ol&gt;    &lt;/div&gt;            &lt;/div&gt;
                        &lt;div class="trace-line trace-from-vendor"&gt;
                &lt;div class="trace-line-header break-long-words sf-toggle" data-toggle-selector="#trace-html-1-2" data-toggle-initial=""&gt;
            &lt;span class="icon icon-close"&gt;&lt;svg width="1792" height="1792" viewBox="0 0 1792 1792" xmlns="http://www.w3.org/2000/svg"&gt;&lt;path d="M1408 960V832q0-26-19-45t-45-19H448q-26 0-45 19t-19 45v128q0 26 19 45t45 19h896q26 0 45-19t19-45zm256-544v960q0 119-84.5 203.5T1376 1664H416q-119 0-203.5-84.5T128 1376V416q0-119 84.5-203.5T416 128h960q119 0 203.5 84.5T1664 416z"/&gt;&lt;/svg&gt;&lt;/span&gt;
        &lt;span class="icon icon-open"&gt;&lt;svg width="1792" height="1792" viewBox="0 0 1792 1792" xmlns="http://www.w3.org/2000/svg"&gt;&lt;path d="M1408 960V832q0-26-19-45t-45-19h-320V448q0-26-19-45t-45-19H832q-26 0-45 19t-19 45v320H448q-26 0-45 19t-19 45v128q0 26 19 45t45 19h320v320q0 26 19 45t45 19h128q26 0 45-19t19-45v-320h320q26 0 45-19t19-45zm256-544v960q0 119-84.5 203.5T1376 1664H416q-119 0-203.5-84.5T128 1376V416q0-119 84.5-203.5T416 128h960q119 0 203.5 84.5T1664 416z"/&gt;&lt;/svg&gt;&lt;/span&gt;
    
    
                    &lt;span class="block trace-file-path"&gt;
            in
            &lt;a href="file:///home/albinr/dbwebb-kurser/mvc/me/report/vendor/symfony/http-kernel/HttpKernel.php#L178"&gt;
                vendor/symfony/http-kernel/&lt;strong&gt;HttpKernel.php&lt;/strong&gt;
            &lt;/a&gt;
                            &lt;span class="trace-type"&gt;-&gt;&lt;/span&gt;
                &lt;span class="trace-method"&gt;apiGameSetup&lt;/span&gt;
                        (line 178)
            &lt;span class="icon icon-copy hidden" data-clipboard-text="vendor/symfony/http-kernel/HttpKernel.php:178"&gt;
                &lt;svg xmlns="http://www.w3.org/2000/svg" height="24" viewBox="0 0 24 24" width="24"&gt;&lt;path d="M0 0h24v24H0z" fill="none"/&gt;&lt;path d="M16 1H4c-1.1 0-2 .9-2 2v14h2V3h12V1zm3 4H8c-1.1 0-2 .9-2 2v14c0 1.1.9 2 2 2h11c1.1 0 2-.9 2-2V7c0-1.1-.9-2-2-2zm0 16H8V7h11v14z"/&gt;&lt;/svg&gt;            &lt;/span&gt;
        &lt;/span&gt;
    &lt;/div&gt;
    &lt;div id="trace-html-1-2" class="trace-code sf-toggle-content"&gt;
        &lt;ol start="173"&gt;&lt;li&gt;&lt;code&gt;&amp;nbsp;&amp;nbsp;&amp;nbsp;&amp;nbsp;&amp;nbsp;&amp;nbsp;&amp;nbsp;&amp;nbsp;&lt;span&amp;nbsp;style="color:&amp;nbsp;var(--highlight-default)"&gt;$this&lt;/span&gt;&lt;span&amp;nbsp;style="color:&amp;nbsp;var(--highlight-keyword)"&gt;-&amp;gt;&lt;/span&gt;&lt;span&amp;nbsp;style="color:&amp;nbsp;var(--highlight-default)"&gt;dispatcher&lt;/span&gt;&lt;span&amp;nbsp;style="color:&amp;nbsp;var(--highlight-keyword)"&gt;-&amp;gt;&lt;/span&gt;&lt;span&amp;nbsp;style="color:&amp;nbsp;var(--highlight-default)"&gt;dispatch&lt;/span&gt;&lt;span&amp;nbsp;style="color:&amp;nbsp;var(--highlight-keyword)"&gt;(&lt;/span&gt;&lt;span&amp;nbsp;style="color:&amp;nbsp;var(--highlight-default)"&gt;$event&lt;/span&gt;&lt;span&amp;nbsp;style="color:&amp;nbsp;var(--highlight-keyword)"&gt;,&amp;nbsp;&lt;/span&gt;&lt;span&amp;nbsp;style="color:&amp;nbsp;var(--highlight-default)"&gt;KernelEvents&lt;/span&gt;&lt;span&amp;nbsp;style="color:&amp;nbsp;var(--highlight-keyword)"&gt;::&lt;/span&gt;&lt;span&amp;nbsp;style="color:&amp;nbsp;var(--highlight-default)"&gt;CONTROLLER_ARGUMENTS&lt;/span&gt;&lt;span&amp;nbsp;style="color:&amp;nbsp;var(--highlight-keyword)"&gt;);&lt;/span&gt;&lt;/code&gt;&lt;/li&gt;
&lt;li&gt;&lt;code&gt;&amp;nbsp;&amp;nbsp;&amp;nbsp;&amp;nbsp;&amp;nbsp;&amp;nbsp;&amp;nbsp;&amp;nbsp;&lt;span&amp;nbsp;style="color:&amp;nbsp;var(--highlight-default)"&gt;$controller&amp;nbsp;&lt;/span&gt;&lt;span&amp;nbsp;style="color:&amp;nbsp;var(--highlight-keyword)"&gt;=&amp;nbsp;&lt;/span&gt;&lt;span&amp;nbsp;style="color:&amp;nbsp;var(--highlight-default)"&gt;$event&lt;/span&gt;&lt;span&amp;nbsp;style="color:&amp;nbsp;var(--highlight-keyword)"&gt;-&amp;gt;&lt;/span&gt;&lt;span&amp;nbsp;style="color:&amp;nbsp;var(--highlight-default)"&gt;getController&lt;/span&gt;&lt;span&amp;nbsp;style="color:&amp;nbsp;var(--highlight-keyword)"&gt;();&lt;/span&gt;&lt;/code&gt;&lt;/li&gt;
&lt;li&gt;&lt;code&gt;&amp;nbsp;&amp;nbsp;&amp;nbsp;&amp;nbsp;&amp;nbsp;&amp;nbsp;&amp;nbsp;&amp;nbsp;&lt;span&amp;nbsp;style="color:&amp;nbsp;var(--highlight-default)"&gt;$arguments&amp;nbsp;&lt;/span&gt;&lt;span&amp;nbsp;style="color:&amp;nbsp;var(--highlight-keyword)"&gt;=&amp;nbsp;&lt;/span&gt;&lt;span&amp;nbsp;style="color:&amp;nbsp;var(--highlight-default)"&gt;$event&lt;/span&gt;&lt;span&amp;nbsp;style="color:&amp;nbsp;var(--highlight-keyword)"&gt;-&amp;gt;&lt;/span&gt;&lt;span&amp;nbsp;style="color:&amp;nbsp;var(--highlight-default)"&gt;getArguments&lt;/span&gt;&lt;span&amp;nbsp;style="color:&amp;nbsp;var(--highlight-keyword)"&gt;();&lt;/span&gt;&lt;/code&gt;&lt;/li&gt;
&lt;li&gt;&lt;code&gt;&lt;/code&gt;&lt;/li&gt;
&lt;li&gt;&lt;code&gt;&amp;nbsp;&amp;nbsp;&amp;nbsp;&amp;nbsp;&amp;nbsp;&amp;nbsp;&amp;nbsp;&amp;nbsp;&lt;span&amp;nbsp;style="color:&amp;nbsp;var(--highlight-comment)"&gt;//&amp;nbsp;call&amp;nbsp;controller&lt;/span&gt;&lt;/code&gt;&lt;/li&gt;
&lt;li class="selected"&gt;&lt;code&gt;&amp;nbsp;&amp;nbsp;&amp;nbsp;&amp;nbsp;&amp;nbsp;&amp;nbsp;&amp;nbsp;&amp;nbsp;&lt;span&amp;nbsp;style="color:&amp;nbsp;var(--highlight-default)"&gt;$response&amp;nbsp;&lt;/span&gt;&lt;span&amp;nbsp;style="color:&amp;nbsp;var(--highlight-keyword)"&gt;=&amp;nbsp;&lt;/span&gt;&lt;span&amp;nbsp;style="color:&amp;nbsp;var(--highlight-default)"&gt;$controller&lt;/span&gt;&lt;span&amp;nbsp;style="color:&amp;nbsp;var(--highlight-keyword)"&gt;(...&lt;/span&gt;&lt;span&amp;nbsp;style="color:&amp;nbsp;var(--highlight-default)"&gt;$arguments&lt;/span&gt;&lt;span&amp;nbsp;style="color:&amp;nbsp;var(--highlight-keyword)"&gt;);&lt;/span&gt;&lt;/code&gt;&lt;/li&gt;
&lt;li&gt;&lt;code&gt;&lt;/code&gt;&lt;/li&gt;
&lt;li&gt;&lt;code&gt;&amp;nbsp;&amp;nbsp;&amp;nbsp;&amp;nbsp;&amp;nbsp;&amp;nbsp;&amp;nbsp;&amp;nbsp;&lt;span&amp;nbsp;style="color:&amp;nbsp;var(--highlight-comment)"&gt;//&amp;nbsp;view&lt;/span&gt;&lt;/code&gt;&lt;/li&gt;
&lt;li&gt;&lt;code&gt;&amp;nbsp;&amp;nbsp;&amp;nbsp;&amp;nbsp;&amp;nbsp;&amp;nbsp;&amp;nbsp;&amp;nbsp;&lt;span&amp;nbsp;style="color:&amp;nbsp;var(--highlight-keyword)"&gt;if&amp;nbsp;(!&lt;/span&gt;&lt;span&amp;nbsp;style="color:&amp;nbsp;var(--highlight-default)"&gt;$response&amp;nbsp;&lt;/span&gt;&lt;span&amp;nbsp;style="color:&amp;nbsp;var(--highlight-keyword)"&gt;instanceof&amp;nbsp;&lt;/span&gt;&lt;span&amp;nbsp;style="color:&amp;nbsp;var(--highlight-default)"&gt;Response&lt;/span&gt;&lt;span&amp;nbsp;style="color:&amp;nbsp;var(--highlight-keyword)"&gt;)&amp;nbsp;{&lt;/span&gt;&lt;/code&gt;&lt;/li&gt;
&lt;li&gt;&lt;code&gt;&amp;nbsp;&amp;nbsp;&amp;nbsp;&amp;nbsp;&amp;nbsp;&amp;nbsp;&amp;nbsp;&amp;nbsp;&amp;nbsp;&amp;nbsp;&amp;nbsp;&amp;nbsp;&lt;span&amp;nbsp;style="color:&amp;nbsp;var(--highlight-default)"&gt;$event&amp;nbsp;&lt;/span&gt;&lt;span&amp;nbsp;style="color:&amp;nbsp;var(--highlight-keyword)"&gt;=&amp;nbsp;new&amp;nbsp;&lt;/span&gt;&lt;span&amp;nbsp;style="color:&amp;nbsp;var(--highlight-default)"&gt;ViewEvent&lt;/span&gt;&lt;span&amp;nbsp;style="color:&amp;nbsp;var(--highlight-keyword)"&gt;(&lt;/span&gt;&lt;span&amp;nbsp;style="color:&amp;nbsp;var(--highlight-default)"&gt;$this&lt;/span&gt;&lt;span&amp;nbsp;style="color:&amp;nbsp;var(--highlight-keyword)"&gt;,&amp;nbsp;&lt;/span&gt;&lt;span&amp;nbsp;style="color:&amp;nbsp;var(--highlight-default)"&gt;$request&lt;/span&gt;&lt;span&amp;nbsp;style="color:&amp;nbsp;var(--highlight-keyword)"&gt;,&amp;nbsp;&lt;/span&gt;&lt;span&amp;nbsp;style="color:&amp;nbsp;var(--highlight-default)"&gt;$type&lt;/span&gt;&lt;span&amp;nbsp;style="color:&amp;nbsp;var(--highlight-keyword)"&gt;,&amp;nbsp;&lt;/span&gt;&lt;span&amp;nbsp;style="color:&amp;nbsp;var(--highlight-default)"&gt;$response&lt;/span&gt;&lt;span&amp;nbsp;style="color:&amp;nbsp;var(--highlight-keyword)"&gt;,&amp;nbsp;&lt;/span&gt;&lt;span&amp;nbsp;style="color:&amp;nbsp;var(--highlight-default)"&gt;$event&lt;/span&gt;&lt;span&amp;nbsp;style="color:&amp;nbsp;var(--highlight-keyword)"&gt;);&lt;/span&gt;&lt;/code&gt;&lt;/li&gt;
&lt;li&gt;&lt;code&gt;&amp;nbsp;&amp;nbsp;&amp;nbsp;&amp;nbsp;&amp;nbsp;&amp;nbsp;&amp;nbsp;&amp;nbsp;&amp;nbsp;&amp;nbsp;&amp;nbsp;&amp;nbsp;&lt;span&amp;nbsp;style="color:&amp;nbsp;var(--highlight-default)"&gt;$this&lt;/span&gt;&lt;span&amp;nbsp;style="color:&amp;nbsp;var(--highlight-keyword)"&gt;-&amp;gt;&lt;/span&gt;&lt;span&amp;nbsp;style="color:&amp;nbsp;var(--highlight-default)"&gt;dispatcher&lt;/span&gt;&lt;span&amp;nbsp;style="color:&amp;nbsp;var(--highlight-keyword)"&gt;-&amp;gt;&lt;/span&gt;&lt;span&amp;nbsp;style="color:&amp;nbsp;var(--highlight-default)"&gt;dispatch&lt;/span&gt;&lt;span&amp;nbsp;style="color:&amp;nbsp;var(--highlight-keyword)"&gt;(&lt;/span&gt;&lt;span&amp;nbsp;style="color:&amp;nbsp;var(--highlight-default)"&gt;$event&lt;/span&gt;&lt;span&amp;nbsp;style="color:&amp;nbsp;var(--highlight-keyword)"&gt;,&amp;nbsp;&lt;/span&gt;&lt;span&amp;nbsp;style="color:&amp;nbsp;var(--highlight-default)"&gt;KernelEvents&lt;/span&gt;&lt;span&amp;nbsp;style="color:&amp;nbsp;var(--highlight-keyword)"&gt;::&lt;/span&gt;&lt;span&amp;nbsp;style="color:&amp;nbsp;var(--highlight-default)"&gt;VIEW&lt;/span&gt;&lt;span&amp;nbsp;style="color:&amp;nbsp;var(--highlight-keyword)"&gt;);&lt;/span&gt;&lt;/code&gt;&lt;/li&gt;&lt;/ol&gt;    &lt;/div&gt;            &lt;/div&gt;
                        &lt;div class="trace-line trace-from-vendor"&gt;
                &lt;div class="trace-line-header break-long-words sf-toggle" data-toggle-selector="#trace-html-1-3" data-toggle-initial=""&gt;
            &lt;span class="icon icon-close"&gt;&lt;svg width="1792" height="1792" viewBox="0 0 1792 1792" xmlns="http://www.w3.org/2000/svg"&gt;&lt;path d="M1408 960V832q0-26-19-45t-45-19H448q-26 0-45 19t-19 45v128q0 26 19 45t45 19h896q26 0 45-19t19-45zm256-544v960q0 119-84.5 203.5T1376 1664H416q-119 0-203.5-84.5T128 1376V416q0-119 84.5-203.5T416 128h960q119 0 203.5 84.5T1664 416z"/&gt;&lt;/svg&gt;&lt;/span&gt;
        &lt;span class="icon icon-open"&gt;&lt;svg width="1792" height="1792" viewBox="0 0 1792 1792" xmlns="http://www.w3.org/2000/svg"&gt;&lt;path d="M1408 960V832q0-26-19-45t-45-19h-320V448q0-26-19-45t-45-19H832q-26 0-45 19t-19 45v320H448q-26 0-45 19t-19 45v128q0 26 19 45t45 19h320v320q0 26 19 45t45 19h128q26 0 45-19t19-45v-320h320q26 0 45-19t19-45zm256-544v960q0 119-84.5 203.5T1376 1664H416q-119 0-203.5-84.5T128 1376V416q0-119 84.5-203.5T416 128h960q119 0 203.5 84.5T1664 416z"/&gt;&lt;/svg&gt;&lt;/span&gt;
    
    
                    &lt;span class="block trace-file-path"&gt;
            in
            &lt;a href="file:///home/albinr/dbwebb-kurser/mvc/me/report/vendor/symfony/http-kernel/HttpKernel.php#L76"&gt;
                vendor/symfony/http-kernel/&lt;strong&gt;HttpKernel.php&lt;/strong&gt;
            &lt;/a&gt;
                            &lt;span class="trace-type"&gt;-&gt;&lt;/span&gt;
                &lt;span class="trace-method"&gt;handleRaw&lt;/span&gt;
                        (line 76)
            &lt;span class="icon icon-copy hidden" data-clipboard-text="vendor/symfony/http-kernel/HttpKernel.php:76"&gt;
                &lt;svg xmlns="http://www.w3.org/2000/svg" height="24" viewBox="0 0 24 24" width="24"&gt;&lt;path d="M0 0h24v24H0z" fill="none"/&gt;&lt;path d="M16 1H4c-1.1 0-2 .9-2 2v14h2V3h12V1zm3 4H8c-1.1 0-2 .9-2 2v14c0 1.1.9 2 2 2h11c1.1 0 2-.9 2-2V7c0-1.1-.9-2-2-2zm0 16H8V7h11v14z"/&gt;&lt;/svg&gt;            &lt;/span&gt;
        &lt;/span&gt;
    &lt;/div&gt;
    &lt;div id="trace-html-1-3" class="trace-code sf-toggle-content"&gt;
        &lt;ol start="71"&gt;&lt;li&gt;&lt;code&gt;&amp;nbsp;&amp;nbsp;&amp;nbsp;&amp;nbsp;&amp;nbsp;&amp;nbsp;&amp;nbsp;&amp;nbsp;&lt;span&amp;nbsp;style="color:&amp;nbsp;var(--highlight-default)"&gt;$request&lt;/span&gt;&lt;span&amp;nbsp;style="color:&amp;nbsp;var(--highlight-keyword)"&gt;-&amp;gt;&lt;/span&gt;&lt;span&amp;nbsp;style="color:&amp;nbsp;var(--highlight-default)"&gt;headers&lt;/span&gt;&lt;span&amp;nbsp;style="color:&amp;nbsp;var(--highlight-keyword)"&gt;-&amp;gt;&lt;/span&gt;&lt;span&amp;nbsp;style="color:&amp;nbsp;var(--highlight-default)"&gt;set&lt;/span&gt;&lt;span&amp;nbsp;style="color:&amp;nbsp;var(--highlight-keyword)"&gt;(&lt;/span&gt;&lt;span&amp;nbsp;style="color:&amp;nbsp;var(--highlight-string)"&gt;'X-Php-Ob-Level'&lt;/span&gt;&lt;span&amp;nbsp;style="color:&amp;nbsp;var(--highlight-keyword)"&gt;,&amp;nbsp;(string)&amp;nbsp;&lt;/span&gt;&lt;span&amp;nbsp;style="color:&amp;nbsp;var(--highlight-default)"&gt;ob_get_level&lt;/span&gt;&lt;span&amp;nbsp;style="color:&amp;nbsp;var(--highlight-keyword)"&gt;());&lt;/span&gt;&lt;/code&gt;&lt;/li&gt;
&lt;li&gt;&lt;code&gt;&lt;/code&gt;&lt;/li&gt;
&lt;li&gt;&lt;code&gt;&amp;nbsp;&amp;nbsp;&amp;nbsp;&amp;nbsp;&amp;nbsp;&amp;nbsp;&amp;nbsp;&amp;nbsp;&lt;span&amp;nbsp;style="color:&amp;nbsp;var(--highlight-default)"&gt;$this&lt;/span&gt;&lt;span&amp;nbsp;style="color:&amp;nbsp;var(--highlight-keyword)"&gt;-&amp;gt;&lt;/span&gt;&lt;span&amp;nbsp;style="color:&amp;nbsp;var(--highlight-default)"&gt;requestStack&lt;/span&gt;&lt;span&amp;nbsp;style="color:&amp;nbsp;var(--highlight-keyword)"&gt;-&amp;gt;&lt;/span&gt;&lt;span&amp;nbsp;style="color:&amp;nbsp;var(--highlight-default)"&gt;push&lt;/span&gt;&lt;span&amp;nbsp;style="color:&amp;nbsp;var(--highlight-keyword)"&gt;(&lt;/span&gt;&lt;span&amp;nbsp;style="color:&amp;nbsp;var(--highlight-default)"&gt;$request&lt;/span&gt;&lt;span&amp;nbsp;style="color:&amp;nbsp;var(--highlight-keyword)"&gt;);&lt;/span&gt;&lt;/code&gt;&lt;/li&gt;
&lt;li&gt;&lt;code&gt;&amp;nbsp;&amp;nbsp;&amp;nbsp;&amp;nbsp;&amp;nbsp;&amp;nbsp;&amp;nbsp;&amp;nbsp;&lt;span&amp;nbsp;style="color:&amp;nbsp;var(--highlight-default)"&gt;$response&amp;nbsp;&lt;/span&gt;&lt;span&amp;nbsp;style="color:&amp;nbsp;var(--highlight-keyword)"&gt;=&amp;nbsp;&lt;/span&gt;&lt;span&amp;nbsp;style="color:&amp;nbsp;var(--highlight-default)"&gt;null&lt;/span&gt;&lt;span&amp;nbsp;style="color:&amp;nbsp;var(--highlight-keyword)"&gt;;&lt;/span&gt;&lt;/code&gt;&lt;/li&gt;
&lt;li&gt;&lt;code&gt;&amp;nbsp;&amp;nbsp;&amp;nbsp;&amp;nbsp;&amp;nbsp;&amp;nbsp;&amp;nbsp;&amp;nbsp;try&amp;nbsp;{&lt;/code&gt;&lt;/li&gt;
&lt;li class="selected"&gt;&lt;code&gt;&amp;nbsp;&amp;nbsp;&amp;nbsp;&amp;nbsp;&amp;nbsp;&amp;nbsp;&amp;nbsp;&amp;nbsp;&amp;nbsp;&amp;nbsp;&amp;nbsp;&amp;nbsp;return&amp;nbsp;&lt;span&amp;nbsp;style="color:&amp;nbsp;var(--highlight-default)"&gt;$response&amp;nbsp;&lt;/span&gt;&lt;span&amp;nbsp;style="color:&amp;nbsp;var(--highlight-keyword)"&gt;=&amp;nbsp;&lt;/span&gt;&lt;span&amp;nbsp;style="color:&amp;nbsp;var(--highlight-default)"&gt;$this&lt;/span&gt;&lt;span&amp;nbsp;style="color:&amp;nbsp;var(--highlight-keyword)"&gt;-&amp;gt;&lt;/span&gt;&lt;span&amp;nbsp;style="color:&amp;nbsp;var(--highlight-default)"&gt;handleRaw&lt;/span&gt;&lt;span&amp;nbsp;style="color:&amp;nbsp;var(--highlight-keyword)"&gt;(&lt;/span&gt;&lt;span&amp;nbsp;style="color:&amp;nbsp;var(--highlight-default)"&gt;$request&lt;/span&gt;&lt;span&amp;nbsp;style="color:&amp;nbsp;var(--highlight-keyword)"&gt;,&amp;nbsp;&lt;/span&gt;&lt;span&amp;nbsp;style="color:&amp;nbsp;var(--highlight-default)"&gt;$type&lt;/span&gt;&lt;span&amp;nbsp;style="color:&amp;nbsp;var(--highlight-keyword)"&gt;);&lt;/span&gt;&lt;/code&gt;&lt;/li&gt;
&lt;li&gt;&lt;code&gt;&amp;nbsp;&amp;nbsp;&amp;nbsp;&amp;nbsp;&amp;nbsp;&amp;nbsp;&amp;nbsp;&amp;nbsp;}&amp;nbsp;catch&amp;nbsp;(&lt;span&amp;nbsp;style="color:&amp;nbsp;var(--highlight-default)"&gt;\Throwable&amp;nbsp;$e&lt;/span&gt;&lt;span&amp;nbsp;style="color:&amp;nbsp;var(--highlight-keyword)"&gt;)&amp;nbsp;{&lt;/span&gt;&lt;/code&gt;&lt;/li&gt;
&lt;li&gt;&lt;code&gt;&amp;nbsp;&amp;nbsp;&amp;nbsp;&amp;nbsp;&amp;nbsp;&amp;nbsp;&amp;nbsp;&amp;nbsp;&amp;nbsp;&amp;nbsp;&amp;nbsp;&amp;nbsp;if&amp;nbsp;(&lt;span&amp;nbsp;style="color:&amp;nbsp;var(--highlight-default)"&gt;$e&amp;nbsp;&lt;/span&gt;&lt;span&amp;nbsp;style="color:&amp;nbsp;var(--highlight-keyword)"&gt;instanceof&amp;nbsp;&lt;/span&gt;&lt;span&amp;nbsp;style="color:&amp;nbsp;var(--highlight-default)"&gt;\Error&amp;nbsp;&lt;/span&gt;&lt;span&amp;nbsp;style="color:&amp;nbsp;var(--highlight-keyword)"&gt;&amp;amp;&amp;amp;&amp;nbsp;!&lt;/span&gt;&lt;span&amp;nbsp;style="color:&amp;nbsp;var(--highlight-default)"&gt;$this&lt;/span&gt;&lt;span&amp;nbsp;style="color:&amp;nbsp;var(--highlight-keyword)"&gt;-&amp;gt;&lt;/span&gt;&lt;span&amp;nbsp;style="color:&amp;nbsp;var(--highlight-default)"&gt;handleAllThrowables&lt;/span&gt;&lt;span&amp;nbsp;style="color:&amp;nbsp;var(--highlight-keyword)"&gt;)&amp;nbsp;{&lt;/span&gt;&lt;/code&gt;&lt;/li&gt;
&lt;li&gt;&lt;code&gt;&amp;nbsp;&amp;nbsp;&amp;nbsp;&amp;nbsp;&amp;nbsp;&amp;nbsp;&amp;nbsp;&amp;nbsp;&amp;nbsp;&amp;nbsp;&amp;nbsp;&amp;nbsp;&amp;nbsp;&amp;nbsp;&amp;nbsp;&amp;nbsp;throw&amp;nbsp;&lt;span&amp;nbsp;style="color:&amp;nbsp;var(--highlight-default)"&gt;$e&lt;/span&gt;&lt;span&amp;nbsp;style="color:&amp;nbsp;var(--highlight-keyword)"&gt;;&lt;/span&gt;&lt;/code&gt;&lt;/li&gt;
&lt;li&gt;&lt;code&gt;&amp;nbsp;&amp;nbsp;&amp;nbsp;&amp;nbsp;&amp;nbsp;&amp;nbsp;&amp;nbsp;&amp;nbsp;&amp;nbsp;&amp;nbsp;&amp;nbsp;&amp;nbsp;}&lt;/code&gt;&lt;/li&gt;
&lt;li&gt;&lt;code&gt;&lt;/code&gt;&lt;/li&gt;&lt;/ol&gt;    &lt;/div&gt;            &lt;/div&gt;
                        &lt;div class="trace-line trace-from-vendor"&gt;
                &lt;div class="trace-line-header break-long-words sf-toggle" data-toggle-selector="#trace-html-1-4" data-toggle-initial=""&gt;
            &lt;span class="icon icon-close"&gt;&lt;svg width="1792" height="1792" viewBox="0 0 1792 1792" xmlns="http://www.w3.org/2000/svg"&gt;&lt;path d="M1408 960V832q0-26-19-45t-45-19H448q-26 0-45 19t-19 45v128q0 26 19 45t45 19h896q26 0 45-19t19-45zm256-544v960q0 119-84.5 203.5T1376 1664H416q-119 0-203.5-84.5T128 1376V416q0-119 84.5-203.5T416 128h960q119 0 203.5 84.5T1664 416z"/&gt;&lt;/svg&gt;&lt;/span&gt;
        &lt;span class="icon icon-open"&gt;&lt;svg width="1792" height="1792" viewBox="0 0 1792 1792" xmlns="http://www.w3.org/2000/svg"&gt;&lt;path d="M1408 960V832q0-26-19-45t-45-19h-320V448q0-26-19-45t-45-19H832q-26 0-45 19t-19 45v320H448q-26 0-45 19t-19 45v128q0 26 19 45t45 19h320v320q0 26 19 45t45 19h128q26 0 45-19t19-45v-320h320q26 0 45-19t19-45zm256-544v960q0 119-84.5 203.5T1376 1664H416q-119 0-203.5-84.5T128 1376V416q0-119 84.5-203.5T416 128h960q119 0 203.5 84.5T1664 416z"/&gt;&lt;/svg&gt;&lt;/span&gt;
    
    
                    &lt;span class="block trace-file-path"&gt;
            in
            &lt;a href="file:///home/albinr/dbwebb-kurser/mvc/me/report/vendor/symfony/http-kernel/Kernel.php#L185"&gt;
                vendor/symfony/http-kernel/&lt;strong&gt;Kernel.php&lt;/strong&gt;
            &lt;/a&gt;
                            &lt;span class="trace-type"&gt;-&gt;&lt;/span&gt;
                &lt;span class="trace-method"&gt;handle&lt;/span&gt;
                        (line 185)
            &lt;span class="icon icon-copy hidden" data-clipboard-text="vendor/symfony/http-kernel/Kernel.php:185"&gt;
                &lt;svg xmlns="http://www.w3.org/2000/svg" height="24" viewBox="0 0 24 24" width="24"&gt;&lt;path d="M0 0h24v24H0z" fill="none"/&gt;&lt;path d="M16 1H4c-1.1 0-2 .9-2 2v14h2V3h12V1zm3 4H8c-1.1 0-2 .9-2 2v14c0 1.1.9 2 2 2h11c1.1 0 2-.9 2-2V7c0-1.1-.9-2-2-2zm0 16H8V7h11v14z"/&gt;&lt;/svg&gt;            &lt;/span&gt;
        &lt;/span&gt;
    &lt;/div&gt;
    &lt;div id="trace-html-1-4" class="trace-code sf-toggle-content"&gt;
        &lt;ol start="180"&gt;&lt;li&gt;&lt;code&gt;&amp;nbsp;&amp;nbsp;&amp;nbsp;&amp;nbsp;&amp;nbsp;&amp;nbsp;&amp;nbsp;&amp;nbsp;&lt;span&amp;nbsp;style="color:&amp;nbsp;var(--highlight-default)"&gt;$this&lt;/span&gt;&lt;span&amp;nbsp;style="color:&amp;nbsp;var(--highlight-keyword)"&gt;-&amp;gt;&lt;/span&gt;&lt;span&amp;nbsp;style="color:&amp;nbsp;var(--highlight-default)"&gt;boot&lt;/span&gt;&lt;span&amp;nbsp;style="color:&amp;nbsp;var(--highlight-keyword)"&gt;();&lt;/span&gt;&lt;/code&gt;&lt;/li&gt;
&lt;li&gt;&lt;code&gt;&amp;nbsp;&amp;nbsp;&amp;nbsp;&amp;nbsp;&amp;nbsp;&amp;nbsp;&amp;nbsp;&amp;nbsp;++&lt;span&amp;nbsp;style="color:&amp;nbsp;var(--highlight-default)"&gt;$this&lt;/span&gt;&lt;span&amp;nbsp;style="color:&amp;nbsp;var(--highlight-keyword)"&gt;-&amp;gt;&lt;/span&gt;&lt;span&amp;nbsp;style="color:&amp;nbsp;var(--highlight-default)"&gt;requestStackSize&lt;/span&gt;&lt;span&amp;nbsp;style="color:&amp;nbsp;var(--highlight-keyword)"&gt;;&lt;/span&gt;&lt;/code&gt;&lt;/li&gt;
&lt;li&gt;&lt;code&gt;&amp;nbsp;&amp;nbsp;&amp;nbsp;&amp;nbsp;&amp;nbsp;&amp;nbsp;&amp;nbsp;&amp;nbsp;&lt;span&amp;nbsp;style="color:&amp;nbsp;var(--highlight-default)"&gt;$this&lt;/span&gt;&lt;span&amp;nbsp;style="color:&amp;nbsp;var(--highlight-keyword)"&gt;-&amp;gt;&lt;/span&gt;&lt;span&amp;nbsp;style="color:&amp;nbsp;var(--highlight-default)"&gt;resetServices&amp;nbsp;&lt;/span&gt;&lt;span&amp;nbsp;style="color:&amp;nbsp;var(--highlight-keyword)"&gt;=&amp;nbsp;&lt;/span&gt;&lt;span&amp;nbsp;style="color:&amp;nbsp;var(--highlight-default)"&gt;true&lt;/span&gt;&lt;span&amp;nbsp;style="color:&amp;nbsp;var(--highlight-keyword)"&gt;;&lt;/span&gt;&lt;/code&gt;&lt;/li&gt;
&lt;li&gt;&lt;code&gt;&lt;/code&gt;&lt;/li&gt;
&lt;li&gt;&lt;code&gt;&amp;nbsp;&amp;nbsp;&amp;nbsp;&amp;nbsp;&amp;nbsp;&amp;nbsp;&amp;nbsp;&amp;nbsp;try&amp;nbsp;{&lt;/code&gt;&lt;/li&gt;
&lt;li class="selected"&gt;&lt;code&gt;&amp;nbsp;&amp;nbsp;&amp;nbsp;&amp;nbsp;&amp;nbsp;&amp;nbsp;&amp;nbsp;&amp;nbsp;&amp;nbsp;&amp;nbsp;&amp;nbsp;&amp;nbsp;return&amp;nbsp;&lt;span&amp;nbsp;style="color:&amp;nbsp;var(--highlight-default)"&gt;$this&lt;/span&gt;&lt;span&amp;nbsp;style="color:&amp;nbsp;var(--highlight-keyword)"&gt;-&amp;gt;&lt;/span&gt;&lt;span&amp;nbsp;style="color:&amp;nbsp;var(--highlight-default)"&gt;getHttpKernel&lt;/span&gt;&lt;span&amp;nbsp;style="color:&amp;nbsp;var(--highlight-keyword)"&gt;()-&amp;gt;&lt;/span&gt;&lt;span&amp;nbsp;style="color:&amp;nbsp;var(--highlight-default)"&gt;handle&lt;/span&gt;&lt;span&amp;nbsp;style="color:&amp;nbsp;var(--highlight-keyword)"&gt;(&lt;/span&gt;&lt;span&amp;nbsp;style="color:&amp;nbsp;var(--highlight-default)"&gt;$request&lt;/span&gt;&lt;span&amp;nbsp;style="color:&amp;nbsp;var(--highlight-keyword)"&gt;,&amp;nbsp;&lt;/span&gt;&lt;span&amp;nbsp;style="color:&amp;nbsp;var(--highlight-default)"&gt;$type&lt;/span&gt;&lt;span&amp;nbsp;style="color:&amp;nbsp;var(--highlight-keyword)"&gt;,&amp;nbsp;&lt;/span&gt;&lt;span&amp;nbsp;style="color:&amp;nbsp;var(--highlight-default)"&gt;$catch&lt;/span&gt;&lt;span&amp;nbsp;style="color:&amp;nbsp;var(--highlight-keyword)"&gt;);&lt;/span&gt;&lt;/code&gt;&lt;/li&gt;
&lt;li&gt;&lt;code&gt;&amp;nbsp;&amp;nbsp;&amp;nbsp;&amp;nbsp;&amp;nbsp;&amp;nbsp;&amp;nbsp;&amp;nbsp;}&amp;nbsp;finally&amp;nbsp;{&lt;/code&gt;&lt;/li&gt;
&lt;li&gt;&lt;code&gt;&amp;nbsp;&amp;nbsp;&amp;nbsp;&amp;nbsp;&amp;nbsp;&amp;nbsp;&amp;nbsp;&amp;nbsp;&amp;nbsp;&amp;nbsp;&amp;nbsp;&amp;nbsp;--&lt;span&amp;nbsp;style="color:&amp;nbsp;var(--highlight-default)"&gt;$this&lt;/span&gt;&lt;span&amp;nbsp;style="color:&amp;nbsp;var(--highlight-keyword)"&gt;-&amp;gt;&lt;/span&gt;&lt;span&amp;nbsp;style="color:&amp;nbsp;var(--highlight-default)"&gt;requestStackSize&lt;/span&gt;&lt;span&amp;nbsp;style="color:&amp;nbsp;var(--highlight-keyword)"&gt;;&lt;/span&gt;&lt;/code&gt;&lt;/li&gt;
&lt;li&gt;&lt;code&gt;&amp;nbsp;&amp;nbsp;&amp;nbsp;&amp;nbsp;&amp;nbsp;&amp;nbsp;&amp;nbsp;&amp;nbsp;}&lt;/code&gt;&lt;/li&gt;
&lt;li&gt;&lt;code&gt;&amp;nbsp;&amp;nbsp;&amp;nbsp;&amp;nbsp;}&lt;/code&gt;&lt;/li&gt;
&lt;li&gt;&lt;code&gt;&lt;/code&gt;&lt;/li&gt;&lt;/ol&gt;    &lt;/div&gt;            &lt;/div&gt;
                        &lt;div class="trace-line trace-from-vendor"&gt;
                &lt;div class="trace-line-header break-long-words sf-toggle" data-toggle-selector="#trace-html-1-5" data-toggle-initial=""&gt;
            &lt;span class="icon icon-close"&gt;&lt;svg width="1792" height="1792" viewBox="0 0 1792 1792" xmlns="http://www.w3.org/2000/svg"&gt;&lt;path d="M1408 960V832q0-26-19-45t-45-19H448q-26 0-45 19t-19 45v128q0 26 19 45t45 19h896q26 0 45-19t19-45zm256-544v960q0 119-84.5 203.5T1376 1664H416q-119 0-203.5-84.5T128 1376V416q0-119 84.5-203.5T416 128h960q119 0 203.5 84.5T1664 416z"/&gt;&lt;/svg&gt;&lt;/span&gt;
        &lt;span class="icon icon-open"&gt;&lt;svg width="1792" height="1792" viewBox="0 0 1792 1792" xmlns="http://www.w3.org/2000/svg"&gt;&lt;path d="M1408 960V832q0-26-19-45t-45-19h-320V448q0-26-19-45t-45-19H832q-26 0-45 19t-19 45v320H448q-26 0-45 19t-19 45v128q0 26 19 45t45 19h320v320q0 26 19 45t45 19h128q26 0 45-19t19-45v-320h320q26 0 45-19t19-45zm256-544v960q0 119-84.5 203.5T1376 1664H416q-119 0-203.5-84.5T128 1376V416q0-119 84.5-203.5T416 128h960q119 0 203.5 84.5T1664 416z"/&gt;&lt;/svg&gt;&lt;/span&gt;
    
    
                    &lt;span class="block trace-file-path"&gt;
            in
            &lt;a href="file:///home/albinr/dbwebb-kurser/mvc/me/report/vendor/symfony/http-kernel/HttpKernelBrowser.php#L61"&gt;
                vendor/symfony/http-kernel/&lt;strong&gt;HttpKernelBrowser.php&lt;/strong&gt;
            &lt;/a&gt;
                            &lt;span class="trace-type"&gt;-&gt;&lt;/span&gt;
                &lt;span class="trace-method"&gt;handle&lt;/span&gt;
                        (line 61)
            &lt;span class="icon icon-copy hidden" data-clipboard-text="vendor/symfony/http-kernel/HttpKernelBrowser.php:61"&gt;
                &lt;svg xmlns="http://www.w3.org/2000/svg" height="24" viewBox="0 0 24 24" width="24"&gt;&lt;path d="M0 0h24v24H0z" fill="none"/&gt;&lt;path d="M16 1H4c-1.1 0-2 .9-2 2v14h2V3h12V1zm3 4H8c-1.1 0-2 .9-2 2v14c0 1.1.9 2 2 2h11c1.1 0 2-.9 2-2V7c0-1.1-.9-2-2-2zm0 16H8V7h11v14z"/&gt;&lt;/svg&gt;            &lt;/span&gt;
        &lt;/span&gt;
    &lt;/div&gt;
    &lt;div id="trace-html-1-5" class="trace-code sf-toggle-content"&gt;
        &lt;ol start="56"&gt;&lt;li&gt;&lt;code&gt;&amp;nbsp;&amp;nbsp;&amp;nbsp;&amp;nbsp;&lt;span&amp;nbsp;style="color:&amp;nbsp;var(--highlight-comment)"&gt;/**&lt;/span&gt;&lt;/code&gt;&lt;/li&gt;
&lt;li&gt;&lt;code&gt;&amp;nbsp;&amp;nbsp;&amp;nbsp;&amp;nbsp;&amp;nbsp;*&amp;nbsp;@param&amp;nbsp;Request&amp;nbsp;$request&lt;/code&gt;&lt;/li&gt;
&lt;li&gt;&lt;code&gt;&amp;nbsp;&amp;nbsp;&amp;nbsp;&amp;nbsp;&amp;nbsp;*/&lt;/code&gt;&lt;/li&gt;
&lt;li&gt;&lt;code&gt;&amp;nbsp;&amp;nbsp;&amp;nbsp;&amp;nbsp;&lt;span&amp;nbsp;style="color:&amp;nbsp;var(--highlight-keyword)"&gt;protected&amp;nbsp;function&amp;nbsp;&lt;/span&gt;&lt;span&amp;nbsp;style="color:&amp;nbsp;var(--highlight-default)"&gt;doRequest&lt;/span&gt;&lt;span&amp;nbsp;style="color:&amp;nbsp;var(--highlight-keyword)"&gt;(&lt;/span&gt;&lt;span&amp;nbsp;style="color:&amp;nbsp;var(--highlight-default)"&gt;object&amp;nbsp;$request&lt;/span&gt;&lt;span&amp;nbsp;style="color:&amp;nbsp;var(--highlight-keyword)"&gt;):&amp;nbsp;&lt;/span&gt;&lt;span&amp;nbsp;style="color:&amp;nbsp;var(--highlight-default)"&gt;Response&lt;/span&gt;&lt;/code&gt;&lt;/li&gt;
&lt;li&gt;&lt;code&gt;&amp;nbsp;&amp;nbsp;&amp;nbsp;&amp;nbsp;&lt;span&amp;nbsp;style="color:&amp;nbsp;var(--highlight-keyword)"&gt;{&lt;/span&gt;&lt;/code&gt;&lt;/li&gt;
&lt;li class="selected"&gt;&lt;code&gt;&amp;nbsp;&amp;nbsp;&amp;nbsp;&amp;nbsp;&amp;nbsp;&amp;nbsp;&amp;nbsp;&amp;nbsp;&lt;span&amp;nbsp;style="color:&amp;nbsp;var(--highlight-default)"&gt;$response&amp;nbsp;&lt;/span&gt;&lt;span&amp;nbsp;style="color:&amp;nbsp;var(--highlight-keyword)"&gt;=&amp;nbsp;&lt;/span&gt;&lt;span&amp;nbsp;style="color:&amp;nbsp;var(--highlight-default)"&gt;$this&lt;/span&gt;&lt;span&amp;nbsp;style="color:&amp;nbsp;var(--highlight-keyword)"&gt;-&amp;gt;&lt;/span&gt;&lt;span&amp;nbsp;style="color:&amp;nbsp;var(--highlight-default)"&gt;kernel&lt;/span&gt;&lt;span&amp;nbsp;style="color:&amp;nbsp;var(--highlight-keyword)"&gt;-&amp;gt;&lt;/span&gt;&lt;span&amp;nbsp;style="color:&amp;nbsp;var(--highlight-default)"&gt;handle&lt;/span&gt;&lt;span&amp;nbsp;style="color:&amp;nbsp;var(--highlight-keyword)"&gt;(&lt;/span&gt;&lt;span&amp;nbsp;style="color:&amp;nbsp;var(--highlight-default)"&gt;$request&lt;/span&gt;&lt;span&amp;nbsp;style="color:&amp;nbsp;var(--highlight-keyword)"&gt;,&amp;nbsp;&lt;/span&gt;&lt;span&amp;nbsp;style="color:&amp;nbsp;var(--highlight-default)"&gt;HttpKernelInterface&lt;/span&gt;&lt;span&amp;nbsp;style="color:&amp;nbsp;var(--highlight-keyword)"&gt;::&lt;/span&gt;&lt;span&amp;nbsp;style="color:&amp;nbsp;var(--highlight-default)"&gt;MAIN_REQUEST&lt;/span&gt;&lt;span&amp;nbsp;style="color:&amp;nbsp;var(--highlight-keyword)"&gt;,&amp;nbsp;&lt;/span&gt;&lt;span&amp;nbsp;style="color:&amp;nbsp;var(--highlight-default)"&gt;$this&lt;/span&gt;&lt;span&amp;nbsp;style="color:&amp;nbsp;var(--highlight-keyword)"&gt;-&amp;gt;&lt;/span&gt;&lt;span&amp;nbsp;style="color:&amp;nbsp;var(--highlight-default)"&gt;catchExceptions&lt;/span&gt;&lt;span&amp;nbsp;style="color:&amp;nbsp;var(--highlight-keyword)"&gt;);&lt;/span&gt;&lt;/code&gt;&lt;/li&gt;
&lt;li&gt;&lt;code&gt;&lt;/code&gt;&lt;/li&gt;
&lt;li&gt;&lt;code&gt;&amp;nbsp;&amp;nbsp;&amp;nbsp;&amp;nbsp;&amp;nbsp;&amp;nbsp;&amp;nbsp;&amp;nbsp;if&amp;nbsp;(&lt;span&amp;nbsp;style="color:&amp;nbsp;var(--highlight-default)"&gt;$this&lt;/span&gt;&lt;span&amp;nbsp;style="color:&amp;nbsp;var(--highlight-keyword)"&gt;-&amp;gt;&lt;/span&gt;&lt;span&amp;nbsp;style="color:&amp;nbsp;var(--highlight-default)"&gt;kernel&amp;nbsp;&lt;/span&gt;&lt;span&amp;nbsp;style="color:&amp;nbsp;var(--highlight-keyword)"&gt;instanceof&amp;nbsp;&lt;/span&gt;&lt;span&amp;nbsp;style="color:&amp;nbsp;var(--highlight-default)"&gt;TerminableInterface&lt;/span&gt;&lt;span&amp;nbsp;style="color:&amp;nbsp;var(--highlight-keyword)"&gt;)&amp;nbsp;{&lt;/span&gt;&lt;/code&gt;&lt;/li&gt;
&lt;li&gt;&lt;code&gt;&amp;nbsp;&amp;nbsp;&amp;nbsp;&amp;nbsp;&amp;nbsp;&amp;nbsp;&amp;nbsp;&amp;nbsp;&amp;nbsp;&amp;nbsp;&amp;nbsp;&amp;nbsp;&lt;span&amp;nbsp;style="color:&amp;nbsp;var(--highlight-default)"&gt;$this&lt;/span&gt;&lt;span&amp;nbsp;style="color:&amp;nbsp;var(--highlight-keyword)"&gt;-&amp;gt;&lt;/span&gt;&lt;span&amp;nbsp;style="color:&amp;nbsp;var(--highlight-default)"&gt;kernel&lt;/span&gt;&lt;span&amp;nbsp;style="color:&amp;nbsp;var(--highlight-keyword)"&gt;-&amp;gt;&lt;/span&gt;&lt;span&amp;nbsp;style="color:&amp;nbsp;var(--highlight-default)"&gt;terminate&lt;/span&gt;&lt;span&amp;nbsp;style="color:&amp;nbsp;var(--highlight-keyword)"&gt;(&lt;/span&gt;&lt;span&amp;nbsp;style="color:&amp;nbsp;var(--highlight-default)"&gt;$request&lt;/span&gt;&lt;span&amp;nbsp;style="color:&amp;nbsp;var(--highlight-keyword)"&gt;,&amp;nbsp;&lt;/span&gt;&lt;span&amp;nbsp;style="color:&amp;nbsp;var(--highlight-default)"&gt;$response&lt;/span&gt;&lt;span&amp;nbsp;style="color:&amp;nbsp;var(--highlight-keyword)"&gt;);&lt;/span&gt;&lt;/code&gt;&lt;/li&gt;
&lt;li&gt;&lt;code&gt;&amp;nbsp;&amp;nbsp;&amp;nbsp;&amp;nbsp;&amp;nbsp;&amp;nbsp;&amp;nbsp;&amp;nbsp;}&lt;/code&gt;&lt;/li&gt;
&lt;li&gt;&lt;code&gt;&lt;/code&gt;&lt;/li&gt;&lt;/ol&gt;    &lt;/div&gt;            &lt;/div&gt;
                        &lt;div class="trace-line trace-from-vendor"&gt;
                &lt;div class="trace-line-header break-long-words sf-toggle" data-toggle-selector="#trace-html-1-6" data-toggle-initial=""&gt;
            &lt;span class="icon icon-close"&gt;&lt;svg width="1792" height="1792" viewBox="0 0 1792 1792" xmlns="http://www.w3.org/2000/svg"&gt;&lt;path d="M1408 960V832q0-26-19-45t-45-19H448q-26 0-45 19t-19 45v128q0 26 19 45t45 19h896q26 0 45-19t19-45zm256-544v960q0 119-84.5 203.5T1376 1664H416q-119 0-203.5-84.5T128 1376V416q0-119 84.5-203.5T416 128h960q119 0 203.5 84.5T1664 416z"/&gt;&lt;/svg&gt;&lt;/span&gt;
        &lt;span class="icon icon-open"&gt;&lt;svg width="1792" height="1792" viewBox="0 0 1792 1792" xmlns="http://www.w3.org/2000/svg"&gt;&lt;path d="M1408 960V832q0-26-19-45t-45-19h-320V448q0-26-19-45t-45-19H832q-26 0-45 19t-19 45v320H448q-26 0-45 19t-19 45v128q0 26 19 45t45 19h320v320q0 26 19 45t45 19h128q26 0 45-19t19-45v-320h320q26 0 45-19t19-45zm256-544v960q0 119-84.5 203.5T1376 1664H416q-119 0-203.5-84.5T128 1376V416q0-119 84.5-203.5T416 128h960q119 0 203.5 84.5T1664 416z"/&gt;&lt;/svg&gt;&lt;/span&gt;
    
    
                    &lt;span class="block trace-file-path"&gt;
            in
            &lt;a href="file:///home/albinr/dbwebb-kurser/mvc/me/report/vendor/symfony/framework-bundle/KernelBrowser.php#L157"&gt;
                vendor/symfony/framework-bundle/&lt;strong&gt;KernelBrowser.php&lt;/strong&gt;
            &lt;/a&gt;
                            &lt;span class="trace-type"&gt;-&gt;&lt;/span&gt;
                &lt;span class="trace-method"&gt;doRequest&lt;/span&gt;
                        (line 157)
            &lt;span class="icon icon-copy hidden" data-clipboard-text="vendor/symfony/framework-bundle/KernelBrowser.php:157"&gt;
                &lt;svg xmlns="http://www.w3.org/2000/svg" height="24" viewBox="0 0 24 24" width="24"&gt;&lt;path d="M0 0h24v24H0z" fill="none"/&gt;&lt;path d="M16 1H4c-1.1 0-2 .9-2 2v14h2V3h12V1zm3 4H8c-1.1 0-2 .9-2 2v14c0 1.1.9 2 2 2h11c1.1 0 2-.9 2-2V7c0-1.1-.9-2-2-2zm0 16H8V7h11v14z"/&gt;&lt;/svg&gt;            &lt;/span&gt;
        &lt;/span&gt;
    &lt;/div&gt;
    &lt;div id="trace-html-1-6" class="trace-code sf-toggle-content"&gt;
        &lt;ol start="152"&gt;&lt;li&gt;&lt;code&gt;&lt;/code&gt;&lt;/li&gt;
&lt;li&gt;&lt;code&gt;&amp;nbsp;&amp;nbsp;&amp;nbsp;&amp;nbsp;&amp;nbsp;&amp;nbsp;&amp;nbsp;&amp;nbsp;&amp;nbsp;&amp;nbsp;&amp;nbsp;&amp;nbsp;&lt;span&amp;nbsp;style="color:&amp;nbsp;var(--highlight-default)"&gt;$this&lt;/span&gt;&lt;span&amp;nbsp;style="color:&amp;nbsp;var(--highlight-keyword)"&gt;-&amp;gt;&lt;/span&gt;&lt;span&amp;nbsp;style="color:&amp;nbsp;var(--highlight-default)"&gt;kernel&lt;/span&gt;&lt;span&amp;nbsp;style="color:&amp;nbsp;var(--highlight-keyword)"&gt;-&amp;gt;&lt;/span&gt;&lt;span&amp;nbsp;style="color:&amp;nbsp;var(--highlight-default)"&gt;boot&lt;/span&gt;&lt;span&amp;nbsp;style="color:&amp;nbsp;var(--highlight-keyword)"&gt;();&lt;/span&gt;&lt;/code&gt;&lt;/li&gt;
&lt;li&gt;&lt;code&gt;&amp;nbsp;&amp;nbsp;&amp;nbsp;&amp;nbsp;&amp;nbsp;&amp;nbsp;&amp;nbsp;&amp;nbsp;&amp;nbsp;&amp;nbsp;&amp;nbsp;&amp;nbsp;&lt;span&amp;nbsp;style="color:&amp;nbsp;var(--highlight-default)"&gt;$this&lt;/span&gt;&lt;span&amp;nbsp;style="color:&amp;nbsp;var(--highlight-keyword)"&gt;-&amp;gt;&lt;/span&gt;&lt;span&amp;nbsp;style="color:&amp;nbsp;var(--highlight-default)"&gt;getContainer&lt;/span&gt;&lt;span&amp;nbsp;style="color:&amp;nbsp;var(--highlight-keyword)"&gt;()-&amp;gt;&lt;/span&gt;&lt;span&amp;nbsp;style="color:&amp;nbsp;var(--highlight-default)"&gt;get&lt;/span&gt;&lt;span&amp;nbsp;style="color:&amp;nbsp;var(--highlight-keyword)"&gt;(&lt;/span&gt;&lt;span&amp;nbsp;style="color:&amp;nbsp;var(--highlight-string)"&gt;'profiler'&lt;/span&gt;&lt;span&amp;nbsp;style="color:&amp;nbsp;var(--highlight-keyword)"&gt;)-&amp;gt;&lt;/span&gt;&lt;span&amp;nbsp;style="color:&amp;nbsp;var(--highlight-default)"&gt;enable&lt;/span&gt;&lt;span&amp;nbsp;style="color:&amp;nbsp;var(--highlight-keyword)"&gt;();&lt;/span&gt;&lt;/code&gt;&lt;/li&gt;
&lt;li&gt;&lt;code&gt;&amp;nbsp;&amp;nbsp;&amp;nbsp;&amp;nbsp;&amp;nbsp;&amp;nbsp;&amp;nbsp;&amp;nbsp;}&lt;/code&gt;&lt;/li&gt;
&lt;li&gt;&lt;code&gt;&lt;/code&gt;&lt;/li&gt;
&lt;li class="selected"&gt;&lt;code&gt;&amp;nbsp;&amp;nbsp;&amp;nbsp;&amp;nbsp;&amp;nbsp;&amp;nbsp;&amp;nbsp;&amp;nbsp;return&amp;nbsp;&lt;span&amp;nbsp;style="color:&amp;nbsp;var(--highlight-default)"&gt;parent&lt;/span&gt;&lt;span&amp;nbsp;style="color:&amp;nbsp;var(--highlight-keyword)"&gt;::&lt;/span&gt;&lt;span&amp;nbsp;style="color:&amp;nbsp;var(--highlight-default)"&gt;doRequest&lt;/span&gt;&lt;span&amp;nbsp;style="color:&amp;nbsp;var(--highlight-keyword)"&gt;(&lt;/span&gt;&lt;span&amp;nbsp;style="color:&amp;nbsp;var(--highlight-default)"&gt;$request&lt;/span&gt;&lt;span&amp;nbsp;style="color:&amp;nbsp;var(--highlight-keyword)"&gt;);&lt;/span&gt;&lt;/code&gt;&lt;/li&gt;
&lt;li&gt;&lt;code&gt;&amp;nbsp;&amp;nbsp;&amp;nbsp;&amp;nbsp;}&lt;/code&gt;&lt;/li&gt;
&lt;li&gt;&lt;code&gt;&lt;/code&gt;&lt;/li&gt;
&lt;li&gt;&lt;code&gt;&amp;nbsp;&amp;nbsp;&amp;nbsp;&amp;nbsp;&lt;span&amp;nbsp;style="color:&amp;nbsp;var(--highlight-comment)"&gt;/**&lt;/span&gt;&lt;/code&gt;&lt;/li&gt;
&lt;li&gt;&lt;code&gt;&amp;nbsp;&amp;nbsp;&amp;nbsp;&amp;nbsp;&amp;nbsp;*&amp;nbsp;@param&amp;nbsp;Request&amp;nbsp;$request&lt;/code&gt;&lt;/li&gt;
&lt;li&gt;&lt;code&gt;&amp;nbsp;&amp;nbsp;&amp;nbsp;&amp;nbsp;&amp;nbsp;*/&lt;/code&gt;&lt;/li&gt;&lt;/ol&gt;    &lt;/div&gt;            &lt;/div&gt;
                        &lt;div class="trace-line trace-from-vendor"&gt;
                &lt;div class="trace-line-header break-long-words sf-toggle" data-toggle-selector="#trace-html-1-7" data-toggle-initial=""&gt;
            &lt;span class="icon icon-close"&gt;&lt;svg width="1792" height="1792" viewBox="0 0 1792 1792" xmlns="http://www.w3.org/2000/svg"&gt;&lt;path d="M1408 960V832q0-26-19-45t-45-19H448q-26 0-45 19t-19 45v128q0 26 19 45t45 19h896q26 0 45-19t19-45zm256-544v960q0 119-84.5 203.5T1376 1664H416q-119 0-203.5-84.5T128 1376V416q0-119 84.5-203.5T416 128h960q119 0 203.5 84.5T1664 416z"/&gt;&lt;/svg&gt;&lt;/span&gt;
        &lt;span class="icon icon-open"&gt;&lt;svg width="1792" height="1792" viewBox="0 0 1792 1792" xmlns="http://www.w3.org/2000/svg"&gt;&lt;path d="M1408 960V832q0-26-19-45t-45-19h-320V448q0-26-19-45t-45-19H832q-26 0-45 19t-19 45v320H448q-26 0-45 19t-19 45v128q0 26 19 45t45 19h320v320q0 26 19 45t45 19h128q26 0 45-19t19-45v-320h320q26 0 45-19t19-45zm256-544v960q0 119-84.5 203.5T1376 1664H416q-119 0-203.5-84.5T128 1376V416q0-119 84.5-203.5T416 128h960q119 0 203.5 84.5T1664 416z"/&gt;&lt;/svg&gt;&lt;/span&gt;
    
    
                    &lt;span class="block trace-file-path"&gt;
            in
            &lt;a href="file:///home/albinr/dbwebb-kurser/mvc/me/report/vendor/symfony/browser-kit/AbstractBrowser.php#L369"&gt;
                vendor/symfony/browser-kit/&lt;strong&gt;AbstractBrowser.php&lt;/strong&gt;
            &lt;/a&gt;
                            &lt;span class="trace-type"&gt;-&gt;&lt;/span&gt;
                &lt;span class="trace-method"&gt;doRequest&lt;/span&gt;
                        (line 369)
            &lt;span class="icon icon-copy hidden" data-clipboard-text="vendor/symfony/browser-kit/AbstractBrowser.php:369"&gt;
                &lt;svg xmlns="http://www.w3.org/2000/svg" height="24" viewBox="0 0 24 24" width="24"&gt;&lt;path d="M0 0h24v24H0z" fill="none"/&gt;&lt;path d="M16 1H4c-1.1 0-2 .9-2 2v14h2V3h12V1zm3 4H8c-1.1 0-2 .9-2 2v14c0 1.1.9 2 2 2h11c1.1 0 2-.9 2-2V7c0-1.1-.9-2-2-2zm0 16H8V7h11v14z"/&gt;&lt;/svg&gt;            &lt;/span&gt;
        &lt;/span&gt;
    &lt;/div&gt;
    &lt;div id="trace-html-1-7" class="trace-code sf-toggle-content"&gt;
        &lt;ol start="364"&gt;&lt;li&gt;&lt;code&gt;&amp;nbsp;&amp;nbsp;&amp;nbsp;&amp;nbsp;&amp;nbsp;&amp;nbsp;&amp;nbsp;&amp;nbsp;}&lt;/code&gt;&lt;/li&gt;
&lt;li&gt;&lt;code&gt;&lt;/code&gt;&lt;/li&gt;
&lt;li&gt;&lt;code&gt;&amp;nbsp;&amp;nbsp;&amp;nbsp;&amp;nbsp;&amp;nbsp;&amp;nbsp;&amp;nbsp;&amp;nbsp;if&amp;nbsp;(&lt;span&amp;nbsp;style="color:&amp;nbsp;var(--highlight-default)"&gt;$this&lt;/span&gt;&lt;span&amp;nbsp;style="color:&amp;nbsp;var(--highlight-keyword)"&gt;-&amp;gt;&lt;/span&gt;&lt;span&amp;nbsp;style="color:&amp;nbsp;var(--highlight-default)"&gt;insulated&lt;/span&gt;&lt;span&amp;nbsp;style="color:&amp;nbsp;var(--highlight-keyword)"&gt;)&amp;nbsp;{&lt;/span&gt;&lt;/code&gt;&lt;/li&gt;
&lt;li&gt;&lt;code&gt;&amp;nbsp;&amp;nbsp;&amp;nbsp;&amp;nbsp;&amp;nbsp;&amp;nbsp;&amp;nbsp;&amp;nbsp;&amp;nbsp;&amp;nbsp;&amp;nbsp;&amp;nbsp;&lt;span&amp;nbsp;style="color:&amp;nbsp;var(--highlight-default)"&gt;$this&lt;/span&gt;&lt;span&amp;nbsp;style="color:&amp;nbsp;var(--highlight-keyword)"&gt;-&amp;gt;&lt;/span&gt;&lt;span&amp;nbsp;style="color:&amp;nbsp;var(--highlight-default)"&gt;response&amp;nbsp;&lt;/span&gt;&lt;span&amp;nbsp;style="color:&amp;nbsp;var(--highlight-keyword)"&gt;=&amp;nbsp;&lt;/span&gt;&lt;span&amp;nbsp;style="color:&amp;nbsp;var(--highlight-default)"&gt;$this&lt;/span&gt;&lt;span&amp;nbsp;style="color:&amp;nbsp;var(--highlight-keyword)"&gt;-&amp;gt;&lt;/span&gt;&lt;span&amp;nbsp;style="color:&amp;nbsp;var(--highlight-default)"&gt;doRequestInProcess&lt;/span&gt;&lt;span&amp;nbsp;style="color:&amp;nbsp;var(--highlight-keyword)"&gt;(&lt;/span&gt;&lt;span&amp;nbsp;style="color:&amp;nbsp;var(--highlight-default)"&gt;$this&lt;/span&gt;&lt;span&amp;nbsp;style="color:&amp;nbsp;var(--highlight-keyword)"&gt;-&amp;gt;&lt;/span&gt;&lt;span&amp;nbsp;style="color:&amp;nbsp;var(--highlight-default)"&gt;request&lt;/span&gt;&lt;span&amp;nbsp;style="color:&amp;nbsp;var(--highlight-keyword)"&gt;);&lt;/span&gt;&lt;/code&gt;&lt;/li&gt;
&lt;li&gt;&lt;code&gt;&amp;nbsp;&amp;nbsp;&amp;nbsp;&amp;nbsp;&amp;nbsp;&amp;nbsp;&amp;nbsp;&amp;nbsp;}&amp;nbsp;else&amp;nbsp;{&lt;/code&gt;&lt;/li&gt;
&lt;li class="selected"&gt;&lt;code&gt;&amp;nbsp;&amp;nbsp;&amp;nbsp;&amp;nbsp;&amp;nbsp;&amp;nbsp;&amp;nbsp;&amp;nbsp;&amp;nbsp;&amp;nbsp;&amp;nbsp;&amp;nbsp;&lt;span&amp;nbsp;style="color:&amp;nbsp;var(--highlight-default)"&gt;$this&lt;/span&gt;&lt;span&amp;nbsp;style="color:&amp;nbsp;var(--highlight-keyword)"&gt;-&amp;gt;&lt;/span&gt;&lt;span&amp;nbsp;style="color:&amp;nbsp;var(--highlight-default)"&gt;response&amp;nbsp;&lt;/span&gt;&lt;span&amp;nbsp;style="color:&amp;nbsp;var(--highlight-keyword)"&gt;=&amp;nbsp;&lt;/span&gt;&lt;span&amp;nbsp;style="color:&amp;nbsp;var(--highlight-default)"&gt;$this&lt;/span&gt;&lt;span&amp;nbsp;style="color:&amp;nbsp;var(--highlight-keyword)"&gt;-&amp;gt;&lt;/span&gt;&lt;span&amp;nbsp;style="color:&amp;nbsp;var(--highlight-default)"&gt;doRequest&lt;/span&gt;&lt;span&amp;nbsp;style="color:&amp;nbsp;var(--highlight-keyword)"&gt;(&lt;/span&gt;&lt;span&amp;nbsp;style="color:&amp;nbsp;var(--highlight-default)"&gt;$this&lt;/span&gt;&lt;span&amp;nbsp;style="color:&amp;nbsp;var(--highlight-keyword)"&gt;-&amp;gt;&lt;/span&gt;&lt;span&amp;nbsp;style="color:&amp;nbsp;var(--highlight-default)"&gt;request&lt;/span&gt;&lt;span&amp;nbsp;style="color:&amp;nbsp;var(--highlight-keyword)"&gt;);&lt;/span&gt;&lt;/code&gt;&lt;/li&gt;
&lt;li&gt;&lt;code&gt;&amp;nbsp;&amp;nbsp;&amp;nbsp;&amp;nbsp;&amp;nbsp;&amp;nbsp;&amp;nbsp;&amp;nbsp;}&lt;/code&gt;&lt;/li&gt;
&lt;li&gt;&lt;code&gt;&lt;/code&gt;&lt;/li&gt;
&lt;li&gt;&lt;code&gt;&amp;nbsp;&amp;nbsp;&amp;nbsp;&amp;nbsp;&amp;nbsp;&amp;nbsp;&amp;nbsp;&amp;nbsp;&lt;span&amp;nbsp;style="color:&amp;nbsp;var(--highlight-default)"&gt;$this&lt;/span&gt;&lt;span&amp;nbsp;style="color:&amp;nbsp;var(--highlight-keyword)"&gt;-&amp;gt;&lt;/span&gt;&lt;span&amp;nbsp;style="color:&amp;nbsp;var(--highlight-default)"&gt;internalResponse&amp;nbsp;&lt;/span&gt;&lt;span&amp;nbsp;style="color:&amp;nbsp;var(--highlight-keyword)"&gt;=&amp;nbsp;&lt;/span&gt;&lt;span&amp;nbsp;style="color:&amp;nbsp;var(--highlight-default)"&gt;$this&lt;/span&gt;&lt;span&amp;nbsp;style="color:&amp;nbsp;var(--highlight-keyword)"&gt;-&amp;gt;&lt;/span&gt;&lt;span&amp;nbsp;style="color:&amp;nbsp;var(--highlight-default)"&gt;filterResponse&lt;/span&gt;&lt;span&amp;nbsp;style="color:&amp;nbsp;var(--highlight-keyword)"&gt;(&lt;/span&gt;&lt;span&amp;nbsp;style="color:&amp;nbsp;var(--highlight-default)"&gt;$this&lt;/span&gt;&lt;span&amp;nbsp;style="color:&amp;nbsp;var(--highlight-keyword)"&gt;-&amp;gt;&lt;/span&gt;&lt;span&amp;nbsp;style="color:&amp;nbsp;var(--highlight-default)"&gt;response&lt;/span&gt;&lt;span&amp;nbsp;style="color:&amp;nbsp;var(--highlight-keyword)"&gt;);&lt;/span&gt;&lt;/code&gt;&lt;/li&gt;
&lt;li&gt;&lt;code&gt;&lt;/code&gt;&lt;/li&gt;
&lt;li&gt;&lt;code&gt;&amp;nbsp;&amp;nbsp;&amp;nbsp;&amp;nbsp;&amp;nbsp;&amp;nbsp;&amp;nbsp;&amp;nbsp;&lt;span&amp;nbsp;style="color:&amp;nbsp;var(--highlight-default)"&gt;$this&lt;/span&gt;&lt;span&amp;nbsp;style="color:&amp;nbsp;var(--highlight-keyword)"&gt;-&amp;gt;&lt;/span&gt;&lt;span&amp;nbsp;style="color:&amp;nbsp;var(--highlight-default)"&gt;cookieJar&lt;/span&gt;&lt;span&amp;nbsp;style="color:&amp;nbsp;var(--highlight-keyword)"&gt;-&amp;gt;&lt;/span&gt;&lt;span&amp;nbsp;style="color:&amp;nbsp;var(--highlight-default)"&gt;updateFromResponse&lt;/span&gt;&lt;span&amp;nbsp;style="color:&amp;nbsp;var(--highlight-keyword)"&gt;(&lt;/span&gt;&lt;span&amp;nbsp;style="color:&amp;nbsp;var(--highlight-default)"&gt;$this&lt;/span&gt;&lt;span&amp;nbsp;style="color:&amp;nbsp;var(--highlight-keyword)"&gt;-&amp;gt;&lt;/span&gt;&lt;span&amp;nbsp;style="color:&amp;nbsp;var(--highlight-default)"&gt;internalResponse&lt;/span&gt;&lt;span&amp;nbsp;style="color:&amp;nbsp;var(--highlight-keyword)"&gt;,&amp;nbsp;&lt;/span&gt;&lt;span&amp;nbsp;style="color:&amp;nbsp;var(--highlight-default)"&gt;$uri&lt;/span&gt;&lt;span&amp;nbsp;style="color:&amp;nbsp;var(--highlight-keyword)"&gt;);&lt;/span&gt;&lt;/code&gt;&lt;/li&gt;&lt;/ol&gt;    &lt;/div&gt;            &lt;/div&gt;
                        &lt;div class="trace-line "&gt;
                &lt;div class="trace-line-header break-long-words sf-toggle" data-toggle-selector="#trace-html-1-8" data-toggle-initial=""&gt;
            &lt;span class="icon icon-close"&gt;&lt;svg width="1792" height="1792" viewBox="0 0 1792 1792" xmlns="http://www.w3.org/2000/svg"&gt;&lt;path d="M1408 960V832q0-26-19-45t-45-19H448q-26 0-45 19t-19 45v128q0 26 19 45t45 19h896q26 0 45-19t19-45zm256-544v960q0 119-84.5 203.5T1376 1664H416q-119 0-203.5-84.5T128 1376V416q0-119 84.5-203.5T416 128h960q119 0 203.5 84.5T1664 416z"/&gt;&lt;/svg&gt;&lt;/span&gt;
        &lt;span class="icon icon-open"&gt;&lt;svg width="1792" height="1792" viewBox="0 0 1792 1792" xmlns="http://www.w3.org/2000/svg"&gt;&lt;path d="M1408 960V832q0-26-19-45t-45-19h-320V448q0-26-19-45t-45-19H832q-26 0-45 19t-19 45v320H448q-26 0-45 19t-19 45v128q0 26 19 45t45 19h320v320q0 26 19 45t45 19h128q26 0 45-19t19-45v-320h320q26 0 45-19t19-45zm256-544v960q0 119-84.5 203.5T1376 1664H416q-119 0-203.5-84.5T128 1376V416q0-119 84.5-203.5T416 128h960q119 0 203.5 84.5T1664 416z"/&gt;&lt;/svg&gt;&lt;/span&gt;
    
            &lt;span class="trace-class"&gt;&lt;abbr title="Symfony\Component\BrowserKit\AbstractBrowser"&gt;AbstractBrowser&lt;/abbr&gt;&lt;/span&gt;&lt;span class="trace-type"&gt;-&gt;&lt;/span&gt;&lt;span class="trace-method"&gt;request&lt;/span&gt;&lt;span class="trace-arguments"&gt;()&lt;/span&gt;    
                    &lt;span class="block trace-file-path"&gt;
            in
            &lt;a href="file:///home/albinr/dbwebb-kurser/mvc/me/report/tests/Controller/ApiBlackJackControllerTest.php#L13"&gt;
                tests/Controller/&lt;strong&gt;ApiBlackJackControllerTest.php&lt;/strong&gt;
            &lt;/a&gt;
                        (line 13)
            &lt;span class="icon icon-copy hidden" data-clipboard-text="tests/Controller/ApiBlackJackControllerTest.php:13"&gt;
                &lt;svg xmlns="http://www.w3.org/2000/svg" height="24" viewBox="0 0 24 24" width="24"&gt;&lt;path d="M0 0h24v24H0z" fill="none"/&gt;&lt;path d="M16 1H4c-1.1 0-2 .9-2 2v14h2V3h12V1zm3 4H8c-1.1 0-2 .9-2 2v14c0 1.1.9 2 2 2h11c1.1 0 2-.9 2-2V7c0-1.1-.9-2-2-2zm0 16H8V7h11v14z"/&gt;&lt;/svg&gt;            &lt;/span&gt;
        &lt;/span&gt;
    &lt;/div&gt;
    &lt;div id="trace-html-1-8" class="trace-code sf-toggle-content"&gt;
        &lt;ol start="8"&gt;&lt;li&gt;&lt;code&gt;&lt;span&amp;nbsp;style="color:&amp;nbsp;var(--highlight-keyword)"&gt;{&lt;/span&gt;&lt;/code&gt;&lt;/li&gt;
&lt;li&gt;&lt;code&gt;&amp;nbsp;&amp;nbsp;&amp;nbsp;&amp;nbsp;public&amp;nbsp;function&amp;nbsp;&lt;span&amp;nbsp;style="color:&amp;nbsp;var(--highlight-default)"&gt;testApiBlackJackSetup&lt;/span&gt;&lt;span&amp;nbsp;style="color:&amp;nbsp;var(--highlight-keyword)"&gt;()&lt;/span&gt;&lt;/code&gt;&lt;/li&gt;
&lt;li&gt;&lt;code&gt;&amp;nbsp;&amp;nbsp;&amp;nbsp;&amp;nbsp;{&lt;/code&gt;&lt;/li&gt;
&lt;li&gt;&lt;code&gt;&amp;nbsp;&amp;nbsp;&amp;nbsp;&amp;nbsp;&amp;nbsp;&amp;nbsp;&amp;nbsp;&amp;nbsp;&lt;span&amp;nbsp;style="color:&amp;nbsp;var(--highlight-default)"&gt;$client&amp;nbsp;&lt;/span&gt;&lt;span&amp;nbsp;style="color:&amp;nbsp;var(--highlight-keyword)"&gt;=&amp;nbsp;static::&lt;/span&gt;&lt;span&amp;nbsp;style="color:&amp;nbsp;var(--highlight-default)"&gt;createClient&lt;/span&gt;&lt;span&amp;nbsp;style="color:&amp;nbsp;var(--highlight-keyword)"&gt;();&lt;/span&gt;&lt;/code&gt;&lt;/li&gt;
&lt;li&gt;&lt;code&gt;&amp;nbsp;&amp;nbsp;&amp;nbsp;&amp;nbsp;&amp;nbsp;&amp;nbsp;&amp;nbsp;&amp;nbsp;&lt;/code&gt;&lt;/li&gt;
&lt;li class="selected"&gt;&lt;code&gt;&amp;nbsp;&amp;nbsp;&amp;nbsp;&amp;nbsp;&amp;nbsp;&amp;nbsp;&amp;nbsp;&amp;nbsp;&lt;span&amp;nbsp;style="color:&amp;nbsp;var(--highlight-default)"&gt;$client&lt;/span&gt;&lt;span&amp;nbsp;style="color:&amp;nbsp;var(--highlight-keyword)"&gt;-&amp;gt;&lt;/span&gt;&lt;span&amp;nbsp;style="color:&amp;nbsp;var(--highlight-default)"&gt;request&lt;/span&gt;&lt;span&amp;nbsp;style="color:&amp;nbsp;var(--highlight-keyword)"&gt;(&lt;/span&gt;&lt;span&amp;nbsp;style="color:&amp;nbsp;var(--highlight-string)"&gt;"POST"&lt;/span&gt;&lt;span&amp;nbsp;style="color:&amp;nbsp;var(--highlight-keyword)"&gt;,&amp;nbsp;&lt;/span&gt;&lt;span&amp;nbsp;style="color:&amp;nbsp;var(--highlight-string)"&gt;"/api/blackjack/setup"&lt;/span&gt;&lt;span&amp;nbsp;style="color:&amp;nbsp;var(--highlight-keyword)"&gt;);&lt;/span&gt;&lt;/code&gt;&lt;/li&gt;
&lt;li&gt;&lt;code&gt;&lt;/code&gt;&lt;/li&gt;
&lt;li&gt;&lt;code&gt;&amp;nbsp;&amp;nbsp;&amp;nbsp;&amp;nbsp;&amp;nbsp;&amp;nbsp;&amp;nbsp;&amp;nbsp;&lt;span&amp;nbsp;style="color:&amp;nbsp;var(--highlight-default)"&gt;$this&lt;/span&gt;&lt;span&amp;nbsp;style="color:&amp;nbsp;var(--highlight-keyword)"&gt;-&amp;gt;&lt;/span&gt;&lt;span&amp;nbsp;style="color:&amp;nbsp;var(--highlight-default)"&gt;assertResponseIsSuccessful&lt;/span&gt;&lt;span&amp;nbsp;style="color:&amp;nbsp;var(--highlight-keyword)"&gt;();&lt;/span&gt;&lt;/code&gt;&lt;/li&gt;
&lt;li&gt;&lt;code&gt;&lt;/code&gt;&lt;/li&gt;
&lt;li&gt;&lt;code&gt;&amp;nbsp;&amp;nbsp;&amp;nbsp;&amp;nbsp;&amp;nbsp;&amp;nbsp;&amp;nbsp;&amp;nbsp;&lt;span&amp;nbsp;style="color:&amp;nbsp;var(--highlight-default)"&gt;$this&lt;/span&gt;&lt;span&amp;nbsp;style="color:&amp;nbsp;var(--highlight-keyword)"&gt;-&amp;gt;&lt;/span&gt;&lt;span&amp;nbsp;style="color:&amp;nbsp;var(--highlight-default)"&gt;assertJson&lt;/span&gt;&lt;span&amp;nbsp;style="color:&amp;nbsp;var(--highlight-keyword)"&gt;(&lt;/span&gt;&lt;span&amp;nbsp;style="color:&amp;nbsp;var(--highlight-default)"&gt;$client&lt;/span&gt;&lt;span&amp;nbsp;style="color:&amp;nbsp;var(--highlight-keyword)"&gt;-&amp;gt;&lt;/span&gt;&lt;span&amp;nbsp;style="color:&amp;nbsp;var(--highlight-default)"&gt;getResponse&lt;/span&gt;&lt;span&amp;nbsp;style="color:&amp;nbsp;var(--highlight-keyword)"&gt;()-&amp;gt;&lt;/span&gt;&lt;span&amp;nbsp;style="color:&amp;nbsp;var(--highlight-default)"&gt;getContent&lt;/span&gt;&lt;span&amp;nbsp;style="color:&amp;nbsp;var(--highlight-keyword)"&gt;());&lt;/span&gt;&lt;/code&gt;&lt;/li&gt;
&lt;li&gt;&lt;code&gt;&lt;/code&gt;&lt;/li&gt;&lt;/ol&gt;    &lt;/div&gt;            &lt;/div&gt;
                        &lt;div class="trace-line trace-from-vendor"&gt;
                &lt;div class="trace-line-header break-long-words sf-toggle" data-toggle-selector="#trace-html-1-9" data-toggle-initial=""&gt;
            &lt;span class="icon icon-close"&gt;&lt;svg width="1792" height="1792" viewBox="0 0 1792 1792" xmlns="http://www.w3.org/2000/svg"&gt;&lt;path d="M1408 960V832q0-26-19-45t-45-19H448q-26 0-45 19t-19 45v128q0 26 19 45t45 19h896q26 0 45-19t19-45zm256-544v960q0 119-84.5 203.5T1376 1664H416q-119 0-203.5-84.5T128 1376V416q0-119 84.5-203.5T416 128h960q119 0 203.5 84.5T1664 416z"/&gt;&lt;/svg&gt;&lt;/span&gt;
        &lt;span class="icon icon-open"&gt;&lt;svg width="1792" height="1792" viewBox="0 0 1792 1792" xmlns="http://www.w3.org/2000/svg"&gt;&lt;path d="M1408 960V832q0-26-19-45t-45-19h-320V448q0-26-19-45t-45-19H832q-26 0-45 19t-19 45v320H448q-26 0-45 19t-19 45v128q0 26 19 45t45 19h320v320q0 26 19 45t45 19h128q26 0 45-19t19-45v-320h320q26 0 45-19t19-45zm256-544v960q0 119-84.5 203.5T1376 1664H416q-119 0-203.5-84.5T128 1376V416q0-119 84.5-203.5T416 128h960q119 0 203.5 84.5T1664 416z"/&gt;&lt;/svg&gt;&lt;/span&gt;
    
    
                    &lt;span class="block trace-file-path"&gt;
            in
            &lt;a href="file:///home/albinr/dbwebb-kurser/mvc/me/report/vendor/phpunit/phpunit/src/Framework/TestCase.php#L1617"&gt;
                vendor/phpunit/phpunit/src/Framework/&lt;strong&gt;TestCase.php&lt;/strong&gt;
            &lt;/a&gt;
                            &lt;span class="trace-type"&gt;-&gt;&lt;/span&gt;
                &lt;span class="trace-method"&gt;testApiBlackJackSetup&lt;/span&gt;
                        (line 1617)
            &lt;span class="icon icon-copy hidden" data-clipboard-text="vendor/phpunit/phpunit/src/Framework/TestCase.php:1617"&gt;
                &lt;svg xmlns="http://www.w3.org/2000/svg" height="24" viewBox="0 0 24 24" width="24"&gt;&lt;path d="M0 0h24v24H0z" fill="none"/&gt;&lt;path d="M16 1H4c-1.1 0-2 .9-2 2v14h2V3h12V1zm3 4H8c-1.1 0-2 .9-2 2v14c0 1.1.9 2 2 2h11c1.1 0 2-.9 2-2V7c0-1.1-.9-2-2-2zm0 16H8V7h11v14z"/&gt;&lt;/svg&gt;            &lt;/span&gt;
        &lt;/span&gt;
    &lt;/div&gt;
    &lt;div id="trace-html-1-9" class="trace-code sf-toggle-content"&gt;
        &lt;ol start="1612"&gt;&lt;li&gt;&lt;code&gt;&amp;nbsp;&amp;nbsp;&amp;nbsp;&amp;nbsp;&amp;nbsp;&amp;nbsp;&amp;nbsp;&amp;nbsp;&lt;span&amp;nbsp;style="color:&amp;nbsp;var(--highlight-default)"&gt;$testArguments&amp;nbsp;&lt;/span&gt;&lt;span&amp;nbsp;style="color:&amp;nbsp;var(--highlight-keyword)"&gt;=&amp;nbsp;&lt;/span&gt;&lt;span&amp;nbsp;style="color:&amp;nbsp;var(--highlight-default)"&gt;array_merge&lt;/span&gt;&lt;span&amp;nbsp;style="color:&amp;nbsp;var(--highlight-keyword)"&gt;(&lt;/span&gt;&lt;span&amp;nbsp;style="color:&amp;nbsp;var(--highlight-default)"&gt;$this&lt;/span&gt;&lt;span&amp;nbsp;style="color:&amp;nbsp;var(--highlight-keyword)"&gt;-&amp;gt;&lt;/span&gt;&lt;span&amp;nbsp;style="color:&amp;nbsp;var(--highlight-default)"&gt;data&lt;/span&gt;&lt;span&amp;nbsp;style="color:&amp;nbsp;var(--highlight-keyword)"&gt;,&amp;nbsp;&lt;/span&gt;&lt;span&amp;nbsp;style="color:&amp;nbsp;var(--highlight-default)"&gt;$this&lt;/span&gt;&lt;span&amp;nbsp;style="color:&amp;nbsp;var(--highlight-keyword)"&gt;-&amp;gt;&lt;/span&gt;&lt;span&amp;nbsp;style="color:&amp;nbsp;var(--highlight-default)"&gt;dependencyInput&lt;/span&gt;&lt;span&amp;nbsp;style="color:&amp;nbsp;var(--highlight-keyword)"&gt;);&lt;/span&gt;&lt;/code&gt;&lt;/li&gt;
&lt;li&gt;&lt;code&gt;&lt;/code&gt;&lt;/li&gt;
&lt;li&gt;&lt;code&gt;&amp;nbsp;&amp;nbsp;&amp;nbsp;&amp;nbsp;&amp;nbsp;&amp;nbsp;&amp;nbsp;&amp;nbsp;&lt;span&amp;nbsp;style="color:&amp;nbsp;var(--highlight-default)"&gt;$this&lt;/span&gt;&lt;span&amp;nbsp;style="color:&amp;nbsp;var(--highlight-keyword)"&gt;-&amp;gt;&lt;/span&gt;&lt;span&amp;nbsp;style="color:&amp;nbsp;var(--highlight-default)"&gt;registerMockObjectsFromTestArguments&lt;/span&gt;&lt;span&amp;nbsp;style="color:&amp;nbsp;var(--highlight-keyword)"&gt;(&lt;/span&gt;&lt;span&amp;nbsp;style="color:&amp;nbsp;var(--highlight-default)"&gt;$testArguments&lt;/span&gt;&lt;span&amp;nbsp;style="color:&amp;nbsp;var(--highlight-keyword)"&gt;);&lt;/span&gt;&lt;/code&gt;&lt;/li&gt;
&lt;li&gt;&lt;code&gt;&lt;/code&gt;&lt;/li&gt;
&lt;li&gt;&lt;code&gt;&amp;nbsp;&amp;nbsp;&amp;nbsp;&amp;nbsp;&amp;nbsp;&amp;nbsp;&amp;nbsp;&amp;nbsp;try&amp;nbsp;{&lt;/code&gt;&lt;/li&gt;
&lt;li class="selected"&gt;&lt;code&gt;&amp;nbsp;&amp;nbsp;&amp;nbsp;&amp;nbsp;&amp;nbsp;&amp;nbsp;&amp;nbsp;&amp;nbsp;&amp;nbsp;&amp;nbsp;&amp;nbsp;&amp;nbsp;&lt;span&amp;nbsp;style="color:&amp;nbsp;var(--highlight-default)"&gt;$testResult&amp;nbsp;&lt;/span&gt;&lt;span&amp;nbsp;style="color:&amp;nbsp;var(--highlight-keyword)"&gt;=&amp;nbsp;&lt;/span&gt;&lt;span&amp;nbsp;style="color:&amp;nbsp;var(--highlight-default)"&gt;$this&lt;/span&gt;&lt;span&amp;nbsp;style="color:&amp;nbsp;var(--highlight-keyword)"&gt;-&amp;gt;{&lt;/span&gt;&lt;span&amp;nbsp;style="color:&amp;nbsp;var(--highlight-default)"&gt;$this&lt;/span&gt;&lt;span&amp;nbsp;style="color:&amp;nbsp;var(--highlight-keyword)"&gt;-&amp;gt;&lt;/span&gt;&lt;span&amp;nbsp;style="color:&amp;nbsp;var(--highlight-default)"&gt;name&lt;/span&gt;&lt;span&amp;nbsp;style="color:&amp;nbsp;var(--highlight-keyword)"&gt;}(...&lt;/span&gt;&lt;span&amp;nbsp;style="color:&amp;nbsp;var(--highlight-default)"&gt;array_values&lt;/span&gt;&lt;span&amp;nbsp;style="color:&amp;nbsp;var(--highlight-keyword)"&gt;(&lt;/span&gt;&lt;span&amp;nbsp;style="color:&amp;nbsp;var(--highlight-default)"&gt;$testArguments&lt;/span&gt;&lt;span&amp;nbsp;style="color:&amp;nbsp;var(--highlight-keyword)"&gt;));&lt;/span&gt;&lt;/code&gt;&lt;/li&gt;
&lt;li&gt;&lt;code&gt;&amp;nbsp;&amp;nbsp;&amp;nbsp;&amp;nbsp;&amp;nbsp;&amp;nbsp;&amp;nbsp;&amp;nbsp;}&amp;nbsp;catch&amp;nbsp;(&lt;span&amp;nbsp;style="color:&amp;nbsp;var(--highlight-default)"&gt;Throwable&amp;nbsp;$exception&lt;/span&gt;&lt;span&amp;nbsp;style="color:&amp;nbsp;var(--highlight-keyword)"&gt;)&amp;nbsp;{&lt;/span&gt;&lt;/code&gt;&lt;/li&gt;
&lt;li&gt;&lt;code&gt;&amp;nbsp;&amp;nbsp;&amp;nbsp;&amp;nbsp;&amp;nbsp;&amp;nbsp;&amp;nbsp;&amp;nbsp;&amp;nbsp;&amp;nbsp;&amp;nbsp;&amp;nbsp;if&amp;nbsp;(!&lt;span&amp;nbsp;style="color:&amp;nbsp;var(--highlight-default)"&gt;$this&lt;/span&gt;&lt;span&amp;nbsp;style="color:&amp;nbsp;var(--highlight-keyword)"&gt;-&amp;gt;&lt;/span&gt;&lt;span&amp;nbsp;style="color:&amp;nbsp;var(--highlight-default)"&gt;checkExceptionExpectations&lt;/span&gt;&lt;span&amp;nbsp;style="color:&amp;nbsp;var(--highlight-keyword)"&gt;(&lt;/span&gt;&lt;span&amp;nbsp;style="color:&amp;nbsp;var(--highlight-default)"&gt;$exception&lt;/span&gt;&lt;span&amp;nbsp;style="color:&amp;nbsp;var(--highlight-keyword)"&gt;))&amp;nbsp;{&lt;/span&gt;&lt;/code&gt;&lt;/li&gt;
&lt;li&gt;&lt;code&gt;&amp;nbsp;&amp;nbsp;&amp;nbsp;&amp;nbsp;&amp;nbsp;&amp;nbsp;&amp;nbsp;&amp;nbsp;&amp;nbsp;&amp;nbsp;&amp;nbsp;&amp;nbsp;&amp;nbsp;&amp;nbsp;&amp;nbsp;&amp;nbsp;throw&amp;nbsp;&lt;span&amp;nbsp;style="color:&amp;nbsp;var(--highlight-default)"&gt;$exception&lt;/span&gt;&lt;span&amp;nbsp;style="color:&amp;nbsp;var(--highlight-keyword)"&gt;;&lt;/span&gt;&lt;/code&gt;&lt;/li&gt;
&lt;li&gt;&lt;code&gt;&amp;nbsp;&amp;nbsp;&amp;nbsp;&amp;nbsp;&amp;nbsp;&amp;nbsp;&amp;nbsp;&amp;nbsp;&amp;nbsp;&amp;nbsp;&amp;nbsp;&amp;nbsp;}&lt;/code&gt;&lt;/li&gt;
&lt;li&gt;&lt;code&gt;&lt;/code&gt;&lt;/li&gt;&lt;/ol&gt;    &lt;/div&gt;            &lt;/div&gt;
                        &lt;div class="trace-line trace-from-vendor"&gt;
                &lt;div class="trace-line-header break-long-words sf-toggle" data-toggle-selector="#trace-html-1-10" data-toggle-initial=""&gt;
            &lt;span class="icon icon-close"&gt;&lt;svg width="1792" height="1792" viewBox="0 0 1792 1792" xmlns="http://www.w3.org/2000/svg"&gt;&lt;path d="M1408 960V832q0-26-19-45t-45-19H448q-26 0-45 19t-19 45v128q0 26 19 45t45 19h896q26 0 45-19t19-45zm256-544v960q0 119-84.5 203.5T1376 1664H416q-119 0-203.5-84.5T128 1376V416q0-119 84.5-203.5T416 128h960q119 0 203.5 84.5T1664 416z"/&gt;&lt;/svg&gt;&lt;/span&gt;
        &lt;span class="icon icon-open"&gt;&lt;svg width="1792" height="1792" viewBox="0 0 1792 1792" xmlns="http://www.w3.org/2000/svg"&gt;&lt;path d="M1408 960V832q0-26-19-45t-45-19h-320V448q0-26-19-45t-45-19H832q-26 0-45 19t-19 45v320H448q-26 0-45 19t-19 45v128q0 26 19 45t45 19h320v320q0 26 19 45t45 19h128q26 0 45-19t19-45v-320h320q26 0 45-19t19-45zm256-544v960q0 119-84.5 203.5T1376 1664H416q-119 0-203.5-84.5T128 1376V416q0-119 84.5-203.5T416 128h960q119 0 203.5 84.5T1664 416z"/&gt;&lt;/svg&gt;&lt;/span&gt;
    
    
                    &lt;span class="block trace-file-path"&gt;
            in
            &lt;a href="file:///home/albinr/dbwebb-kurser/mvc/me/report/vendor/phpunit/phpunit/src/Framework/TestCase.php#L1223"&gt;
                vendor/phpunit/phpunit/src/Framework/&lt;strong&gt;TestCase.php&lt;/strong&gt;
            &lt;/a&gt;
                            &lt;span class="trace-type"&gt;-&gt;&lt;/span&gt;
                &lt;span class="trace-method"&gt;runTest&lt;/span&gt;
                        (line 1223)
            &lt;span class="icon icon-copy hidden" data-clipboard-text="vendor/phpunit/phpunit/src/Framework/TestCase.php:1223"&gt;
                &lt;svg xmlns="http://www.w3.org/2000/svg" height="24" viewBox="0 0 24 24" width="24"&gt;&lt;path d="M0 0h24v24H0z" fill="none"/&gt;&lt;path d="M16 1H4c-1.1 0-2 .9-2 2v14h2V3h12V1zm3 4H8c-1.1 0-2 .9-2 2v14c0 1.1.9 2 2 2h11c1.1 0 2-.9 2-2V7c0-1.1-.9-2-2-2zm0 16H8V7h11v14z"/&gt;&lt;/svg&gt;            &lt;/span&gt;
        &lt;/span&gt;
    &lt;/div&gt;
    &lt;div id="trace-html-1-10" class="trace-code sf-toggle-content"&gt;
        &lt;ol start="1218"&gt;&lt;li&gt;&lt;code&gt;&lt;/code&gt;&lt;/li&gt;
&lt;li&gt;&lt;code&gt;&amp;nbsp;&amp;nbsp;&amp;nbsp;&amp;nbsp;&amp;nbsp;&amp;nbsp;&amp;nbsp;&amp;nbsp;&amp;nbsp;&amp;nbsp;&amp;nbsp;&amp;nbsp;foreach&amp;nbsp;(&lt;span&amp;nbsp;style="color:&amp;nbsp;var(--highlight-default)"&gt;$hookMethods&lt;/span&gt;&lt;span&amp;nbsp;style="color:&amp;nbsp;var(--highlight-keyword)"&gt;[&lt;/span&gt;&lt;span&amp;nbsp;style="color:&amp;nbsp;var(--highlight-string)"&gt;'preCondition'&lt;/span&gt;&lt;span&amp;nbsp;style="color:&amp;nbsp;var(--highlight-keyword)"&gt;]&amp;nbsp;as&amp;nbsp;&lt;/span&gt;&lt;span&amp;nbsp;style="color:&amp;nbsp;var(--highlight-default)"&gt;$method&lt;/span&gt;&lt;span&amp;nbsp;style="color:&amp;nbsp;var(--highlight-keyword)"&gt;)&amp;nbsp;{&lt;/span&gt;&lt;/code&gt;&lt;/li&gt;
&lt;li&gt;&lt;code&gt;&amp;nbsp;&amp;nbsp;&amp;nbsp;&amp;nbsp;&amp;nbsp;&amp;nbsp;&amp;nbsp;&amp;nbsp;&amp;nbsp;&amp;nbsp;&amp;nbsp;&amp;nbsp;&amp;nbsp;&amp;nbsp;&amp;nbsp;&amp;nbsp;&lt;span&amp;nbsp;style="color:&amp;nbsp;var(--highlight-default)"&gt;$this&lt;/span&gt;&lt;span&amp;nbsp;style="color:&amp;nbsp;var(--highlight-keyword)"&gt;-&amp;gt;{&lt;/span&gt;&lt;span&amp;nbsp;style="color:&amp;nbsp;var(--highlight-default)"&gt;$method&lt;/span&gt;&lt;span&amp;nbsp;style="color:&amp;nbsp;var(--highlight-keyword)"&gt;}();&lt;/span&gt;&lt;/code&gt;&lt;/li&gt;
&lt;li&gt;&lt;code&gt;&amp;nbsp;&amp;nbsp;&amp;nbsp;&amp;nbsp;&amp;nbsp;&amp;nbsp;&amp;nbsp;&amp;nbsp;&amp;nbsp;&amp;nbsp;&amp;nbsp;&amp;nbsp;}&lt;/code&gt;&lt;/li&gt;
&lt;li&gt;&lt;code&gt;&lt;/code&gt;&lt;/li&gt;
&lt;li class="selected"&gt;&lt;code&gt;&amp;nbsp;&amp;nbsp;&amp;nbsp;&amp;nbsp;&amp;nbsp;&amp;nbsp;&amp;nbsp;&amp;nbsp;&amp;nbsp;&amp;nbsp;&amp;nbsp;&amp;nbsp;&lt;span&amp;nbsp;style="color:&amp;nbsp;var(--highlight-default)"&gt;$this&lt;/span&gt;&lt;span&amp;nbsp;style="color:&amp;nbsp;var(--highlight-keyword)"&gt;-&amp;gt;&lt;/span&gt;&lt;span&amp;nbsp;style="color:&amp;nbsp;var(--highlight-default)"&gt;testResult&amp;nbsp;&lt;/span&gt;&lt;span&amp;nbsp;style="color:&amp;nbsp;var(--highlight-keyword)"&gt;=&amp;nbsp;&lt;/span&gt;&lt;span&amp;nbsp;style="color:&amp;nbsp;var(--highlight-default)"&gt;$this&lt;/span&gt;&lt;span&amp;nbsp;style="color:&amp;nbsp;var(--highlight-keyword)"&gt;-&amp;gt;&lt;/span&gt;&lt;span&amp;nbsp;style="color:&amp;nbsp;var(--highlight-default)"&gt;runTest&lt;/span&gt;&lt;span&amp;nbsp;style="color:&amp;nbsp;var(--highlight-keyword)"&gt;();&lt;/span&gt;&lt;/code&gt;&lt;/li&gt;
&lt;li&gt;&lt;code&gt;&amp;nbsp;&amp;nbsp;&amp;nbsp;&amp;nbsp;&amp;nbsp;&amp;nbsp;&amp;nbsp;&amp;nbsp;&amp;nbsp;&amp;nbsp;&amp;nbsp;&amp;nbsp;&lt;span&amp;nbsp;style="color:&amp;nbsp;var(--highlight-default)"&gt;$this&lt;/span&gt;&lt;span&amp;nbsp;style="color:&amp;nbsp;var(--highlight-keyword)"&gt;-&amp;gt;&lt;/span&gt;&lt;span&amp;nbsp;style="color:&amp;nbsp;var(--highlight-default)"&gt;verifyMockObjects&lt;/span&gt;&lt;span&amp;nbsp;style="color:&amp;nbsp;var(--highlight-keyword)"&gt;();&lt;/span&gt;&lt;/code&gt;&lt;/li&gt;
&lt;li&gt;&lt;code&gt;&lt;/code&gt;&lt;/li&gt;
&lt;li&gt;&lt;code&gt;&amp;nbsp;&amp;nbsp;&amp;nbsp;&amp;nbsp;&amp;nbsp;&amp;nbsp;&amp;nbsp;&amp;nbsp;&amp;nbsp;&amp;nbsp;&amp;nbsp;&amp;nbsp;foreach&amp;nbsp;(&lt;span&amp;nbsp;style="color:&amp;nbsp;var(--highlight-default)"&gt;$hookMethods&lt;/span&gt;&lt;span&amp;nbsp;style="color:&amp;nbsp;var(--highlight-keyword)"&gt;[&lt;/span&gt;&lt;span&amp;nbsp;style="color:&amp;nbsp;var(--highlight-string)"&gt;'postCondition'&lt;/span&gt;&lt;span&amp;nbsp;style="color:&amp;nbsp;var(--highlight-keyword)"&gt;]&amp;nbsp;as&amp;nbsp;&lt;/span&gt;&lt;span&amp;nbsp;style="color:&amp;nbsp;var(--highlight-default)"&gt;$method&lt;/span&gt;&lt;span&amp;nbsp;style="color:&amp;nbsp;var(--highlight-keyword)"&gt;)&amp;nbsp;{&lt;/span&gt;&lt;/code&gt;&lt;/li&gt;
&lt;li&gt;&lt;code&gt;&amp;nbsp;&amp;nbsp;&amp;nbsp;&amp;nbsp;&amp;nbsp;&amp;nbsp;&amp;nbsp;&amp;nbsp;&amp;nbsp;&amp;nbsp;&amp;nbsp;&amp;nbsp;&amp;nbsp;&amp;nbsp;&amp;nbsp;&amp;nbsp;&lt;span&amp;nbsp;style="color:&amp;nbsp;var(--highlight-default)"&gt;$this&lt;/span&gt;&lt;span&amp;nbsp;style="color:&amp;nbsp;var(--highlight-keyword)"&gt;-&amp;gt;{&lt;/span&gt;&lt;span&amp;nbsp;style="color:&amp;nbsp;var(--highlight-default)"&gt;$method&lt;/span&gt;&lt;span&amp;nbsp;style="color:&amp;nbsp;var(--highlight-keyword)"&gt;}();&lt;/span&gt;&lt;/code&gt;&lt;/li&gt;
&lt;li&gt;&lt;code&gt;&amp;nbsp;&amp;nbsp;&amp;nbsp;&amp;nbsp;&amp;nbsp;&amp;nbsp;&amp;nbsp;&amp;nbsp;&amp;nbsp;&amp;nbsp;&amp;nbsp;&amp;nbsp;}&lt;/code&gt;&lt;/li&gt;&lt;/ol&gt;    &lt;/div&gt;            &lt;/div&gt;
                        &lt;div class="trace-line trace-from-vendor"&gt;
                &lt;div class="trace-line-header break-long-words sf-toggle" data-toggle-selector="#trace-html-1-11" data-toggle-initial=""&gt;
            &lt;span class="icon icon-close"&gt;&lt;svg width="1792" height="1792" viewBox="0 0 1792 1792" xmlns="http://www.w3.org/2000/svg"&gt;&lt;path d="M1408 960V832q0-26-19-45t-45-19H448q-26 0-45 19t-19 45v128q0 26 19 45t45 19h896q26 0 45-19t19-45zm256-544v960q0 119-84.5 203.5T1376 1664H416q-119 0-203.5-84.5T128 1376V416q0-119 84.5-203.5T416 128h960q119 0 203.5 84.5T1664 416z"/&gt;&lt;/svg&gt;&lt;/span&gt;
        &lt;span class="icon icon-open"&gt;&lt;svg width="1792" height="1792" viewBox="0 0 1792 1792" xmlns="http://www.w3.org/2000/svg"&gt;&lt;path d="M1408 960V832q0-26-19-45t-45-19h-320V448q0-26-19-45t-45-19H832q-26 0-45 19t-19 45v320H448q-26 0-45 19t-19 45v128q0 26 19 45t45 19h320v320q0 26 19 45t45 19h128q26 0 45-19t19-45v-320h320q26 0 45-19t19-45zm256-544v960q0 119-84.5 203.5T1376 1664H416q-119 0-203.5-84.5T128 1376V416q0-119 84.5-203.5T416 128h960q119 0 203.5 84.5T1664 416z"/&gt;&lt;/svg&gt;&lt;/span&gt;
    
    
                    &lt;span class="block trace-file-path"&gt;
            in
            &lt;a href="file:///home/albinr/dbwebb-kurser/mvc/me/report/vendor/phpunit/phpunit/src/Framework/TestResult.php#L729"&gt;
                vendor/phpunit/phpunit/src/Framework/&lt;strong&gt;TestResult.php&lt;/strong&gt;
            &lt;/a&gt;
                            &lt;span class="trace-type"&gt;-&gt;&lt;/span&gt;
                &lt;span class="trace-method"&gt;runBare&lt;/span&gt;
                        (line 729)
            &lt;span class="icon icon-copy hidden" data-clipboard-text="vendor/phpunit/phpunit/src/Framework/TestResult.php:729"&gt;
                &lt;svg xmlns="http://www.w3.org/2000/svg" height="24" viewBox="0 0 24 24" width="24"&gt;&lt;path d="M0 0h24v24H0z" fill="none"/&gt;&lt;path d="M16 1H4c-1.1 0-2 .9-2 2v14h2V3h12V1zm3 4H8c-1.1 0-2 .9-2 2v14c0 1.1.9 2 2 2h11c1.1 0 2-.9 2-2V7c0-1.1-.9-2-2-2zm0 16H8V7h11v14z"/&gt;&lt;/svg&gt;            &lt;/span&gt;
        &lt;/span&gt;
    &lt;/div&gt;
    &lt;div id="trace-html-1-11" class="trace-code sf-toggle-content"&gt;
        &lt;ol start="724"&gt;&lt;li&gt;&lt;code&gt;&amp;nbsp;&amp;nbsp;&amp;nbsp;&amp;nbsp;&amp;nbsp;&amp;nbsp;&amp;nbsp;&amp;nbsp;&amp;nbsp;&amp;nbsp;&amp;nbsp;&amp;nbsp;&amp;nbsp;&amp;nbsp;&amp;nbsp;&amp;nbsp;&amp;nbsp;&amp;nbsp;&amp;nbsp;&amp;nbsp;&amp;nbsp;&amp;nbsp;&amp;nbsp;&amp;nbsp;&lt;span&amp;nbsp;style="color:&amp;nbsp;var(--highlight-default)"&gt;$_timeout&amp;nbsp;&lt;/span&gt;&lt;span&amp;nbsp;style="color:&amp;nbsp;var(--highlight-keyword)"&gt;=&amp;nbsp;&lt;/span&gt;&lt;span&amp;nbsp;style="color:&amp;nbsp;var(--highlight-default)"&gt;$this&lt;/span&gt;&lt;span&amp;nbsp;style="color:&amp;nbsp;var(--highlight-keyword)"&gt;-&amp;gt;&lt;/span&gt;&lt;span&amp;nbsp;style="color:&amp;nbsp;var(--highlight-default)"&gt;defaultTimeLimit&lt;/span&gt;&lt;span&amp;nbsp;style="color:&amp;nbsp;var(--highlight-keyword)"&gt;;&lt;/span&gt;&lt;/code&gt;&lt;/li&gt;
&lt;li&gt;&lt;code&gt;&amp;nbsp;&amp;nbsp;&amp;nbsp;&amp;nbsp;&amp;nbsp;&amp;nbsp;&amp;nbsp;&amp;nbsp;&amp;nbsp;&amp;nbsp;&amp;nbsp;&amp;nbsp;&amp;nbsp;&amp;nbsp;&amp;nbsp;&amp;nbsp;}&lt;/code&gt;&lt;/li&gt;
&lt;li&gt;&lt;code&gt;&lt;/code&gt;&lt;/li&gt;
&lt;li&gt;&lt;code&gt;&amp;nbsp;&amp;nbsp;&amp;nbsp;&amp;nbsp;&amp;nbsp;&amp;nbsp;&amp;nbsp;&amp;nbsp;&amp;nbsp;&amp;nbsp;&amp;nbsp;&amp;nbsp;&amp;nbsp;&amp;nbsp;&amp;nbsp;&amp;nbsp;&lt;span&amp;nbsp;style="color:&amp;nbsp;var(--highlight-default)"&gt;$invoker&lt;/span&gt;&lt;span&amp;nbsp;style="color:&amp;nbsp;var(--highlight-keyword)"&gt;-&amp;gt;&lt;/span&gt;&lt;span&amp;nbsp;style="color:&amp;nbsp;var(--highlight-default)"&gt;invoke&lt;/span&gt;&lt;span&amp;nbsp;style="color:&amp;nbsp;var(--highlight-keyword)"&gt;([&lt;/span&gt;&lt;span&amp;nbsp;style="color:&amp;nbsp;var(--highlight-default)"&gt;$test&lt;/span&gt;&lt;span&amp;nbsp;style="color:&amp;nbsp;var(--highlight-keyword)"&gt;,&amp;nbsp;&lt;/span&gt;&lt;span&amp;nbsp;style="color:&amp;nbsp;var(--highlight-string)"&gt;'runBare'&lt;/span&gt;&lt;span&amp;nbsp;style="color:&amp;nbsp;var(--highlight-keyword)"&gt;],&amp;nbsp;[],&amp;nbsp;&lt;/span&gt;&lt;span&amp;nbsp;style="color:&amp;nbsp;var(--highlight-default)"&gt;$_timeout&lt;/span&gt;&lt;span&amp;nbsp;style="color:&amp;nbsp;var(--highlight-keyword)"&gt;);&lt;/span&gt;&lt;/code&gt;&lt;/li&gt;
&lt;li&gt;&lt;code&gt;&amp;nbsp;&amp;nbsp;&amp;nbsp;&amp;nbsp;&amp;nbsp;&amp;nbsp;&amp;nbsp;&amp;nbsp;&amp;nbsp;&amp;nbsp;&amp;nbsp;&amp;nbsp;}&amp;nbsp;else&amp;nbsp;{&lt;/code&gt;&lt;/li&gt;
&lt;li class="selected"&gt;&lt;code&gt;&amp;nbsp;&amp;nbsp;&amp;nbsp;&amp;nbsp;&amp;nbsp;&amp;nbsp;&amp;nbsp;&amp;nbsp;&amp;nbsp;&amp;nbsp;&amp;nbsp;&amp;nbsp;&amp;nbsp;&amp;nbsp;&amp;nbsp;&amp;nbsp;&lt;span&amp;nbsp;style="color:&amp;nbsp;var(--highlight-default)"&gt;$test&lt;/span&gt;&lt;span&amp;nbsp;style="color:&amp;nbsp;var(--highlight-keyword)"&gt;-&amp;gt;&lt;/span&gt;&lt;span&amp;nbsp;style="color:&amp;nbsp;var(--highlight-default)"&gt;runBare&lt;/span&gt;&lt;span&amp;nbsp;style="color:&amp;nbsp;var(--highlight-keyword)"&gt;();&lt;/span&gt;&lt;/code&gt;&lt;/li&gt;
&lt;li&gt;&lt;code&gt;&amp;nbsp;&amp;nbsp;&amp;nbsp;&amp;nbsp;&amp;nbsp;&amp;nbsp;&amp;nbsp;&amp;nbsp;&amp;nbsp;&amp;nbsp;&amp;nbsp;&amp;nbsp;}&lt;/code&gt;&lt;/li&gt;
&lt;li&gt;&lt;code&gt;&amp;nbsp;&amp;nbsp;&amp;nbsp;&amp;nbsp;&amp;nbsp;&amp;nbsp;&amp;nbsp;&amp;nbsp;}&amp;nbsp;catch&amp;nbsp;(&lt;span&amp;nbsp;style="color:&amp;nbsp;var(--highlight-default)"&gt;TimeoutException&amp;nbsp;$e&lt;/span&gt;&lt;span&amp;nbsp;style="color:&amp;nbsp;var(--highlight-keyword)"&gt;)&amp;nbsp;{&lt;/span&gt;&lt;/code&gt;&lt;/li&gt;
&lt;li&gt;&lt;code&gt;&amp;nbsp;&amp;nbsp;&amp;nbsp;&amp;nbsp;&amp;nbsp;&amp;nbsp;&amp;nbsp;&amp;nbsp;&amp;nbsp;&amp;nbsp;&amp;nbsp;&amp;nbsp;&lt;span&amp;nbsp;style="color:&amp;nbsp;var(--highlight-default)"&gt;$this&lt;/span&gt;&lt;span&amp;nbsp;style="color:&amp;nbsp;var(--highlight-keyword)"&gt;-&amp;gt;&lt;/span&gt;&lt;span&amp;nbsp;style="color:&amp;nbsp;var(--highlight-default)"&gt;addFailure&lt;/span&gt;&lt;span&amp;nbsp;style="color:&amp;nbsp;var(--highlight-keyword)"&gt;(&lt;/span&gt;&lt;/code&gt;&lt;/li&gt;
&lt;li&gt;&lt;code&gt;&amp;nbsp;&amp;nbsp;&amp;nbsp;&amp;nbsp;&amp;nbsp;&amp;nbsp;&amp;nbsp;&amp;nbsp;&amp;nbsp;&amp;nbsp;&amp;nbsp;&amp;nbsp;&amp;nbsp;&amp;nbsp;&amp;nbsp;&amp;nbsp;&lt;span&amp;nbsp;style="color:&amp;nbsp;var(--highlight-default)"&gt;$test&lt;/span&gt;&lt;span&amp;nbsp;style="color:&amp;nbsp;var(--highlight-keyword)"&gt;,&lt;/span&gt;&lt;/code&gt;&lt;/li&gt;
&lt;li&gt;&lt;code&gt;&amp;nbsp;&amp;nbsp;&amp;nbsp;&amp;nbsp;&amp;nbsp;&amp;nbsp;&amp;nbsp;&amp;nbsp;&amp;nbsp;&amp;nbsp;&amp;nbsp;&amp;nbsp;&amp;nbsp;&amp;nbsp;&amp;nbsp;&amp;nbsp;new&amp;nbsp;&lt;span&amp;nbsp;style="color:&amp;nbsp;var(--highlight-default)"&gt;RiskyTestError&lt;/span&gt;&lt;span&amp;nbsp;style="color:&amp;nbsp;var(--highlight-keyword)"&gt;(&lt;/span&gt;&lt;/code&gt;&lt;/li&gt;&lt;/ol&gt;    &lt;/div&gt;            &lt;/div&gt;
                        &lt;div class="trace-line trace-from-vendor"&gt;
                &lt;div class="trace-line-header break-long-words sf-toggle" data-toggle-selector="#trace-html-1-12" data-toggle-initial=""&gt;
            &lt;span class="icon icon-close"&gt;&lt;svg width="1792" height="1792" viewBox="0 0 1792 1792" xmlns="http://www.w3.org/2000/svg"&gt;&lt;path d="M1408 960V832q0-26-19-45t-45-19H448q-26 0-45 19t-19 45v128q0 26 19 45t45 19h896q26 0 45-19t19-45zm256-544v960q0 119-84.5 203.5T1376 1664H416q-119 0-203.5-84.5T128 1376V416q0-119 84.5-203.5T416 128h960q119 0 203.5 84.5T1664 416z"/&gt;&lt;/svg&gt;&lt;/span&gt;
        &lt;span class="icon icon-open"&gt;&lt;svg width="1792" height="1792" viewBox="0 0 1792 1792" xmlns="http://www.w3.org/2000/svg"&gt;&lt;path d="M1408 960V832q0-26-19-45t-45-19h-320V448q0-26-19-45t-45-19H832q-26 0-45 19t-19 45v320H448q-26 0-45 19t-19 45v128q0 26 19 45t45 19h320v320q0 26 19 45t45 19h128q26 0 45-19t19-45v-320h320q26 0 45-19t19-45zm256-544v960q0 119-84.5 203.5T1376 1664H416q-119 0-203.5-84.5T128 1376V416q0-119 84.5-203.5T416 128h960q119 0 203.5 84.5T1664 416z"/&gt;&lt;/svg&gt;&lt;/span&gt;
    
    
                    &lt;span class="block trace-file-path"&gt;
            in
            &lt;a href="file:///home/albinr/dbwebb-kurser/mvc/me/report/vendor/phpunit/phpunit/src/Framework/TestCase.php#L973"&gt;
                vendor/phpunit/phpunit/src/Framework/&lt;strong&gt;TestCase.php&lt;/strong&gt;
            &lt;/a&gt;
                            &lt;span class="trace-type"&gt;-&gt;&lt;/span&gt;
                &lt;span class="trace-method"&gt;run&lt;/span&gt;
                        (line 973)
            &lt;span class="icon icon-copy hidden" data-clipboard-text="vendor/phpunit/phpunit/src/Framework/TestCase.php:973"&gt;
                &lt;svg xmlns="http://www.w3.org/2000/svg" height="24" viewBox="0 0 24 24" width="24"&gt;&lt;path d="M0 0h24v24H0z" fill="none"/&gt;&lt;path d="M16 1H4c-1.1 0-2 .9-2 2v14h2V3h12V1zm3 4H8c-1.1 0-2 .9-2 2v14c0 1.1.9 2 2 2h11c1.1 0 2-.9 2-2V7c0-1.1-.9-2-2-2zm0 16H8V7h11v14z"/&gt;&lt;/svg&gt;            &lt;/span&gt;
        &lt;/span&gt;
    &lt;/div&gt;
    &lt;div id="trace-html-1-12" class="trace-code sf-toggle-content"&gt;
        &lt;ol start="968"&gt;&lt;li&gt;&lt;code&gt;&amp;nbsp;&amp;nbsp;&amp;nbsp;&amp;nbsp;&amp;nbsp;&amp;nbsp;&amp;nbsp;&amp;nbsp;&amp;nbsp;&amp;nbsp;&amp;nbsp;&amp;nbsp;&lt;span&amp;nbsp;style="color:&amp;nbsp;var(--highlight-default)"&gt;$template&lt;/span&gt;&lt;span&amp;nbsp;style="color:&amp;nbsp;var(--highlight-keyword)"&gt;-&amp;gt;&lt;/span&gt;&lt;span&amp;nbsp;style="color:&amp;nbsp;var(--highlight-default)"&gt;setVar&lt;/span&gt;&lt;span&amp;nbsp;style="color:&amp;nbsp;var(--highlight-keyword)"&gt;(&lt;/span&gt;&lt;span&amp;nbsp;style="color:&amp;nbsp;var(--highlight-default)"&gt;$var&lt;/span&gt;&lt;span&amp;nbsp;style="color:&amp;nbsp;var(--highlight-keyword)"&gt;);&lt;/span&gt;&lt;/code&gt;&lt;/li&gt;
&lt;li&gt;&lt;code&gt;&lt;/code&gt;&lt;/li&gt;
&lt;li&gt;&lt;code&gt;&amp;nbsp;&amp;nbsp;&amp;nbsp;&amp;nbsp;&amp;nbsp;&amp;nbsp;&amp;nbsp;&amp;nbsp;&amp;nbsp;&amp;nbsp;&amp;nbsp;&amp;nbsp;&lt;span&amp;nbsp;style="color:&amp;nbsp;var(--highlight-default)"&gt;$php&amp;nbsp;&lt;/span&gt;&lt;span&amp;nbsp;style="color:&amp;nbsp;var(--highlight-keyword)"&gt;=&amp;nbsp;&lt;/span&gt;&lt;span&amp;nbsp;style="color:&amp;nbsp;var(--highlight-default)"&gt;AbstractPhpProcess&lt;/span&gt;&lt;span&amp;nbsp;style="color:&amp;nbsp;var(--highlight-keyword)"&gt;::&lt;/span&gt;&lt;span&amp;nbsp;style="color:&amp;nbsp;var(--highlight-default)"&gt;factory&lt;/span&gt;&lt;span&amp;nbsp;style="color:&amp;nbsp;var(--highlight-keyword)"&gt;();&lt;/span&gt;&lt;/code&gt;&lt;/li&gt;
&lt;li&gt;&lt;code&gt;&amp;nbsp;&amp;nbsp;&amp;nbsp;&amp;nbsp;&amp;nbsp;&amp;nbsp;&amp;nbsp;&amp;nbsp;&amp;nbsp;&amp;nbsp;&amp;nbsp;&amp;nbsp;&lt;span&amp;nbsp;style="color:&amp;nbsp;var(--highlight-default)"&gt;$php&lt;/span&gt;&lt;span&amp;nbsp;style="color:&amp;nbsp;var(--highlight-keyword)"&gt;-&amp;gt;&lt;/span&gt;&lt;span&amp;nbsp;style="color:&amp;nbsp;var(--highlight-default)"&gt;runTestJob&lt;/span&gt;&lt;span&amp;nbsp;style="color:&amp;nbsp;var(--highlight-keyword)"&gt;(&lt;/span&gt;&lt;span&amp;nbsp;style="color:&amp;nbsp;var(--highlight-default)"&gt;$template&lt;/span&gt;&lt;span&amp;nbsp;style="color:&amp;nbsp;var(--highlight-keyword)"&gt;-&amp;gt;&lt;/span&gt;&lt;span&amp;nbsp;style="color:&amp;nbsp;var(--highlight-default)"&gt;render&lt;/span&gt;&lt;span&amp;nbsp;style="color:&amp;nbsp;var(--highlight-keyword)"&gt;(),&amp;nbsp;&lt;/span&gt;&lt;span&amp;nbsp;style="color:&amp;nbsp;var(--highlight-default)"&gt;$this&lt;/span&gt;&lt;span&amp;nbsp;style="color:&amp;nbsp;var(--highlight-keyword)"&gt;,&amp;nbsp;&lt;/span&gt;&lt;span&amp;nbsp;style="color:&amp;nbsp;var(--highlight-default)"&gt;$result&lt;/span&gt;&lt;span&amp;nbsp;style="color:&amp;nbsp;var(--highlight-keyword)"&gt;,&amp;nbsp;&lt;/span&gt;&lt;span&amp;nbsp;style="color:&amp;nbsp;var(--highlight-default)"&gt;$processResultFile&lt;/span&gt;&lt;span&amp;nbsp;style="color:&amp;nbsp;var(--highlight-keyword)"&gt;);&lt;/span&gt;&lt;/code&gt;&lt;/li&gt;
&lt;li&gt;&lt;code&gt;&amp;nbsp;&amp;nbsp;&amp;nbsp;&amp;nbsp;&amp;nbsp;&amp;nbsp;&amp;nbsp;&amp;nbsp;}&amp;nbsp;else&amp;nbsp;{&lt;/code&gt;&lt;/li&gt;
&lt;li class="selected"&gt;&lt;code&gt;&amp;nbsp;&amp;nbsp;&amp;nbsp;&amp;nbsp;&amp;nbsp;&amp;nbsp;&amp;nbsp;&amp;nbsp;&amp;nbsp;&amp;nbsp;&amp;nbsp;&amp;nbsp;&lt;span&amp;nbsp;style="color:&amp;nbsp;var(--highlight-default)"&gt;$result&lt;/span&gt;&lt;span&amp;nbsp;style="color:&amp;nbsp;var(--highlight-keyword)"&gt;-&amp;gt;&lt;/span&gt;&lt;span&amp;nbsp;style="color:&amp;nbsp;var(--highlight-default)"&gt;run&lt;/span&gt;&lt;span&amp;nbsp;style="color:&amp;nbsp;var(--highlight-keyword)"&gt;(&lt;/span&gt;&lt;span&amp;nbsp;style="color:&amp;nbsp;var(--highlight-default)"&gt;$this&lt;/span&gt;&lt;span&amp;nbsp;style="color:&amp;nbsp;var(--highlight-keyword)"&gt;);&lt;/span&gt;&lt;/code&gt;&lt;/li&gt;
&lt;li&gt;&lt;code&gt;&amp;nbsp;&amp;nbsp;&amp;nbsp;&amp;nbsp;&amp;nbsp;&amp;nbsp;&amp;nbsp;&amp;nbsp;}&lt;/code&gt;&lt;/li&gt;
&lt;li&gt;&lt;code&gt;&lt;/code&gt;&lt;/li&gt;
&lt;li&gt;&lt;code&gt;&amp;nbsp;&amp;nbsp;&amp;nbsp;&amp;nbsp;&amp;nbsp;&amp;nbsp;&amp;nbsp;&amp;nbsp;&lt;span&amp;nbsp;style="color:&amp;nbsp;var(--highlight-default)"&gt;$this&lt;/span&gt;&lt;span&amp;nbsp;style="color:&amp;nbsp;var(--highlight-keyword)"&gt;-&amp;gt;&lt;/span&gt;&lt;span&amp;nbsp;style="color:&amp;nbsp;var(--highlight-default)"&gt;result&amp;nbsp;&lt;/span&gt;&lt;span&amp;nbsp;style="color:&amp;nbsp;var(--highlight-keyword)"&gt;=&amp;nbsp;&lt;/span&gt;&lt;span&amp;nbsp;style="color:&amp;nbsp;var(--highlight-default)"&gt;null&lt;/span&gt;&lt;span&amp;nbsp;style="color:&amp;nbsp;var(--highlight-keyword)"&gt;;&lt;/span&gt;&lt;/code&gt;&lt;/li&gt;
&lt;li&gt;&lt;code&gt;&lt;/code&gt;&lt;/li&gt;
&lt;li&gt;&lt;code&gt;&amp;nbsp;&amp;nbsp;&amp;nbsp;&amp;nbsp;&amp;nbsp;&amp;nbsp;&amp;nbsp;&amp;nbsp;return&amp;nbsp;&lt;span&amp;nbsp;style="color:&amp;nbsp;var(--highlight-default)"&gt;$result&lt;/span&gt;&lt;span&amp;nbsp;style="color:&amp;nbsp;var(--highlight-keyword)"&gt;;&lt;/span&gt;&lt;/code&gt;&lt;/li&gt;&lt;/ol&gt;    &lt;/div&gt;            &lt;/div&gt;
                        &lt;div class="trace-line trace-from-vendor"&gt;
                &lt;div class="trace-line-header break-long-words sf-toggle" data-toggle-selector="#trace-html-1-13" data-toggle-initial=""&gt;
            &lt;span class="icon icon-close"&gt;&lt;svg width="1792" height="1792" viewBox="0 0 1792 1792" xmlns="http://www.w3.org/2000/svg"&gt;&lt;path d="M1408 960V832q0-26-19-45t-45-19H448q-26 0-45 19t-19 45v128q0 26 19 45t45 19h896q26 0 45-19t19-45zm256-544v960q0 119-84.5 203.5T1376 1664H416q-119 0-203.5-84.5T128 1376V416q0-119 84.5-203.5T416 128h960q119 0 203.5 84.5T1664 416z"/&gt;&lt;/svg&gt;&lt;/span&gt;
        &lt;span class="icon icon-open"&gt;&lt;svg width="1792" height="1792" viewBox="0 0 1792 1792" xmlns="http://www.w3.org/2000/svg"&gt;&lt;path d="M1408 960V832q0-26-19-45t-45-19h-320V448q0-26-19-45t-45-19H832q-26 0-45 19t-19 45v320H448q-26 0-45 19t-19 45v128q0 26 19 45t45 19h320v320q0 26 19 45t45 19h128q26 0 45-19t19-45v-320h320q26 0 45-19t19-45zm256-544v960q0 119-84.5 203.5T1376 1664H416q-119 0-203.5-84.5T128 1376V416q0-119 84.5-203.5T416 128h960q119 0 203.5 84.5T1664 416z"/&gt;&lt;/svg&gt;&lt;/span&gt;
    
    
                    &lt;span class="block trace-file-path"&gt;
            in
            &lt;a href="file:///home/albinr/dbwebb-kurser/mvc/me/report/vendor/phpunit/phpunit/src/Framework/TestSuite.php#L685"&gt;
                vendor/phpunit/phpunit/src/Framework/&lt;strong&gt;TestSuite.php&lt;/strong&gt;
            &lt;/a&gt;
                            &lt;span class="trace-type"&gt;-&gt;&lt;/span&gt;
                &lt;span class="trace-method"&gt;run&lt;/span&gt;
                        (line 685)
            &lt;span class="icon icon-copy hidden" data-clipboard-text="vendor/phpunit/phpunit/src/Framework/TestSuite.php:685"&gt;
                &lt;svg xmlns="http://www.w3.org/2000/svg" height="24" viewBox="0 0 24 24" width="24"&gt;&lt;path d="M0 0h24v24H0z" fill="none"/&gt;&lt;path d="M16 1H4c-1.1 0-2 .9-2 2v14h2V3h12V1zm3 4H8c-1.1 0-2 .9-2 2v14c0 1.1.9 2 2 2h11c1.1 0 2-.9 2-2V7c0-1.1-.9-2-2-2zm0 16H8V7h11v14z"/&gt;&lt;/svg&gt;            &lt;/span&gt;
        &lt;/span&gt;
    &lt;/div&gt;
    &lt;div id="trace-html-1-13" class="trace-code sf-toggle-content"&gt;
        &lt;ol start="680"&gt;&lt;li&gt;&lt;code&gt;&amp;nbsp;&amp;nbsp;&amp;nbsp;&amp;nbsp;&amp;nbsp;&amp;nbsp;&amp;nbsp;&amp;nbsp;&amp;nbsp;&amp;nbsp;&amp;nbsp;&amp;nbsp;&amp;nbsp;&amp;nbsp;&amp;nbsp;&amp;nbsp;&lt;span&amp;nbsp;style="color:&amp;nbsp;var(--highlight-default)"&gt;$test&lt;/span&gt;&lt;span&amp;nbsp;style="color:&amp;nbsp;var(--highlight-keyword)"&gt;-&amp;gt;&lt;/span&gt;&lt;span&amp;nbsp;style="color:&amp;nbsp;var(--highlight-default)"&gt;setBackupGlobals&lt;/span&gt;&lt;span&amp;nbsp;style="color:&amp;nbsp;var(--highlight-keyword)"&gt;(&lt;/span&gt;&lt;span&amp;nbsp;style="color:&amp;nbsp;var(--highlight-default)"&gt;$this&lt;/span&gt;&lt;span&amp;nbsp;style="color:&amp;nbsp;var(--highlight-keyword)"&gt;-&amp;gt;&lt;/span&gt;&lt;span&amp;nbsp;style="color:&amp;nbsp;var(--highlight-default)"&gt;backupGlobals&lt;/span&gt;&lt;span&amp;nbsp;style="color:&amp;nbsp;var(--highlight-keyword)"&gt;);&lt;/span&gt;&lt;/code&gt;&lt;/li&gt;
&lt;li&gt;&lt;code&gt;&amp;nbsp;&amp;nbsp;&amp;nbsp;&amp;nbsp;&amp;nbsp;&amp;nbsp;&amp;nbsp;&amp;nbsp;&amp;nbsp;&amp;nbsp;&amp;nbsp;&amp;nbsp;&amp;nbsp;&amp;nbsp;&amp;nbsp;&amp;nbsp;&lt;span&amp;nbsp;style="color:&amp;nbsp;var(--highlight-default)"&gt;$test&lt;/span&gt;&lt;span&amp;nbsp;style="color:&amp;nbsp;var(--highlight-keyword)"&gt;-&amp;gt;&lt;/span&gt;&lt;span&amp;nbsp;style="color:&amp;nbsp;var(--highlight-default)"&gt;setBackupStaticAttributes&lt;/span&gt;&lt;span&amp;nbsp;style="color:&amp;nbsp;var(--highlight-keyword)"&gt;(&lt;/span&gt;&lt;span&amp;nbsp;style="color:&amp;nbsp;var(--highlight-default)"&gt;$this&lt;/span&gt;&lt;span&amp;nbsp;style="color:&amp;nbsp;var(--highlight-keyword)"&gt;-&amp;gt;&lt;/span&gt;&lt;span&amp;nbsp;style="color:&amp;nbsp;var(--highlight-default)"&gt;backupStaticAttributes&lt;/span&gt;&lt;span&amp;nbsp;style="color:&amp;nbsp;var(--highlight-keyword)"&gt;);&lt;/span&gt;&lt;/code&gt;&lt;/li&gt;
&lt;li&gt;&lt;code&gt;&amp;nbsp;&amp;nbsp;&amp;nbsp;&amp;nbsp;&amp;nbsp;&amp;nbsp;&amp;nbsp;&amp;nbsp;&amp;nbsp;&amp;nbsp;&amp;nbsp;&amp;nbsp;&amp;nbsp;&amp;nbsp;&amp;nbsp;&amp;nbsp;&lt;span&amp;nbsp;style="color:&amp;nbsp;var(--highlight-default)"&gt;$test&lt;/span&gt;&lt;span&amp;nbsp;style="color:&amp;nbsp;var(--highlight-keyword)"&gt;-&amp;gt;&lt;/span&gt;&lt;span&amp;nbsp;style="color:&amp;nbsp;var(--highlight-default)"&gt;setRunTestInSeparateProcess&lt;/span&gt;&lt;span&amp;nbsp;style="color:&amp;nbsp;var(--highlight-keyword)"&gt;(&lt;/span&gt;&lt;span&amp;nbsp;style="color:&amp;nbsp;var(--highlight-default)"&gt;$this&lt;/span&gt;&lt;span&amp;nbsp;style="color:&amp;nbsp;var(--highlight-keyword)"&gt;-&amp;gt;&lt;/span&gt;&lt;span&amp;nbsp;style="color:&amp;nbsp;var(--highlight-default)"&gt;runTestInSeparateProcess&lt;/span&gt;&lt;span&amp;nbsp;style="color:&amp;nbsp;var(--highlight-keyword)"&gt;);&lt;/span&gt;&lt;/code&gt;&lt;/li&gt;
&lt;li&gt;&lt;code&gt;&amp;nbsp;&amp;nbsp;&amp;nbsp;&amp;nbsp;&amp;nbsp;&amp;nbsp;&amp;nbsp;&amp;nbsp;&amp;nbsp;&amp;nbsp;&amp;nbsp;&amp;nbsp;}&lt;/code&gt;&lt;/li&gt;
&lt;li&gt;&lt;code&gt;&lt;/code&gt;&lt;/li&gt;
&lt;li class="selected"&gt;&lt;code&gt;&amp;nbsp;&amp;nbsp;&amp;nbsp;&amp;nbsp;&amp;nbsp;&amp;nbsp;&amp;nbsp;&amp;nbsp;&amp;nbsp;&amp;nbsp;&amp;nbsp;&amp;nbsp;&lt;span&amp;nbsp;style="color:&amp;nbsp;var(--highlight-default)"&gt;$test&lt;/span&gt;&lt;span&amp;nbsp;style="color:&amp;nbsp;var(--highlight-keyword)"&gt;-&amp;gt;&lt;/span&gt;&lt;span&amp;nbsp;style="color:&amp;nbsp;var(--highlight-default)"&gt;run&lt;/span&gt;&lt;span&amp;nbsp;style="color:&amp;nbsp;var(--highlight-keyword)"&gt;(&lt;/span&gt;&lt;span&amp;nbsp;style="color:&amp;nbsp;var(--highlight-default)"&gt;$result&lt;/span&gt;&lt;span&amp;nbsp;style="color:&amp;nbsp;var(--highlight-keyword)"&gt;);&lt;/span&gt;&lt;/code&gt;&lt;/li&gt;
&lt;li&gt;&lt;code&gt;&amp;nbsp;&amp;nbsp;&amp;nbsp;&amp;nbsp;&amp;nbsp;&amp;nbsp;&amp;nbsp;&amp;nbsp;}&lt;/code&gt;&lt;/li&gt;
&lt;li&gt;&lt;code&gt;&lt;/code&gt;&lt;/li&gt;
&lt;li&gt;&lt;code&gt;&amp;nbsp;&amp;nbsp;&amp;nbsp;&amp;nbsp;&amp;nbsp;&amp;nbsp;&amp;nbsp;&amp;nbsp;if&amp;nbsp;(&lt;span&amp;nbsp;style="color:&amp;nbsp;var(--highlight-default)"&gt;$this&lt;/span&gt;&lt;span&amp;nbsp;style="color:&amp;nbsp;var(--highlight-keyword)"&gt;-&amp;gt;&lt;/span&gt;&lt;span&amp;nbsp;style="color:&amp;nbsp;var(--highlight-default)"&gt;testCase&amp;nbsp;&lt;/span&gt;&lt;span&amp;nbsp;style="color:&amp;nbsp;var(--highlight-keyword)"&gt;&amp;amp;&amp;amp;&amp;nbsp;&lt;/span&gt;&lt;span&amp;nbsp;style="color:&amp;nbsp;var(--highlight-default)"&gt;class_exists&lt;/span&gt;&lt;span&amp;nbsp;style="color:&amp;nbsp;var(--highlight-keyword)"&gt;(&lt;/span&gt;&lt;span&amp;nbsp;style="color:&amp;nbsp;var(--highlight-default)"&gt;$this&lt;/span&gt;&lt;span&amp;nbsp;style="color:&amp;nbsp;var(--highlight-keyword)"&gt;-&amp;gt;&lt;/span&gt;&lt;span&amp;nbsp;style="color:&amp;nbsp;var(--highlight-default)"&gt;name&lt;/span&gt;&lt;span&amp;nbsp;style="color:&amp;nbsp;var(--highlight-keyword)"&gt;,&amp;nbsp;&lt;/span&gt;&lt;span&amp;nbsp;style="color:&amp;nbsp;var(--highlight-default)"&gt;false&lt;/span&gt;&lt;span&amp;nbsp;style="color:&amp;nbsp;var(--highlight-keyword)"&gt;))&amp;nbsp;{&lt;/span&gt;&lt;/code&gt;&lt;/li&gt;
&lt;li&gt;&lt;code&gt;&amp;nbsp;&amp;nbsp;&amp;nbsp;&amp;nbsp;&amp;nbsp;&amp;nbsp;&amp;nbsp;&amp;nbsp;&amp;nbsp;&amp;nbsp;&amp;nbsp;&amp;nbsp;foreach&amp;nbsp;(&lt;span&amp;nbsp;style="color:&amp;nbsp;var(--highlight-default)"&gt;$hookMethods&lt;/span&gt;&lt;span&amp;nbsp;style="color:&amp;nbsp;var(--highlight-keyword)"&gt;[&lt;/span&gt;&lt;span&amp;nbsp;style="color:&amp;nbsp;var(--highlight-string)"&gt;'afterClass'&lt;/span&gt;&lt;span&amp;nbsp;style="color:&amp;nbsp;var(--highlight-keyword)"&gt;]&amp;nbsp;as&amp;nbsp;&lt;/span&gt;&lt;span&amp;nbsp;style="color:&amp;nbsp;var(--highlight-default)"&gt;$afterClassMethod&lt;/span&gt;&lt;span&amp;nbsp;style="color:&amp;nbsp;var(--highlight-keyword)"&gt;)&amp;nbsp;{&lt;/span&gt;&lt;/code&gt;&lt;/li&gt;
&lt;li&gt;&lt;code&gt;&amp;nbsp;&amp;nbsp;&amp;nbsp;&amp;nbsp;&amp;nbsp;&amp;nbsp;&amp;nbsp;&amp;nbsp;&amp;nbsp;&amp;nbsp;&amp;nbsp;&amp;nbsp;&amp;nbsp;&amp;nbsp;&amp;nbsp;&amp;nbsp;if&amp;nbsp;(&lt;span&amp;nbsp;style="color:&amp;nbsp;var(--highlight-default)"&gt;method_exists&lt;/span&gt;&lt;span&amp;nbsp;style="color:&amp;nbsp;var(--highlight-keyword)"&gt;(&lt;/span&gt;&lt;span&amp;nbsp;style="color:&amp;nbsp;var(--highlight-default)"&gt;$this&lt;/span&gt;&lt;span&amp;nbsp;style="color:&amp;nbsp;var(--highlight-keyword)"&gt;-&amp;gt;&lt;/span&gt;&lt;span&amp;nbsp;style="color:&amp;nbsp;var(--highlight-default)"&gt;name&lt;/span&gt;&lt;span&amp;nbsp;style="color:&amp;nbsp;var(--highlight-keyword)"&gt;,&amp;nbsp;&lt;/span&gt;&lt;span&amp;nbsp;style="color:&amp;nbsp;var(--highlight-default)"&gt;$afterClassMethod&lt;/span&gt;&lt;span&amp;nbsp;style="color:&amp;nbsp;var(--highlight-keyword)"&gt;))&amp;nbsp;{&lt;/span&gt;&lt;/code&gt;&lt;/li&gt;&lt;/ol&gt;    &lt;/div&gt;            &lt;/div&gt;
                        &lt;div class="trace-line trace-from-vendor"&gt;
                &lt;div class="trace-line-header break-long-words sf-toggle" data-toggle-selector="#trace-html-1-14" data-toggle-initial=""&gt;
            &lt;span class="icon icon-close"&gt;&lt;svg width="1792" height="1792" viewBox="0 0 1792 1792" xmlns="http://www.w3.org/2000/svg"&gt;&lt;path d="M1408 960V832q0-26-19-45t-45-19H448q-26 0-45 19t-19 45v128q0 26 19 45t45 19h896q26 0 45-19t19-45zm256-544v960q0 119-84.5 203.5T1376 1664H416q-119 0-203.5-84.5T128 1376V416q0-119 84.5-203.5T416 128h960q119 0 203.5 84.5T1664 416z"/&gt;&lt;/svg&gt;&lt;/span&gt;
        &lt;span class="icon icon-open"&gt;&lt;svg width="1792" height="1792" viewBox="0 0 1792 1792" xmlns="http://www.w3.org/2000/svg"&gt;&lt;path d="M1408 960V832q0-26-19-45t-45-19h-320V448q0-26-19-45t-45-19H832q-26 0-45 19t-19 45v320H448q-26 0-45 19t-19 45v128q0 26 19 45t45 19h320v320q0 26 19 45t45 19h128q26 0 45-19t19-45v-320h320q26 0 45-19t19-45zm256-544v960q0 119-84.5 203.5T1376 1664H416q-119 0-203.5-84.5T128 1376V416q0-119 84.5-203.5T416 128h960q119 0 203.5 84.5T1664 416z"/&gt;&lt;/svg&gt;&lt;/span&gt;
    
    
                    &lt;span class="block trace-file-path"&gt;
            in
            &lt;a href="file:///home/albinr/dbwebb-kurser/mvc/me/report/vendor/phpunit/phpunit/src/Framework/TestSuite.php#L685"&gt;
                vendor/phpunit/phpunit/src/Framework/&lt;strong&gt;TestSuite.php&lt;/strong&gt;
            &lt;/a&gt;
                            &lt;span class="trace-type"&gt;-&gt;&lt;/span&gt;
                &lt;span class="trace-method"&gt;run&lt;/span&gt;
                        (line 685)
            &lt;span class="icon icon-copy hidden" data-clipboard-text="vendor/phpunit/phpunit/src/Framework/TestSuite.php:685"&gt;
                &lt;svg xmlns="http://www.w3.org/2000/svg" height="24" viewBox="0 0 24 24" width="24"&gt;&lt;path d="M0 0h24v24H0z" fill="none"/&gt;&lt;path d="M16 1H4c-1.1 0-2 .9-2 2v14h2V3h12V1zm3 4H8c-1.1 0-2 .9-2 2v14c0 1.1.9 2 2 2h11c1.1 0 2-.9 2-2V7c0-1.1-.9-2-2-2zm0 16H8V7h11v14z"/&gt;&lt;/svg&gt;            &lt;/span&gt;
        &lt;/span&gt;
    &lt;/div&gt;
    &lt;div id="trace-html-1-14" class="trace-code sf-toggle-content"&gt;
        &lt;ol start="680"&gt;&lt;li&gt;&lt;code&gt;&amp;nbsp;&amp;nbsp;&amp;nbsp;&amp;nbsp;&amp;nbsp;&amp;nbsp;&amp;nbsp;&amp;nbsp;&amp;nbsp;&amp;nbsp;&amp;nbsp;&amp;nbsp;&amp;nbsp;&amp;nbsp;&amp;nbsp;&amp;nbsp;&lt;span&amp;nbsp;style="color:&amp;nbsp;var(--highlight-default)"&gt;$test&lt;/span&gt;&lt;span&amp;nbsp;style="color:&amp;nbsp;var(--highlight-keyword)"&gt;-&amp;gt;&lt;/span&gt;&lt;span&amp;nbsp;style="color:&amp;nbsp;var(--highlight-default)"&gt;setBackupGlobals&lt;/span&gt;&lt;span&amp;nbsp;style="color:&amp;nbsp;var(--highlight-keyword)"&gt;(&lt;/span&gt;&lt;span&amp;nbsp;style="color:&amp;nbsp;var(--highlight-default)"&gt;$this&lt;/span&gt;&lt;span&amp;nbsp;style="color:&amp;nbsp;var(--highlight-keyword)"&gt;-&amp;gt;&lt;/span&gt;&lt;span&amp;nbsp;style="color:&amp;nbsp;var(--highlight-default)"&gt;backupGlobals&lt;/span&gt;&lt;span&amp;nbsp;style="color:&amp;nbsp;var(--highlight-keyword)"&gt;);&lt;/span&gt;&lt;/code&gt;&lt;/li&gt;
&lt;li&gt;&lt;code&gt;&amp;nbsp;&amp;nbsp;&amp;nbsp;&amp;nbsp;&amp;nbsp;&amp;nbsp;&amp;nbsp;&amp;nbsp;&amp;nbsp;&amp;nbsp;&amp;nbsp;&amp;nbsp;&amp;nbsp;&amp;nbsp;&amp;nbsp;&amp;nbsp;&lt;span&amp;nbsp;style="color:&amp;nbsp;var(--highlight-default)"&gt;$test&lt;/span&gt;&lt;span&amp;nbsp;style="color:&amp;nbsp;var(--highlight-keyword)"&gt;-&amp;gt;&lt;/span&gt;&lt;span&amp;nbsp;style="color:&amp;nbsp;var(--highlight-default)"&gt;setBackupStaticAttributes&lt;/span&gt;&lt;span&amp;nbsp;style="color:&amp;nbsp;var(--highlight-keyword)"&gt;(&lt;/span&gt;&lt;span&amp;nbsp;style="color:&amp;nbsp;var(--highlight-default)"&gt;$this&lt;/span&gt;&lt;span&amp;nbsp;style="color:&amp;nbsp;var(--highlight-keyword)"&gt;-&amp;gt;&lt;/span&gt;&lt;span&amp;nbsp;style="color:&amp;nbsp;var(--highlight-default)"&gt;backupStaticAttributes&lt;/span&gt;&lt;span&amp;nbsp;style="color:&amp;nbsp;var(--highlight-keyword)"&gt;);&lt;/span&gt;&lt;/code&gt;&lt;/li&gt;
&lt;li&gt;&lt;code&gt;&amp;nbsp;&amp;nbsp;&amp;nbsp;&amp;nbsp;&amp;nbsp;&amp;nbsp;&amp;nbsp;&amp;nbsp;&amp;nbsp;&amp;nbsp;&amp;nbsp;&amp;nbsp;&amp;nbsp;&amp;nbsp;&amp;nbsp;&amp;nbsp;&lt;span&amp;nbsp;style="color:&amp;nbsp;var(--highlight-default)"&gt;$test&lt;/span&gt;&lt;span&amp;nbsp;style="color:&amp;nbsp;var(--highlight-keyword)"&gt;-&amp;gt;&lt;/span&gt;&lt;span&amp;nbsp;style="color:&amp;nbsp;var(--highlight-default)"&gt;setRunTestInSeparateProcess&lt;/span&gt;&lt;span&amp;nbsp;style="color:&amp;nbsp;var(--highlight-keyword)"&gt;(&lt;/span&gt;&lt;span&amp;nbsp;style="color:&amp;nbsp;var(--highlight-default)"&gt;$this&lt;/span&gt;&lt;span&amp;nbsp;style="color:&amp;nbsp;var(--highlight-keyword)"&gt;-&amp;gt;&lt;/span&gt;&lt;span&amp;nbsp;style="color:&amp;nbsp;var(--highlight-default)"&gt;runTestInSeparateProcess&lt;/span&gt;&lt;span&amp;nbsp;style="color:&amp;nbsp;var(--highlight-keyword)"&gt;);&lt;/span&gt;&lt;/code&gt;&lt;/li&gt;
&lt;li&gt;&lt;code&gt;&amp;nbsp;&amp;nbsp;&amp;nbsp;&amp;nbsp;&amp;nbsp;&amp;nbsp;&amp;nbsp;&amp;nbsp;&amp;nbsp;&amp;nbsp;&amp;nbsp;&amp;nbsp;}&lt;/code&gt;&lt;/li&gt;
&lt;li&gt;&lt;code&gt;&lt;/code&gt;&lt;/li&gt;
&lt;li class="selected"&gt;&lt;code&gt;&amp;nbsp;&amp;nbsp;&amp;nbsp;&amp;nbsp;&amp;nbsp;&amp;nbsp;&amp;nbsp;&amp;nbsp;&amp;nbsp;&amp;nbsp;&amp;nbsp;&amp;nbsp;&lt;span&amp;nbsp;style="color:&amp;nbsp;var(--highlight-default)"&gt;$test&lt;/span&gt;&lt;span&amp;nbsp;style="color:&amp;nbsp;var(--highlight-keyword)"&gt;-&amp;gt;&lt;/span&gt;&lt;span&amp;nbsp;style="color:&amp;nbsp;var(--highlight-default)"&gt;run&lt;/span&gt;&lt;span&amp;nbsp;style="color:&amp;nbsp;var(--highlight-keyword)"&gt;(&lt;/span&gt;&lt;span&amp;nbsp;style="color:&amp;nbsp;var(--highlight-default)"&gt;$result&lt;/span&gt;&lt;span&amp;nbsp;style="color:&amp;nbsp;var(--highlight-keyword)"&gt;);&lt;/span&gt;&lt;/code&gt;&lt;/li&gt;
&lt;li&gt;&lt;code&gt;&amp;nbsp;&amp;nbsp;&amp;nbsp;&amp;nbsp;&amp;nbsp;&amp;nbsp;&amp;nbsp;&amp;nbsp;}&lt;/code&gt;&lt;/li&gt;
&lt;li&gt;&lt;code&gt;&lt;/code&gt;&lt;/li&gt;
&lt;li&gt;&lt;code&gt;&amp;nbsp;&amp;nbsp;&amp;nbsp;&amp;nbsp;&amp;nbsp;&amp;nbsp;&amp;nbsp;&amp;nbsp;if&amp;nbsp;(&lt;span&amp;nbsp;style="color:&amp;nbsp;var(--highlight-default)"&gt;$this&lt;/span&gt;&lt;span&amp;nbsp;style="color:&amp;nbsp;var(--highlight-keyword)"&gt;-&amp;gt;&lt;/span&gt;&lt;span&amp;nbsp;style="color:&amp;nbsp;var(--highlight-default)"&gt;testCase&amp;nbsp;&lt;/span&gt;&lt;span&amp;nbsp;style="color:&amp;nbsp;var(--highlight-keyword)"&gt;&amp;amp;&amp;amp;&amp;nbsp;&lt;/span&gt;&lt;span&amp;nbsp;style="color:&amp;nbsp;var(--highlight-default)"&gt;class_exists&lt;/span&gt;&lt;span&amp;nbsp;style="color:&amp;nbsp;var(--highlight-keyword)"&gt;(&lt;/span&gt;&lt;span&amp;nbsp;style="color:&amp;nbsp;var(--highlight-default)"&gt;$this&lt;/span&gt;&lt;span&amp;nbsp;style="color:&amp;nbsp;var(--highlight-keyword)"&gt;-&amp;gt;&lt;/span&gt;&lt;span&amp;nbsp;style="color:&amp;nbsp;var(--highlight-default)"&gt;name&lt;/span&gt;&lt;span&amp;nbsp;style="color:&amp;nbsp;var(--highlight-keyword)"&gt;,&amp;nbsp;&lt;/span&gt;&lt;span&amp;nbsp;style="color:&amp;nbsp;var(--highlight-default)"&gt;false&lt;/span&gt;&lt;span&amp;nbsp;style="color:&amp;nbsp;var(--highlight-keyword)"&gt;))&amp;nbsp;{&lt;/span&gt;&lt;/code&gt;&lt;/li&gt;
&lt;li&gt;&lt;code&gt;&amp;nbsp;&amp;nbsp;&amp;nbsp;&amp;nbsp;&amp;nbsp;&amp;nbsp;&amp;nbsp;&amp;nbsp;&amp;nbsp;&amp;nbsp;&amp;nbsp;&amp;nbsp;foreach&amp;nbsp;(&lt;span&amp;nbsp;style="color:&amp;nbsp;var(--highlight-default)"&gt;$hookMethods&lt;/span&gt;&lt;span&amp;nbsp;style="color:&amp;nbsp;var(--highlight-keyword)"&gt;[&lt;/span&gt;&lt;span&amp;nbsp;style="color:&amp;nbsp;var(--highlight-string)"&gt;'afterClass'&lt;/span&gt;&lt;span&amp;nbsp;style="color:&amp;nbsp;var(--highlight-keyword)"&gt;]&amp;nbsp;as&amp;nbsp;&lt;/span&gt;&lt;span&amp;nbsp;style="color:&amp;nbsp;var(--highlight-default)"&gt;$afterClassMethod&lt;/span&gt;&lt;span&amp;nbsp;style="color:&amp;nbsp;var(--highlight-keyword)"&gt;)&amp;nbsp;{&lt;/span&gt;&lt;/code&gt;&lt;/li&gt;
&lt;li&gt;&lt;code&gt;&amp;nbsp;&amp;nbsp;&amp;nbsp;&amp;nbsp;&amp;nbsp;&amp;nbsp;&amp;nbsp;&amp;nbsp;&amp;nbsp;&amp;nbsp;&amp;nbsp;&amp;nbsp;&amp;nbsp;&amp;nbsp;&amp;nbsp;&amp;nbsp;if&amp;nbsp;(&lt;span&amp;nbsp;style="color:&amp;nbsp;var(--highlight-default)"&gt;method_exists&lt;/span&gt;&lt;span&amp;nbsp;style="color:&amp;nbsp;var(--highlight-keyword)"&gt;(&lt;/span&gt;&lt;span&amp;nbsp;style="color:&amp;nbsp;var(--highlight-default)"&gt;$this&lt;/span&gt;&lt;span&amp;nbsp;style="color:&amp;nbsp;var(--highlight-keyword)"&gt;-&amp;gt;&lt;/span&gt;&lt;span&amp;nbsp;style="color:&amp;nbsp;var(--highlight-default)"&gt;name&lt;/span&gt;&lt;span&amp;nbsp;style="color:&amp;nbsp;var(--highlight-keyword)"&gt;,&amp;nbsp;&lt;/span&gt;&lt;span&amp;nbsp;style="color:&amp;nbsp;var(--highlight-default)"&gt;$afterClassMethod&lt;/span&gt;&lt;span&amp;nbsp;style="color:&amp;nbsp;var(--highlight-keyword)"&gt;))&amp;nbsp;{&lt;/span&gt;&lt;/code&gt;&lt;/li&gt;&lt;/ol&gt;    &lt;/div&gt;            &lt;/div&gt;
                        &lt;div class="trace-line trace-from-vendor"&gt;
                &lt;div class="trace-line-header break-long-words sf-toggle" data-toggle-selector="#trace-html-1-15" data-toggle-initial=""&gt;
            &lt;span class="icon icon-close"&gt;&lt;svg width="1792" height="1792" viewBox="0 0 1792 1792" xmlns="http://www.w3.org/2000/svg"&gt;&lt;path d="M1408 960V832q0-26-19-45t-45-19H448q-26 0-45 19t-19 45v128q0 26 19 45t45 19h896q26 0 45-19t19-45zm256-544v960q0 119-84.5 203.5T1376 1664H416q-119 0-203.5-84.5T128 1376V416q0-119 84.5-203.5T416 128h960q119 0 203.5 84.5T1664 416z"/&gt;&lt;/svg&gt;&lt;/span&gt;
        &lt;span class="icon icon-open"&gt;&lt;svg width="1792" height="1792" viewBox="0 0 1792 1792" xmlns="http://www.w3.org/2000/svg"&gt;&lt;path d="M1408 960V832q0-26-19-45t-45-19h-320V448q0-26-19-45t-45-19H832q-26 0-45 19t-19 45v320H448q-26 0-45 19t-19 45v128q0 26 19 45t45 19h320v320q0 26 19 45t45 19h128q26 0 45-19t19-45v-320h320q26 0 45-19t19-45zm256-544v960q0 119-84.5 203.5T1376 1664H416q-119 0-203.5-84.5T128 1376V416q0-119 84.5-203.5T416 128h960q119 0 203.5 84.5T1664 416z"/&gt;&lt;/svg&gt;&lt;/span&gt;
    
    
                    &lt;span class="block trace-file-path"&gt;
            in
            &lt;a href="file:///home/albinr/dbwebb-kurser/mvc/me/report/vendor/phpunit/phpunit/src/Framework/TestSuite.php#L685"&gt;
                vendor/phpunit/phpunit/src/Framework/&lt;strong&gt;TestSuite.php&lt;/strong&gt;
            &lt;/a&gt;
                            &lt;span class="trace-type"&gt;-&gt;&lt;/span&gt;
                &lt;span class="trace-method"&gt;run&lt;/span&gt;
                        (line 685)
            &lt;span class="icon icon-copy hidden" data-clipboard-text="vendor/phpunit/phpunit/src/Framework/TestSuite.php:685"&gt;
                &lt;svg xmlns="http://www.w3.org/2000/svg" height="24" viewBox="0 0 24 24" width="24"&gt;&lt;path d="M0 0h24v24H0z" fill="none"/&gt;&lt;path d="M16 1H4c-1.1 0-2 .9-2 2v14h2V3h12V1zm3 4H8c-1.1 0-2 .9-2 2v14c0 1.1.9 2 2 2h11c1.1 0 2-.9 2-2V7c0-1.1-.9-2-2-2zm0 16H8V7h11v14z"/&gt;&lt;/svg&gt;            &lt;/span&gt;
        &lt;/span&gt;
    &lt;/div&gt;
    &lt;div id="trace-html-1-15" class="trace-code sf-toggle-content"&gt;
        &lt;ol start="680"&gt;&lt;li&gt;&lt;code&gt;&amp;nbsp;&amp;nbsp;&amp;nbsp;&amp;nbsp;&amp;nbsp;&amp;nbsp;&amp;nbsp;&amp;nbsp;&amp;nbsp;&amp;nbsp;&amp;nbsp;&amp;nbsp;&amp;nbsp;&amp;nbsp;&amp;nbsp;&amp;nbsp;&lt;span&amp;nbsp;style="color:&amp;nbsp;var(--highlight-default)"&gt;$test&lt;/span&gt;&lt;span&amp;nbsp;style="color:&amp;nbsp;var(--highlight-keyword)"&gt;-&amp;gt;&lt;/span&gt;&lt;span&amp;nbsp;style="color:&amp;nbsp;var(--highlight-default)"&gt;setBackupGlobals&lt;/span&gt;&lt;span&amp;nbsp;style="color:&amp;nbsp;var(--highlight-keyword)"&gt;(&lt;/span&gt;&lt;span&amp;nbsp;style="color:&amp;nbsp;var(--highlight-default)"&gt;$this&lt;/span&gt;&lt;span&amp;nbsp;style="color:&amp;nbsp;var(--highlight-keyword)"&gt;-&amp;gt;&lt;/span&gt;&lt;span&amp;nbsp;style="color:&amp;nbsp;var(--highlight-default)"&gt;backupGlobals&lt;/span&gt;&lt;span&amp;nbsp;style="color:&amp;nbsp;var(--highlight-keyword)"&gt;);&lt;/span&gt;&lt;/code&gt;&lt;/li&gt;
&lt;li&gt;&lt;code&gt;&amp;nbsp;&amp;nbsp;&amp;nbsp;&amp;nbsp;&amp;nbsp;&amp;nbsp;&amp;nbsp;&amp;nbsp;&amp;nbsp;&amp;nbsp;&amp;nbsp;&amp;nbsp;&amp;nbsp;&amp;nbsp;&amp;nbsp;&amp;nbsp;&lt;span&amp;nbsp;style="color:&amp;nbsp;var(--highlight-default)"&gt;$test&lt;/span&gt;&lt;span&amp;nbsp;style="color:&amp;nbsp;var(--highlight-keyword)"&gt;-&amp;gt;&lt;/span&gt;&lt;span&amp;nbsp;style="color:&amp;nbsp;var(--highlight-default)"&gt;setBackupStaticAttributes&lt;/span&gt;&lt;span&amp;nbsp;style="color:&amp;nbsp;var(--highlight-keyword)"&gt;(&lt;/span&gt;&lt;span&amp;nbsp;style="color:&amp;nbsp;var(--highlight-default)"&gt;$this&lt;/span&gt;&lt;span&amp;nbsp;style="color:&amp;nbsp;var(--highlight-keyword)"&gt;-&amp;gt;&lt;/span&gt;&lt;span&amp;nbsp;style="color:&amp;nbsp;var(--highlight-default)"&gt;backupStaticAttributes&lt;/span&gt;&lt;span&amp;nbsp;style="color:&amp;nbsp;var(--highlight-keyword)"&gt;);&lt;/span&gt;&lt;/code&gt;&lt;/li&gt;
&lt;li&gt;&lt;code&gt;&amp;nbsp;&amp;nbsp;&amp;nbsp;&amp;nbsp;&amp;nbsp;&amp;nbsp;&amp;nbsp;&amp;nbsp;&amp;nbsp;&amp;nbsp;&amp;nbsp;&amp;nbsp;&amp;nbsp;&amp;nbsp;&amp;nbsp;&amp;nbsp;&lt;span&amp;nbsp;style="color:&amp;nbsp;var(--highlight-default)"&gt;$test&lt;/span&gt;&lt;span&amp;nbsp;style="color:&amp;nbsp;var(--highlight-keyword)"&gt;-&amp;gt;&lt;/span&gt;&lt;span&amp;nbsp;style="color:&amp;nbsp;var(--highlight-default)"&gt;setRunTestInSeparateProcess&lt;/span&gt;&lt;span&amp;nbsp;style="color:&amp;nbsp;var(--highlight-keyword)"&gt;(&lt;/span&gt;&lt;span&amp;nbsp;style="color:&amp;nbsp;var(--highlight-default)"&gt;$this&lt;/span&gt;&lt;span&amp;nbsp;style="color:&amp;nbsp;var(--highlight-keyword)"&gt;-&amp;gt;&lt;/span&gt;&lt;span&amp;nbsp;style="color:&amp;nbsp;var(--highlight-default)"&gt;runTestInSeparateProcess&lt;/span&gt;&lt;span&amp;nbsp;style="color:&amp;nbsp;var(--highlight-keyword)"&gt;);&lt;/span&gt;&lt;/code&gt;&lt;/li&gt;
&lt;li&gt;&lt;code&gt;&amp;nbsp;&amp;nbsp;&amp;nbsp;&amp;nbsp;&amp;nbsp;&amp;nbsp;&amp;nbsp;&amp;nbsp;&amp;nbsp;&amp;nbsp;&amp;nbsp;&amp;nbsp;}&lt;/code&gt;&lt;/li&gt;
&lt;li&gt;&lt;code&gt;&lt;/code&gt;&lt;/li&gt;
&lt;li class="selected"&gt;&lt;code&gt;&amp;nbsp;&amp;nbsp;&amp;nbsp;&amp;nbsp;&amp;nbsp;&amp;nbsp;&amp;nbsp;&amp;nbsp;&amp;nbsp;&amp;nbsp;&amp;nbsp;&amp;nbsp;&lt;span&amp;nbsp;style="color:&amp;nbsp;var(--highlight-default)"&gt;$test&lt;/span&gt;&lt;span&amp;nbsp;style="color:&amp;nbsp;var(--highlight-keyword)"&gt;-&amp;gt;&lt;/span&gt;&lt;span&amp;nbsp;style="color:&amp;nbsp;var(--highlight-default)"&gt;run&lt;/span&gt;&lt;span&amp;nbsp;style="color:&amp;nbsp;var(--highlight-keyword)"&gt;(&lt;/span&gt;&lt;span&amp;nbsp;style="color:&amp;nbsp;var(--highlight-default)"&gt;$result&lt;/span&gt;&lt;span&amp;nbsp;style="color:&amp;nbsp;var(--highlight-keyword)"&gt;);&lt;/span&gt;&lt;/code&gt;&lt;/li&gt;
&lt;li&gt;&lt;code&gt;&amp;nbsp;&amp;nbsp;&amp;nbsp;&amp;nbsp;&amp;nbsp;&amp;nbsp;&amp;nbsp;&amp;nbsp;}&lt;/code&gt;&lt;/li&gt;
&lt;li&gt;&lt;code&gt;&lt;/code&gt;&lt;/li&gt;
&lt;li&gt;&lt;code&gt;&amp;nbsp;&amp;nbsp;&amp;nbsp;&amp;nbsp;&amp;nbsp;&amp;nbsp;&amp;nbsp;&amp;nbsp;if&amp;nbsp;(&lt;span&amp;nbsp;style="color:&amp;nbsp;var(--highlight-default)"&gt;$this&lt;/span&gt;&lt;span&amp;nbsp;style="color:&amp;nbsp;var(--highlight-keyword)"&gt;-&amp;gt;&lt;/span&gt;&lt;span&amp;nbsp;style="color:&amp;nbsp;var(--highlight-default)"&gt;testCase&amp;nbsp;&lt;/span&gt;&lt;span&amp;nbsp;style="color:&amp;nbsp;var(--highlight-keyword)"&gt;&amp;amp;&amp;amp;&amp;nbsp;&lt;/span&gt;&lt;span&amp;nbsp;style="color:&amp;nbsp;var(--highlight-default)"&gt;class_exists&lt;/span&gt;&lt;span&amp;nbsp;style="color:&amp;nbsp;var(--highlight-keyword)"&gt;(&lt;/span&gt;&lt;span&amp;nbsp;style="color:&amp;nbsp;var(--highlight-default)"&gt;$this&lt;/span&gt;&lt;span&amp;nbsp;style="color:&amp;nbsp;var(--highlight-keyword)"&gt;-&amp;gt;&lt;/span&gt;&lt;span&amp;nbsp;style="color:&amp;nbsp;var(--highlight-default)"&gt;name&lt;/span&gt;&lt;span&amp;nbsp;style="color:&amp;nbsp;var(--highlight-keyword)"&gt;,&amp;nbsp;&lt;/span&gt;&lt;span&amp;nbsp;style="color:&amp;nbsp;var(--highlight-default)"&gt;false&lt;/span&gt;&lt;span&amp;nbsp;style="color:&amp;nbsp;var(--highlight-keyword)"&gt;))&amp;nbsp;{&lt;/span&gt;&lt;/code&gt;&lt;/li&gt;
&lt;li&gt;&lt;code&gt;&amp;nbsp;&amp;nbsp;&amp;nbsp;&amp;nbsp;&amp;nbsp;&amp;nbsp;&amp;nbsp;&amp;nbsp;&amp;nbsp;&amp;nbsp;&amp;nbsp;&amp;nbsp;foreach&amp;nbsp;(&lt;span&amp;nbsp;style="color:&amp;nbsp;var(--highlight-default)"&gt;$hookMethods&lt;/span&gt;&lt;span&amp;nbsp;style="color:&amp;nbsp;var(--highlight-keyword)"&gt;[&lt;/span&gt;&lt;span&amp;nbsp;style="color:&amp;nbsp;var(--highlight-string)"&gt;'afterClass'&lt;/span&gt;&lt;span&amp;nbsp;style="color:&amp;nbsp;var(--highlight-keyword)"&gt;]&amp;nbsp;as&amp;nbsp;&lt;/span&gt;&lt;span&amp;nbsp;style="color:&amp;nbsp;var(--highlight-default)"&gt;$afterClassMethod&lt;/span&gt;&lt;span&amp;nbsp;style="color:&amp;nbsp;var(--highlight-keyword)"&gt;)&amp;nbsp;{&lt;/span&gt;&lt;/code&gt;&lt;/li&gt;
&lt;li&gt;&lt;code&gt;&amp;nbsp;&amp;nbsp;&amp;nbsp;&amp;nbsp;&amp;nbsp;&amp;nbsp;&amp;nbsp;&amp;nbsp;&amp;nbsp;&amp;nbsp;&amp;nbsp;&amp;nbsp;&amp;nbsp;&amp;nbsp;&amp;nbsp;&amp;nbsp;if&amp;nbsp;(&lt;span&amp;nbsp;style="color:&amp;nbsp;var(--highlight-default)"&gt;method_exists&lt;/span&gt;&lt;span&amp;nbsp;style="color:&amp;nbsp;var(--highlight-keyword)"&gt;(&lt;/span&gt;&lt;span&amp;nbsp;style="color:&amp;nbsp;var(--highlight-default)"&gt;$this&lt;/span&gt;&lt;span&amp;nbsp;style="color:&amp;nbsp;var(--highlight-keyword)"&gt;-&amp;gt;&lt;/span&gt;&lt;span&amp;nbsp;style="color:&amp;nbsp;var(--highlight-default)"&gt;name&lt;/span&gt;&lt;span&amp;nbsp;style="color:&amp;nbsp;var(--highlight-keyword)"&gt;,&amp;nbsp;&lt;/span&gt;&lt;span&amp;nbsp;style="color:&amp;nbsp;var(--highlight-default)"&gt;$afterClassMethod&lt;/span&gt;&lt;span&amp;nbsp;style="color:&amp;nbsp;var(--highlight-keyword)"&gt;))&amp;nbsp;{&lt;/span&gt;&lt;/code&gt;&lt;/li&gt;&lt;/ol&gt;    &lt;/div&gt;            &lt;/div&gt;
                        &lt;div class="trace-line trace-from-vendor"&gt;
                &lt;div class="trace-line-header break-long-words sf-toggle" data-toggle-selector="#trace-html-1-16" data-toggle-initial=""&gt;
            &lt;span class="icon icon-close"&gt;&lt;svg width="1792" height="1792" viewBox="0 0 1792 1792" xmlns="http://www.w3.org/2000/svg"&gt;&lt;path d="M1408 960V832q0-26-19-45t-45-19H448q-26 0-45 19t-19 45v128q0 26 19 45t45 19h896q26 0 45-19t19-45zm256-544v960q0 119-84.5 203.5T1376 1664H416q-119 0-203.5-84.5T128 1376V416q0-119 84.5-203.5T416 128h960q119 0 203.5 84.5T1664 416z"/&gt;&lt;/svg&gt;&lt;/span&gt;
        &lt;span class="icon icon-open"&gt;&lt;svg width="1792" height="1792" viewBox="0 0 1792 1792" xmlns="http://www.w3.org/2000/svg"&gt;&lt;path d="M1408 960V832q0-26-19-45t-45-19h-320V448q0-26-19-45t-45-19H832q-26 0-45 19t-19 45v320H448q-26 0-45 19t-19 45v128q0 26 19 45t45 19h320v320q0 26 19 45t45 19h128q26 0 45-19t19-45v-320h320q26 0 45-19t19-45zm256-544v960q0 119-84.5 203.5T1376 1664H416q-119 0-203.5-84.5T128 1376V416q0-119 84.5-203.5T416 128h960q119 0 203.5 84.5T1664 416z"/&gt;&lt;/svg&gt;&lt;/span&gt;
    
    
                    &lt;span class="block trace-file-path"&gt;
            in
            &lt;a href="file:///home/albinr/dbwebb-kurser/mvc/me/report/vendor/phpunit/phpunit/src/TextUI/TestRunner.php#L651"&gt;
                vendor/phpunit/phpunit/src/TextUI/&lt;strong&gt;TestRunner.php&lt;/strong&gt;
            &lt;/a&gt;
                            &lt;span class="trace-type"&gt;-&gt;&lt;/span&gt;
                &lt;span class="trace-method"&gt;run&lt;/span&gt;
                        (line 651)
            &lt;span class="icon icon-copy hidden" data-clipboard-text="vendor/phpunit/phpunit/src/TextUI/TestRunner.php:651"&gt;
                &lt;svg xmlns="http://www.w3.org/2000/svg" height="24" viewBox="0 0 24 24" width="24"&gt;&lt;path d="M0 0h24v24H0z" fill="none"/&gt;&lt;path d="M16 1H4c-1.1 0-2 .9-2 2v14h2V3h12V1zm3 4H8c-1.1 0-2 .9-2 2v14c0 1.1.9 2 2 2h11c1.1 0 2-.9 2-2V7c0-1.1-.9-2-2-2zm0 16H8V7h11v14z"/&gt;&lt;/svg&gt;            &lt;/span&gt;
        &lt;/span&gt;
    &lt;/div&gt;
    &lt;div id="trace-html-1-16" class="trace-code sf-toggle-content"&gt;
        &lt;ol start="646"&gt;&lt;li&gt;&lt;code&gt;&amp;nbsp;&amp;nbsp;&amp;nbsp;&amp;nbsp;&amp;nbsp;&amp;nbsp;&amp;nbsp;&amp;nbsp;&amp;nbsp;&amp;nbsp;&amp;nbsp;&amp;nbsp;if&amp;nbsp;(&lt;span&amp;nbsp;style="color:&amp;nbsp;var(--highlight-default)"&gt;$extension&amp;nbsp;&lt;/span&gt;&lt;span&amp;nbsp;style="color:&amp;nbsp;var(--highlight-keyword)"&gt;instanceof&amp;nbsp;&lt;/span&gt;&lt;span&amp;nbsp;style="color:&amp;nbsp;var(--highlight-default)"&gt;BeforeFirstTestHook&lt;/span&gt;&lt;span&amp;nbsp;style="color:&amp;nbsp;var(--highlight-keyword)"&gt;)&amp;nbsp;{&lt;/span&gt;&lt;/code&gt;&lt;/li&gt;
&lt;li&gt;&lt;code&gt;&amp;nbsp;&amp;nbsp;&amp;nbsp;&amp;nbsp;&amp;nbsp;&amp;nbsp;&amp;nbsp;&amp;nbsp;&amp;nbsp;&amp;nbsp;&amp;nbsp;&amp;nbsp;&amp;nbsp;&amp;nbsp;&amp;nbsp;&amp;nbsp;&lt;span&amp;nbsp;style="color:&amp;nbsp;var(--highlight-default)"&gt;$extension&lt;/span&gt;&lt;span&amp;nbsp;style="color:&amp;nbsp;var(--highlight-keyword)"&gt;-&amp;gt;&lt;/span&gt;&lt;span&amp;nbsp;style="color:&amp;nbsp;var(--highlight-default)"&gt;executeBeforeFirstTest&lt;/span&gt;&lt;span&amp;nbsp;style="color:&amp;nbsp;var(--highlight-keyword)"&gt;();&lt;/span&gt;&lt;/code&gt;&lt;/li&gt;
&lt;li&gt;&lt;code&gt;&amp;nbsp;&amp;nbsp;&amp;nbsp;&amp;nbsp;&amp;nbsp;&amp;nbsp;&amp;nbsp;&amp;nbsp;&amp;nbsp;&amp;nbsp;&amp;nbsp;&amp;nbsp;}&lt;/code&gt;&lt;/li&gt;
&lt;li&gt;&lt;code&gt;&amp;nbsp;&amp;nbsp;&amp;nbsp;&amp;nbsp;&amp;nbsp;&amp;nbsp;&amp;nbsp;&amp;nbsp;}&lt;/code&gt;&lt;/li&gt;
&lt;li&gt;&lt;code&gt;&lt;/code&gt;&lt;/li&gt;
&lt;li class="selected"&gt;&lt;code&gt;&amp;nbsp;&amp;nbsp;&amp;nbsp;&amp;nbsp;&amp;nbsp;&amp;nbsp;&amp;nbsp;&amp;nbsp;&lt;span&amp;nbsp;style="color:&amp;nbsp;var(--highlight-default)"&gt;$suite&lt;/span&gt;&lt;span&amp;nbsp;style="color:&amp;nbsp;var(--highlight-keyword)"&gt;-&amp;gt;&lt;/span&gt;&lt;span&amp;nbsp;style="color:&amp;nbsp;var(--highlight-default)"&gt;run&lt;/span&gt;&lt;span&amp;nbsp;style="color:&amp;nbsp;var(--highlight-keyword)"&gt;(&lt;/span&gt;&lt;span&amp;nbsp;style="color:&amp;nbsp;var(--highlight-default)"&gt;$result&lt;/span&gt;&lt;span&amp;nbsp;style="color:&amp;nbsp;var(--highlight-keyword)"&gt;);&lt;/span&gt;&lt;/code&gt;&lt;/li&gt;
&lt;li&gt;&lt;code&gt;&lt;/code&gt;&lt;/li&gt;
&lt;li&gt;&lt;code&gt;&amp;nbsp;&amp;nbsp;&amp;nbsp;&amp;nbsp;&amp;nbsp;&amp;nbsp;&amp;nbsp;&amp;nbsp;foreach&amp;nbsp;(&lt;span&amp;nbsp;style="color:&amp;nbsp;var(--highlight-default)"&gt;$this&lt;/span&gt;&lt;span&amp;nbsp;style="color:&amp;nbsp;var(--highlight-keyword)"&gt;-&amp;gt;&lt;/span&gt;&lt;span&amp;nbsp;style="color:&amp;nbsp;var(--highlight-default)"&gt;extensions&amp;nbsp;&lt;/span&gt;&lt;span&amp;nbsp;style="color:&amp;nbsp;var(--highlight-keyword)"&gt;as&amp;nbsp;&lt;/span&gt;&lt;span&amp;nbsp;style="color:&amp;nbsp;var(--highlight-default)"&gt;$extension&lt;/span&gt;&lt;span&amp;nbsp;style="color:&amp;nbsp;var(--highlight-keyword)"&gt;)&amp;nbsp;{&lt;/span&gt;&lt;/code&gt;&lt;/li&gt;
&lt;li&gt;&lt;code&gt;&amp;nbsp;&amp;nbsp;&amp;nbsp;&amp;nbsp;&amp;nbsp;&amp;nbsp;&amp;nbsp;&amp;nbsp;&amp;nbsp;&amp;nbsp;&amp;nbsp;&amp;nbsp;if&amp;nbsp;(&lt;span&amp;nbsp;style="color:&amp;nbsp;var(--highlight-default)"&gt;$extension&amp;nbsp;&lt;/span&gt;&lt;span&amp;nbsp;style="color:&amp;nbsp;var(--highlight-keyword)"&gt;instanceof&amp;nbsp;&lt;/span&gt;&lt;span&amp;nbsp;style="color:&amp;nbsp;var(--highlight-default)"&gt;AfterLastTestHook&lt;/span&gt;&lt;span&amp;nbsp;style="color:&amp;nbsp;var(--highlight-keyword)"&gt;)&amp;nbsp;{&lt;/span&gt;&lt;/code&gt;&lt;/li&gt;
&lt;li&gt;&lt;code&gt;&amp;nbsp;&amp;nbsp;&amp;nbsp;&amp;nbsp;&amp;nbsp;&amp;nbsp;&amp;nbsp;&amp;nbsp;&amp;nbsp;&amp;nbsp;&amp;nbsp;&amp;nbsp;&amp;nbsp;&amp;nbsp;&amp;nbsp;&amp;nbsp;&lt;span&amp;nbsp;style="color:&amp;nbsp;var(--highlight-default)"&gt;$extension&lt;/span&gt;&lt;span&amp;nbsp;style="color:&amp;nbsp;var(--highlight-keyword)"&gt;-&amp;gt;&lt;/span&gt;&lt;span&amp;nbsp;style="color:&amp;nbsp;var(--highlight-default)"&gt;executeAfterLastTest&lt;/span&gt;&lt;span&amp;nbsp;style="color:&amp;nbsp;var(--highlight-keyword)"&gt;();&lt;/span&gt;&lt;/code&gt;&lt;/li&gt;
&lt;li&gt;&lt;code&gt;&amp;nbsp;&amp;nbsp;&amp;nbsp;&amp;nbsp;&amp;nbsp;&amp;nbsp;&amp;nbsp;&amp;nbsp;&amp;nbsp;&amp;nbsp;&amp;nbsp;&amp;nbsp;}&lt;/code&gt;&lt;/li&gt;&lt;/ol&gt;    &lt;/div&gt;            &lt;/div&gt;
                        &lt;div class="trace-line trace-from-vendor"&gt;
                &lt;div class="trace-line-header break-long-words sf-toggle" data-toggle-selector="#trace-html-1-17" data-toggle-initial=""&gt;
            &lt;span class="icon icon-close"&gt;&lt;svg width="1792" height="1792" viewBox="0 0 1792 1792" xmlns="http://www.w3.org/2000/svg"&gt;&lt;path d="M1408 960V832q0-26-19-45t-45-19H448q-26 0-45 19t-19 45v128q0 26 19 45t45 19h896q26 0 45-19t19-45zm256-544v960q0 119-84.5 203.5T1376 1664H416q-119 0-203.5-84.5T128 1376V416q0-119 84.5-203.5T416 128h960q119 0 203.5 84.5T1664 416z"/&gt;&lt;/svg&gt;&lt;/span&gt;
        &lt;span class="icon icon-open"&gt;&lt;svg width="1792" height="1792" viewBox="0 0 1792 1792" xmlns="http://www.w3.org/2000/svg"&gt;&lt;path d="M1408 960V832q0-26-19-45t-45-19h-320V448q0-26-19-45t-45-19H832q-26 0-45 19t-19 45v320H448q-26 0-45 19t-19 45v128q0 26 19 45t45 19h320v320q0 26 19 45t45 19h128q26 0 45-19t19-45v-320h320q26 0 45-19t19-45zm256-544v960q0 119-84.5 203.5T1376 1664H416q-119 0-203.5-84.5T128 1376V416q0-119 84.5-203.5T416 128h960q119 0 203.5 84.5T1664 416z"/&gt;&lt;/svg&gt;&lt;/span&gt;
    
    
                    &lt;span class="block trace-file-path"&gt;
            in
            &lt;a href="file:///home/albinr/dbwebb-kurser/mvc/me/report/vendor/phpunit/phpunit/src/TextUI/Command.php#L146"&gt;
                vendor/phpunit/phpunit/src/TextUI/&lt;strong&gt;Command.php&lt;/strong&gt;
            &lt;/a&gt;
                            &lt;span class="trace-type"&gt;-&gt;&lt;/span&gt;
                &lt;span class="trace-method"&gt;run&lt;/span&gt;
                        (line 146)
            &lt;span class="icon icon-copy hidden" data-clipboard-text="vendor/phpunit/phpunit/src/TextUI/Command.php:146"&gt;
                &lt;svg xmlns="http://www.w3.org/2000/svg" height="24" viewBox="0 0 24 24" width="24"&gt;&lt;path d="M0 0h24v24H0z" fill="none"/&gt;&lt;path d="M16 1H4c-1.1 0-2 .9-2 2v14h2V3h12V1zm3 4H8c-1.1 0-2 .9-2 2v14c0 1.1.9 2 2 2h11c1.1 0 2-.9 2-2V7c0-1.1-.9-2-2-2zm0 16H8V7h11v14z"/&gt;&lt;/svg&gt;            &lt;/span&gt;
        &lt;/span&gt;
    &lt;/div&gt;
    &lt;div id="trace-html-1-17" class="trace-code sf-toggle-content"&gt;
        &lt;ol start="141"&gt;&lt;li&gt;&lt;code&gt;&amp;nbsp;&amp;nbsp;&amp;nbsp;&amp;nbsp;&amp;nbsp;&amp;nbsp;&amp;nbsp;&amp;nbsp;}&lt;/code&gt;&lt;/li&gt;
&lt;li&gt;&lt;code&gt;&lt;/code&gt;&lt;/li&gt;
&lt;li&gt;&lt;code&gt;&amp;nbsp;&amp;nbsp;&amp;nbsp;&amp;nbsp;&amp;nbsp;&amp;nbsp;&amp;nbsp;&amp;nbsp;unset(&lt;span&amp;nbsp;style="color:&amp;nbsp;var(--highlight-default)"&gt;$this&lt;/span&gt;&lt;span&amp;nbsp;style="color:&amp;nbsp;var(--highlight-keyword)"&gt;-&amp;gt;&lt;/span&gt;&lt;span&amp;nbsp;style="color:&amp;nbsp;var(--highlight-default)"&gt;arguments&lt;/span&gt;&lt;span&amp;nbsp;style="color:&amp;nbsp;var(--highlight-keyword)"&gt;[&lt;/span&gt;&lt;span&amp;nbsp;style="color:&amp;nbsp;var(--highlight-string)"&gt;'test'&lt;/span&gt;&lt;span&amp;nbsp;style="color:&amp;nbsp;var(--highlight-keyword)"&gt;],&amp;nbsp;&lt;/span&gt;&lt;span&amp;nbsp;style="color:&amp;nbsp;var(--highlight-default)"&gt;$this&lt;/span&gt;&lt;span&amp;nbsp;style="color:&amp;nbsp;var(--highlight-keyword)"&gt;-&amp;gt;&lt;/span&gt;&lt;span&amp;nbsp;style="color:&amp;nbsp;var(--highlight-default)"&gt;arguments&lt;/span&gt;&lt;span&amp;nbsp;style="color:&amp;nbsp;var(--highlight-keyword)"&gt;[&lt;/span&gt;&lt;span&amp;nbsp;style="color:&amp;nbsp;var(--highlight-string)"&gt;'testFile'&lt;/span&gt;&lt;span&amp;nbsp;style="color:&amp;nbsp;var(--highlight-keyword)"&gt;]);&lt;/span&gt;&lt;/code&gt;&lt;/li&gt;
&lt;li&gt;&lt;code&gt;&lt;/code&gt;&lt;/li&gt;
&lt;li&gt;&lt;code&gt;&amp;nbsp;&amp;nbsp;&amp;nbsp;&amp;nbsp;&amp;nbsp;&amp;nbsp;&amp;nbsp;&amp;nbsp;try&amp;nbsp;{&lt;/code&gt;&lt;/li&gt;
&lt;li class="selected"&gt;&lt;code&gt;&amp;nbsp;&amp;nbsp;&amp;nbsp;&amp;nbsp;&amp;nbsp;&amp;nbsp;&amp;nbsp;&amp;nbsp;&amp;nbsp;&amp;nbsp;&amp;nbsp;&amp;nbsp;&lt;span&amp;nbsp;style="color:&amp;nbsp;var(--highlight-default)"&gt;$result&amp;nbsp;&lt;/span&gt;&lt;span&amp;nbsp;style="color:&amp;nbsp;var(--highlight-keyword)"&gt;=&amp;nbsp;&lt;/span&gt;&lt;span&amp;nbsp;style="color:&amp;nbsp;var(--highlight-default)"&gt;$runner&lt;/span&gt;&lt;span&amp;nbsp;style="color:&amp;nbsp;var(--highlight-keyword)"&gt;-&amp;gt;&lt;/span&gt;&lt;span&amp;nbsp;style="color:&amp;nbsp;var(--highlight-default)"&gt;run&lt;/span&gt;&lt;span&amp;nbsp;style="color:&amp;nbsp;var(--highlight-keyword)"&gt;(&lt;/span&gt;&lt;span&amp;nbsp;style="color:&amp;nbsp;var(--highlight-default)"&gt;$suite&lt;/span&gt;&lt;span&amp;nbsp;style="color:&amp;nbsp;var(--highlight-keyword)"&gt;,&amp;nbsp;&lt;/span&gt;&lt;span&amp;nbsp;style="color:&amp;nbsp;var(--highlight-default)"&gt;$this&lt;/span&gt;&lt;span&amp;nbsp;style="color:&amp;nbsp;var(--highlight-keyword)"&gt;-&amp;gt;&lt;/span&gt;&lt;span&amp;nbsp;style="color:&amp;nbsp;var(--highlight-default)"&gt;arguments&lt;/span&gt;&lt;span&amp;nbsp;style="color:&amp;nbsp;var(--highlight-keyword)"&gt;,&amp;nbsp;&lt;/span&gt;&lt;span&amp;nbsp;style="color:&amp;nbsp;var(--highlight-default)"&gt;$this&lt;/span&gt;&lt;span&amp;nbsp;style="color:&amp;nbsp;var(--highlight-keyword)"&gt;-&amp;gt;&lt;/span&gt;&lt;span&amp;nbsp;style="color:&amp;nbsp;var(--highlight-default)"&gt;warnings&lt;/span&gt;&lt;span&amp;nbsp;style="color:&amp;nbsp;var(--highlight-keyword)"&gt;,&amp;nbsp;&lt;/span&gt;&lt;span&amp;nbsp;style="color:&amp;nbsp;var(--highlight-default)"&gt;$exit&lt;/span&gt;&lt;span&amp;nbsp;style="color:&amp;nbsp;var(--highlight-keyword)"&gt;);&lt;/span&gt;&lt;/code&gt;&lt;/li&gt;
&lt;li&gt;&lt;code&gt;&amp;nbsp;&amp;nbsp;&amp;nbsp;&amp;nbsp;&amp;nbsp;&amp;nbsp;&amp;nbsp;&amp;nbsp;}&amp;nbsp;catch&amp;nbsp;(&lt;span&amp;nbsp;style="color:&amp;nbsp;var(--highlight-default)"&gt;Throwable&amp;nbsp;$t&lt;/span&gt;&lt;span&amp;nbsp;style="color:&amp;nbsp;var(--highlight-keyword)"&gt;)&amp;nbsp;{&lt;/span&gt;&lt;/code&gt;&lt;/li&gt;
&lt;li&gt;&lt;code&gt;&amp;nbsp;&amp;nbsp;&amp;nbsp;&amp;nbsp;&amp;nbsp;&amp;nbsp;&amp;nbsp;&amp;nbsp;&amp;nbsp;&amp;nbsp;&amp;nbsp;&amp;nbsp;print&amp;nbsp;&lt;span&amp;nbsp;style="color:&amp;nbsp;var(--highlight-default)"&gt;$t&lt;/span&gt;&lt;span&amp;nbsp;style="color:&amp;nbsp;var(--highlight-keyword)"&gt;-&amp;gt;&lt;/span&gt;&lt;span&amp;nbsp;style="color:&amp;nbsp;var(--highlight-default)"&gt;getMessage&lt;/span&gt;&lt;span&amp;nbsp;style="color:&amp;nbsp;var(--highlight-keyword)"&gt;()&amp;nbsp;.&amp;nbsp;&lt;/span&gt;&lt;span&amp;nbsp;style="color:&amp;nbsp;var(--highlight-default)"&gt;PHP_EOL&lt;/span&gt;&lt;span&amp;nbsp;style="color:&amp;nbsp;var(--highlight-keyword)"&gt;;&lt;/span&gt;&lt;/code&gt;&lt;/li&gt;
&lt;li&gt;&lt;code&gt;&amp;nbsp;&amp;nbsp;&amp;nbsp;&amp;nbsp;&amp;nbsp;&amp;nbsp;&amp;nbsp;&amp;nbsp;}&lt;/code&gt;&lt;/li&gt;
&lt;li&gt;&lt;code&gt;&lt;/code&gt;&lt;/li&gt;
&lt;li&gt;&lt;code&gt;&amp;nbsp;&amp;nbsp;&amp;nbsp;&amp;nbsp;&amp;nbsp;&amp;nbsp;&amp;nbsp;&amp;nbsp;&lt;span&amp;nbsp;style="color:&amp;nbsp;var(--highlight-default)"&gt;$return&amp;nbsp;&lt;/span&gt;&lt;span&amp;nbsp;style="color:&amp;nbsp;var(--highlight-keyword)"&gt;=&amp;nbsp;&lt;/span&gt;&lt;span&amp;nbsp;style="color:&amp;nbsp;var(--highlight-default)"&gt;TestRunner&lt;/span&gt;&lt;span&amp;nbsp;style="color:&amp;nbsp;var(--highlight-keyword)"&gt;::&lt;/span&gt;&lt;span&amp;nbsp;style="color:&amp;nbsp;var(--highlight-default)"&gt;FAILURE_EXIT&lt;/span&gt;&lt;span&amp;nbsp;style="color:&amp;nbsp;var(--highlight-keyword)"&gt;;&lt;/span&gt;&lt;/code&gt;&lt;/li&gt;&lt;/ol&gt;    &lt;/div&gt;            &lt;/div&gt;
                        &lt;div class="trace-line trace-from-vendor"&gt;
                &lt;div class="trace-line-header break-long-words sf-toggle" data-toggle-selector="#trace-html-1-18" data-toggle-initial=""&gt;
            &lt;span class="icon icon-close"&gt;&lt;svg width="1792" height="1792" viewBox="0 0 1792 1792" xmlns="http://www.w3.org/2000/svg"&gt;&lt;path d="M1408 960V832q0-26-19-45t-45-19H448q-26 0-45 19t-19 45v128q0 26 19 45t45 19h896q26 0 45-19t19-45zm256-544v960q0 119-84.5 203.5T1376 1664H416q-119 0-203.5-84.5T128 1376V416q0-119 84.5-203.5T416 128h960q119 0 203.5 84.5T1664 416z"/&gt;&lt;/svg&gt;&lt;/span&gt;
        &lt;span class="icon icon-open"&gt;&lt;svg width="1792" height="1792" viewBox="0 0 1792 1792" xmlns="http://www.w3.org/2000/svg"&gt;&lt;path d="M1408 960V832q0-26-19-45t-45-19h-320V448q0-26-19-45t-45-19H832q-26 0-45 19t-19 45v320H448q-26 0-45 19t-19 45v128q0 26 19 45t45 19h320v320q0 26 19 45t45 19h128q26 0 45-19t19-45v-320h320q26 0 45-19t19-45zm256-544v960q0 119-84.5 203.5T1376 1664H416q-119 0-203.5-84.5T128 1376V416q0-119 84.5-203.5T416 128h960q119 0 203.5 84.5T1664 416z"/&gt;&lt;/svg&gt;&lt;/span&gt;
    
    
                    &lt;span class="block trace-file-path"&gt;
            in
            &lt;a href="file:///home/albinr/dbwebb-kurser/mvc/me/report/vendor/phpunit/phpunit/src/TextUI/Command.php#L99"&gt;
                vendor/phpunit/phpunit/src/TextUI/&lt;strong&gt;Command.php&lt;/strong&gt;
            &lt;/a&gt;
                            &lt;span class="trace-type"&gt;-&gt;&lt;/span&gt;
                &lt;span class="trace-method"&gt;run&lt;/span&gt;
                        (line 99)
            &lt;span class="icon icon-copy hidden" data-clipboard-text="vendor/phpunit/phpunit/src/TextUI/Command.php:99"&gt;
                &lt;svg xmlns="http://www.w3.org/2000/svg" height="24" viewBox="0 0 24 24" width="24"&gt;&lt;path d="M0 0h24v24H0z" fill="none"/&gt;&lt;path d="M16 1H4c-1.1 0-2 .9-2 2v14h2V3h12V1zm3 4H8c-1.1 0-2 .9-2 2v14c0 1.1.9 2 2 2h11c1.1 0 2-.9 2-2V7c0-1.1-.9-2-2-2zm0 16H8V7h11v14z"/&gt;&lt;/svg&gt;            &lt;/span&gt;
        &lt;/span&gt;
    &lt;/div&gt;
    &lt;div id="trace-html-1-18" class="trace-code sf-toggle-content"&gt;
        &lt;ol start="94"&gt;&lt;li&gt;&lt;code&gt;&amp;nbsp;&amp;nbsp;&amp;nbsp;&amp;nbsp;&amp;nbsp;*&amp;nbsp;@throws&amp;nbsp;Exception&lt;/code&gt;&lt;/li&gt;
&lt;li&gt;&lt;code&gt;&amp;nbsp;&amp;nbsp;&amp;nbsp;&amp;nbsp;&amp;nbsp;*/&lt;/code&gt;&lt;/li&gt;
&lt;li&gt;&lt;code&gt;&amp;nbsp;&amp;nbsp;&amp;nbsp;&amp;nbsp;&lt;span&amp;nbsp;style="color:&amp;nbsp;var(--highlight-keyword)"&gt;public&amp;nbsp;static&amp;nbsp;function&amp;nbsp;&lt;/span&gt;&lt;span&amp;nbsp;style="color:&amp;nbsp;var(--highlight-default)"&gt;main&lt;/span&gt;&lt;span&amp;nbsp;style="color:&amp;nbsp;var(--highlight-keyword)"&gt;(&lt;/span&gt;&lt;span&amp;nbsp;style="color:&amp;nbsp;var(--highlight-default)"&gt;bool&amp;nbsp;$exit&amp;nbsp;&lt;/span&gt;&lt;span&amp;nbsp;style="color:&amp;nbsp;var(--highlight-keyword)"&gt;=&amp;nbsp;&lt;/span&gt;&lt;span&amp;nbsp;style="color:&amp;nbsp;var(--highlight-default)"&gt;true&lt;/span&gt;&lt;span&amp;nbsp;style="color:&amp;nbsp;var(--highlight-keyword)"&gt;):&amp;nbsp;&lt;/span&gt;&lt;span&amp;nbsp;style="color:&amp;nbsp;var(--highlight-default)"&gt;int&lt;/span&gt;&lt;/code&gt;&lt;/li&gt;
&lt;li&gt;&lt;code&gt;&amp;nbsp;&amp;nbsp;&amp;nbsp;&amp;nbsp;&lt;span&amp;nbsp;style="color:&amp;nbsp;var(--highlight-keyword)"&gt;{&lt;/span&gt;&lt;/code&gt;&lt;/li&gt;
&lt;li&gt;&lt;code&gt;&amp;nbsp;&amp;nbsp;&amp;nbsp;&amp;nbsp;&amp;nbsp;&amp;nbsp;&amp;nbsp;&amp;nbsp;try&amp;nbsp;{&lt;/code&gt;&lt;/li&gt;
&lt;li class="selected"&gt;&lt;code&gt;&amp;nbsp;&amp;nbsp;&amp;nbsp;&amp;nbsp;&amp;nbsp;&amp;nbsp;&amp;nbsp;&amp;nbsp;&amp;nbsp;&amp;nbsp;&amp;nbsp;&amp;nbsp;return&amp;nbsp;(new&amp;nbsp;static)-&amp;gt;&lt;span&amp;nbsp;style="color:&amp;nbsp;var(--highlight-default)"&gt;run&lt;/span&gt;&lt;span&amp;nbsp;style="color:&amp;nbsp;var(--highlight-keyword)"&gt;(&lt;/span&gt;&lt;span&amp;nbsp;style="color:&amp;nbsp;var(--highlight-default)"&gt;$_SERVER&lt;/span&gt;&lt;span&amp;nbsp;style="color:&amp;nbsp;var(--highlight-keyword)"&gt;[&lt;/span&gt;&lt;span&amp;nbsp;style="color:&amp;nbsp;var(--highlight-string)"&gt;'argv'&lt;/span&gt;&lt;span&amp;nbsp;style="color:&amp;nbsp;var(--highlight-keyword)"&gt;],&amp;nbsp;&lt;/span&gt;&lt;span&amp;nbsp;style="color:&amp;nbsp;var(--highlight-default)"&gt;$exit&lt;/span&gt;&lt;span&amp;nbsp;style="color:&amp;nbsp;var(--highlight-keyword)"&gt;);&lt;/span&gt;&lt;/code&gt;&lt;/li&gt;
&lt;li&gt;&lt;code&gt;&amp;nbsp;&amp;nbsp;&amp;nbsp;&amp;nbsp;&amp;nbsp;&amp;nbsp;&amp;nbsp;&amp;nbsp;}&amp;nbsp;catch&amp;nbsp;(&lt;span&amp;nbsp;style="color:&amp;nbsp;var(--highlight-default)"&gt;Throwable&amp;nbsp;$t&lt;/span&gt;&lt;span&amp;nbsp;style="color:&amp;nbsp;var(--highlight-keyword)"&gt;)&amp;nbsp;{&lt;/span&gt;&lt;/code&gt;&lt;/li&gt;
&lt;li&gt;&lt;code&gt;&amp;nbsp;&amp;nbsp;&amp;nbsp;&amp;nbsp;&amp;nbsp;&amp;nbsp;&amp;nbsp;&amp;nbsp;&amp;nbsp;&amp;nbsp;&amp;nbsp;&amp;nbsp;throw&amp;nbsp;new&amp;nbsp;&lt;span&amp;nbsp;style="color:&amp;nbsp;var(--highlight-default)"&gt;RuntimeException&lt;/span&gt;&lt;span&amp;nbsp;style="color:&amp;nbsp;var(--highlight-keyword)"&gt;(&lt;/span&gt;&lt;/code&gt;&lt;/li&gt;
&lt;li&gt;&lt;code&gt;&amp;nbsp;&amp;nbsp;&amp;nbsp;&amp;nbsp;&amp;nbsp;&amp;nbsp;&amp;nbsp;&amp;nbsp;&amp;nbsp;&amp;nbsp;&amp;nbsp;&amp;nbsp;&amp;nbsp;&amp;nbsp;&amp;nbsp;&amp;nbsp;&lt;span&amp;nbsp;style="color:&amp;nbsp;var(--highlight-default)"&gt;$t&lt;/span&gt;&lt;span&amp;nbsp;style="color:&amp;nbsp;var(--highlight-keyword)"&gt;-&amp;gt;&lt;/span&gt;&lt;span&amp;nbsp;style="color:&amp;nbsp;var(--highlight-default)"&gt;getMessage&lt;/span&gt;&lt;span&amp;nbsp;style="color:&amp;nbsp;var(--highlight-keyword)"&gt;(),&lt;/span&gt;&lt;/code&gt;&lt;/li&gt;
&lt;li&gt;&lt;code&gt;&amp;nbsp;&amp;nbsp;&amp;nbsp;&amp;nbsp;&amp;nbsp;&amp;nbsp;&amp;nbsp;&amp;nbsp;&amp;nbsp;&amp;nbsp;&amp;nbsp;&amp;nbsp;&amp;nbsp;&amp;nbsp;&amp;nbsp;&amp;nbsp;(int)&amp;nbsp;&lt;span&amp;nbsp;style="color:&amp;nbsp;var(--highlight-default)"&gt;$t&lt;/span&gt;&lt;span&amp;nbsp;style="color:&amp;nbsp;var(--highlight-keyword)"&gt;-&amp;gt;&lt;/span&gt;&lt;span&amp;nbsp;style="color:&amp;nbsp;var(--highlight-default)"&gt;getCode&lt;/span&gt;&lt;span&amp;nbsp;style="color:&amp;nbsp;var(--highlight-keyword)"&gt;(),&lt;/span&gt;&lt;/code&gt;&lt;/li&gt;
&lt;li&gt;&lt;code&gt;&amp;nbsp;&amp;nbsp;&amp;nbsp;&amp;nbsp;&amp;nbsp;&amp;nbsp;&amp;nbsp;&amp;nbsp;&amp;nbsp;&amp;nbsp;&amp;nbsp;&amp;nbsp;&amp;nbsp;&amp;nbsp;&amp;nbsp;&amp;nbsp;&lt;span&amp;nbsp;style="color:&amp;nbsp;var(--highlight-default)"&gt;$t&lt;/span&gt;&lt;span&amp;nbsp;style="color:&amp;nbsp;var(--highlight-keyword)"&gt;,&lt;/span&gt;&lt;/code&gt;&lt;/li&gt;&lt;/ol&gt;    &lt;/div&gt;            &lt;/div&gt;
                        &lt;div class="trace-line trace-from-vendor"&gt;
                &lt;div class="trace-line-header break-long-words sf-toggle" data-toggle-selector="#trace-html-1-19" data-toggle-initial=""&gt;
            &lt;span class="icon icon-close"&gt;&lt;svg width="1792" height="1792" viewBox="0 0 1792 1792" xmlns="http://www.w3.org/2000/svg"&gt;&lt;path d="M1408 960V832q0-26-19-45t-45-19H448q-26 0-45 19t-19 45v128q0 26 19 45t45 19h896q26 0 45-19t19-45zm256-544v960q0 119-84.5 203.5T1376 1664H416q-119 0-203.5-84.5T128 1376V416q0-119 84.5-203.5T416 128h960q119 0 203.5 84.5T1664 416z"/&gt;&lt;/svg&gt;&lt;/span&gt;
        &lt;span class="icon icon-open"&gt;&lt;svg width="1792" height="1792" viewBox="0 0 1792 1792" xmlns="http://www.w3.org/2000/svg"&gt;&lt;path d="M1408 960V832q0-26-19-45t-45-19h-320V448q0-26-19-45t-45-19H832q-26 0-45 19t-19 45v320H448q-26 0-45 19t-19 45v128q0 26 19 45t45 19h320v320q0 26 19 45t45 19h128q26 0 45-19t19-45v-320h320q26 0 45-19t19-45zm256-544v960q0 119-84.5 203.5T1376 1664H416q-119 0-203.5-84.5T128 1376V416q0-119 84.5-203.5T416 128h960q119 0 203.5 84.5T1664 416z"/&gt;&lt;/svg&gt;&lt;/span&gt;
    
    
                    &lt;span class="block trace-file-path"&gt;
            in
            &lt;a href="file:///home/albinr/dbwebb-kurser/mvc/me/report/vendor/phpunit/phpunit/phpunit#L107"&gt;
                vendor/phpunit/phpunit/&lt;strong&gt;phpunit&lt;/strong&gt;
            &lt;/a&gt;
                            &lt;span class="trace-type"&gt;::&lt;/span&gt;
                &lt;span class="trace-method"&gt;main&lt;/span&gt;
                        (line 107)
            &lt;span class="icon icon-copy hidden" data-clipboard-text="vendor/phpunit/phpunit/phpunit:107"&gt;
                &lt;svg xmlns="http://www.w3.org/2000/svg" height="24" viewBox="0 0 24 24" width="24"&gt;&lt;path d="M0 0h24v24H0z" fill="none"/&gt;&lt;path d="M16 1H4c-1.1 0-2 .9-2 2v14h2V3h12V1zm3 4H8c-1.1 0-2 .9-2 2v14c0 1.1.9 2 2 2h11c1.1 0 2-.9 2-2V7c0-1.1-.9-2-2-2zm0 16H8V7h11v14z"/&gt;&lt;/svg&gt;            &lt;/span&gt;
        &lt;/span&gt;
    &lt;/div&gt;
    &lt;div id="trace-html-1-19" class="trace-code sf-toggle-content"&gt;
        &lt;ol start="102"&gt;&lt;li&gt;&lt;code&gt;unset(&lt;span&amp;nbsp;style="color:&amp;nbsp;var(--highlight-default)"&gt;$options&lt;/span&gt;&lt;span&amp;nbsp;style="color:&amp;nbsp;var(--highlight-keyword)"&gt;);&lt;/span&gt;&lt;/code&gt;&lt;/li&gt;
&lt;li&gt;&lt;code&gt;&lt;/code&gt;&lt;/li&gt;
&lt;li&gt;&lt;code&gt;require&amp;nbsp;&lt;span&amp;nbsp;style="color:&amp;nbsp;var(--highlight-default)"&gt;PHPUNIT_COMPOSER_INSTALL&lt;/span&gt;&lt;span&amp;nbsp;style="color:&amp;nbsp;var(--highlight-keyword)"&gt;;&lt;/span&gt;&lt;/code&gt;&lt;/li&gt;
&lt;li&gt;&lt;code&gt;&lt;/code&gt;&lt;/li&gt;
&lt;li&gt;&lt;code&gt;&lt;span&amp;nbsp;style="color:&amp;nbsp;var(--highlight-default)"&gt;PHPUnit\TextUI\Command&lt;/span&gt;&lt;span&amp;nbsp;style="color:&amp;nbsp;var(--highlight-keyword)"&gt;::&lt;/span&gt;&lt;span&amp;nbsp;style="color:&amp;nbsp;var(--highlight-default)"&gt;main&lt;/span&gt;&lt;span&amp;nbsp;style="color:&amp;nbsp;var(--highlight-keyword)"&gt;();&lt;/span&gt;&lt;/code&gt;&lt;/li&gt;
&lt;li class="selected"&gt;&lt;code&gt;&lt;/code&gt;&lt;/li&gt;&lt;/ol&gt;    &lt;/div&gt;            &lt;/div&gt;
                        &lt;div class="trace-line trace-from-vendor"&gt;
                &lt;div class="trace-line-header break-long-words sf-toggle" data-toggle-selector="#trace-html-1-20" data-toggle-initial=""&gt;
            &lt;span class="icon icon-close"&gt;&lt;svg width="1792" height="1792" viewBox="0 0 1792 1792" xmlns="http://www.w3.org/2000/svg"&gt;&lt;path d="M1408 960V832q0-26-19-45t-45-19H448q-26 0-45 19t-19 45v128q0 26 19 45t45 19h896q26 0 45-19t19-45zm256-544v960q0 119-84.5 203.5T1376 1664H416q-119 0-203.5-84.5T128 1376V416q0-119 84.5-203.5T416 128h960q119 0 203.5 84.5T1664 416z"/&gt;&lt;/svg&gt;&lt;/span&gt;
        &lt;span class="icon icon-open"&gt;&lt;svg width="1792" height="1792" viewBox="0 0 1792 1792" xmlns="http://www.w3.org/2000/svg"&gt;&lt;path d="M1408 960V832q0-26-19-45t-45-19h-320V448q0-26-19-45t-45-19H832q-26 0-45 19t-19 45v320H448q-26 0-45 19t-19 45v128q0 26 19 45t45 19h320v320q0 26 19 45t45 19h128q26 0 45-19t19-45v-320h320q26 0 45-19t19-45zm256-544v960q0 119-84.5 203.5T1376 1664H416q-119 0-203.5-84.5T128 1376V416q0-119 84.5-203.5T416 128h960q119 0 203.5 84.5T1664 416z"/&gt;&lt;/svg&gt;&lt;/span&gt;
    
    
                    &lt;span class="block trace-file-path"&gt;
            in
            &lt;a href="file:///home/albinr/dbwebb-kurser/mvc/me/report/vendor/bin/phpunit#L122"&gt;
                vendor/bin/&lt;strong&gt;phpunit&lt;/strong&gt;
            &lt;/a&gt;
                            &lt;span class="trace-type"&gt;&lt;/span&gt;
                &lt;span class="trace-method"&gt;include&lt;/span&gt;
                        (line 122)
            &lt;span class="icon icon-copy hidden" data-clipboard-text="vendor/bin/phpunit:122"&gt;
                &lt;svg xmlns="http://www.w3.org/2000/svg" height="24" viewBox="0 0 24 24" width="24"&gt;&lt;path d="M0 0h24v24H0z" fill="none"/&gt;&lt;path d="M16 1H4c-1.1 0-2 .9-2 2v14h2V3h12V1zm3 4H8c-1.1 0-2 .9-2 2v14c0 1.1.9 2 2 2h11c1.1 0 2-.9 2-2V7c0-1.1-.9-2-2-2zm0 16H8V7h11v14z"/&gt;&lt;/svg&gt;            &lt;/span&gt;
        &lt;/span&gt;
    &lt;/div&gt;
    &lt;div id="trace-html-1-20" class="trace-code sf-toggle-content"&gt;
        &lt;ol start="117"&gt;&lt;li&gt;&lt;code&gt;&amp;nbsp;&amp;nbsp;&amp;nbsp;&amp;nbsp;&amp;nbsp;&amp;nbsp;&amp;nbsp;&amp;nbsp;return&amp;nbsp;include(&lt;span&amp;nbsp;style="color:&amp;nbsp;var(--highlight-string)"&gt;"phpvfscomposer://"&amp;nbsp;&lt;/span&gt;&lt;span&amp;nbsp;style="color:&amp;nbsp;var(--highlight-keyword)"&gt;.&amp;nbsp;&lt;/span&gt;&lt;span&amp;nbsp;style="color:&amp;nbsp;var(--highlight-default)"&gt;__DIR__&amp;nbsp;&lt;/span&gt;&lt;span&amp;nbsp;style="color:&amp;nbsp;var(--highlight-keyword)"&gt;.&amp;nbsp;&lt;/span&gt;&lt;span&amp;nbsp;style="color:&amp;nbsp;var(--highlight-string)"&gt;'/..'&lt;/span&gt;&lt;span&amp;nbsp;style="color:&amp;nbsp;var(--highlight-keyword)"&gt;.&lt;/span&gt;&lt;span&amp;nbsp;style="color:&amp;nbsp;var(--highlight-string)"&gt;'/phpunit/phpunit/phpunit'&lt;/span&gt;&lt;span&amp;nbsp;style="color:&amp;nbsp;var(--highlight-keyword)"&gt;);&lt;/span&gt;&lt;/code&gt;&lt;/li&gt;
&lt;li&gt;&lt;code&gt;&amp;nbsp;&amp;nbsp;&amp;nbsp;&amp;nbsp;}&lt;/code&gt;&lt;/li&gt;
&lt;li&gt;&lt;code&gt;}&lt;/code&gt;&lt;/li&gt;
&lt;li&gt;&lt;code&gt;&lt;/code&gt;&lt;/li&gt;
&lt;li&gt;&lt;code&gt;return&amp;nbsp;include&amp;nbsp;&lt;span&amp;nbsp;style="color:&amp;nbsp;var(--highlight-default)"&gt;__DIR__&amp;nbsp;&lt;/span&gt;&lt;span&amp;nbsp;style="color:&amp;nbsp;var(--highlight-keyword)"&gt;.&amp;nbsp;&lt;/span&gt;&lt;span&amp;nbsp;style="color:&amp;nbsp;var(--highlight-string)"&gt;'/..'&lt;/span&gt;&lt;span&amp;nbsp;style="color:&amp;nbsp;var(--highlight-keyword)"&gt;.&lt;/span&gt;&lt;span&amp;nbsp;style="color:&amp;nbsp;var(--highlight-string)"&gt;'/phpunit/phpunit/phpunit'&lt;/span&gt;&lt;span&amp;nbsp;style="color:&amp;nbsp;var(--highlight-keyword)"&gt;;&lt;/span&gt;&lt;/code&gt;&lt;/li&gt;
&lt;li class="selected"&gt;&lt;code&gt;&lt;/code&gt;&lt;/li&gt;&lt;/ol&gt;    &lt;/div&gt;            &lt;/div&gt;
                    &lt;/div&gt;
    &lt;/div&gt;
&lt;/div&gt;            &lt;/div&gt;
        &lt;/div&gt;

        
        &lt;div class="tab"&gt;
            &lt;h3 class="tab-title"&gt;
                                    Stack Trace
                            &lt;/h3&gt;

            &lt;div class="tab-content"&gt;
                &lt;table class="trace trace-as-text"&gt;
    &lt;thead class="trace-head"&gt;
        &lt;tr&gt;
            &lt;th class="sf-toggle" data-toggle-selector="#trace-text-1" data-toggle-initial="display"&gt;
                &lt;div class="trace-class"&gt;
                                        ArgumentCountError                    &lt;span class="icon icon-close"&gt;&lt;svg width="1792" height="1792" viewBox="0 0 1792 1792" xmlns="http://www.w3.org/2000/svg"&gt;&lt;path d="M1344 800v64q0 14-9 23t-23 9H480q-14 0-23-9t-9-23v-64q0-14 9-23t23-9h832q14 0 23 9t9 23zm128 448V416q0-66-47-113t-113-47H480q-66 0-113 47t-47 113v832q0 66 47 113t113 47h832q66 0 113-47t47-113zm128-832v832q0 119-84.5 203.5T1312 1536H480q-119 0-203.5-84.5T192 1248V416q0-119 84.5-203.5T480 128h832q119 0 203.5 84.5T1600 416z"/&gt;&lt;/svg&gt;&lt;/span&gt;
                    &lt;span class="icon icon-open"&gt;&lt;svg width="1792" height="1792" viewBox="0 0 1792 1792" xmlns="http://www.w3.org/2000/svg"&gt;&lt;path d="M1344 800v64q0 14-9 23t-23 9H960v352q0 14-9 23t-23 9h-64q-14 0-23-9t-9-23V896H480q-14 0-23-9t-9-23v-64q0-14 9-23t23-9h352V416q0-14 9-23t23-9h64q14 0 23 9t9 23v352h352q14 0 23 9t9 23zm128 448V416q0-66-47-113t-113-47H480q-66 0-113 47t-47 113v832q0 66 47 113t113 47h832q66 0 113-47t47-113zm128-832v832q0 119-84.5 203.5T1312 1536H480q-119 0-203.5-84.5T192 1248V416q0-119 84.5-203.5T480 128h832q119 0 203.5 84.5T1600 416z"/&gt;&lt;/svg&gt;&lt;/span&gt;
                &lt;/div&gt;
            &lt;/th&gt;
        &lt;/tr&gt;
    &lt;/thead&gt;

    &lt;tbody id="trace-text-1"&gt;
        &lt;tr&gt;
            &lt;td&gt;
                                &lt;pre class="stacktrace"&gt;
ArgumentCountError:
Too few arguments to function App\Card\Player::getHand(), 0 passed in /home/albinr/dbwebb-kurser/mvc/me/report/src/Controller/ApiBlackJackController.php on line 45 and exactly 1 expected

  at src/Card/Player.php:49
  at App\Card\Player-&amp;gt;getHand()
     (src/Controller/ApiBlackJackController.php:45)
  at App\Controller\ApiBlackJackController-&amp;gt;apiGameSetup()
     (vendor/symfony/http-kernel/HttpKernel.php:178)
  at Symfony\Component\HttpKernel\HttpKernel-&amp;gt;handleRaw()
     (vendor/symfony/http-kernel/HttpKernel.php:76)
  at Symfony\Component\HttpKernel\HttpKernel-&amp;gt;handle()
     (vendor/symfony/http-kernel/Kernel.php:185)
  at Symfony\Component\HttpKernel\Kernel-&amp;gt;handle()
     (vendor/symfony/http-kernel/HttpKernelBrowser.php:61)
  at Symfony\Component\HttpKernel\HttpKernelBrowser-&amp;gt;doRequest()
     (vendor/symfony/framework-bundle/KernelBrowser.php:157)
  at Symfony\Bundle\FrameworkBundle\KernelBrowser-&amp;gt;doRequest()
     (vendor/symfony/browser-kit/AbstractBrowser.php:369)
  at Symfony\Component\BrowserKit\AbstractBrowser-&amp;gt;request()
     (tests/Controller/ApiBlackJackControllerTest.php:13)
  at App\Tests\Controller\ApiBlackJackControllerTest-&amp;gt;testApiBlackJackSetup()
     (vendor/phpunit/phpunit/src/Framework/TestCase.php:1617)
  at PHPUnit\Framework\TestCase-&amp;gt;runTest()
     (vendor/phpunit/phpunit/src/Framework/TestCase.php:1223)
  at PHPUnit\Framework\TestCase-&amp;gt;runBare()
     (vendor/phpunit/phpunit/src/Framework/TestResult.php:729)
  at PHPUnit\Framework\TestResult-&amp;gt;run()
     (vendor/phpunit/phpunit/src/Framework/TestCase.php:973)
  at PHPUnit\Framework\TestCase-&amp;gt;run()
     (vendor/phpunit/phpunit/src/Framework/TestSuite.php:685)
  at PHPUnit\Framework\TestSuite-&amp;gt;run()
     (vendor/phpunit/phpunit/src/Framework/TestSuite.php:685)
  at PHPUnit\Framework\TestSuite-&amp;gt;run()
     (vendor/phpunit/phpunit/src/Framework/TestSuite.php:685)
  at PHPUnit\Framework\TestSuite-&amp;gt;run()
     (vendor/phpunit/phpunit/src/TextUI/TestRunner.php:651)
  at PHPUnit\TextUI\TestRunner-&amp;gt;run()
     (vendor/phpunit/phpunit/src/TextUI/Command.php:146)
  at PHPUnit\TextUI\Command-&amp;gt;run()
     (vendor/phpunit/phpunit/src/TextUI/Command.php:99)
  at PHPUnit\TextUI\Command::main()
     (vendor/phpunit/phpunit/phpunit:107)
  at include('/home/albinr/dbwebb-kurser/mvc/me/report/vendor/phpunit/phpunit/phpunit')
     (vendor/bin/phpunit:122)                &lt;/pre&gt;
                            &lt;/td&gt;
        &lt;/tr&gt;
    &lt;/tbody&gt;
&lt;/table&gt;            &lt;/div&gt;
        &lt;/div&gt;

            &lt;/div&gt;
&lt;/div&gt;
        &lt;script&gt;
            /* This file is based on WebProfilerBundle/Resources/views/Profiler/base_js.html.twig.
   If you make any change in this file, verify the same change is needed in the other file. */
/*&lt;![CDATA[*/
(function() {
    "use strict";

    if ('classList' in document.documentElement) {
        var hasClass = function (el, cssClass) { return el.classList.contains(cssClass); };
        var removeClass = function(el, cssClass) { el.classList.remove(cssClass); };
        var addClass = function(el, cssClass) { el.classList.add(cssClass); };
        var toggleClass = function(el, cssClass) { el.classList.toggle(cssClass); };
    } else {
        var hasClass = function (el, cssClass) { return el.className.match(new RegExp('\\b' + cssClass + '\\b')); };
        var removeClass = function(el, cssClass) { el.className = el.className.replace(new RegExp('\\b' + cssClass + '\\b'), ' '); };
        var addClass = function(el, cssClass) { if (!hasClass(el, cssClass)) { el.className += " " + cssClass; } };
        var toggleClass = function(el, cssClass) { hasClass(el, cssClass) ? removeClass(el, cssClass) : addClass(el, cssClass); };
    }

    var addEventListener;

    var el = document.createElement('div');
    if (!('addEventListener' in el)) {
        addEventListener = function (element, eventName, callback) {
            element.attachEvent('on' + eventName, callback);
        };
    } else {
        addEventListener = function (element, eventName, callback) {
            element.addEventListener(eventName, callback, false);
        };
    }

    if (navigator.clipboard) {
        document.querySelectorAll('[data-clipboard-text]').forEach(function(element) {
            removeClass(element, 'hidden');
            element.addEventListener('click', function() {
                navigator.clipboard.writeText(element.getAttribute('data-clipboard-text'));
            })
        });
    }

    (function createTabs() {
        /* the accessibility options of this component have been defined according to: */
        /* www.w3.org/WAI/ARIA/apg/example-index/tabs/tabs-manual.html */
        var tabGroups = document.querySelectorAll('.sf-tabs:not([data-processed=true])');

        /* create the tab navigation for each group of tabs */
        for (var i = 0; i &lt; tabGroups.length; i++) {
            var tabs = tabGroups[i].querySelectorAll(':scope &gt; .tab');
            var tabNavigation = document.createElement('div');
            tabNavigation.className = 'tab-navigation';
            tabNavigation.setAttribute('role', 'tablist');

            var selectedTabId = 'tab-' + i + '-0'; /* select the first tab by default */
            for (var j = 0; j &lt; tabs.length; j++) {
                var tabId = 'tab-' + i + '-' + j;
                var tabTitle = tabs[j].querySelector('.tab-title').innerHTML;

                var tabNavigationItem = document.createElement('button');
                addClass(tabNavigationItem, 'tab-control');
                tabNavigationItem.setAttribute('data-tab-id', tabId);
                tabNavigationItem.setAttribute('role', 'tab');
                tabNavigationItem.setAttribute('aria-controls', tabId);
                if (hasClass(tabs[j], 'active')) { selectedTabId = tabId; }
                if (hasClass(tabs[j], 'disabled')) {
                    addClass(tabNavigationItem, 'disabled');
                }
                tabNavigationItem.innerHTML = tabTitle;
                tabNavigation.appendChild(tabNavigationItem);

                var tabContent = tabs[j].querySelector('.tab-content');
                tabContent.parentElement.setAttribute('id', tabId);
            }

            tabGroups[i].insertBefore(tabNavigation, tabGroups[i].firstChild);
            addClass(document.querySelector('[data-tab-id="' + selectedTabId + '"]'), 'active');
        }

        /* display the active tab and add the 'click' event listeners */
        for (i = 0; i &lt; tabGroups.length; i++) {
            tabNavigation = tabGroups[i].querySelectorAll(':scope &gt; .tab-navigation .tab-control');

            for (j = 0; j &lt; tabNavigation.length; j++) {
                tabId = tabNavigation[j].getAttribute('data-tab-id');
                var tabPanel = document.getElementById(tabId);
                tabPanel.setAttribute('role', 'tabpanel');
                tabPanel.setAttribute('aria-labelledby', tabId);
                tabPanel.querySelector('.tab-title').className = 'hidden';

                if (hasClass(tabNavigation[j], 'active')) {
                    tabPanel.className = 'block';
                    tabNavigation[j].setAttribute('aria-selected', 'true');
                    tabNavigation[j].removeAttribute('tabindex');
                } else {
                    tabPanel.className = 'hidden';
                    tabNavigation[j].removeAttribute('aria-selected');
                    tabNavigation[j].setAttribute('tabindex', '-1');
                }

                tabNavigation[j].addEventListener('click', function(e) {
                    var activeTab = e.target || e.srcElement;

                    /* needed because when the tab contains HTML contents, user can click */
                    /* on any of those elements instead of their parent '&lt;button&gt;' element */
                    while (activeTab.tagName.toLowerCase() !== 'button') {
                        activeTab = activeTab.parentNode;
                    }

                    /* get the full list of tabs through the parent of the active tab element */
                    var tabNavigation = activeTab.parentNode.children;
                    for (var k = 0; k &lt; tabNavigation.length; k++) {
                        var tabId = tabNavigation[k].getAttribute('data-tab-id');
                        document.getElementById(tabId).className = 'hidden';
                        removeClass(tabNavigation[k], 'active');
                        tabNavigation[k].removeAttribute('aria-selected');
                        tabNavigation[k].setAttribute('tabindex', '-1');
                    }

                    addClass(activeTab, 'active');
                    activeTab.setAttribute('aria-selected', 'true');
                    activeTab.removeAttribute('tabindex');
                    var activeTabId = activeTab.getAttribute('data-tab-id');
                    document.getElementById(activeTabId).className = 'block';
                });
            }

            tabGroups[i].setAttribute('data-processed', 'true');
        }
    })();

    (function createToggles() {
        var toggles = document.querySelectorAll('.sf-toggle:not([data-processed=true])');

        for (var i = 0; i &lt; toggles.length; i++) {
            var elementSelector = toggles[i].getAttribute('data-toggle-selector');
            var element = document.querySelector(elementSelector);

            addClass(element, 'sf-toggle-content');

            if (toggles[i].hasAttribute('data-toggle-initial') &amp;&amp; toggles[i].getAttribute('data-toggle-initial') == 'display') {
                addClass(toggles[i], 'sf-toggle-on');
                addClass(element, 'sf-toggle-visible');
            } else {
                addClass(toggles[i], 'sf-toggle-off');
                addClass(element, 'sf-toggle-hidden');
            }

            addEventListener(toggles[i], 'click', function(e) {
                e.preventDefault();

                if ('' !== window.getSelection().toString()) {
                    /* Don't do anything on text selection */
                    return;
                }

                var toggle = e.target || e.srcElement;

                /* needed because when the toggle contains HTML contents, user can click */
                /* on any of those elements instead of their parent '.sf-toggle' element */
                while (!hasClass(toggle, 'sf-toggle')) {
                    toggle = toggle.parentNode;
                }

                var element = document.querySelector(toggle.getAttribute('data-toggle-selector'));

                toggleClass(toggle, 'sf-toggle-on');
                toggleClass(toggle, 'sf-toggle-off');
                toggleClass(element, 'sf-toggle-hidden');
                toggleClass(element, 'sf-toggle-visible');

                /* the toggle doesn't change its contents when clicking on it */
                if (!toggle.hasAttribute('data-toggle-alt-content')) {
                    return;
                }

                if (!toggle.hasAttribute('data-toggle-original-content')) {
                    toggle.setAttribute('data-toggle-original-content', toggle.innerHTML);
                }

                var currentContent = toggle.innerHTML;
                var originalContent = toggle.getAttribute('data-toggle-original-content');
                var altContent = toggle.getAttribute('data-toggle-alt-content');
                toggle.innerHTML = currentContent !== altContent ? altContent : originalContent;
            });

            /* Prevents from disallowing clicks on links inside toggles */
            var toggleLinks = toggles[i].querySelectorAll('a');
            for (var j = 0; j &lt; toggleLinks.length; j++) {
                addEventListener(toggleLinks[j], 'click', function(e) {
                    e.stopPropagation();
                });
            }

            /* Prevents from disallowing clicks on "copy to clipboard" elements inside toggles */
            var copyToClipboardElements = toggles[i].querySelectorAll('span[data-clipboard-text]');
            for (var k = 0; k &lt; copyToClipboardElements.length; k++) {
                addEventListener(copyToClipboardElements[k], 'click', function(e) {
                    e.stopPropagation();
                });
            }

            toggles[i].setAttribute('data-processed', 'true');
        }
    })();

    (function createFilters() {
        document.querySelectorAll('[data-filters] [data-filter]').forEach(function (filter) {
            var filters = filter.closest('[data-filters]'),
                type = 'choice',
                name = filter.dataset.filter,
                ucName = name.charAt(0).toUpperCase()+name.slice(1),
                list = document.createElement('ul'),
                values = filters.dataset['filter'+ucName] || filters.querySelectorAll('[data-filter-'+name+']'),
                labels = {},
                defaults = null,
                indexed = {},
                processed = {};
            if (typeof values === 'string') {
                type = 'level';
                labels = values.split(',');
                values = values.toLowerCase().split(',');
                defaults = values.length - 1;
            }
            addClass(list, 'filter-list');
            addClass(list, 'filter-list-'+type);
            values.forEach(function (value, i) {
                if (value instanceof HTMLElement) {
                    value = value.dataset['filter'+ucName];
                }
                if (value in processed) {
                    return;
                }
                var option = document.createElement('li'),
                    label = i in labels ? labels[i] : value,
                    active = false,
                    matches;
                if ('' === label) {
                    option.innerHTML = '&lt;em&gt;(none)&lt;/em&gt;';
                } else {
                    option.innerText = label;
                }
                option.dataset.filter = value;
                option.setAttribute('title', 1 === (matches = filters.querySelectorAll('[data-filter-'+name+'="'+value+'"]').length) ? 'Matches 1 row' : 'Matches '+matches+' rows');
                indexed[value] = i;
                list.appendChild(option);
                addEventListener(option, 'click', function () {
                    if ('choice' === type) {
                        filters.querySelectorAll('[data-filter-'+name+']').forEach(function (row) {
                            if (option.dataset.filter === row.dataset['filter'+ucName]) {
                                toggleClass(row, 'filter-hidden-'+name);
                            }
                        });
                        toggleClass(option, 'active');
                    } else if ('level' === type) {
                        if (i === this.parentNode.querySelectorAll('.active').length - 1) {
                            return;
                        }
                        this.parentNode.querySelectorAll('li').forEach(function (currentOption, j) {
                            if (j &lt;= i) {
                                addClass(currentOption, 'active');
                                if (i === j) {
                                    addClass(currentOption, 'last-active');
                                } else {
                                    removeClass(currentOption, 'last-active');
                                }
                            } else {
                                removeClass(currentOption, 'active');
                                removeClass(currentOption, 'last-active');
                            }
                        });
                        filters.querySelectorAll('[data-filter-'+name+']').forEach(function (row) {
                            if (i &lt; indexed[row.dataset['filter'+ucName]]) {
                                addClass(row, 'filter-hidden-'+name);
                            } else {
                                removeClass(row, 'filter-hidden-'+name);
                            }
                        });
                    }
                });
                if ('choice' === type) {
                    active = null === defaults || 0 &lt;= defaults.indexOf(value);
                } else if ('level' === type) {
                    active = i &lt;= defaults;
                    if (active &amp;&amp; i === defaults) {
                        addClass(option, 'last-active');
                    }
                }
                if (active) {
                    addClass(option, 'active');
                } else {
                    filters.querySelectorAll('[data-filter-'+name+'="'+value+'"]').forEach(function (row) {
                        toggleClass(row, 'filter-hidden-'+name);
                    });
                }
                processed[value] = true;
            });

            if (1 &lt; list.childNodes.length) {
                filter.appendChild(list);
                filter.dataset.filtered = '';
            }
        });
    })();
})();
/*]]&gt;*/        &lt;/script&gt;
    &lt;/body&gt;
&lt;/html&gt;
&lt;!-- Too few arguments to function App\Card\Player::getHand(), 0 passed in /home/albinr/dbwebb-kurser/mvc/me/report/src/Controller/ApiBlackJackController.php on line 45 and exactly 1 expected (500 Internal Server Error) --&gt;

/home/albinr/dbwebb-kurser/mvc/me/report/vendor/symfony/framework-bundle/Test/BrowserKitAssertionsTrait.php:148
/home/albinr/dbwebb-kurser/mvc/me/report/vendor/symfony/framework-bundle/Test/BrowserKitAssertionsTrait.php:33
/home/albinr/dbwebb-kurser/mvc/me/report/tests/Controller/ApiBlackJackControllerTest.php:15</failure>
        </testcase>
        <testcase name="testApiBlackJackStatusNoGame" class="App\Tests\Controller\ApiBlackJackControllerTest" classname="App.Tests.Controller.ApiBlackJackControllerTest" file="/home/albinr/dbwebb-kurser/mvc/me/report/tests/Controller/ApiBlackJackControllerTest.php" line="26" assertions="3" time="0.011705"/>
        <testcase name="testApiBlackJackStatusWithGame" class="App\Tests\Controller\ApiBlackJackControllerTest" classname="App.Tests.Controller.ApiBlackJackControllerTest" file="/home/albinr/dbwebb-kurser/mvc/me/report/tests/Controller/ApiBlackJackControllerTest.php" line="41" assertions="1" time="0.424525">
          <failure type="PHPUnit\Framework\ExpectationFailedException">App\Tests\Controller\ApiBlackJackControllerTest::testApiBlackJackStatusWithGame
Failed asserting that the Response is successful.
HTTP/1.1 500 Internal Server Error&#13;
Cache-Control:          max-age=0, must-revalidate, private&#13;
Content-Type:           text/html; charset=UTF-8&#13;
Date:                   Mon, 26 Aug 2024 20:20:49 GMT&#13;
Expires:                Mon, 26 Aug 2024 20:20:49 GMT&#13;
Vary:                   Accept&#13;
X-Debug-Exception:      Attempted%20to%20call%20an%20undefined%20method%20named%20%22getPlayerScore%22%20of%20class%20%22App%5CCard%5CBlackJack%22.%0ADid%20you%20mean%20to%20call%20%22getPlayerHandScore%22%3F&#13;
X-Debug-Exception-File: %2Fhome%2Falbinr%2Fdbwebb-kurser%2Fmvc%2Fme%2Freport%2Fsrc%2FController%2FApiBlackJackController.php:79&#13;
X-Robots-Tag:           noindex&#13;
&#13;
&lt;!-- Attempted to call an undefined method named &amp;quot;getPlayerScore&amp;quot; of class &amp;quot;App\Card\BlackJack&amp;quot;.
Did you mean to call &amp;quot;getPlayerHandScore&amp;quot;? (500 Internal Server Error) --&gt;
&lt;!DOCTYPE html&gt;
&lt;html lang="en"&gt;
    &lt;head&gt;
        &lt;meta charset="UTF-8" /&gt;
        &lt;meta name="robots" content="noindex,nofollow" /&gt;
        &lt;meta name="viewport" content="width=device-width,initial-scale=1" /&gt;
        &lt;title&gt;Attempted to call an undefined method named &amp;quot;getPlayerScore&amp;quot; of class &amp;quot;App\Card\BlackJack&amp;quot;.
Did you mean to call &amp;quot;getPlayerHandScore&amp;quot;? (500 Internal Server Error)&lt;/title&gt;
        &lt;link rel="icon" type="image/png" href="data:image/png;base64,iVBORw0KGgoAAAANSUhEUgAAABwAAAAgCAYAAAABtRhCAAADVUlEQVRIx82XX0jTURTHLYPyqZdefQx66CEo80+aYpoIkqzUikz6Z5klQoWUWYRIJYEUGpQ+lIr9U5dOTLdCtkmWZis3rbnC5fw/neYW002307mX/cZvP3/7o1PwwOdh95x7vnf39zvnd29AgBer2xO6DclAXiMqZAqxIiNIN/IYSUS2BPhjmGATchUxI+ADWiRhpWK7HKuHFVBFdmU5YvnI4grFGCaReF/EBH4KsZlGgj2JBTuCYBWRIYF8YoEOJ6wBt/gEs7mBbyOjQXruPLSdOgPCiEiPSUUHDoL8Ug5IUo9B/d5wrt+G7OAKNrODPuVdB6vRCIzN6SdBlpW9RIgk/1FeAXabzRlrUPVCS/JhbmwudztnGeeH9AyXBIwtmM3wLinZJZHifjHw2V+NBoRh+9ixQrbgbnaSIcl7cGea6hoXQbNe7za241oeO5Z0p42M4BV2EqP2D50wo+6HzvwC6C4sApNOR8cmOrtcnhtj2kYRyC9eBvXzKrBZrXSs72kFd1t3MoKVbMekQkEnSNKOO8fac3LpmK6l1TlGtsxmsdKFsecPYgwxst0cwROMYDXboSotg0WLBRqjY51jLYcENElXwW2XJKPydvoI2GN9T8rBtrAArYIUruBJXkFheCQYlCpQP6uk5dAQFQNaUROMSGVQFxLmkoQsxDJrhLbTZ+nvVsERME9MgPJRKV/58AsyomTSzE813WLFvWK++qI0xSfQl8k8Pg46sYRuv5t6dS+4RqxDwaa4BGjYH+NTQvKScIp9+YL/hoZh3jDtLRHtt2C3g6bmhX+CpsFBWg7ilDSPgj0lD2ncr5ev/BP8VvyAJhqVyZeUhPOrEhEFxgEtjft846Z/guQTNT89Q5P9flMLoth4F7808wKtWWKzAwNQHxrh/1vaid2F+XpYTSbQf1XA2McOmOpROnvpvMEA4tSjq1cW0sws2gCYxswY6TKkvzYnJq1NHZLnRU4BX+4U0uburvusu8Kv8iHY7qefkM4IFngJHEOUXmLEPgiGsI8YnlZILit3vSSLRTQe/MPIZva5pshNIEmyFQlCvruJKXPkCEfmePzkphXHdzZNQdoRI9KPlBAxlj/I8U97ERPS5bjGbWDFbEdqHVe5caTBeZZx2H/IMvzeN15yoQAAAABJRU5ErkJggg==" /&gt;
        &lt;style&gt;/* This file is based on WebProfilerBundle/Resources/views/Profiler/profiler.css.twig.
   If you make any change in this file, verify the same change is needed in the other file. */
:root {
    --font-sans-serif: Helvetica, Arial, sans-serif;
    --page-background: #f9f9f9;
    --color-text: #222;
    /* when updating any of these colors, do the same in toolbar.css.twig */
    --color-success: #4f805d;
    --color-warning: #a46a1f;
    --color-error: #b0413e;
    --color-muted: #999;
    --tab-background: #f0f0f0;
    --tab-border-color: #e5e5e5;
    --tab-active-border-color: #d4d4d4;
    --tab-color: #444;
    --tab-active-background: #fff;
    --tab-active-color: var(--color-text);
    --tab-disabled-background: #f5f5f5;
    --tab-disabled-color: #999;
    --selected-badge-background: #e5e5e5;
    --selected-badge-color: #525252;
    --selected-badge-shadow: inset 0 0 0 1px #d4d4d4;
    --selected-badge-warning-background: #fde496;
    --selected-badge-warning-color: #785b02;
    --selected-badge-warning-shadow: inset 0 0 0 1px #e6af05;
    --selected-badge-danger-background: #FCE9ED;
    --selected-badge-danger-color: #83122A;
    --selected-badge-danger-shadow: inset 0 0 0 1px #F5B8C5;
    --metric-value-background: #fff;
    --metric-value-color: inherit;
    --metric-unit-color: #999;
    --metric-label-background: #e0e0e0;
    --metric-label-color: inherit;
    --table-border: #e0e0e0;
    --table-background: #fff;
    --table-header: #e0e0e0;
    --trace-selected-background: #F7E5A1;
    --tree-active-background: #F7E5A1;
    --exception-title-color: var(--base-2);
    --shadow: 0px 0px 1px rgba(128, 128, 128, .2);
    --border: 1px solid #e0e0e0;
    --background-error: var(--color-error);
    --highlight-comment: #969896;
    --highlight-default: #222222;
    --highlight-keyword: #a71d5d;
    --highlight-string: #183691;
    --base-0: #fff;
    --base-1: #f5f5f5;
    --base-2: #e0e0e0;
    --base-3: #ccc;
    --base-4: #666;
    --base-5: #444;
    --base-6: #222;
}

.theme-dark {
    --page-background: #36393e;
    --color-text: #e0e0e0;
    --color-muted: #777;
    --color-error: #d43934;
    --tab-background: #404040;
    --tab-border-color: #737373;
    --tab-active-border-color: #171717;
    --tab-color: var(--color-text);
    --tab-active-background: #d4d4d4;
    --tab-active-color: #262626;
    --tab-disabled-background: var(--page-background);
    --tab-disabled-color: #a3a3a3;
    --selected-badge-background: #555;
    --selected-badge-color: #ddd;
    --selected-badge-shadow: none;
    --selected-badge-warning-background: #fcd55f;
    --selected-badge-warning-color: #785b02;
    --selected-badge-warning-shadow: inset 0 0 0 1px #af8503;
    --selected-badge-danger-background: #B41939;
    --selected-badge-danger-color: #FCE9ED;
    --selected-badge-danger-shadow: none;
    --metric-value-background: #555;
    --metric-value-color: inherit;
    --metric-unit-color: #999;
    --metric-label-background: #777;
    --metric-label-color: #e0e0e0;
    --trace-selected-background: #71663acc;
    --table-border: #444;
    --table-background: #333;
    --table-header: #555;
    --info-background: rgba(79, 148, 195, 0.5);
    --tree-active-background: var(--metric-label-background);
    --exception-title-color: var(--base-2);
    --shadow: 0px 0px 1px rgba(32, 32, 32, .2);
    --border: 1px solid #666;
    --background-error: #b0413e;
    --highlight-comment: #dedede;
    --highlight-default: var(--base-6);
    --highlight-keyword: #ff413c;
    --highlight-string: #70a6fd;
    --base-0: #2e3136;
    --base-1: #444;
    --base-2: #666;
    --base-3: #666;
    --base-4: #666;
    --base-5: #e0e0e0;
    --base-6: #f5f5f5;
    --card-label-background: var(--tab-active-background);
    --card-label-color: var(--tab-active-color);
}

html{font-family:sans-serif;-webkit-text-size-adjust:100%;-ms-text-size-adjust:100%}body{margin:0}article,aside,details,figcaption,figure,footer,header,hgroup,main,menu,nav,section{display:block}audio,canvas,progress,video{display:inline-block;vertical-align:baseline}audio:not([controls]){display:none;height:0}[hidden],template{display:none}a{background-color:transparent}a:active,a:hover{outline:0}abbr[title]{border-bottom:1px dotted}b,strong{font-weight:700}dfn{font-style:italic}h1{margin:.67em 0;font-size:2em}mark{color:#000;background:#ff0}small{font-size:80%}sub,sup{position:relative;font-size:75%;line-height:0;vertical-align:baseline}sup{top:-.5em}sub{bottom:-.25em}img{border:0}svg:not(:root){overflow:hidden}figure{margin:1em 40px}hr{height:0;-webkit-box-sizing:content-box;-moz-box-sizing:content-box;box-sizing:content-box}pre{overflow:auto}code,kbd,pre,samp{font-family:monospace,monospace;font-size:1em}button,input,optgroup,select,textarea{margin:0;font:inherit;color:inherit}button{overflow:visible}button,select{text-transform:none}button,html input[type="button"],input[type="reset"],input[type="submit"]{-webkit-appearance:button;cursor:pointer}button[disabled],html input[disabled]{cursor:default}button::-moz-focus-inner,input::-moz-focus-inner{padding:0;border:0}input{line-height:normal}input[type="checkbox"],input[type="radio"]{-webkit-box-sizing:border-box;-moz-box-sizing:border-box;box-sizing:border-box;padding:0}input[type="number"]::-webkit-inner-spin-button,input[type="number"]::-webkit-outer-spin-button{height:auto}input[type="search"]{-webkit-box-sizing:content-box;-moz-box-sizing:content-box;box-sizing:content-box;-webkit-appearance:textfield}input[type="search"]::-webkit-search-cancel-button,input[type="search"]::-webkit-search-decoration{-webkit-appearance:none}fieldset{padding:.35em .625em .75em;margin:0 2px;border:1px solid silver}legend{padding:0;border:0}textarea{overflow:auto}optgroup{font-weight:700}table{border-spacing:0;border-collapse:collapse}td,th{padding:0}summary{cursor: pointer}

html {
    /* always display the vertical scrollbar to avoid jumps when toggling contents */
    overflow-y: scroll;
}
body { background-color: var(--page-background); color: var(--base-6); font: 14px/1.4 Helvetica, Arial, sans-serif; padding-bottom: 45px; }

a { cursor: pointer; text-decoration: none; }
a:hover { text-decoration: underline; }
abbr[title] { border-bottom: none; cursor: help; text-decoration: none; }

code, pre { font: 13px/1.5 Consolas, Monaco, Menlo, "Ubuntu Mono", "Liberation Mono", monospace; }

table, tr, th, td { background: var(--base-0); border-collapse: collapse; vertical-align: top; }
table { background: var(--base-0); border: var(--border); box-shadow: 0px 0px 1px rgba(128, 128, 128, .2); margin: 1em 0; width: 100%; }
table th, table td { border: solid var(--base-2); border-width: 1px 0; padding: 8px 10px; }
table th { background-color: var(--base-2); font-weight: bold; text-align: left; }

.m-t-5 { margin-top: 5px; }
.hidden-xs-down { display: none; }
.block { display: block; }
.full-width { width: 100%; }
.hidden { display: none; }
.prewrap { white-space: pre-wrap; }
.nowrap { white-space: nowrap; }
.newline { display: block; }
.break-long-words { word-wrap: break-word; overflow-wrap: break-word; -webkit-hyphens: auto; -moz-hyphens: auto; hyphens: auto; min-width: 0; }
.text-small { font-size: 12px !important; }
.text-muted { color: #999; }
.text-bold { font-weight: bold; }
.empty { border: 4px dashed var(--base-2); color: #999; margin: 1em 0; padding: .5em 2em; }

.status-success { background: rgba(94, 151, 110, 0.3); }
.status-warning { background: rgba(240, 181, 24, 0.3); }
.status-error { background: rgba(176, 65, 62, 0.2); }
.status-success td, .status-warning td, .status-error td { background: transparent; }
tr.status-error td, tr.status-warning td { border-bottom: 1px solid var(--base-2); border-top: 1px solid var(--base-2); }
.status-warning .colored { color: #A46A1F; }
.status-error .colored  { color: var(--color-error); }

.sf-toggle { cursor: pointer; position: relative; }
.sf-toggle-content { -moz-transition: display .25s ease; -webkit-transition: display .25s ease; transition: display .25s ease; }
.sf-toggle-content.sf-toggle-hidden { display: none; }
.sf-toggle-content.sf-toggle-visible { display: block; }
thead.sf-toggle-content.sf-toggle-visible, tbody.sf-toggle-content.sf-toggle-visible { display: table-row-group; }
.sf-toggle-off .icon-close, .sf-toggle-on .icon-open { display: none; }
.sf-toggle-off .icon-open, .sf-toggle-on .icon-close { display: block; }

.tab-navigation {
    background-color: var(--tab-background);
    border-radius: 6px;
    box-shadow: inset 0 0 0 1px var(--tab-border-color), 0 0 0 5px var(--page-background);
    display: inline-flex;
    flex-wrap: wrap;
    margin: 0 0 15px;
    padding: 0;
    user-select: none;
    -webkit-user-select: none;
}
.sf-tabs-sm .tab-navigation {
    box-shadow: inset 0 0 0 1px var(--tab-border-color), 0 0 0 4px var(--page-background);
    margin: 0 0 10px;
}
.tab-navigation .tab-control {
    background: transparent;
    border: 0;
    box-shadow: none;
    transition: box-shadow .05s ease-in, background-color .05s ease-in;
    cursor: pointer;
    font-size: 14px;
    font-weight: 500;
    line-height: 1.4;
    margin: 0;
    padding: 4px 14px;
    position: relative;
    text-align: center;
    z-index: 1;
}
.sf-tabs-sm .tab-navigation .tab-control {
    font-size: 13px;
    padding: 2.5px 10px;
}
.tab-navigation .tab-control:before {
    background: var(--tab-border-color);
    bottom: 15%;
    content: "";
    left: 0;
    position: absolute;
    top: 15%;
    width: 1px;
}
.tab-navigation .tab-control:first-child:before,
.tab-navigation .tab-control.active + .tab-control:before,
.tab-navigation .tab-control.active:before {
    width: 0;
}
.tab-navigation .tab-control .badge {
    background: var(--selected-badge-background);
    box-shadow: var(--selected-badge-shadow);
    color: var(--selected-badge-color);
    display: inline-block;
    font-size: 12px;
    font-weight: bold;
    line-height: 1;
    margin-left: 8px;
    min-width: 10px;
    padding: 2px 6px;
    text-align: center;
    white-space: nowrap;
}
.tab-navigation .tab-control.disabled {
    color: var(--tab-disabled-color);
}
.tab-navigation .tab-control.active {
    background-color: var(--tab-active-background);
    border-radius: 6px;
    box-shadow: inset 0 0 0 1.5px var(--tab-active-border-color);
    color: var(--tab-active-color);
    position: relative;
    z-index: 1;
}
.theme-dark .tab-navigation li.active {
    box-shadow: inset 0 0 0 1px var(--tab-border-color);
}
.tab-content &gt; *:first-child {
    margin-top: 0;
}
.tab-navigation .tab-control .badge.status-warning {
    background: var(--selected-badge-warning-background);
    box-shadow: var(--selected-badge-warning-shadow);
    color: var(--selected-badge-warning-color);
}
.tab-navigation .tab-control .badge.status-error {
    background: var(--selected-badge-danger-background);
    box-shadow: var(--selected-badge-danger-shadow);
    color: var(--selected-badge-danger-color);
}

.sf-tabs .tab:not(:first-child) { display: none; }

[data-filters] { position: relative; }
[data-filtered] { cursor: pointer; }
[data-filtered]:after { content: '\00a0\25BE'; }
[data-filtered]:hover .filter-list li { display: inline-flex; }
[class*="filter-hidden-"] { display: none; }
.filter-list { position: absolute; border: var(--border); box-shadow: var(--shadow); margin: 0; padding: 0; display: flex; flex-direction: column; }
.filter-list :after { content: ''; }
.filter-list li {
    background: var(--tab-disabled-background);
    border-bottom: var(--border);
    color: var(--tab-disabled-color);
    display: none;
    list-style: none;
    margin: 0;
    padding: 5px 10px;
    text-align: left;
    font-weight: normal;
}
.filter-list li.active {
    background: var(--tab-background);
    color: var(--tab-color);
}
.filter-list li.last-active {
    background: var(--tab-active-background);
    color: var(--tab-active-color);
}

.filter-list-level li { cursor: s-resize; }
.filter-list-level li.active { cursor: n-resize; }
.filter-list-level li.last-active { cursor: default; }
.filter-list-level li.last-active:before { content: '\2714\00a0'; }
.filter-list-choice li:before { content: '\2714\00a0'; color: transparent; }
.filter-list-choice li.active:before { color: unset; }

.container { max-width: 1024px; margin: 0 auto; padding: 0 15px; }
.container::after { content: ""; display: table; clear: both; }

header { background-color: #222; color: rgba(255, 255, 255, 0.75); font-size: 13px; height: 33px; line-height: 33px; padding: 0; }
header .container { display: flex; justify-content: space-between; }
.logo { flex: 1; font-size: 13px; font-weight: normal; margin: 0; padding: 0; }
.logo svg { height: 18px; width: 18px; opacity: .8; vertical-align: -5px; }

.help-link { margin-left: 15px; }
.help-link a { color: inherit; }
.help-link .icon svg { height: 15px; width: 15px; opacity: .7; vertical-align: -2px; }
.help-link a:hover { color: #EEE; text-decoration: none; }
.help-link a:hover svg { opacity: .9; }

.exception-summary { background: var(--background-error); border-bottom: 2px solid rgba(0, 0, 0, 0.1); border-top: 1px solid rgba(0, 0, 0, .3); flex: 0 0 auto; margin-bottom: 15px; }
.exception-metadata { background: rgba(0, 0, 0, 0.1); padding: 7px 0; }
.exception-metadata .container { display: flex; flex-direction: row; justify-content: space-between; }
.exception-metadata h2, .exception-metadata h2 &gt; a { color: rgba(255, 255, 255, 0.8); font-size: 13px; font-weight: 400; margin: 0; }
.exception-http small { font-size: 13px; opacity: .7; }
.exception-hierarchy { flex: 1; }
.exception-hierarchy .icon { margin: 0 3px; opacity: .7; }
.exception-hierarchy .icon svg { height: 13px; width: 13px; vertical-align: -2px; }

.exception-without-message .exception-message-wrapper { display: none; }
.exception-message-wrapper .container { display: flex; align-items: flex-start; min-height: 70px; padding: 10px 15px 8px; }
.exception-message { flex-grow: 1; }
.exception-message, .exception-message a { color: #FFF; font-size: 21px; font-weight: 400; margin: 0; }
.exception-message.long { font-size: 18px; }
.exception-message a { border-bottom: 1px solid rgba(255, 255, 255, 0.5); font-size: inherit; text-decoration: none; }
.exception-message a:hover { border-bottom-color: #ffffff; }

.exception-properties-wrapper { margin: .8em 0; }
.exception-properties { background: var(--base-0); border: var(--border); box-shadow: 0px 0px 1px rgba(128, 128, 128, .2); }
.exception-properties pre { margin: 0; padding: 0.2em 0; }

.exception-illustration { flex-basis: 111px; flex-shrink: 0; height: 66px; margin-left: 15px; opacity: .7; }

.trace + .trace { margin-top: 30px; }
.trace-head { background-color: var(--base-2); padding: 10px; position: relative; }
.trace-head .trace-class { color: var(--base-6); font-size: 18px; font-weight: bold; line-height: 1.3; margin: 0; position: relative; }
.trace-head .trace-namespace { color: #999; display: block; font-size: 13px; }
.trace-head .icon { position: absolute; right: 0; top: 0; }
.trace-head .icon svg { fill: var(--base-5); height: 24px; width: 24px; }

.trace-details { background: var(--base-0); border: var(--border); box-shadow: 0px 0px 1px rgba(128, 128, 128, .2); margin: 0 0 1em; table-layout: fixed; }

.trace-message { font-size: 14px; font-weight: normal; margin: .5em 0 0; }

.trace-line { position: relative; padding-top: 8px; padding-bottom: 8px; }
.trace-line + .trace-line { border-top: var(--border); }
.trace-line:hover { background: var(--base-1); }
.trace-line a { color: var(--base-6); }
.trace-line .icon { opacity: .4; position: absolute; left: 10px; }
.trace-line .icon svg { fill: var(--base-5); height: 16px; width: 16px; }
.trace-line .icon.icon-copy { left: auto; top: auto; padding-left: 5px; display: none }
.trace-line:hover .icon.icon-copy:not(.hidden) { display: inline-block }
.trace-line-header { padding-left: 36px; padding-right: 10px; }

.trace-file-path, .trace-file-path a { color: var(--base-6); font-size: 13px; }
.trace-class { color: var(--color-error); }
.trace-type { padding: 0 2px; }
.trace-method { color: var(--color-error); font-weight: bold; }
.trace-arguments { color: #777; font-weight: normal; padding-left: 2px; }

.trace-code { background: var(--base-0); font-size: 12px; margin: 10px 10px 2px 10px; padding: 10px; overflow-x: auto; white-space: nowrap; }
.trace-code ol { margin: 0; float: left; }
.trace-code li { color: #969896; margin: 0; padding-left: 10px; float: left; width: 100%; }
.trace-code li + li { margin-top: 5px; }
.trace-code li.selected { background: var(--trace-selected-background); margin-top: 2px; }
.trace-code li code { color: var(--base-6); white-space: nowrap; }

.trace-as-text .stacktrace { line-height: 1.8; margin: 0 0 15px; white-space: pre-wrap; }

@media (min-width: 575px) {
    .hidden-xs-down { display: initial; }
    .help-link { margin-left: 30px; }
}&lt;/style&gt;
        &lt;style&gt;.sf-reset .traces {
    padding-bottom: 14px;
}
.sf-reset .traces li {
    font-size: 12px;
    color: #868686;
    padding: 5px 4px;
    list-style-type: decimal;
    margin-left: 20px;
}
.sf-reset #logs .traces li.error {
    font-style: normal;
    color: #AA3333;
    background: #f9ecec;
}
.sf-reset #logs .traces li.warning {
    font-style: normal;
    background: #ffcc00;
}
/* fix for Opera not liking empty &lt;li&gt; */
.sf-reset .traces li:after {
    content: "\00A0";
}
.sf-reset .trace {
    border: 1px solid #D3D3D3;
    padding: 10px;
    overflow: auto;
    margin: 10px 0 20px;
}
.sf-reset .block-exception {
    -moz-border-radius: 16px;
    -webkit-border-radius: 16px;
    border-radius: 16px;
    margin-bottom: 20px;
    background-color: #f6f6f6;
    border: 1px solid #dfdfdf;
    padding: 30px 28px;
    word-wrap: break-word;
    overflow: hidden;
}
.sf-reset .block-exception div {
    color: #313131;
    font-size: 10px;
}
.sf-reset .block-exception-detected .illustration-exception,
.sf-reset .block-exception-detected .text-exception {
    float: left;
}
.sf-reset .block-exception-detected .illustration-exception {
    width: 152px;
}
.sf-reset .block-exception-detected .text-exception {
    width: 670px;
    padding: 30px 44px 24px 46px;
    position: relative;
}
.sf-reset .text-exception .open-quote,
.sf-reset .text-exception .close-quote {
    font-family: Arial, Helvetica, sans-serif;
    position: absolute;
    color: #C9C9C9;
    font-size: 8em;
}
.sf-reset .open-quote {
    top: 0;
    left: 0;
}
.sf-reset .close-quote {
    bottom: -0.5em;
    right: 50px;
}
.sf-reset .block-exception p {
    font-family: Arial, Helvetica, sans-serif;
}
.sf-reset .block-exception p a,
.sf-reset .block-exception p a:hover {
    color: #565656;
}
.sf-reset .logs h2 {
    float: left;
    width: 654px;
}
.sf-reset .error-count, .sf-reset .support {
    float: right;
    width: 170px;
    text-align: right;
}
.sf-reset .error-count span {
    display: inline-block;
    background-color: #aacd4e;
    -moz-border-radius: 6px;
    -webkit-border-radius: 6px;
    border-radius: 6px;
    padding: 4px;
    color: white;
    margin-right: 2px;
    font-size: 11px;
    font-weight: bold;
}

.sf-reset .support a {
    display: inline-block;
    -moz-border-radius: 6px;
    -webkit-border-radius: 6px;
    border-radius: 6px;
    padding: 4px;
    color: #000000;
    margin-right: 2px;
    font-size: 11px;
    font-weight: bold;
}

.sf-reset .toggle {
    vertical-align: middle;
}
.sf-reset .linked ul,
.sf-reset .linked li {
    display: inline;
}
.sf-reset #output-content {
    color: #000;
    font-size: 12px;
}
.sf-reset #traces-text pre {
    white-space: pre;
    font-size: 12px;
    font-family: monospace;
}&lt;/style&gt;
    &lt;/head&gt;
    &lt;body&gt;
        &lt;script&gt;
            document.body.classList.add(
                localStorage.getItem('symfony/profiler/theme') || (matchMedia('(prefers-color-scheme: dark)').matches ? 'theme-dark' : 'theme-light')
            );
        &lt;/script&gt;

                    &lt;header&gt;
                &lt;div class="container"&gt;
                    &lt;h1 class="logo"&gt;&lt;svg xmlns="http://www.w3.org/2000/svg" width="24" height="24" viewBox="0 0 24 24"&gt;&lt;path fill="#FFF" d="M12 .9C5.8.9.9 5.8.9 12a11 11 0 1 0 22.2 0A11 11 0 0 0 12 .9zm6.5 6c-.6 0-.9-.3-.9-.8 0-.2 0-.4.2-.6l.2-.4c0-.3-.5-.4-.6-.4-1.8.1-2.3 2.5-2.7 4.4l-.2 1c1 .2 1.8 0 2.2-.3.6-.4-.2-.7-.1-1.2.1-.3.5-.5.7-.6.5 0 .7.5.7.9 0 .7-1 1.8-3 1.8l-.6-.1-.6 2.4c-.4 1.6-.8 3.8-2.4 5.7-1.4 1.7-2.9 1.9-3.5 1.9-1.2 0-1.9-.6-2-1.5 0-.8.7-1.3 1.2-1.3.6 0 1.1.5 1.1 1s-.2.6-.4.6c-.1.1-.3.2-.3.4 0 .1.1.3.4.3.5 0 .8-.3 1.1-.5 1.2-.9 1.6-2.7 2.2-5.7l.1-.7.7-3.2c-.8-.6-1.3-1.4-2.4-1.7-.6-.1-1.1.1-1.5.5-.4.5-.2 1.1.2 1.5l.7.6c.7.8 1.2 1.6 1 2.5-.3 1.5-2 2.6-4 1.9-1.8-.6-2-1.8-1.8-2.5.2-.6.6-.7 1.1-.6.5.2.6.7.6 1.2l-.1.3c-.2.1-.3.3-.3.4-.1.4.4.6.7.7.7.3 1.6-.2 1.8-.8a1 1 0 0 0-.4-1.1l-.7-.8c-.4-.4-1.1-1.4-.7-2.6.1-.5.4-.9.7-1.3a4 4 0 0 1 2.8-.6c1.2.4 1.8 1.1 2.6 1.8.5-1.2 1-2.4 1.8-3.5.9-.9 1.9-1.6 3.1-1.7 1.3.2 2.2.7 2.2 1.6 0 .4-.2 1.1-.9 1.1z"/&gt;&lt;/svg&gt; Symfony Exception&lt;/h1&gt;

                    &lt;div class="help-link"&gt;
                        &lt;a href="https://symfony.com/doc/7.0.6/index.html"&gt;
                            &lt;span class="icon"&gt;&lt;svg width="1792" height="1792" viewBox="0 0 1792 1792" xmlns="http://www.w3.org/2000/svg"&gt;&lt;path fill="#FFF" d="M1703 478q40 57 18 129l-275 906q-19 64-76.5 107.5T1247 1664H324q-77 0-148.5-53.5T76 1479q-24-67-2-127 0-4 3-27t4-37q1-8-3-21.5t-3-19.5q2-11 8-21t16.5-23.5T116 1179q23-38 45-91.5t30-91.5q3-10 .5-30t-.5-28q3-11 17-28t17-23q21-36 42-92t25-90q1-9-2.5-32t.5-28q4-13 22-30.5t22-22.5q19-26 42.5-84.5T404 411q1-8-3-25.5t-2-26.5q2-8 9-18t18-23 17-21q8-12 16.5-30.5t15-35 16-36 19.5-32 26.5-23.5 36-11.5T620 134l-1 3q38-9 51-9h761q74 0 114 56t18 130l-274 906q-36 119-71.5 153.5T1089 1408H220q-27 0-38 15-11 16-1 43 24 70 144 70h923q29 0 56-15.5t35-41.5l300-987q7-22 5-57 38 15 59 43zm-1064 2q-4 13 2 22.5t20 9.5h608q13 0 25.5-9.5T1311 480l21-64q4-13-2-22.5t-20-9.5H702q-13 0-25.5 9.5T660 416zm-83 256q-4 13 2 22.5t20 9.5h608q13 0 25.5-9.5T1228 736l21-64q4-13-2-22.5t-20-9.5H619q-13 0-25.5 9.5T577 672z"/&gt;&lt;/svg&gt;&lt;/span&gt;
                            &lt;span class="hidden-xs-down"&gt;Symfony&lt;/span&gt; Docs
                        &lt;/a&gt;
                    &lt;/div&gt;
                &lt;/div&gt;
            &lt;/header&gt;
        
        &lt;div class="exception-summary "&gt;
    &lt;div class="exception-metadata"&gt;
        &lt;div class="container"&gt;
            &lt;h2 class="exception-hierarchy"&gt;
                                &lt;a href="#trace-box-1"&gt;&lt;abbr title="Symfony\Component\ErrorHandler\Error\UndefinedMethodError"&gt;UndefinedMethodError&lt;/abbr&gt;&lt;/a&gt;
            &lt;/h2&gt;
            &lt;h2 class="exception-http"&gt;
                HTTP 500 &lt;small&gt;Internal Server Error&lt;/small&gt;
            &lt;/h2&gt;
        &lt;/div&gt;
    &lt;/div&gt;
    &lt;div class="exception-message-wrapper"&gt;
        &lt;div class="container"&gt;
            &lt;h1 class="break-long-words exception-message"&gt;Attempted to call an undefined method named &amp;quot;getPlayerScore&amp;quot; of class &amp;quot;App\Card\BlackJack&amp;quot;.&lt;br /&gt;
Did you mean to call &amp;quot;getPlayerHandScore&amp;quot;?&lt;/h1&gt;

            &lt;div class="exception-illustration hidden-xs-down"&gt;
                &lt;svg viewBox="0 0 136 81" xmlns="http://www.w3.org/2000/svg" fill-rule="evenodd" clip-rule="evenodd" stroke-linejoin="round" stroke-miterlimit="1.4"&gt;&lt;path d="M92.4 20.4a23.2 23.2 0 0 1 9 1.9 23.7 23.7 0 0 1 5.2 3 24.3 24.3 0 0 1 3.4 3.4 24.8 24.8 0 0 1 5 9.4c.5 1.7.8 3.4 1 5.2v14.5h.4l.5.2a7.4 7.4 0 0 0 2.5.2l.2-.2.6-.8.8-1.3-.2-.1a5.5 5.5 0 0 1-.8-.3 5.6 5.6 0 0 1-2.3-1.8 5.7 5.7 0 0 1-.9-1.6 6.5 6.5 0 0 1-.2-2.8 7.3 7.3 0 0 1 .5-2l.3-.3.8-.9.3-.3c.2-.2.5-.3.8-.3H120.7c.2 0 .3-.1.4 0h.4l.2.1.3.2.2-.4.3-.4.1-.1 1.2-1 .3-.2.4-.1.4-.1h.3l1.5.1.4.1.8.5.1.2 1 1.1v.2H129.4l.4-.2 1.4-.5h1.1c.3 0 .7.2 1 .4.2 0 .3.2.5.3l.2.2.5.3.4.6.1.3.4 1.4.1.4v.6a7.8 7.8 0 0 1-.1.6 9.9 9.9 0 0 1-.8 2.4 7.8 7.8 0 0 1-3 3.3 6.4 6.4 0 0 1-1 .5 6.1 6.1 0 0 1-.6.2l-.7.1h-.1a23.4 23.4 0 0 1-.2 1.7 14.3 14.3 0 0 1-.6 2.1l-.8 2a9.2 9.2 0 0 1-.4.6l-.7 1a9.1 9.1 0 0 1-2.3 2.2c-.9.5-2 .6-3 .7l-1.4.1h-.5l-.4.1a15.8 15.8 0 0 1-2.8-.1v4.2a9.7 9.7 0 0 1-.7 3.5 9.6 9.6 0 0 1-1.7 2.8 9.3 9.3 0 0 1-3 2.3 9 9 0 0 1-5.4.7 9 9 0 0 1-3-1 9.4 9.4 0 0 1-2.7-2.5 10 10 0 0 1-1 1.2 9.3 9.3 0 0 1-2 1.3 9 9 0 0 1-2.4 1 9 9 0 0 1-6.5-1.1A9.4 9.4 0 0 1 85 77V77a10.9 10.9 0 0 1-.6.6 9.3 9.3 0 0 1-2.7 2 9 9 0 0 1-6 .8 9 9 0 0 1-2.4-1 9.3 9.3 0 0 1-2.3-1.7 9.6 9.6 0 0 1-1.8-2.8 9.7 9.7 0 0 1-.8-3.7v-4a18.5 18.5 0 0 1-2.9.2l-1.2-.1c-1.9-.3-3.7-1-5.1-2.2a8.2 8.2 0 0 1-1.1-1 10.2 10.2 0 0 1-.9-1.2 15.3 15.3 0 0 1-.7-1.3 20.8 20.8 0 0 1-1.9-6.2v-.2a6.5 6.5 0 0 1-1-.3 6.1 6.1 0 0 1-.6-.3 6.6 6.6 0 0 1-.9-.6 8.2 8.2 0 0 1-2.7-3.7 10 10 0 0 1-.3-1 10.3 10.3 0 0 1-.3-1.9V47v-.4l.1-.4.6-1.4.1-.2a2 2 0 0 1 .8-.8l.3-.2.3-.2a3.2 3.2 0 0 1 1.8-.5h.4l.3.2 1.4.6.2.2.4.3.3.4.7-.7.2-.2.4-.2.6-.2h2.1l.4.2.4.2.3.2.8 1 .2-.1h.1v-.1H63l1.1.1h.3l.8.5.3.4.7 1 .2.3.1.5a11 11 0 0 1 .2 1.5c0 .8 0 1.6-.3 2.3a6 6 0 0 1-.5 1.2 5.5 5.5 0 0 1-3.3 2.5 12.3 12.3 0 0 0 1.4 3h.1l.2.1 1 .2h1.5l.5-.2H67.8l.5-.2h.1V44v-.4a26.7 26.7 0 0 1 .3-2.3 24.7 24.7 0 0 1 5.7-12.5 24.2 24.2 0 0 1 3.5-3.3 23.7 23.7 0 0 1 4.9-3 23.2 23.2 0 0 1 5.6-1.7 23.7 23.7 0 0 1 4-.3zm-.3 2a21.2 21.2 0 0 0-8 1.7 21.6 21.6 0 0 0-4.8 2.7 22.2 22.2 0 0 0-3.2 3 22.7 22.7 0 0 0-5 9.2 23.4 23.4 0 0 0-.7 4.9v15.7l-.5.1a34.3 34.3 0 0 1-1.5.3h-.2l-.4.1h-.4l-.9.2a10 10 0 0 1-1.9 0c-.5 0-1-.2-1.5-.4a1.8 1.8 0 0 1-.3-.2 2 2 0 0 1-.3-.3 5.2 5.2 0 0 1-.1-.2 9 9 0 0 1-.6-.9 13.8 13.8 0 0 1-1-2 14.3 14.3 0 0 1-.6-2 14 14 0 0 1-.1-.8v-.2h.3a12.8 12.8 0 0 0 1.4-.2 4.4 4.4 0 0 0 .3 0 3.6 3.6 0 0 0 1.1-.7 3.4 3.4 0 0 0 1.2-1.7l.2-1.2a5.1 5.1 0 0 0 0-.8 7.2 7.2 0 0 0-.1-.8l-.7-1-1.2-.2-1 .7-.1 1.3a5 5 0 0 1 .1.4v.6a1 1 0 0 1 0 .3c-.1.3-.4.4-.7.5l-1.2.4v-.7A9.9 9.9 0 0 1 60 49l.3-.6v-.2l.1-.1v-1.6l-1-1.2h-1.5l-1 1.1v.4a5.3 5.3 0 0 0-.2.6 5.5 5.5 0 0 0 0 .5c0 .7 0 1.4.3 2 0 .4.2.8.4 1.2L57 51a9.5 9.5 0 0 1-1.1-.5h-.2a2 2 0 0 1-.4-.3c-.4-.4-.5-1-.6-1.6a5.6 5.6 0 0 1 0-.5v-.5-.5l-.6-1.5-1.4-.6-.9.3s-.2 0-.3.2a2 2 0 0 1-.1 0l-.6 1.4v.7a8.5 8.5 0 0 0 .5 2c.4 1.1 1 2.1 2 2.8a4.7 4.7 0 0 0 2.1.9h1a22.8 22.8 0 0 0 .1 1 18.1 18.1 0 0 0 .8 3.8 18.2 18.2 0 0 0 1.6 3.7l1 1.3c1 1 2.3 1.6 3.7 2a11.7 11.7 0 0 0 4.8 0h.4l.5-.2.5-.1.6-.2v6.6a8 8 0 0 0 .1 1.3 7.5 7.5 0 0 0 2.4 4.3 7.2 7.2 0 0 0 2.3 1.3 7 7 0 0 0 7-1.1 7.5 7.5 0 0 0 2-2.6A7.7 7.7 0 0 0 85 72V71a8.2 8.2 0 0 0 .2 1.3c0 .7.3 1.4.6 2a7.5 7.5 0 0 0 1.7 2.3 7.3 7.3 0 0 0 2.2 1.4 7.1 7.1 0 0 0 4.6.2 7.2 7.2 0 0 0 2.4-1.2 7.5 7.5 0 0 0 2.1-2.7 7.8 7.8 0 0 0 .7-2.4V71a9.3 9.3 0 0 0 .1.6 7.6 7.6 0 0 0 .6 2.5 7.5 7.5 0 0 0 2.4 3 7.1 7.1 0 0 0 7 .8 7.3 7.3 0 0 0 2.3-1.5 7.5 7.5 0 0 0 1.6-2.3 7.6 7.6 0 0 0 .5-2l.1-1.1v-6.7l.4.1a12.2 12.2 0 0 0 2 .5 11.1 11.1 0 0 0 2.5 0h.8l1.2-.1a9.5 9.5 0 0 0 1.4-.2l.9-.3a3.5 3.5 0 0 0 .6-.4l1.2-1.4a12.2 12.2 0 0 0 .8-1.2c0-.3.2-.5.3-.7a15.9 15.9 0 0 0 .7-2l.3-1.6v-1.3l.2-.9V54.6a15.5 15.5 0 0 0 1.8 0 4.5 4.5 0 0 0 1.4-.5 5.7 5.7 0 0 0 2.5-3.2 7.6 7.6 0 0 0 .4-1.5v-.3l-.4-1.4a5.2 5.2 0 0 1-.2-.1l-.4-.4a3.8 3.8 0 0 0-.2 0 1.4 1.4 0 0 0-.5-.2l-1.4.4-.7 1.3v.7a5.7 5.7 0 0 1-.1.8l-.7 1.4a1.9 1.9 0 0 1-.5.3h-.3a9.6 9.6 0 0 1-.8.3 8.8 8.8 0 0 1-.6 0l.2-.4.2-.5.2-.3v-.4l.1-.2V50l.1-1 .1-.6v-.6a4.8 4.8 0 0 0 0-.8v-.2l-1-1.1-1.5-.2-1.1 1-.2 1.4v.1l.2.4.2.3v.4l.1 1.1v.3l.1.5v.8a9.6 9.6 0 0 1-.8-.3l-.2-.1h-.3l-.8-.1h-.2a1.6 1.6 0 0 1-.2-.2.9.9 0 0 1-.2-.2 1 1 0 0 1-.1-.5l.2-.9v-1.2l-.9-.8h-1.2l-.8.9v.3a4.8 4.8 0 0 0-.3 2l.3.9a3.5 3.5 0 0 0 1.2 1.6l1 .5.8.2 1.4.1h.4l.2.1a12.1 12.1 0 0 1-1 2.6 13.2 13.2 0 0 1-.8 1.5 9.5 9.5 0 0 1-1 1.2l-.2.3a1.7 1.7 0 0 1-.4.3 2.4 2.4 0 0 1-.7.2h-2.5a7.8 7.8 0 0 1-.6-.2l-.7-.2h-.2a14.8 14.8 0 0 1-.6-.2 23.4 23.4 0 0 1-.4-.1l-.4-.1-.3-.1V43.9a34.6 34.6 0 0 0 0-.6 23.6 23.6 0 0 0-.4-3 22.7 22.7 0 0 0-1.5-4.7 22.6 22.6 0 0 0-4.6-6.7 21.9 21.9 0 0 0-6.9-4.7 21.2 21.2 0 0 0-8.1-1.8H92zm9.1 33.7l.3.1a1 1 0 0 1 .6.8v.4a8.4 8.4 0 0 1 0 .5 8.8 8.8 0 0 1-1.6 4.2l-1 1.3A10 10 0 0 1 95 66c-1.3.3-2.7.4-4 .3a10.4 10.4 0 0 1-2.7-.8 10 10 0 0 1-3.6-2.5 9.3 9.3 0 0 1-.8-1 9 9 0 0 1-.7-1.2 8.6 8.6 0 0 1-.8-3.4V57a1 1 0 0 1 .3-.6 1 1 0 0 1 1.3-.2 1 1 0 0 1 .4.8v.4a6.5 6.5 0 0 0 .5 2.2 7 7 0 0 0 2.1 2.8l1 .6c2.6 1.6 6 1.6 8.5 0a8 8 0 0 0 1.1-.6 7.6 7.6 0 0 0 1.2-1.2 7 7 0 0 0 1-1.7 6.5 6.5 0 0 0 .4-2.5 1 1 0 0 1 .7-1h.4zM30.7 43.7c-15.5 1-28.5-6-30.1-16.4C-1.2 15.7 11.6 4 29 1.3 46.6-1.7 62.3 5.5 64 17.1c1.6 10.4-8.7 21-23.7 25a31.2 31.2 0 0 0 0 .9v.3a19 19 0 0 0 .1 1l.1.4.1.9a4.7 4.7 0 0 0 .5 1l.7 1a9.2 9.2 0 0 0 1.2 1l1.5.8.6.8-.7.6-1.1.3a11.2 11.2 0 0 1-2.6.4 8.6 8.6 0 0 1-3-.5 8.5 8.5 0 0 1-1-.4 11.2 11.2 0 0 1-1.8-1.2 13.3 13.3 0 0 1-1-1 18 18 0 0 1-.7-.6l-.4-.4a23.4 23.4 0 0 1-1.3-1.8l-.1-.1-.3-.5V45l-.3-.6v-.7zM83.1 36c3.6 0 6.5 3.2 6.5 7.1 0 4-3 7.2-6.5 7.2S76.7 47 76.7 43 79.6 36 83 36zm18 0c3.6 0 6.5 3.2 6.5 7.1 0 4-2.9 7.2-6.4 7.2S94.7 47 94.7 43s3-7.1 6.5-7.1zm-18 6.1c2 0 3.5 1.6 3.5 3.6S85 49.2 83 49.2s-3.4-1.6-3.4-3.6S81.2 42 83 42zm17.9 0c1.9 0 3.4 1.6 3.4 3.6s-1.5 3.6-3.4 3.6c-2 0-3.5-1.6-3.5-3.6S99.1 42 101 42zM17 28c-.3 1.6-1.8 5-5.2 5.8-2.5.6-4.1-.8-4.5-2.6-.4-1.9.7-3.5 2.1-4.5A3.5 3.5 0 0 1 8 24.6c-.4-2 .8-3.7 3.2-4.2 1.9-.5 3.1.2 3.4 1.5.3 1.1-.5 2.2-1.8 2.5-.9.3-1.6 0-1.7-.6a1.4 1.4 0 0 1 0-.7s.3.2 1 0c.7-.1 1-.7.9-1.2-.2-.6-1-.8-1.8-.6-1 .2-2 1-1.7 2.6.3 1 .9 1.6 1.5 1.8l.7-.2c1-.2 1.5 0 1.6.5 0 .4-.2 1-1.2 1.2a3.3 3.3 0 0 1-1.5 0c-.9.7-1.6 1.9-1.3 3.2.3 1.3 1.3 2.2 3 1.8 2.5-.7 3.8-3.7 4.2-5-.3-.5-.6-1-.7-1.6-.1-.5.1-1 .9-1.2.4 0 .7.2.8.8a2.8 2.8 0 0 1 0 1l.7 1c.6-2 1.4-4 1.7-4 .6-.2 1.5.6 1.5.6-.8.7-1.7 2.4-2.3 4.2.8.6 1.6 1 2.1 1 .5-.1.8-.6 1-1.2-.3-2.2 1-4.3 2.3-4.6.7-.2 1.3.2 1.4.8.1.5 0 1.3-.9 1.7-.2-1-.6-1.3-1-1.3-.4.1-.7 1.4-.4 2.8.2 1 .7 1.5 1.3 1.4.8-.2 1.3-1.2 1.7-2.1-.3-2.1.9-4.2 2.2-4.5.7-.2 1.2.1 1.4 1 .4 1.4-1 2.8-2.2 3.4.3.7.7 1 1.3.9 1-.3 1.6-1.5 2-2.5l-.5-3v-.3s1.6-.3 1.8.6v.1c.2-.6.7-1.2 1.3-1.4.8-.1 1.5.6 1.7 1.6.5 2.2-.5 4.4-1.8 4.7H33a31.9 31.9 0 0 0 1 5.2c-.4.1-1.8.4-2-.4l-.5-5.6c-.5 1-1.3 2.2-2.5 2.4-1 .3-1.6-.3-2-1.1-.5 1-1.3 2.1-2.4 2.4-.8.2-1.5-.1-2-1-.3.8-.9 1.5-1.5 1.7-.7.1-1.5-.3-2.4-1-.3.8-.4 1.6-.4 2.2 0 0-.7 0-.8-.4-.1-.5 0-1.5.3-2.7a10.3 10.3 0 0 1-.7-.8zm38.2-17.8l.2.9c.5 1.9.4 4.4.8 6.4 0 .6-.4 3-1.4 3.3-.2 0-.3 0-.4-.4-.1-.7 0-1.6-.3-2.6-.2-1.1-.8-1.6-1.5-1.5-.8.2-1.3 1-1.6 2l-.1-.5c-.2-1-1.8-.6-1.8-.6a6.2 6.2 0 0 1 .4 1.3l.2 1c-.2.5-.6 1-1.2 1l-.2.1a7 7 0 0 0-.1-.8c-.3-1.1-1-2-1.6-1.8a.7.7 0 0 0-.4.3c-1.3.3-2.4 2-2.1 3.9-.2.9-.6 1.7-1 1.9-.5 0-.8-.5-1.1-1.8l-.1-1.2a4 4 0 0 0 0-1.7c0-.4-.4-.7-.8-.6-.7.2-.9 1.7-.5 3.8-.2 1-.6 2-1.3 2-.4.2-.8-.2-1-1l-.2-3c1.2-.5 2-1 1.8-1.7-.1-.5-.8-.7-.8-.7s0 .7-1 1.2l-.2-1.4c-.1-.6-.4-1-1.7-.6l.4 1 .2 1.5h-1v.8c0 .3.4.3 1 .2 0 1.3 0 2.7.2 3.6.3 1.4 1.2 2 2 1.7 1-.2 1.6-1.3 2-2.3.3 1.2 1 2 1.9 1.7.7-.2 1.2-1.1 1.6-2.2.4.8 1.1 1.1 2 1 1.2-.4 1.7-1.6 1.8-2.8h.2c.6-.2 1-.6 1.3-1 0 .8 0 1.5.2 2.1.1.5.3.7.6.6.5-.1 1-.9 1-.9a4 4 0 0 1-.3-1c-.3-1.3.3-3.6 1-3.7.2 0 .3.2.5.7v.8l.2 1.5v.7c.2.7.7 1.3 1.5 1 1.3-.2 2-2.6 2.1-3.9.3.2.6.2 1 .1-.6-2.2 0-6.1-.3-7.9-.1-.4-1-.5-1.7-.5h-.4zm-21.5 12c.4 0 .7.3 1 1.1.2 1.3-.3 2.6-.9 2.8-.2 0-.7 0-1-1.2v-.4c0-1.3.4-2 1-2.2zm-5.2 1c.3 0 .6.2.6.5.2.6-.3 1.3-1.2 2-.3-1.4.1-2.3.6-2.5zm18-.4c-.5.2-1-.4-1.2-1.2-.2-1 0-2.1.7-2.5v.5c.2.7.6 1.5 1.3 1.9 0 .7-.2 1.2-.7 1.3zm10-1.6c0 .5.4.7 1 .6.8-.2 1-1 .8-1.6 0-.5-.4-1-1-.8-.5.1-1 .9-.8 1.8zm-14.3-5.5c0-.4-.5-.7-1-.5-.8.2-1 1-.9 1.5.2.6.5 1 1 .8.5 0 1.1-1 1-1.8z" fill="#fff" fill-opacity=".6"/&gt;&lt;/svg&gt;            &lt;/div&gt;
        &lt;/div&gt;
    &lt;/div&gt;
&lt;/div&gt;

&lt;div class="container"&gt;
    &lt;div class="sf-tabs"&gt;
        &lt;div class="tab"&gt;
                        &lt;h3 class="tab-title"&gt;
                                    Exception
                            &lt;/h3&gt;

            &lt;div class="tab-content"&gt;
                &lt;div class="trace trace-as-html" id="trace-box-1"&gt;
    &lt;div class="trace-details"&gt;
        &lt;div class="trace-head"&gt;
            &lt;div class="sf-toggle" data-toggle-selector="#trace-html-1" data-toggle-initial="display"&gt;
                &lt;span class="icon icon-close"&gt;&lt;svg width="1792" height="1792" viewBox="0 0 1792 1792" xmlns="http://www.w3.org/2000/svg"&gt;&lt;path d="M1344 800v64q0 14-9 23t-23 9H480q-14 0-23-9t-9-23v-64q0-14 9-23t23-9h832q14 0 23 9t9 23zm128 448V416q0-66-47-113t-113-47H480q-66 0-113 47t-47 113v832q0 66 47 113t113 47h832q66 0 113-47t47-113zm128-832v832q0 119-84.5 203.5T1312 1536H480q-119 0-203.5-84.5T192 1248V416q0-119 84.5-203.5T480 128h832q119 0 203.5 84.5T1600 416z"/&gt;&lt;/svg&gt;&lt;/span&gt;
                &lt;span class="icon icon-open"&gt;&lt;svg width="1792" height="1792" viewBox="0 0 1792 1792" xmlns="http://www.w3.org/2000/svg"&gt;&lt;path d="M1344 800v64q0 14-9 23t-23 9H960v352q0 14-9 23t-23 9h-64q-14 0-23-9t-9-23V896H480q-14 0-23-9t-9-23v-64q0-14 9-23t23-9h352V416q0-14 9-23t23-9h64q14 0 23 9t9 23v352h352q14 0 23 9t9 23zm128 448V416q0-66-47-113t-113-47H480q-66 0-113 47t-47 113v832q0 66 47 113t113 47h832q66 0 113-47t47-113zm128-832v832q0 119-84.5 203.5T1312 1536H480q-119 0-203.5-84.5T192 1248V416q0-119 84.5-203.5T480 128h832q119 0 203.5 84.5T1600 416z"/&gt;&lt;/svg&gt;&lt;/span&gt;
                                                    &lt;h3 class="trace-class"&gt;
                                                    &lt;span class="trace-namespace"&gt;Symfony\Component\ErrorHandler\Error\&lt;/span&gt;
                                                UndefinedMethodError                    &lt;/h3&gt;
                                            &lt;/div&gt;
                    &lt;/div&gt;

        &lt;div id="trace-html-1" class="sf-toggle-content"&gt;
                    &lt;div class="trace-line "&gt;
                &lt;div class="trace-line-header break-long-words sf-toggle" data-toggle-selector="#trace-html-1-0" data-toggle-initial="display"&gt;
            &lt;span class="icon icon-close"&gt;&lt;svg width="1792" height="1792" viewBox="0 0 1792 1792" xmlns="http://www.w3.org/2000/svg"&gt;&lt;path d="M1408 960V832q0-26-19-45t-45-19H448q-26 0-45 19t-19 45v128q0 26 19 45t45 19h896q26 0 45-19t19-45zm256-544v960q0 119-84.5 203.5T1376 1664H416q-119 0-203.5-84.5T128 1376V416q0-119 84.5-203.5T416 128h960q119 0 203.5 84.5T1664 416z"/&gt;&lt;/svg&gt;&lt;/span&gt;
        &lt;span class="icon icon-open"&gt;&lt;svg width="1792" height="1792" viewBox="0 0 1792 1792" xmlns="http://www.w3.org/2000/svg"&gt;&lt;path d="M1408 960V832q0-26-19-45t-45-19h-320V448q0-26-19-45t-45-19H832q-26 0-45 19t-19 45v320H448q-26 0-45 19t-19 45v128q0 26 19 45t45 19h320v320q0 26 19 45t45 19h128q26 0 45-19t19-45v-320h320q26 0 45-19t19-45zm256-544v960q0 119-84.5 203.5T1376 1664H416q-119 0-203.5-84.5T128 1376V416q0-119 84.5-203.5T416 128h960q119 0 203.5 84.5T1664 416z"/&gt;&lt;/svg&gt;&lt;/span&gt;
    
    
                    &lt;span class="block trace-file-path"&gt;
            in
            &lt;a href="file:///home/albinr/dbwebb-kurser/mvc/me/report/src/Controller/ApiBlackJackController.php#L79"&gt;
                src/Controller/&lt;strong&gt;ApiBlackJackController.php&lt;/strong&gt;
            &lt;/a&gt;
                        (line 79)
            &lt;span class="icon icon-copy hidden" data-clipboard-text="src/Controller/ApiBlackJackController.php:79"&gt;
                &lt;svg xmlns="http://www.w3.org/2000/svg" height="24" viewBox="0 0 24 24" width="24"&gt;&lt;path d="M0 0h24v24H0z" fill="none"/&gt;&lt;path d="M16 1H4c-1.1 0-2 .9-2 2v14h2V3h12V1zm3 4H8c-1.1 0-2 .9-2 2v14c0 1.1.9 2 2 2h11c1.1 0 2-.9 2-2V7c0-1.1-.9-2-2-2zm0 16H8V7h11v14z"/&gt;&lt;/svg&gt;            &lt;/span&gt;
        &lt;/span&gt;
    &lt;/div&gt;
    &lt;div id="trace-html-1-0" class="trace-code sf-toggle-content"&gt;
        &lt;ol start="74"&gt;&lt;li&gt;&lt;code&gt;&amp;nbsp;&amp;nbsp;&amp;nbsp;&amp;nbsp;&amp;nbsp;&amp;nbsp;&amp;nbsp;&amp;nbsp;&amp;nbsp;&amp;nbsp;&amp;nbsp;&amp;nbsp;&lt;span&amp;nbsp;style="color:&amp;nbsp;var(--highlight-default)"&gt;$players&amp;nbsp;&lt;/span&gt;&lt;span&amp;nbsp;style="color:&amp;nbsp;var(--highlight-keyword)"&gt;=&amp;nbsp;[];&lt;/span&gt;&lt;/code&gt;&lt;/li&gt;
&lt;li&gt;&lt;code&gt;&lt;/code&gt;&lt;/li&gt;
&lt;li&gt;&lt;code&gt;&amp;nbsp;&amp;nbsp;&amp;nbsp;&amp;nbsp;&amp;nbsp;&amp;nbsp;&amp;nbsp;&amp;nbsp;&amp;nbsp;&amp;nbsp;&amp;nbsp;&amp;nbsp;foreach&amp;nbsp;(&lt;span&amp;nbsp;style="color:&amp;nbsp;var(--highlight-default)"&gt;$game&lt;/span&gt;&lt;span&amp;nbsp;style="color:&amp;nbsp;var(--highlight-keyword)"&gt;-&amp;gt;&lt;/span&gt;&lt;span&amp;nbsp;style="color:&amp;nbsp;var(--highlight-default)"&gt;getPlayers&lt;/span&gt;&lt;span&amp;nbsp;style="color:&amp;nbsp;var(--highlight-keyword)"&gt;()&amp;nbsp;as&amp;nbsp;&lt;/span&gt;&lt;span&amp;nbsp;style="color:&amp;nbsp;var(--highlight-default)"&gt;$index&amp;nbsp;&lt;/span&gt;&lt;span&amp;nbsp;style="color:&amp;nbsp;var(--highlight-keyword)"&gt;=&amp;gt;&amp;nbsp;&lt;/span&gt;&lt;span&amp;nbsp;style="color:&amp;nbsp;var(--highlight-default)"&gt;$player&lt;/span&gt;&lt;span&amp;nbsp;style="color:&amp;nbsp;var(--highlight-keyword)"&gt;)&amp;nbsp;{&lt;/span&gt;&lt;/code&gt;&lt;/li&gt;
&lt;li&gt;&lt;code&gt;&amp;nbsp;&amp;nbsp;&amp;nbsp;&amp;nbsp;&amp;nbsp;&amp;nbsp;&amp;nbsp;&amp;nbsp;&amp;nbsp;&amp;nbsp;&amp;nbsp;&amp;nbsp;&amp;nbsp;&amp;nbsp;&amp;nbsp;&amp;nbsp;&lt;span&amp;nbsp;style="color:&amp;nbsp;var(--highlight-default)"&gt;$players&lt;/span&gt;&lt;span&amp;nbsp;style="color:&amp;nbsp;var(--highlight-keyword)"&gt;[]&amp;nbsp;=&amp;nbsp;[&lt;/span&gt;&lt;/code&gt;&lt;/li&gt;
&lt;li&gt;&lt;code&gt;&amp;nbsp;&amp;nbsp;&amp;nbsp;&amp;nbsp;&amp;nbsp;&amp;nbsp;&amp;nbsp;&amp;nbsp;&amp;nbsp;&amp;nbsp;&amp;nbsp;&amp;nbsp;&amp;nbsp;&amp;nbsp;&amp;nbsp;&amp;nbsp;&amp;nbsp;&amp;nbsp;&amp;nbsp;&amp;nbsp;&lt;span&amp;nbsp;style="color:&amp;nbsp;var(--highlight-string)"&gt;'player-name'&amp;nbsp;&lt;/span&gt;&lt;span&amp;nbsp;style="color:&amp;nbsp;var(--highlight-keyword)"&gt;=&amp;gt;&amp;nbsp;&lt;/span&gt;&lt;span&amp;nbsp;style="color:&amp;nbsp;var(--highlight-default)"&gt;$player&lt;/span&gt;&lt;span&amp;nbsp;style="color:&amp;nbsp;var(--highlight-keyword)"&gt;-&amp;gt;&lt;/span&gt;&lt;span&amp;nbsp;style="color:&amp;nbsp;var(--highlight-default)"&gt;getName&lt;/span&gt;&lt;span&amp;nbsp;style="color:&amp;nbsp;var(--highlight-keyword)"&gt;(),&lt;/span&gt;&lt;/code&gt;&lt;/li&gt;
&lt;li class="selected"&gt;&lt;code&gt;&amp;nbsp;&amp;nbsp;&amp;nbsp;&amp;nbsp;&amp;nbsp;&amp;nbsp;&amp;nbsp;&amp;nbsp;&amp;nbsp;&amp;nbsp;&amp;nbsp;&amp;nbsp;&amp;nbsp;&amp;nbsp;&amp;nbsp;&amp;nbsp;&amp;nbsp;&amp;nbsp;&amp;nbsp;&amp;nbsp;&lt;span&amp;nbsp;style="color:&amp;nbsp;var(--highlight-string)"&gt;'player-score'&amp;nbsp;&lt;/span&gt;&lt;span&amp;nbsp;style="color:&amp;nbsp;var(--highlight-keyword)"&gt;=&amp;gt;&amp;nbsp;&lt;/span&gt;&lt;span&amp;nbsp;style="color:&amp;nbsp;var(--highlight-default)"&gt;$game&lt;/span&gt;&lt;span&amp;nbsp;style="color:&amp;nbsp;var(--highlight-keyword)"&gt;-&amp;gt;&lt;/span&gt;&lt;span&amp;nbsp;style="color:&amp;nbsp;var(--highlight-default)"&gt;getPlayerScore&lt;/span&gt;&lt;span&amp;nbsp;style="color:&amp;nbsp;var(--highlight-keyword)"&gt;(&lt;/span&gt;&lt;span&amp;nbsp;style="color:&amp;nbsp;var(--highlight-default)"&gt;$index&lt;/span&gt;&lt;span&amp;nbsp;style="color:&amp;nbsp;var(--highlight-keyword)"&gt;),&lt;/span&gt;&lt;/code&gt;&lt;/li&gt;
&lt;li&gt;&lt;code&gt;&amp;nbsp;&amp;nbsp;&amp;nbsp;&amp;nbsp;&amp;nbsp;&amp;nbsp;&amp;nbsp;&amp;nbsp;&amp;nbsp;&amp;nbsp;&amp;nbsp;&amp;nbsp;&amp;nbsp;&amp;nbsp;&amp;nbsp;&amp;nbsp;&amp;nbsp;&amp;nbsp;&amp;nbsp;&amp;nbsp;&lt;span&amp;nbsp;style="color:&amp;nbsp;var(--highlight-string)"&gt;'player-cards'&amp;nbsp;&lt;/span&gt;&lt;span&amp;nbsp;style="color:&amp;nbsp;var(--highlight-keyword)"&gt;=&amp;gt;&amp;nbsp;&lt;/span&gt;&lt;span&amp;nbsp;style="color:&amp;nbsp;var(--highlight-default)"&gt;array_map&lt;/span&gt;&lt;span&amp;nbsp;style="color:&amp;nbsp;var(--highlight-keyword)"&gt;(function&amp;nbsp;(&lt;/span&gt;&lt;span&amp;nbsp;style="color:&amp;nbsp;var(--highlight-default)"&gt;$card&lt;/span&gt;&lt;span&amp;nbsp;style="color:&amp;nbsp;var(--highlight-keyword)"&gt;)&amp;nbsp;{&lt;/span&gt;&lt;/code&gt;&lt;/li&gt;
&lt;li&gt;&lt;code&gt;&amp;nbsp;&amp;nbsp;&amp;nbsp;&amp;nbsp;&amp;nbsp;&amp;nbsp;&amp;nbsp;&amp;nbsp;&amp;nbsp;&amp;nbsp;&amp;nbsp;&amp;nbsp;&amp;nbsp;&amp;nbsp;&amp;nbsp;&amp;nbsp;&amp;nbsp;&amp;nbsp;&amp;nbsp;&amp;nbsp;&amp;nbsp;&amp;nbsp;&amp;nbsp;&amp;nbsp;return&amp;nbsp;&lt;span&amp;nbsp;style="color:&amp;nbsp;var(--highlight-default)"&gt;$card&lt;/span&gt;&lt;span&amp;nbsp;style="color:&amp;nbsp;var(--highlight-keyword)"&gt;-&amp;gt;&lt;/span&gt;&lt;span&amp;nbsp;style="color:&amp;nbsp;var(--highlight-default)"&gt;getAsString&lt;/span&gt;&lt;span&amp;nbsp;style="color:&amp;nbsp;var(--highlight-keyword)"&gt;();&lt;/span&gt;&lt;/code&gt;&lt;/li&gt;
&lt;li&gt;&lt;code&gt;&amp;nbsp;&amp;nbsp;&amp;nbsp;&amp;nbsp;&amp;nbsp;&amp;nbsp;&amp;nbsp;&amp;nbsp;&amp;nbsp;&amp;nbsp;&amp;nbsp;&amp;nbsp;&amp;nbsp;&amp;nbsp;&amp;nbsp;&amp;nbsp;&amp;nbsp;&amp;nbsp;&amp;nbsp;&amp;nbsp;},&amp;nbsp;&lt;span&amp;nbsp;style="color:&amp;nbsp;var(--highlight-default)"&gt;$player&lt;/span&gt;&lt;span&amp;nbsp;style="color:&amp;nbsp;var(--highlight-keyword)"&gt;-&amp;gt;&lt;/span&gt;&lt;span&amp;nbsp;style="color:&amp;nbsp;var(--highlight-default)"&gt;getHand&lt;/span&gt;&lt;span&amp;nbsp;style="color:&amp;nbsp;var(--highlight-keyword)"&gt;()-&amp;gt;&lt;/span&gt;&lt;span&amp;nbsp;style="color:&amp;nbsp;var(--highlight-default)"&gt;getCards&lt;/span&gt;&lt;span&amp;nbsp;style="color:&amp;nbsp;var(--highlight-keyword)"&gt;())&lt;/span&gt;&lt;/code&gt;&lt;/li&gt;
&lt;li&gt;&lt;code&gt;&amp;nbsp;&amp;nbsp;&amp;nbsp;&amp;nbsp;&amp;nbsp;&amp;nbsp;&amp;nbsp;&amp;nbsp;&amp;nbsp;&amp;nbsp;&amp;nbsp;&amp;nbsp;&amp;nbsp;&amp;nbsp;&amp;nbsp;&amp;nbsp;];&lt;/code&gt;&lt;/li&gt;
&lt;li&gt;&lt;code&gt;&amp;nbsp;&amp;nbsp;&amp;nbsp;&amp;nbsp;&amp;nbsp;&amp;nbsp;&amp;nbsp;&amp;nbsp;&amp;nbsp;&amp;nbsp;&amp;nbsp;&amp;nbsp;}&lt;/code&gt;&lt;/li&gt;&lt;/ol&gt;    &lt;/div&gt;            &lt;/div&gt;
                        &lt;div class="trace-line trace-from-vendor"&gt;
                &lt;div class="trace-line-header break-long-words sf-toggle" data-toggle-selector="#trace-html-1-1" data-toggle-initial=""&gt;
            &lt;span class="icon icon-close"&gt;&lt;svg width="1792" height="1792" viewBox="0 0 1792 1792" xmlns="http://www.w3.org/2000/svg"&gt;&lt;path d="M1408 960V832q0-26-19-45t-45-19H448q-26 0-45 19t-19 45v128q0 26 19 45t45 19h896q26 0 45-19t19-45zm256-544v960q0 119-84.5 203.5T1376 1664H416q-119 0-203.5-84.5T128 1376V416q0-119 84.5-203.5T416 128h960q119 0 203.5 84.5T1664 416z"/&gt;&lt;/svg&gt;&lt;/span&gt;
        &lt;span class="icon icon-open"&gt;&lt;svg width="1792" height="1792" viewBox="0 0 1792 1792" xmlns="http://www.w3.org/2000/svg"&gt;&lt;path d="M1408 960V832q0-26-19-45t-45-19h-320V448q0-26-19-45t-45-19H832q-26 0-45 19t-19 45v320H448q-26 0-45 19t-19 45v128q0 26 19 45t45 19h320v320q0 26 19 45t45 19h128q26 0 45-19t19-45v-320h320q26 0 45-19t19-45zm256-544v960q0 119-84.5 203.5T1376 1664H416q-119 0-203.5-84.5T128 1376V416q0-119 84.5-203.5T416 128h960q119 0 203.5 84.5T1664 416z"/&gt;&lt;/svg&gt;&lt;/span&gt;
    
    
                    &lt;span class="block trace-file-path"&gt;
            in
            &lt;a href="file:///home/albinr/dbwebb-kurser/mvc/me/report/vendor/symfony/http-kernel/HttpKernel.php#L178"&gt;
                vendor/symfony/http-kernel/&lt;strong&gt;HttpKernel.php&lt;/strong&gt;
            &lt;/a&gt;
                            &lt;span class="trace-type"&gt;-&gt;&lt;/span&gt;
                &lt;span class="trace-method"&gt;apiGameStatus&lt;/span&gt;
                        (line 178)
            &lt;span class="icon icon-copy hidden" data-clipboard-text="vendor/symfony/http-kernel/HttpKernel.php:178"&gt;
                &lt;svg xmlns="http://www.w3.org/2000/svg" height="24" viewBox="0 0 24 24" width="24"&gt;&lt;path d="M0 0h24v24H0z" fill="none"/&gt;&lt;path d="M16 1H4c-1.1 0-2 .9-2 2v14h2V3h12V1zm3 4H8c-1.1 0-2 .9-2 2v14c0 1.1.9 2 2 2h11c1.1 0 2-.9 2-2V7c0-1.1-.9-2-2-2zm0 16H8V7h11v14z"/&gt;&lt;/svg&gt;            &lt;/span&gt;
        &lt;/span&gt;
    &lt;/div&gt;
    &lt;div id="trace-html-1-1" class="trace-code sf-toggle-content"&gt;
        &lt;ol start="173"&gt;&lt;li&gt;&lt;code&gt;&amp;nbsp;&amp;nbsp;&amp;nbsp;&amp;nbsp;&amp;nbsp;&amp;nbsp;&amp;nbsp;&amp;nbsp;&lt;span&amp;nbsp;style="color:&amp;nbsp;var(--highlight-default)"&gt;$this&lt;/span&gt;&lt;span&amp;nbsp;style="color:&amp;nbsp;var(--highlight-keyword)"&gt;-&amp;gt;&lt;/span&gt;&lt;span&amp;nbsp;style="color:&amp;nbsp;var(--highlight-default)"&gt;dispatcher&lt;/span&gt;&lt;span&amp;nbsp;style="color:&amp;nbsp;var(--highlight-keyword)"&gt;-&amp;gt;&lt;/span&gt;&lt;span&amp;nbsp;style="color:&amp;nbsp;var(--highlight-default)"&gt;dispatch&lt;/span&gt;&lt;span&amp;nbsp;style="color:&amp;nbsp;var(--highlight-keyword)"&gt;(&lt;/span&gt;&lt;span&amp;nbsp;style="color:&amp;nbsp;var(--highlight-default)"&gt;$event&lt;/span&gt;&lt;span&amp;nbsp;style="color:&amp;nbsp;var(--highlight-keyword)"&gt;,&amp;nbsp;&lt;/span&gt;&lt;span&amp;nbsp;style="color:&amp;nbsp;var(--highlight-default)"&gt;KernelEvents&lt;/span&gt;&lt;span&amp;nbsp;style="color:&amp;nbsp;var(--highlight-keyword)"&gt;::&lt;/span&gt;&lt;span&amp;nbsp;style="color:&amp;nbsp;var(--highlight-default)"&gt;CONTROLLER_ARGUMENTS&lt;/span&gt;&lt;span&amp;nbsp;style="color:&amp;nbsp;var(--highlight-keyword)"&gt;);&lt;/span&gt;&lt;/code&gt;&lt;/li&gt;
&lt;li&gt;&lt;code&gt;&amp;nbsp;&amp;nbsp;&amp;nbsp;&amp;nbsp;&amp;nbsp;&amp;nbsp;&amp;nbsp;&amp;nbsp;&lt;span&amp;nbsp;style="color:&amp;nbsp;var(--highlight-default)"&gt;$controller&amp;nbsp;&lt;/span&gt;&lt;span&amp;nbsp;style="color:&amp;nbsp;var(--highlight-keyword)"&gt;=&amp;nbsp;&lt;/span&gt;&lt;span&amp;nbsp;style="color:&amp;nbsp;var(--highlight-default)"&gt;$event&lt;/span&gt;&lt;span&amp;nbsp;style="color:&amp;nbsp;var(--highlight-keyword)"&gt;-&amp;gt;&lt;/span&gt;&lt;span&amp;nbsp;style="color:&amp;nbsp;var(--highlight-default)"&gt;getController&lt;/span&gt;&lt;span&amp;nbsp;style="color:&amp;nbsp;var(--highlight-keyword)"&gt;();&lt;/span&gt;&lt;/code&gt;&lt;/li&gt;
&lt;li&gt;&lt;code&gt;&amp;nbsp;&amp;nbsp;&amp;nbsp;&amp;nbsp;&amp;nbsp;&amp;nbsp;&amp;nbsp;&amp;nbsp;&lt;span&amp;nbsp;style="color:&amp;nbsp;var(--highlight-default)"&gt;$arguments&amp;nbsp;&lt;/span&gt;&lt;span&amp;nbsp;style="color:&amp;nbsp;var(--highlight-keyword)"&gt;=&amp;nbsp;&lt;/span&gt;&lt;span&amp;nbsp;style="color:&amp;nbsp;var(--highlight-default)"&gt;$event&lt;/span&gt;&lt;span&amp;nbsp;style="color:&amp;nbsp;var(--highlight-keyword)"&gt;-&amp;gt;&lt;/span&gt;&lt;span&amp;nbsp;style="color:&amp;nbsp;var(--highlight-default)"&gt;getArguments&lt;/span&gt;&lt;span&amp;nbsp;style="color:&amp;nbsp;var(--highlight-keyword)"&gt;();&lt;/span&gt;&lt;/code&gt;&lt;/li&gt;
&lt;li&gt;&lt;code&gt;&lt;/code&gt;&lt;/li&gt;
&lt;li&gt;&lt;code&gt;&amp;nbsp;&amp;nbsp;&amp;nbsp;&amp;nbsp;&amp;nbsp;&amp;nbsp;&amp;nbsp;&amp;nbsp;&lt;span&amp;nbsp;style="color:&amp;nbsp;var(--highlight-comment)"&gt;//&amp;nbsp;call&amp;nbsp;controller&lt;/span&gt;&lt;/code&gt;&lt;/li&gt;
&lt;li class="selected"&gt;&lt;code&gt;&amp;nbsp;&amp;nbsp;&amp;nbsp;&amp;nbsp;&amp;nbsp;&amp;nbsp;&amp;nbsp;&amp;nbsp;&lt;span&amp;nbsp;style="color:&amp;nbsp;var(--highlight-default)"&gt;$response&amp;nbsp;&lt;/span&gt;&lt;span&amp;nbsp;style="color:&amp;nbsp;var(--highlight-keyword)"&gt;=&amp;nbsp;&lt;/span&gt;&lt;span&amp;nbsp;style="color:&amp;nbsp;var(--highlight-default)"&gt;$controller&lt;/span&gt;&lt;span&amp;nbsp;style="color:&amp;nbsp;var(--highlight-keyword)"&gt;(...&lt;/span&gt;&lt;span&amp;nbsp;style="color:&amp;nbsp;var(--highlight-default)"&gt;$arguments&lt;/span&gt;&lt;span&amp;nbsp;style="color:&amp;nbsp;var(--highlight-keyword)"&gt;);&lt;/span&gt;&lt;/code&gt;&lt;/li&gt;
&lt;li&gt;&lt;code&gt;&lt;/code&gt;&lt;/li&gt;
&lt;li&gt;&lt;code&gt;&amp;nbsp;&amp;nbsp;&amp;nbsp;&amp;nbsp;&amp;nbsp;&amp;nbsp;&amp;nbsp;&amp;nbsp;&lt;span&amp;nbsp;style="color:&amp;nbsp;var(--highlight-comment)"&gt;//&amp;nbsp;view&lt;/span&gt;&lt;/code&gt;&lt;/li&gt;
&lt;li&gt;&lt;code&gt;&amp;nbsp;&amp;nbsp;&amp;nbsp;&amp;nbsp;&amp;nbsp;&amp;nbsp;&amp;nbsp;&amp;nbsp;&lt;span&amp;nbsp;style="color:&amp;nbsp;var(--highlight-keyword)"&gt;if&amp;nbsp;(!&lt;/span&gt;&lt;span&amp;nbsp;style="color:&amp;nbsp;var(--highlight-default)"&gt;$response&amp;nbsp;&lt;/span&gt;&lt;span&amp;nbsp;style="color:&amp;nbsp;var(--highlight-keyword)"&gt;instanceof&amp;nbsp;&lt;/span&gt;&lt;span&amp;nbsp;style="color:&amp;nbsp;var(--highlight-default)"&gt;Response&lt;/span&gt;&lt;span&amp;nbsp;style="color:&amp;nbsp;var(--highlight-keyword)"&gt;)&amp;nbsp;{&lt;/span&gt;&lt;/code&gt;&lt;/li&gt;
&lt;li&gt;&lt;code&gt;&amp;nbsp;&amp;nbsp;&amp;nbsp;&amp;nbsp;&amp;nbsp;&amp;nbsp;&amp;nbsp;&amp;nbsp;&amp;nbsp;&amp;nbsp;&amp;nbsp;&amp;nbsp;&lt;span&amp;nbsp;style="color:&amp;nbsp;var(--highlight-default)"&gt;$event&amp;nbsp;&lt;/span&gt;&lt;span&amp;nbsp;style="color:&amp;nbsp;var(--highlight-keyword)"&gt;=&amp;nbsp;new&amp;nbsp;&lt;/span&gt;&lt;span&amp;nbsp;style="color:&amp;nbsp;var(--highlight-default)"&gt;ViewEvent&lt;/span&gt;&lt;span&amp;nbsp;style="color:&amp;nbsp;var(--highlight-keyword)"&gt;(&lt;/span&gt;&lt;span&amp;nbsp;style="color:&amp;nbsp;var(--highlight-default)"&gt;$this&lt;/span&gt;&lt;span&amp;nbsp;style="color:&amp;nbsp;var(--highlight-keyword)"&gt;,&amp;nbsp;&lt;/span&gt;&lt;span&amp;nbsp;style="color:&amp;nbsp;var(--highlight-default)"&gt;$request&lt;/span&gt;&lt;span&amp;nbsp;style="color:&amp;nbsp;var(--highlight-keyword)"&gt;,&amp;nbsp;&lt;/span&gt;&lt;span&amp;nbsp;style="color:&amp;nbsp;var(--highlight-default)"&gt;$type&lt;/span&gt;&lt;span&amp;nbsp;style="color:&amp;nbsp;var(--highlight-keyword)"&gt;,&amp;nbsp;&lt;/span&gt;&lt;span&amp;nbsp;style="color:&amp;nbsp;var(--highlight-default)"&gt;$response&lt;/span&gt;&lt;span&amp;nbsp;style="color:&amp;nbsp;var(--highlight-keyword)"&gt;,&amp;nbsp;&lt;/span&gt;&lt;span&amp;nbsp;style="color:&amp;nbsp;var(--highlight-default)"&gt;$event&lt;/span&gt;&lt;span&amp;nbsp;style="color:&amp;nbsp;var(--highlight-keyword)"&gt;);&lt;/span&gt;&lt;/code&gt;&lt;/li&gt;
&lt;li&gt;&lt;code&gt;&amp;nbsp;&amp;nbsp;&amp;nbsp;&amp;nbsp;&amp;nbsp;&amp;nbsp;&amp;nbsp;&amp;nbsp;&amp;nbsp;&amp;nbsp;&amp;nbsp;&amp;nbsp;&lt;span&amp;nbsp;style="color:&amp;nbsp;var(--highlight-default)"&gt;$this&lt;/span&gt;&lt;span&amp;nbsp;style="color:&amp;nbsp;var(--highlight-keyword)"&gt;-&amp;gt;&lt;/span&gt;&lt;span&amp;nbsp;style="color:&amp;nbsp;var(--highlight-default)"&gt;dispatcher&lt;/span&gt;&lt;span&amp;nbsp;style="color:&amp;nbsp;var(--highlight-keyword)"&gt;-&amp;gt;&lt;/span&gt;&lt;span&amp;nbsp;style="color:&amp;nbsp;var(--highlight-default)"&gt;dispatch&lt;/span&gt;&lt;span&amp;nbsp;style="color:&amp;nbsp;var(--highlight-keyword)"&gt;(&lt;/span&gt;&lt;span&amp;nbsp;style="color:&amp;nbsp;var(--highlight-default)"&gt;$event&lt;/span&gt;&lt;span&amp;nbsp;style="color:&amp;nbsp;var(--highlight-keyword)"&gt;,&amp;nbsp;&lt;/span&gt;&lt;span&amp;nbsp;style="color:&amp;nbsp;var(--highlight-default)"&gt;KernelEvents&lt;/span&gt;&lt;span&amp;nbsp;style="color:&amp;nbsp;var(--highlight-keyword)"&gt;::&lt;/span&gt;&lt;span&amp;nbsp;style="color:&amp;nbsp;var(--highlight-default)"&gt;VIEW&lt;/span&gt;&lt;span&amp;nbsp;style="color:&amp;nbsp;var(--highlight-keyword)"&gt;);&lt;/span&gt;&lt;/code&gt;&lt;/li&gt;&lt;/ol&gt;    &lt;/div&gt;            &lt;/div&gt;
                        &lt;div class="trace-line trace-from-vendor"&gt;
                &lt;div class="trace-line-header break-long-words sf-toggle" data-toggle-selector="#trace-html-1-2" data-toggle-initial=""&gt;
            &lt;span class="icon icon-close"&gt;&lt;svg width="1792" height="1792" viewBox="0 0 1792 1792" xmlns="http://www.w3.org/2000/svg"&gt;&lt;path d="M1408 960V832q0-26-19-45t-45-19H448q-26 0-45 19t-19 45v128q0 26 19 45t45 19h896q26 0 45-19t19-45zm256-544v960q0 119-84.5 203.5T1376 1664H416q-119 0-203.5-84.5T128 1376V416q0-119 84.5-203.5T416 128h960q119 0 203.5 84.5T1664 416z"/&gt;&lt;/svg&gt;&lt;/span&gt;
        &lt;span class="icon icon-open"&gt;&lt;svg width="1792" height="1792" viewBox="0 0 1792 1792" xmlns="http://www.w3.org/2000/svg"&gt;&lt;path d="M1408 960V832q0-26-19-45t-45-19h-320V448q0-26-19-45t-45-19H832q-26 0-45 19t-19 45v320H448q-26 0-45 19t-19 45v128q0 26 19 45t45 19h320v320q0 26 19 45t45 19h128q26 0 45-19t19-45v-320h320q26 0 45-19t19-45zm256-544v960q0 119-84.5 203.5T1376 1664H416q-119 0-203.5-84.5T128 1376V416q0-119 84.5-203.5T416 128h960q119 0 203.5 84.5T1664 416z"/&gt;&lt;/svg&gt;&lt;/span&gt;
    
    
                    &lt;span class="block trace-file-path"&gt;
            in
            &lt;a href="file:///home/albinr/dbwebb-kurser/mvc/me/report/vendor/symfony/http-kernel/HttpKernel.php#L76"&gt;
                vendor/symfony/http-kernel/&lt;strong&gt;HttpKernel.php&lt;/strong&gt;
            &lt;/a&gt;
                            &lt;span class="trace-type"&gt;-&gt;&lt;/span&gt;
                &lt;span class="trace-method"&gt;handleRaw&lt;/span&gt;
                        (line 76)
            &lt;span class="icon icon-copy hidden" data-clipboard-text="vendor/symfony/http-kernel/HttpKernel.php:76"&gt;
                &lt;svg xmlns="http://www.w3.org/2000/svg" height="24" viewBox="0 0 24 24" width="24"&gt;&lt;path d="M0 0h24v24H0z" fill="none"/&gt;&lt;path d="M16 1H4c-1.1 0-2 .9-2 2v14h2V3h12V1zm3 4H8c-1.1 0-2 .9-2 2v14c0 1.1.9 2 2 2h11c1.1 0 2-.9 2-2V7c0-1.1-.9-2-2-2zm0 16H8V7h11v14z"/&gt;&lt;/svg&gt;            &lt;/span&gt;
        &lt;/span&gt;
    &lt;/div&gt;
    &lt;div id="trace-html-1-2" class="trace-code sf-toggle-content"&gt;
        &lt;ol start="71"&gt;&lt;li&gt;&lt;code&gt;&amp;nbsp;&amp;nbsp;&amp;nbsp;&amp;nbsp;&amp;nbsp;&amp;nbsp;&amp;nbsp;&amp;nbsp;&lt;span&amp;nbsp;style="color:&amp;nbsp;var(--highlight-default)"&gt;$request&lt;/span&gt;&lt;span&amp;nbsp;style="color:&amp;nbsp;var(--highlight-keyword)"&gt;-&amp;gt;&lt;/span&gt;&lt;span&amp;nbsp;style="color:&amp;nbsp;var(--highlight-default)"&gt;headers&lt;/span&gt;&lt;span&amp;nbsp;style="color:&amp;nbsp;var(--highlight-keyword)"&gt;-&amp;gt;&lt;/span&gt;&lt;span&amp;nbsp;style="color:&amp;nbsp;var(--highlight-default)"&gt;set&lt;/span&gt;&lt;span&amp;nbsp;style="color:&amp;nbsp;var(--highlight-keyword)"&gt;(&lt;/span&gt;&lt;span&amp;nbsp;style="color:&amp;nbsp;var(--highlight-string)"&gt;'X-Php-Ob-Level'&lt;/span&gt;&lt;span&amp;nbsp;style="color:&amp;nbsp;var(--highlight-keyword)"&gt;,&amp;nbsp;(string)&amp;nbsp;&lt;/span&gt;&lt;span&amp;nbsp;style="color:&amp;nbsp;var(--highlight-default)"&gt;ob_get_level&lt;/span&gt;&lt;span&amp;nbsp;style="color:&amp;nbsp;var(--highlight-keyword)"&gt;());&lt;/span&gt;&lt;/code&gt;&lt;/li&gt;
&lt;li&gt;&lt;code&gt;&lt;/code&gt;&lt;/li&gt;
&lt;li&gt;&lt;code&gt;&amp;nbsp;&amp;nbsp;&amp;nbsp;&amp;nbsp;&amp;nbsp;&amp;nbsp;&amp;nbsp;&amp;nbsp;&lt;span&amp;nbsp;style="color:&amp;nbsp;var(--highlight-default)"&gt;$this&lt;/span&gt;&lt;span&amp;nbsp;style="color:&amp;nbsp;var(--highlight-keyword)"&gt;-&amp;gt;&lt;/span&gt;&lt;span&amp;nbsp;style="color:&amp;nbsp;var(--highlight-default)"&gt;requestStack&lt;/span&gt;&lt;span&amp;nbsp;style="color:&amp;nbsp;var(--highlight-keyword)"&gt;-&amp;gt;&lt;/span&gt;&lt;span&amp;nbsp;style="color:&amp;nbsp;var(--highlight-default)"&gt;push&lt;/span&gt;&lt;span&amp;nbsp;style="color:&amp;nbsp;var(--highlight-keyword)"&gt;(&lt;/span&gt;&lt;span&amp;nbsp;style="color:&amp;nbsp;var(--highlight-default)"&gt;$request&lt;/span&gt;&lt;span&amp;nbsp;style="color:&amp;nbsp;var(--highlight-keyword)"&gt;);&lt;/span&gt;&lt;/code&gt;&lt;/li&gt;
&lt;li&gt;&lt;code&gt;&amp;nbsp;&amp;nbsp;&amp;nbsp;&amp;nbsp;&amp;nbsp;&amp;nbsp;&amp;nbsp;&amp;nbsp;&lt;span&amp;nbsp;style="color:&amp;nbsp;var(--highlight-default)"&gt;$response&amp;nbsp;&lt;/span&gt;&lt;span&amp;nbsp;style="color:&amp;nbsp;var(--highlight-keyword)"&gt;=&amp;nbsp;&lt;/span&gt;&lt;span&amp;nbsp;style="color:&amp;nbsp;var(--highlight-default)"&gt;null&lt;/span&gt;&lt;span&amp;nbsp;style="color:&amp;nbsp;var(--highlight-keyword)"&gt;;&lt;/span&gt;&lt;/code&gt;&lt;/li&gt;
&lt;li&gt;&lt;code&gt;&amp;nbsp;&amp;nbsp;&amp;nbsp;&amp;nbsp;&amp;nbsp;&amp;nbsp;&amp;nbsp;&amp;nbsp;try&amp;nbsp;{&lt;/code&gt;&lt;/li&gt;
&lt;li class="selected"&gt;&lt;code&gt;&amp;nbsp;&amp;nbsp;&amp;nbsp;&amp;nbsp;&amp;nbsp;&amp;nbsp;&amp;nbsp;&amp;nbsp;&amp;nbsp;&amp;nbsp;&amp;nbsp;&amp;nbsp;return&amp;nbsp;&lt;span&amp;nbsp;style="color:&amp;nbsp;var(--highlight-default)"&gt;$response&amp;nbsp;&lt;/span&gt;&lt;span&amp;nbsp;style="color:&amp;nbsp;var(--highlight-keyword)"&gt;=&amp;nbsp;&lt;/span&gt;&lt;span&amp;nbsp;style="color:&amp;nbsp;var(--highlight-default)"&gt;$this&lt;/span&gt;&lt;span&amp;nbsp;style="color:&amp;nbsp;var(--highlight-keyword)"&gt;-&amp;gt;&lt;/span&gt;&lt;span&amp;nbsp;style="color:&amp;nbsp;var(--highlight-default)"&gt;handleRaw&lt;/span&gt;&lt;span&amp;nbsp;style="color:&amp;nbsp;var(--highlight-keyword)"&gt;(&lt;/span&gt;&lt;span&amp;nbsp;style="color:&amp;nbsp;var(--highlight-default)"&gt;$request&lt;/span&gt;&lt;span&amp;nbsp;style="color:&amp;nbsp;var(--highlight-keyword)"&gt;,&amp;nbsp;&lt;/span&gt;&lt;span&amp;nbsp;style="color:&amp;nbsp;var(--highlight-default)"&gt;$type&lt;/span&gt;&lt;span&amp;nbsp;style="color:&amp;nbsp;var(--highlight-keyword)"&gt;);&lt;/span&gt;&lt;/code&gt;&lt;/li&gt;
&lt;li&gt;&lt;code&gt;&amp;nbsp;&amp;nbsp;&amp;nbsp;&amp;nbsp;&amp;nbsp;&amp;nbsp;&amp;nbsp;&amp;nbsp;}&amp;nbsp;catch&amp;nbsp;(&lt;span&amp;nbsp;style="color:&amp;nbsp;var(--highlight-default)"&gt;\Throwable&amp;nbsp;$e&lt;/span&gt;&lt;span&amp;nbsp;style="color:&amp;nbsp;var(--highlight-keyword)"&gt;)&amp;nbsp;{&lt;/span&gt;&lt;/code&gt;&lt;/li&gt;
&lt;li&gt;&lt;code&gt;&amp;nbsp;&amp;nbsp;&amp;nbsp;&amp;nbsp;&amp;nbsp;&amp;nbsp;&amp;nbsp;&amp;nbsp;&amp;nbsp;&amp;nbsp;&amp;nbsp;&amp;nbsp;if&amp;nbsp;(&lt;span&amp;nbsp;style="color:&amp;nbsp;var(--highlight-default)"&gt;$e&amp;nbsp;&lt;/span&gt;&lt;span&amp;nbsp;style="color:&amp;nbsp;var(--highlight-keyword)"&gt;instanceof&amp;nbsp;&lt;/span&gt;&lt;span&amp;nbsp;style="color:&amp;nbsp;var(--highlight-default)"&gt;\Error&amp;nbsp;&lt;/span&gt;&lt;span&amp;nbsp;style="color:&amp;nbsp;var(--highlight-keyword)"&gt;&amp;amp;&amp;amp;&amp;nbsp;!&lt;/span&gt;&lt;span&amp;nbsp;style="color:&amp;nbsp;var(--highlight-default)"&gt;$this&lt;/span&gt;&lt;span&amp;nbsp;style="color:&amp;nbsp;var(--highlight-keyword)"&gt;-&amp;gt;&lt;/span&gt;&lt;span&amp;nbsp;style="color:&amp;nbsp;var(--highlight-default)"&gt;handleAllThrowables&lt;/span&gt;&lt;span&amp;nbsp;style="color:&amp;nbsp;var(--highlight-keyword)"&gt;)&amp;nbsp;{&lt;/span&gt;&lt;/code&gt;&lt;/li&gt;
&lt;li&gt;&lt;code&gt;&amp;nbsp;&amp;nbsp;&amp;nbsp;&amp;nbsp;&amp;nbsp;&amp;nbsp;&amp;nbsp;&amp;nbsp;&amp;nbsp;&amp;nbsp;&amp;nbsp;&amp;nbsp;&amp;nbsp;&amp;nbsp;&amp;nbsp;&amp;nbsp;throw&amp;nbsp;&lt;span&amp;nbsp;style="color:&amp;nbsp;var(--highlight-default)"&gt;$e&lt;/span&gt;&lt;span&amp;nbsp;style="color:&amp;nbsp;var(--highlight-keyword)"&gt;;&lt;/span&gt;&lt;/code&gt;&lt;/li&gt;
&lt;li&gt;&lt;code&gt;&amp;nbsp;&amp;nbsp;&amp;nbsp;&amp;nbsp;&amp;nbsp;&amp;nbsp;&amp;nbsp;&amp;nbsp;&amp;nbsp;&amp;nbsp;&amp;nbsp;&amp;nbsp;}&lt;/code&gt;&lt;/li&gt;
&lt;li&gt;&lt;code&gt;&lt;/code&gt;&lt;/li&gt;&lt;/ol&gt;    &lt;/div&gt;            &lt;/div&gt;
                        &lt;div class="trace-line trace-from-vendor"&gt;
                &lt;div class="trace-line-header break-long-words sf-toggle" data-toggle-selector="#trace-html-1-3" data-toggle-initial=""&gt;
            &lt;span class="icon icon-close"&gt;&lt;svg width="1792" height="1792" viewBox="0 0 1792 1792" xmlns="http://www.w3.org/2000/svg"&gt;&lt;path d="M1408 960V832q0-26-19-45t-45-19H448q-26 0-45 19t-19 45v128q0 26 19 45t45 19h896q26 0 45-19t19-45zm256-544v960q0 119-84.5 203.5T1376 1664H416q-119 0-203.5-84.5T128 1376V416q0-119 84.5-203.5T416 128h960q119 0 203.5 84.5T1664 416z"/&gt;&lt;/svg&gt;&lt;/span&gt;
        &lt;span class="icon icon-open"&gt;&lt;svg width="1792" height="1792" viewBox="0 0 1792 1792" xmlns="http://www.w3.org/2000/svg"&gt;&lt;path d="M1408 960V832q0-26-19-45t-45-19h-320V448q0-26-19-45t-45-19H832q-26 0-45 19t-19 45v320H448q-26 0-45 19t-19 45v128q0 26 19 45t45 19h320v320q0 26 19 45t45 19h128q26 0 45-19t19-45v-320h320q26 0 45-19t19-45zm256-544v960q0 119-84.5 203.5T1376 1664H416q-119 0-203.5-84.5T128 1376V416q0-119 84.5-203.5T416 128h960q119 0 203.5 84.5T1664 416z"/&gt;&lt;/svg&gt;&lt;/span&gt;
    
    
                    &lt;span class="block trace-file-path"&gt;
            in
            &lt;a href="file:///home/albinr/dbwebb-kurser/mvc/me/report/vendor/symfony/http-kernel/Kernel.php#L185"&gt;
                vendor/symfony/http-kernel/&lt;strong&gt;Kernel.php&lt;/strong&gt;
            &lt;/a&gt;
                            &lt;span class="trace-type"&gt;-&gt;&lt;/span&gt;
                &lt;span class="trace-method"&gt;handle&lt;/span&gt;
                        (line 185)
            &lt;span class="icon icon-copy hidden" data-clipboard-text="vendor/symfony/http-kernel/Kernel.php:185"&gt;
                &lt;svg xmlns="http://www.w3.org/2000/svg" height="24" viewBox="0 0 24 24" width="24"&gt;&lt;path d="M0 0h24v24H0z" fill="none"/&gt;&lt;path d="M16 1H4c-1.1 0-2 .9-2 2v14h2V3h12V1zm3 4H8c-1.1 0-2 .9-2 2v14c0 1.1.9 2 2 2h11c1.1 0 2-.9 2-2V7c0-1.1-.9-2-2-2zm0 16H8V7h11v14z"/&gt;&lt;/svg&gt;            &lt;/span&gt;
        &lt;/span&gt;
    &lt;/div&gt;
    &lt;div id="trace-html-1-3" class="trace-code sf-toggle-content"&gt;
        &lt;ol start="180"&gt;&lt;li&gt;&lt;code&gt;&amp;nbsp;&amp;nbsp;&amp;nbsp;&amp;nbsp;&amp;nbsp;&amp;nbsp;&amp;nbsp;&amp;nbsp;&lt;span&amp;nbsp;style="color:&amp;nbsp;var(--highlight-default)"&gt;$this&lt;/span&gt;&lt;span&amp;nbsp;style="color:&amp;nbsp;var(--highlight-keyword)"&gt;-&amp;gt;&lt;/span&gt;&lt;span&amp;nbsp;style="color:&amp;nbsp;var(--highlight-default)"&gt;boot&lt;/span&gt;&lt;span&amp;nbsp;style="color:&amp;nbsp;var(--highlight-keyword)"&gt;();&lt;/span&gt;&lt;/code&gt;&lt;/li&gt;
&lt;li&gt;&lt;code&gt;&amp;nbsp;&amp;nbsp;&amp;nbsp;&amp;nbsp;&amp;nbsp;&amp;nbsp;&amp;nbsp;&amp;nbsp;++&lt;span&amp;nbsp;style="color:&amp;nbsp;var(--highlight-default)"&gt;$this&lt;/span&gt;&lt;span&amp;nbsp;style="color:&amp;nbsp;var(--highlight-keyword)"&gt;-&amp;gt;&lt;/span&gt;&lt;span&amp;nbsp;style="color:&amp;nbsp;var(--highlight-default)"&gt;requestStackSize&lt;/span&gt;&lt;span&amp;nbsp;style="color:&amp;nbsp;var(--highlight-keyword)"&gt;;&lt;/span&gt;&lt;/code&gt;&lt;/li&gt;
&lt;li&gt;&lt;code&gt;&amp;nbsp;&amp;nbsp;&amp;nbsp;&amp;nbsp;&amp;nbsp;&amp;nbsp;&amp;nbsp;&amp;nbsp;&lt;span&amp;nbsp;style="color:&amp;nbsp;var(--highlight-default)"&gt;$this&lt;/span&gt;&lt;span&amp;nbsp;style="color:&amp;nbsp;var(--highlight-keyword)"&gt;-&amp;gt;&lt;/span&gt;&lt;span&amp;nbsp;style="color:&amp;nbsp;var(--highlight-default)"&gt;resetServices&amp;nbsp;&lt;/span&gt;&lt;span&amp;nbsp;style="color:&amp;nbsp;var(--highlight-keyword)"&gt;=&amp;nbsp;&lt;/span&gt;&lt;span&amp;nbsp;style="color:&amp;nbsp;var(--highlight-default)"&gt;true&lt;/span&gt;&lt;span&amp;nbsp;style="color:&amp;nbsp;var(--highlight-keyword)"&gt;;&lt;/span&gt;&lt;/code&gt;&lt;/li&gt;
&lt;li&gt;&lt;code&gt;&lt;/code&gt;&lt;/li&gt;
&lt;li&gt;&lt;code&gt;&amp;nbsp;&amp;nbsp;&amp;nbsp;&amp;nbsp;&amp;nbsp;&amp;nbsp;&amp;nbsp;&amp;nbsp;try&amp;nbsp;{&lt;/code&gt;&lt;/li&gt;
&lt;li class="selected"&gt;&lt;code&gt;&amp;nbsp;&amp;nbsp;&amp;nbsp;&amp;nbsp;&amp;nbsp;&amp;nbsp;&amp;nbsp;&amp;nbsp;&amp;nbsp;&amp;nbsp;&amp;nbsp;&amp;nbsp;return&amp;nbsp;&lt;span&amp;nbsp;style="color:&amp;nbsp;var(--highlight-default)"&gt;$this&lt;/span&gt;&lt;span&amp;nbsp;style="color:&amp;nbsp;var(--highlight-keyword)"&gt;-&amp;gt;&lt;/span&gt;&lt;span&amp;nbsp;style="color:&amp;nbsp;var(--highlight-default)"&gt;getHttpKernel&lt;/span&gt;&lt;span&amp;nbsp;style="color:&amp;nbsp;var(--highlight-keyword)"&gt;()-&amp;gt;&lt;/span&gt;&lt;span&amp;nbsp;style="color:&amp;nbsp;var(--highlight-default)"&gt;handle&lt;/span&gt;&lt;span&amp;nbsp;style="color:&amp;nbsp;var(--highlight-keyword)"&gt;(&lt;/span&gt;&lt;span&amp;nbsp;style="color:&amp;nbsp;var(--highlight-default)"&gt;$request&lt;/span&gt;&lt;span&amp;nbsp;style="color:&amp;nbsp;var(--highlight-keyword)"&gt;,&amp;nbsp;&lt;/span&gt;&lt;span&amp;nbsp;style="color:&amp;nbsp;var(--highlight-default)"&gt;$type&lt;/span&gt;&lt;span&amp;nbsp;style="color:&amp;nbsp;var(--highlight-keyword)"&gt;,&amp;nbsp;&lt;/span&gt;&lt;span&amp;nbsp;style="color:&amp;nbsp;var(--highlight-default)"&gt;$catch&lt;/span&gt;&lt;span&amp;nbsp;style="color:&amp;nbsp;var(--highlight-keyword)"&gt;);&lt;/span&gt;&lt;/code&gt;&lt;/li&gt;
&lt;li&gt;&lt;code&gt;&amp;nbsp;&amp;nbsp;&amp;nbsp;&amp;nbsp;&amp;nbsp;&amp;nbsp;&amp;nbsp;&amp;nbsp;}&amp;nbsp;finally&amp;nbsp;{&lt;/code&gt;&lt;/li&gt;
&lt;li&gt;&lt;code&gt;&amp;nbsp;&amp;nbsp;&amp;nbsp;&amp;nbsp;&amp;nbsp;&amp;nbsp;&amp;nbsp;&amp;nbsp;&amp;nbsp;&amp;nbsp;&amp;nbsp;&amp;nbsp;--&lt;span&amp;nbsp;style="color:&amp;nbsp;var(--highlight-default)"&gt;$this&lt;/span&gt;&lt;span&amp;nbsp;style="color:&amp;nbsp;var(--highlight-keyword)"&gt;-&amp;gt;&lt;/span&gt;&lt;span&amp;nbsp;style="color:&amp;nbsp;var(--highlight-default)"&gt;requestStackSize&lt;/span&gt;&lt;span&amp;nbsp;style="color:&amp;nbsp;var(--highlight-keyword)"&gt;;&lt;/span&gt;&lt;/code&gt;&lt;/li&gt;
&lt;li&gt;&lt;code&gt;&amp;nbsp;&amp;nbsp;&amp;nbsp;&amp;nbsp;&amp;nbsp;&amp;nbsp;&amp;nbsp;&amp;nbsp;}&lt;/code&gt;&lt;/li&gt;
&lt;li&gt;&lt;code&gt;&amp;nbsp;&amp;nbsp;&amp;nbsp;&amp;nbsp;}&lt;/code&gt;&lt;/li&gt;
&lt;li&gt;&lt;code&gt;&lt;/code&gt;&lt;/li&gt;&lt;/ol&gt;    &lt;/div&gt;            &lt;/div&gt;
                        &lt;div class="trace-line trace-from-vendor"&gt;
                &lt;div class="trace-line-header break-long-words sf-toggle" data-toggle-selector="#trace-html-1-4" data-toggle-initial=""&gt;
            &lt;span class="icon icon-close"&gt;&lt;svg width="1792" height="1792" viewBox="0 0 1792 1792" xmlns="http://www.w3.org/2000/svg"&gt;&lt;path d="M1408 960V832q0-26-19-45t-45-19H448q-26 0-45 19t-19 45v128q0 26 19 45t45 19h896q26 0 45-19t19-45zm256-544v960q0 119-84.5 203.5T1376 1664H416q-119 0-203.5-84.5T128 1376V416q0-119 84.5-203.5T416 128h960q119 0 203.5 84.5T1664 416z"/&gt;&lt;/svg&gt;&lt;/span&gt;
        &lt;span class="icon icon-open"&gt;&lt;svg width="1792" height="1792" viewBox="0 0 1792 1792" xmlns="http://www.w3.org/2000/svg"&gt;&lt;path d="M1408 960V832q0-26-19-45t-45-19h-320V448q0-26-19-45t-45-19H832q-26 0-45 19t-19 45v320H448q-26 0-45 19t-19 45v128q0 26 19 45t45 19h320v320q0 26 19 45t45 19h128q26 0 45-19t19-45v-320h320q26 0 45-19t19-45zm256-544v960q0 119-84.5 203.5T1376 1664H416q-119 0-203.5-84.5T128 1376V416q0-119 84.5-203.5T416 128h960q119 0 203.5 84.5T1664 416z"/&gt;&lt;/svg&gt;&lt;/span&gt;
    
    
                    &lt;span class="block trace-file-path"&gt;
            in
            &lt;a href="file:///home/albinr/dbwebb-kurser/mvc/me/report/vendor/symfony/http-kernel/HttpKernelBrowser.php#L61"&gt;
                vendor/symfony/http-kernel/&lt;strong&gt;HttpKernelBrowser.php&lt;/strong&gt;
            &lt;/a&gt;
                            &lt;span class="trace-type"&gt;-&gt;&lt;/span&gt;
                &lt;span class="trace-method"&gt;handle&lt;/span&gt;
                        (line 61)
            &lt;span class="icon icon-copy hidden" data-clipboard-text="vendor/symfony/http-kernel/HttpKernelBrowser.php:61"&gt;
                &lt;svg xmlns="http://www.w3.org/2000/svg" height="24" viewBox="0 0 24 24" width="24"&gt;&lt;path d="M0 0h24v24H0z" fill="none"/&gt;&lt;path d="M16 1H4c-1.1 0-2 .9-2 2v14h2V3h12V1zm3 4H8c-1.1 0-2 .9-2 2v14c0 1.1.9 2 2 2h11c1.1 0 2-.9 2-2V7c0-1.1-.9-2-2-2zm0 16H8V7h11v14z"/&gt;&lt;/svg&gt;            &lt;/span&gt;
        &lt;/span&gt;
    &lt;/div&gt;
    &lt;div id="trace-html-1-4" class="trace-code sf-toggle-content"&gt;
        &lt;ol start="56"&gt;&lt;li&gt;&lt;code&gt;&amp;nbsp;&amp;nbsp;&amp;nbsp;&amp;nbsp;&lt;span&amp;nbsp;style="color:&amp;nbsp;var(--highlight-comment)"&gt;/**&lt;/span&gt;&lt;/code&gt;&lt;/li&gt;
&lt;li&gt;&lt;code&gt;&amp;nbsp;&amp;nbsp;&amp;nbsp;&amp;nbsp;&amp;nbsp;*&amp;nbsp;@param&amp;nbsp;Request&amp;nbsp;$request&lt;/code&gt;&lt;/li&gt;
&lt;li&gt;&lt;code&gt;&amp;nbsp;&amp;nbsp;&amp;nbsp;&amp;nbsp;&amp;nbsp;*/&lt;/code&gt;&lt;/li&gt;
&lt;li&gt;&lt;code&gt;&amp;nbsp;&amp;nbsp;&amp;nbsp;&amp;nbsp;&lt;span&amp;nbsp;style="color:&amp;nbsp;var(--highlight-keyword)"&gt;protected&amp;nbsp;function&amp;nbsp;&lt;/span&gt;&lt;span&amp;nbsp;style="color:&amp;nbsp;var(--highlight-default)"&gt;doRequest&lt;/span&gt;&lt;span&amp;nbsp;style="color:&amp;nbsp;var(--highlight-keyword)"&gt;(&lt;/span&gt;&lt;span&amp;nbsp;style="color:&amp;nbsp;var(--highlight-default)"&gt;object&amp;nbsp;$request&lt;/span&gt;&lt;span&amp;nbsp;style="color:&amp;nbsp;var(--highlight-keyword)"&gt;):&amp;nbsp;&lt;/span&gt;&lt;span&amp;nbsp;style="color:&amp;nbsp;var(--highlight-default)"&gt;Response&lt;/span&gt;&lt;/code&gt;&lt;/li&gt;
&lt;li&gt;&lt;code&gt;&amp;nbsp;&amp;nbsp;&amp;nbsp;&amp;nbsp;&lt;span&amp;nbsp;style="color:&amp;nbsp;var(--highlight-keyword)"&gt;{&lt;/span&gt;&lt;/code&gt;&lt;/li&gt;
&lt;li class="selected"&gt;&lt;code&gt;&amp;nbsp;&amp;nbsp;&amp;nbsp;&amp;nbsp;&amp;nbsp;&amp;nbsp;&amp;nbsp;&amp;nbsp;&lt;span&amp;nbsp;style="color:&amp;nbsp;var(--highlight-default)"&gt;$response&amp;nbsp;&lt;/span&gt;&lt;span&amp;nbsp;style="color:&amp;nbsp;var(--highlight-keyword)"&gt;=&amp;nbsp;&lt;/span&gt;&lt;span&amp;nbsp;style="color:&amp;nbsp;var(--highlight-default)"&gt;$this&lt;/span&gt;&lt;span&amp;nbsp;style="color:&amp;nbsp;var(--highlight-keyword)"&gt;-&amp;gt;&lt;/span&gt;&lt;span&amp;nbsp;style="color:&amp;nbsp;var(--highlight-default)"&gt;kernel&lt;/span&gt;&lt;span&amp;nbsp;style="color:&amp;nbsp;var(--highlight-keyword)"&gt;-&amp;gt;&lt;/span&gt;&lt;span&amp;nbsp;style="color:&amp;nbsp;var(--highlight-default)"&gt;handle&lt;/span&gt;&lt;span&amp;nbsp;style="color:&amp;nbsp;var(--highlight-keyword)"&gt;(&lt;/span&gt;&lt;span&amp;nbsp;style="color:&amp;nbsp;var(--highlight-default)"&gt;$request&lt;/span&gt;&lt;span&amp;nbsp;style="color:&amp;nbsp;var(--highlight-keyword)"&gt;,&amp;nbsp;&lt;/span&gt;&lt;span&amp;nbsp;style="color:&amp;nbsp;var(--highlight-default)"&gt;HttpKernelInterface&lt;/span&gt;&lt;span&amp;nbsp;style="color:&amp;nbsp;var(--highlight-keyword)"&gt;::&lt;/span&gt;&lt;span&amp;nbsp;style="color:&amp;nbsp;var(--highlight-default)"&gt;MAIN_REQUEST&lt;/span&gt;&lt;span&amp;nbsp;style="color:&amp;nbsp;var(--highlight-keyword)"&gt;,&amp;nbsp;&lt;/span&gt;&lt;span&amp;nbsp;style="color:&amp;nbsp;var(--highlight-default)"&gt;$this&lt;/span&gt;&lt;span&amp;nbsp;style="color:&amp;nbsp;var(--highlight-keyword)"&gt;-&amp;gt;&lt;/span&gt;&lt;span&amp;nbsp;style="color:&amp;nbsp;var(--highlight-default)"&gt;catchExceptions&lt;/span&gt;&lt;span&amp;nbsp;style="color:&amp;nbsp;var(--highlight-keyword)"&gt;);&lt;/span&gt;&lt;/code&gt;&lt;/li&gt;
&lt;li&gt;&lt;code&gt;&lt;/code&gt;&lt;/li&gt;
&lt;li&gt;&lt;code&gt;&amp;nbsp;&amp;nbsp;&amp;nbsp;&amp;nbsp;&amp;nbsp;&amp;nbsp;&amp;nbsp;&amp;nbsp;if&amp;nbsp;(&lt;span&amp;nbsp;style="color:&amp;nbsp;var(--highlight-default)"&gt;$this&lt;/span&gt;&lt;span&amp;nbsp;style="color:&amp;nbsp;var(--highlight-keyword)"&gt;-&amp;gt;&lt;/span&gt;&lt;span&amp;nbsp;style="color:&amp;nbsp;var(--highlight-default)"&gt;kernel&amp;nbsp;&lt;/span&gt;&lt;span&amp;nbsp;style="color:&amp;nbsp;var(--highlight-keyword)"&gt;instanceof&amp;nbsp;&lt;/span&gt;&lt;span&amp;nbsp;style="color:&amp;nbsp;var(--highlight-default)"&gt;TerminableInterface&lt;/span&gt;&lt;span&amp;nbsp;style="color:&amp;nbsp;var(--highlight-keyword)"&gt;)&amp;nbsp;{&lt;/span&gt;&lt;/code&gt;&lt;/li&gt;
&lt;li&gt;&lt;code&gt;&amp;nbsp;&amp;nbsp;&amp;nbsp;&amp;nbsp;&amp;nbsp;&amp;nbsp;&amp;nbsp;&amp;nbsp;&amp;nbsp;&amp;nbsp;&amp;nbsp;&amp;nbsp;&lt;span&amp;nbsp;style="color:&amp;nbsp;var(--highlight-default)"&gt;$this&lt;/span&gt;&lt;span&amp;nbsp;style="color:&amp;nbsp;var(--highlight-keyword)"&gt;-&amp;gt;&lt;/span&gt;&lt;span&amp;nbsp;style="color:&amp;nbsp;var(--highlight-default)"&gt;kernel&lt;/span&gt;&lt;span&amp;nbsp;style="color:&amp;nbsp;var(--highlight-keyword)"&gt;-&amp;gt;&lt;/span&gt;&lt;span&amp;nbsp;style="color:&amp;nbsp;var(--highlight-default)"&gt;terminate&lt;/span&gt;&lt;span&amp;nbsp;style="color:&amp;nbsp;var(--highlight-keyword)"&gt;(&lt;/span&gt;&lt;span&amp;nbsp;style="color:&amp;nbsp;var(--highlight-default)"&gt;$request&lt;/span&gt;&lt;span&amp;nbsp;style="color:&amp;nbsp;var(--highlight-keyword)"&gt;,&amp;nbsp;&lt;/span&gt;&lt;span&amp;nbsp;style="color:&amp;nbsp;var(--highlight-default)"&gt;$response&lt;/span&gt;&lt;span&amp;nbsp;style="color:&amp;nbsp;var(--highlight-keyword)"&gt;);&lt;/span&gt;&lt;/code&gt;&lt;/li&gt;
&lt;li&gt;&lt;code&gt;&amp;nbsp;&amp;nbsp;&amp;nbsp;&amp;nbsp;&amp;nbsp;&amp;nbsp;&amp;nbsp;&amp;nbsp;}&lt;/code&gt;&lt;/li&gt;
&lt;li&gt;&lt;code&gt;&lt;/code&gt;&lt;/li&gt;&lt;/ol&gt;    &lt;/div&gt;            &lt;/div&gt;
                        &lt;div class="trace-line trace-from-vendor"&gt;
                &lt;div class="trace-line-header break-long-words sf-toggle" data-toggle-selector="#trace-html-1-5" data-toggle-initial=""&gt;
            &lt;span class="icon icon-close"&gt;&lt;svg width="1792" height="1792" viewBox="0 0 1792 1792" xmlns="http://www.w3.org/2000/svg"&gt;&lt;path d="M1408 960V832q0-26-19-45t-45-19H448q-26 0-45 19t-19 45v128q0 26 19 45t45 19h896q26 0 45-19t19-45zm256-544v960q0 119-84.5 203.5T1376 1664H416q-119 0-203.5-84.5T128 1376V416q0-119 84.5-203.5T416 128h960q119 0 203.5 84.5T1664 416z"/&gt;&lt;/svg&gt;&lt;/span&gt;
        &lt;span class="icon icon-open"&gt;&lt;svg width="1792" height="1792" viewBox="0 0 1792 1792" xmlns="http://www.w3.org/2000/svg"&gt;&lt;path d="M1408 960V832q0-26-19-45t-45-19h-320V448q0-26-19-45t-45-19H832q-26 0-45 19t-19 45v320H448q-26 0-45 19t-19 45v128q0 26 19 45t45 19h320v320q0 26 19 45t45 19h128q26 0 45-19t19-45v-320h320q26 0 45-19t19-45zm256-544v960q0 119-84.5 203.5T1376 1664H416q-119 0-203.5-84.5T128 1376V416q0-119 84.5-203.5T416 128h960q119 0 203.5 84.5T1664 416z"/&gt;&lt;/svg&gt;&lt;/span&gt;
    
    
                    &lt;span class="block trace-file-path"&gt;
            in
            &lt;a href="file:///home/albinr/dbwebb-kurser/mvc/me/report/vendor/symfony/framework-bundle/KernelBrowser.php#L157"&gt;
                vendor/symfony/framework-bundle/&lt;strong&gt;KernelBrowser.php&lt;/strong&gt;
            &lt;/a&gt;
                            &lt;span class="trace-type"&gt;-&gt;&lt;/span&gt;
                &lt;span class="trace-method"&gt;doRequest&lt;/span&gt;
                        (line 157)
            &lt;span class="icon icon-copy hidden" data-clipboard-text="vendor/symfony/framework-bundle/KernelBrowser.php:157"&gt;
                &lt;svg xmlns="http://www.w3.org/2000/svg" height="24" viewBox="0 0 24 24" width="24"&gt;&lt;path d="M0 0h24v24H0z" fill="none"/&gt;&lt;path d="M16 1H4c-1.1 0-2 .9-2 2v14h2V3h12V1zm3 4H8c-1.1 0-2 .9-2 2v14c0 1.1.9 2 2 2h11c1.1 0 2-.9 2-2V7c0-1.1-.9-2-2-2zm0 16H8V7h11v14z"/&gt;&lt;/svg&gt;            &lt;/span&gt;
        &lt;/span&gt;
    &lt;/div&gt;
    &lt;div id="trace-html-1-5" class="trace-code sf-toggle-content"&gt;
        &lt;ol start="152"&gt;&lt;li&gt;&lt;code&gt;&lt;/code&gt;&lt;/li&gt;
&lt;li&gt;&lt;code&gt;&amp;nbsp;&amp;nbsp;&amp;nbsp;&amp;nbsp;&amp;nbsp;&amp;nbsp;&amp;nbsp;&amp;nbsp;&amp;nbsp;&amp;nbsp;&amp;nbsp;&amp;nbsp;&lt;span&amp;nbsp;style="color:&amp;nbsp;var(--highlight-default)"&gt;$this&lt;/span&gt;&lt;span&amp;nbsp;style="color:&amp;nbsp;var(--highlight-keyword)"&gt;-&amp;gt;&lt;/span&gt;&lt;span&amp;nbsp;style="color:&amp;nbsp;var(--highlight-default)"&gt;kernel&lt;/span&gt;&lt;span&amp;nbsp;style="color:&amp;nbsp;var(--highlight-keyword)"&gt;-&amp;gt;&lt;/span&gt;&lt;span&amp;nbsp;style="color:&amp;nbsp;var(--highlight-default)"&gt;boot&lt;/span&gt;&lt;span&amp;nbsp;style="color:&amp;nbsp;var(--highlight-keyword)"&gt;();&lt;/span&gt;&lt;/code&gt;&lt;/li&gt;
&lt;li&gt;&lt;code&gt;&amp;nbsp;&amp;nbsp;&amp;nbsp;&amp;nbsp;&amp;nbsp;&amp;nbsp;&amp;nbsp;&amp;nbsp;&amp;nbsp;&amp;nbsp;&amp;nbsp;&amp;nbsp;&lt;span&amp;nbsp;style="color:&amp;nbsp;var(--highlight-default)"&gt;$this&lt;/span&gt;&lt;span&amp;nbsp;style="color:&amp;nbsp;var(--highlight-keyword)"&gt;-&amp;gt;&lt;/span&gt;&lt;span&amp;nbsp;style="color:&amp;nbsp;var(--highlight-default)"&gt;getContainer&lt;/span&gt;&lt;span&amp;nbsp;style="color:&amp;nbsp;var(--highlight-keyword)"&gt;()-&amp;gt;&lt;/span&gt;&lt;span&amp;nbsp;style="color:&amp;nbsp;var(--highlight-default)"&gt;get&lt;/span&gt;&lt;span&amp;nbsp;style="color:&amp;nbsp;var(--highlight-keyword)"&gt;(&lt;/span&gt;&lt;span&amp;nbsp;style="color:&amp;nbsp;var(--highlight-string)"&gt;'profiler'&lt;/span&gt;&lt;span&amp;nbsp;style="color:&amp;nbsp;var(--highlight-keyword)"&gt;)-&amp;gt;&lt;/span&gt;&lt;span&amp;nbsp;style="color:&amp;nbsp;var(--highlight-default)"&gt;enable&lt;/span&gt;&lt;span&amp;nbsp;style="color:&amp;nbsp;var(--highlight-keyword)"&gt;();&lt;/span&gt;&lt;/code&gt;&lt;/li&gt;
&lt;li&gt;&lt;code&gt;&amp;nbsp;&amp;nbsp;&amp;nbsp;&amp;nbsp;&amp;nbsp;&amp;nbsp;&amp;nbsp;&amp;nbsp;}&lt;/code&gt;&lt;/li&gt;
&lt;li&gt;&lt;code&gt;&lt;/code&gt;&lt;/li&gt;
&lt;li class="selected"&gt;&lt;code&gt;&amp;nbsp;&amp;nbsp;&amp;nbsp;&amp;nbsp;&amp;nbsp;&amp;nbsp;&amp;nbsp;&amp;nbsp;return&amp;nbsp;&lt;span&amp;nbsp;style="color:&amp;nbsp;var(--highlight-default)"&gt;parent&lt;/span&gt;&lt;span&amp;nbsp;style="color:&amp;nbsp;var(--highlight-keyword)"&gt;::&lt;/span&gt;&lt;span&amp;nbsp;style="color:&amp;nbsp;var(--highlight-default)"&gt;doRequest&lt;/span&gt;&lt;span&amp;nbsp;style="color:&amp;nbsp;var(--highlight-keyword)"&gt;(&lt;/span&gt;&lt;span&amp;nbsp;style="color:&amp;nbsp;var(--highlight-default)"&gt;$request&lt;/span&gt;&lt;span&amp;nbsp;style="color:&amp;nbsp;var(--highlight-keyword)"&gt;);&lt;/span&gt;&lt;/code&gt;&lt;/li&gt;
&lt;li&gt;&lt;code&gt;&amp;nbsp;&amp;nbsp;&amp;nbsp;&amp;nbsp;}&lt;/code&gt;&lt;/li&gt;
&lt;li&gt;&lt;code&gt;&lt;/code&gt;&lt;/li&gt;
&lt;li&gt;&lt;code&gt;&amp;nbsp;&amp;nbsp;&amp;nbsp;&amp;nbsp;&lt;span&amp;nbsp;style="color:&amp;nbsp;var(--highlight-comment)"&gt;/**&lt;/span&gt;&lt;/code&gt;&lt;/li&gt;
&lt;li&gt;&lt;code&gt;&amp;nbsp;&amp;nbsp;&amp;nbsp;&amp;nbsp;&amp;nbsp;*&amp;nbsp;@param&amp;nbsp;Request&amp;nbsp;$request&lt;/code&gt;&lt;/li&gt;
&lt;li&gt;&lt;code&gt;&amp;nbsp;&amp;nbsp;&amp;nbsp;&amp;nbsp;&amp;nbsp;*/&lt;/code&gt;&lt;/li&gt;&lt;/ol&gt;    &lt;/div&gt;            &lt;/div&gt;
                        &lt;div class="trace-line trace-from-vendor"&gt;
                &lt;div class="trace-line-header break-long-words sf-toggle" data-toggle-selector="#trace-html-1-6" data-toggle-initial=""&gt;
            &lt;span class="icon icon-close"&gt;&lt;svg width="1792" height="1792" viewBox="0 0 1792 1792" xmlns="http://www.w3.org/2000/svg"&gt;&lt;path d="M1408 960V832q0-26-19-45t-45-19H448q-26 0-45 19t-19 45v128q0 26 19 45t45 19h896q26 0 45-19t19-45zm256-544v960q0 119-84.5 203.5T1376 1664H416q-119 0-203.5-84.5T128 1376V416q0-119 84.5-203.5T416 128h960q119 0 203.5 84.5T1664 416z"/&gt;&lt;/svg&gt;&lt;/span&gt;
        &lt;span class="icon icon-open"&gt;&lt;svg width="1792" height="1792" viewBox="0 0 1792 1792" xmlns="http://www.w3.org/2000/svg"&gt;&lt;path d="M1408 960V832q0-26-19-45t-45-19h-320V448q0-26-19-45t-45-19H832q-26 0-45 19t-19 45v320H448q-26 0-45 19t-19 45v128q0 26 19 45t45 19h320v320q0 26 19 45t45 19h128q26 0 45-19t19-45v-320h320q26 0 45-19t19-45zm256-544v960q0 119-84.5 203.5T1376 1664H416q-119 0-203.5-84.5T128 1376V416q0-119 84.5-203.5T416 128h960q119 0 203.5 84.5T1664 416z"/&gt;&lt;/svg&gt;&lt;/span&gt;
    
    
                    &lt;span class="block trace-file-path"&gt;
            in
            &lt;a href="file:///home/albinr/dbwebb-kurser/mvc/me/report/vendor/symfony/browser-kit/AbstractBrowser.php#L369"&gt;
                vendor/symfony/browser-kit/&lt;strong&gt;AbstractBrowser.php&lt;/strong&gt;
            &lt;/a&gt;
                            &lt;span class="trace-type"&gt;-&gt;&lt;/span&gt;
                &lt;span class="trace-method"&gt;doRequest&lt;/span&gt;
                        (line 369)
            &lt;span class="icon icon-copy hidden" data-clipboard-text="vendor/symfony/browser-kit/AbstractBrowser.php:369"&gt;
                &lt;svg xmlns="http://www.w3.org/2000/svg" height="24" viewBox="0 0 24 24" width="24"&gt;&lt;path d="M0 0h24v24H0z" fill="none"/&gt;&lt;path d="M16 1H4c-1.1 0-2 .9-2 2v14h2V3h12V1zm3 4H8c-1.1 0-2 .9-2 2v14c0 1.1.9 2 2 2h11c1.1 0 2-.9 2-2V7c0-1.1-.9-2-2-2zm0 16H8V7h11v14z"/&gt;&lt;/svg&gt;            &lt;/span&gt;
        &lt;/span&gt;
    &lt;/div&gt;
    &lt;div id="trace-html-1-6" class="trace-code sf-toggle-content"&gt;
        &lt;ol start="364"&gt;&lt;li&gt;&lt;code&gt;&amp;nbsp;&amp;nbsp;&amp;nbsp;&amp;nbsp;&amp;nbsp;&amp;nbsp;&amp;nbsp;&amp;nbsp;}&lt;/code&gt;&lt;/li&gt;
&lt;li&gt;&lt;code&gt;&lt;/code&gt;&lt;/li&gt;
&lt;li&gt;&lt;code&gt;&amp;nbsp;&amp;nbsp;&amp;nbsp;&amp;nbsp;&amp;nbsp;&amp;nbsp;&amp;nbsp;&amp;nbsp;if&amp;nbsp;(&lt;span&amp;nbsp;style="color:&amp;nbsp;var(--highlight-default)"&gt;$this&lt;/span&gt;&lt;span&amp;nbsp;style="color:&amp;nbsp;var(--highlight-keyword)"&gt;-&amp;gt;&lt;/span&gt;&lt;span&amp;nbsp;style="color:&amp;nbsp;var(--highlight-default)"&gt;insulated&lt;/span&gt;&lt;span&amp;nbsp;style="color:&amp;nbsp;var(--highlight-keyword)"&gt;)&amp;nbsp;{&lt;/span&gt;&lt;/code&gt;&lt;/li&gt;
&lt;li&gt;&lt;code&gt;&amp;nbsp;&amp;nbsp;&amp;nbsp;&amp;nbsp;&amp;nbsp;&amp;nbsp;&amp;nbsp;&amp;nbsp;&amp;nbsp;&amp;nbsp;&amp;nbsp;&amp;nbsp;&lt;span&amp;nbsp;style="color:&amp;nbsp;var(--highlight-default)"&gt;$this&lt;/span&gt;&lt;span&amp;nbsp;style="color:&amp;nbsp;var(--highlight-keyword)"&gt;-&amp;gt;&lt;/span&gt;&lt;span&amp;nbsp;style="color:&amp;nbsp;var(--highlight-default)"&gt;response&amp;nbsp;&lt;/span&gt;&lt;span&amp;nbsp;style="color:&amp;nbsp;var(--highlight-keyword)"&gt;=&amp;nbsp;&lt;/span&gt;&lt;span&amp;nbsp;style="color:&amp;nbsp;var(--highlight-default)"&gt;$this&lt;/span&gt;&lt;span&amp;nbsp;style="color:&amp;nbsp;var(--highlight-keyword)"&gt;-&amp;gt;&lt;/span&gt;&lt;span&amp;nbsp;style="color:&amp;nbsp;var(--highlight-default)"&gt;doRequestInProcess&lt;/span&gt;&lt;span&amp;nbsp;style="color:&amp;nbsp;var(--highlight-keyword)"&gt;(&lt;/span&gt;&lt;span&amp;nbsp;style="color:&amp;nbsp;var(--highlight-default)"&gt;$this&lt;/span&gt;&lt;span&amp;nbsp;style="color:&amp;nbsp;var(--highlight-keyword)"&gt;-&amp;gt;&lt;/span&gt;&lt;span&amp;nbsp;style="color:&amp;nbsp;var(--highlight-default)"&gt;request&lt;/span&gt;&lt;span&amp;nbsp;style="color:&amp;nbsp;var(--highlight-keyword)"&gt;);&lt;/span&gt;&lt;/code&gt;&lt;/li&gt;
&lt;li&gt;&lt;code&gt;&amp;nbsp;&amp;nbsp;&amp;nbsp;&amp;nbsp;&amp;nbsp;&amp;nbsp;&amp;nbsp;&amp;nbsp;}&amp;nbsp;else&amp;nbsp;{&lt;/code&gt;&lt;/li&gt;
&lt;li class="selected"&gt;&lt;code&gt;&amp;nbsp;&amp;nbsp;&amp;nbsp;&amp;nbsp;&amp;nbsp;&amp;nbsp;&amp;nbsp;&amp;nbsp;&amp;nbsp;&amp;nbsp;&amp;nbsp;&amp;nbsp;&lt;span&amp;nbsp;style="color:&amp;nbsp;var(--highlight-default)"&gt;$this&lt;/span&gt;&lt;span&amp;nbsp;style="color:&amp;nbsp;var(--highlight-keyword)"&gt;-&amp;gt;&lt;/span&gt;&lt;span&amp;nbsp;style="color:&amp;nbsp;var(--highlight-default)"&gt;response&amp;nbsp;&lt;/span&gt;&lt;span&amp;nbsp;style="color:&amp;nbsp;var(--highlight-keyword)"&gt;=&amp;nbsp;&lt;/span&gt;&lt;span&amp;nbsp;style="color:&amp;nbsp;var(--highlight-default)"&gt;$this&lt;/span&gt;&lt;span&amp;nbsp;style="color:&amp;nbsp;var(--highlight-keyword)"&gt;-&amp;gt;&lt;/span&gt;&lt;span&amp;nbsp;style="color:&amp;nbsp;var(--highlight-default)"&gt;doRequest&lt;/span&gt;&lt;span&amp;nbsp;style="color:&amp;nbsp;var(--highlight-keyword)"&gt;(&lt;/span&gt;&lt;span&amp;nbsp;style="color:&amp;nbsp;var(--highlight-default)"&gt;$this&lt;/span&gt;&lt;span&amp;nbsp;style="color:&amp;nbsp;var(--highlight-keyword)"&gt;-&amp;gt;&lt;/span&gt;&lt;span&amp;nbsp;style="color:&amp;nbsp;var(--highlight-default)"&gt;request&lt;/span&gt;&lt;span&amp;nbsp;style="color:&amp;nbsp;var(--highlight-keyword)"&gt;);&lt;/span&gt;&lt;/code&gt;&lt;/li&gt;
&lt;li&gt;&lt;code&gt;&amp;nbsp;&amp;nbsp;&amp;nbsp;&amp;nbsp;&amp;nbsp;&amp;nbsp;&amp;nbsp;&amp;nbsp;}&lt;/code&gt;&lt;/li&gt;
&lt;li&gt;&lt;code&gt;&lt;/code&gt;&lt;/li&gt;
&lt;li&gt;&lt;code&gt;&amp;nbsp;&amp;nbsp;&amp;nbsp;&amp;nbsp;&amp;nbsp;&amp;nbsp;&amp;nbsp;&amp;nbsp;&lt;span&amp;nbsp;style="color:&amp;nbsp;var(--highlight-default)"&gt;$this&lt;/span&gt;&lt;span&amp;nbsp;style="color:&amp;nbsp;var(--highlight-keyword)"&gt;-&amp;gt;&lt;/span&gt;&lt;span&amp;nbsp;style="color:&amp;nbsp;var(--highlight-default)"&gt;internalResponse&amp;nbsp;&lt;/span&gt;&lt;span&amp;nbsp;style="color:&amp;nbsp;var(--highlight-keyword)"&gt;=&amp;nbsp;&lt;/span&gt;&lt;span&amp;nbsp;style="color:&amp;nbsp;var(--highlight-default)"&gt;$this&lt;/span&gt;&lt;span&amp;nbsp;style="color:&amp;nbsp;var(--highlight-keyword)"&gt;-&amp;gt;&lt;/span&gt;&lt;span&amp;nbsp;style="color:&amp;nbsp;var(--highlight-default)"&gt;filterResponse&lt;/span&gt;&lt;span&amp;nbsp;style="color:&amp;nbsp;var(--highlight-keyword)"&gt;(&lt;/span&gt;&lt;span&amp;nbsp;style="color:&amp;nbsp;var(--highlight-default)"&gt;$this&lt;/span&gt;&lt;span&amp;nbsp;style="color:&amp;nbsp;var(--highlight-keyword)"&gt;-&amp;gt;&lt;/span&gt;&lt;span&amp;nbsp;style="color:&amp;nbsp;var(--highlight-default)"&gt;response&lt;/span&gt;&lt;span&amp;nbsp;style="color:&amp;nbsp;var(--highlight-keyword)"&gt;);&lt;/span&gt;&lt;/code&gt;&lt;/li&gt;
&lt;li&gt;&lt;code&gt;&lt;/code&gt;&lt;/li&gt;
&lt;li&gt;&lt;code&gt;&amp;nbsp;&amp;nbsp;&amp;nbsp;&amp;nbsp;&amp;nbsp;&amp;nbsp;&amp;nbsp;&amp;nbsp;&lt;span&amp;nbsp;style="color:&amp;nbsp;var(--highlight-default)"&gt;$this&lt;/span&gt;&lt;span&amp;nbsp;style="color:&amp;nbsp;var(--highlight-keyword)"&gt;-&amp;gt;&lt;/span&gt;&lt;span&amp;nbsp;style="color:&amp;nbsp;var(--highlight-default)"&gt;cookieJar&lt;/span&gt;&lt;span&amp;nbsp;style="color:&amp;nbsp;var(--highlight-keyword)"&gt;-&amp;gt;&lt;/span&gt;&lt;span&amp;nbsp;style="color:&amp;nbsp;var(--highlight-default)"&gt;updateFromResponse&lt;/span&gt;&lt;span&amp;nbsp;style="color:&amp;nbsp;var(--highlight-keyword)"&gt;(&lt;/span&gt;&lt;span&amp;nbsp;style="color:&amp;nbsp;var(--highlight-default)"&gt;$this&lt;/span&gt;&lt;span&amp;nbsp;style="color:&amp;nbsp;var(--highlight-keyword)"&gt;-&amp;gt;&lt;/span&gt;&lt;span&amp;nbsp;style="color:&amp;nbsp;var(--highlight-default)"&gt;internalResponse&lt;/span&gt;&lt;span&amp;nbsp;style="color:&amp;nbsp;var(--highlight-keyword)"&gt;,&amp;nbsp;&lt;/span&gt;&lt;span&amp;nbsp;style="color:&amp;nbsp;var(--highlight-default)"&gt;$uri&lt;/span&gt;&lt;span&amp;nbsp;style="color:&amp;nbsp;var(--highlight-keyword)"&gt;);&lt;/span&gt;&lt;/code&gt;&lt;/li&gt;&lt;/ol&gt;    &lt;/div&gt;            &lt;/div&gt;
                        &lt;div class="trace-line "&gt;
                &lt;div class="trace-line-header break-long-words sf-toggle" data-toggle-selector="#trace-html-1-7" data-toggle-initial=""&gt;
            &lt;span class="icon icon-close"&gt;&lt;svg width="1792" height="1792" viewBox="0 0 1792 1792" xmlns="http://www.w3.org/2000/svg"&gt;&lt;path d="M1408 960V832q0-26-19-45t-45-19H448q-26 0-45 19t-19 45v128q0 26 19 45t45 19h896q26 0 45-19t19-45zm256-544v960q0 119-84.5 203.5T1376 1664H416q-119 0-203.5-84.5T128 1376V416q0-119 84.5-203.5T416 128h960q119 0 203.5 84.5T1664 416z"/&gt;&lt;/svg&gt;&lt;/span&gt;
        &lt;span class="icon icon-open"&gt;&lt;svg width="1792" height="1792" viewBox="0 0 1792 1792" xmlns="http://www.w3.org/2000/svg"&gt;&lt;path d="M1408 960V832q0-26-19-45t-45-19h-320V448q0-26-19-45t-45-19H832q-26 0-45 19t-19 45v320H448q-26 0-45 19t-19 45v128q0 26 19 45t45 19h320v320q0 26 19 45t45 19h128q26 0 45-19t19-45v-320h320q26 0 45-19t19-45zm256-544v960q0 119-84.5 203.5T1376 1664H416q-119 0-203.5-84.5T128 1376V416q0-119 84.5-203.5T416 128h960q119 0 203.5 84.5T1664 416z"/&gt;&lt;/svg&gt;&lt;/span&gt;
    
            &lt;span class="trace-class"&gt;&lt;abbr title="Symfony\Component\BrowserKit\AbstractBrowser"&gt;AbstractBrowser&lt;/abbr&gt;&lt;/span&gt;&lt;span class="trace-type"&gt;-&gt;&lt;/span&gt;&lt;span class="trace-method"&gt;request&lt;/span&gt;&lt;span class="trace-arguments"&gt;()&lt;/span&gt;    
                    &lt;span class="block trace-file-path"&gt;
            in
            &lt;a href="file:///home/albinr/dbwebb-kurser/mvc/me/report/tests/Controller/ApiBlackJackControllerTest.php#L47"&gt;
                tests/Controller/&lt;strong&gt;ApiBlackJackControllerTest.php&lt;/strong&gt;
            &lt;/a&gt;
                        (line 47)
            &lt;span class="icon icon-copy hidden" data-clipboard-text="tests/Controller/ApiBlackJackControllerTest.php:47"&gt;
                &lt;svg xmlns="http://www.w3.org/2000/svg" height="24" viewBox="0 0 24 24" width="24"&gt;&lt;path d="M0 0h24v24H0z" fill="none"/&gt;&lt;path d="M16 1H4c-1.1 0-2 .9-2 2v14h2V3h12V1zm3 4H8c-1.1 0-2 .9-2 2v14c0 1.1.9 2 2 2h11c1.1 0 2-.9 2-2V7c0-1.1-.9-2-2-2zm0 16H8V7h11v14z"/&gt;&lt;/svg&gt;            &lt;/span&gt;
        &lt;/span&gt;
    &lt;/div&gt;
    &lt;div id="trace-html-1-7" class="trace-code sf-toggle-content"&gt;
        &lt;ol start="42"&gt;&lt;li&gt;&lt;code&gt;&amp;nbsp;&amp;nbsp;&amp;nbsp;&amp;nbsp;{&lt;/code&gt;&lt;/li&gt;
&lt;li&gt;&lt;code&gt;&amp;nbsp;&amp;nbsp;&amp;nbsp;&amp;nbsp;&amp;nbsp;&amp;nbsp;&amp;nbsp;&amp;nbsp;&lt;span&amp;nbsp;style="color:&amp;nbsp;var(--highlight-default)"&gt;$client&amp;nbsp;&lt;/span&gt;&lt;span&amp;nbsp;style="color:&amp;nbsp;var(--highlight-keyword)"&gt;=&amp;nbsp;static::&lt;/span&gt;&lt;span&amp;nbsp;style="color:&amp;nbsp;var(--highlight-default)"&gt;createClient&lt;/span&gt;&lt;span&amp;nbsp;style="color:&amp;nbsp;var(--highlight-keyword)"&gt;();&lt;/span&gt;&lt;/code&gt;&lt;/li&gt;
&lt;li&gt;&lt;code&gt;&amp;nbsp;&amp;nbsp;&amp;nbsp;&amp;nbsp;&amp;nbsp;&amp;nbsp;&amp;nbsp;&amp;nbsp;&lt;/code&gt;&lt;/li&gt;
&lt;li&gt;&lt;code&gt;&amp;nbsp;&amp;nbsp;&amp;nbsp;&amp;nbsp;&amp;nbsp;&amp;nbsp;&amp;nbsp;&amp;nbsp;&lt;span&amp;nbsp;style="color:&amp;nbsp;var(--highlight-default)"&gt;$client&lt;/span&gt;&lt;span&amp;nbsp;style="color:&amp;nbsp;var(--highlight-keyword)"&gt;-&amp;gt;&lt;/span&gt;&lt;span&amp;nbsp;style="color:&amp;nbsp;var(--highlight-default)"&gt;request&lt;/span&gt;&lt;span&amp;nbsp;style="color:&amp;nbsp;var(--highlight-keyword)"&gt;(&lt;/span&gt;&lt;span&amp;nbsp;style="color:&amp;nbsp;var(--highlight-string)"&gt;"POST"&lt;/span&gt;&lt;span&amp;nbsp;style="color:&amp;nbsp;var(--highlight-keyword)"&gt;,&amp;nbsp;&lt;/span&gt;&lt;span&amp;nbsp;style="color:&amp;nbsp;var(--highlight-string)"&gt;"/api/blackjack/setup"&lt;/span&gt;&lt;span&amp;nbsp;style="color:&amp;nbsp;var(--highlight-keyword)"&gt;);&lt;/span&gt;&lt;/code&gt;&lt;/li&gt;
&lt;li&gt;&lt;code&gt;&lt;/code&gt;&lt;/li&gt;
&lt;li class="selected"&gt;&lt;code&gt;&amp;nbsp;&amp;nbsp;&amp;nbsp;&amp;nbsp;&amp;nbsp;&amp;nbsp;&amp;nbsp;&amp;nbsp;&lt;span&amp;nbsp;style="color:&amp;nbsp;var(--highlight-default)"&gt;$client&lt;/span&gt;&lt;span&amp;nbsp;style="color:&amp;nbsp;var(--highlight-keyword)"&gt;-&amp;gt;&lt;/span&gt;&lt;span&amp;nbsp;style="color:&amp;nbsp;var(--highlight-default)"&gt;request&lt;/span&gt;&lt;span&amp;nbsp;style="color:&amp;nbsp;var(--highlight-keyword)"&gt;(&lt;/span&gt;&lt;span&amp;nbsp;style="color:&amp;nbsp;var(--highlight-string)"&gt;"GET"&lt;/span&gt;&lt;span&amp;nbsp;style="color:&amp;nbsp;var(--highlight-keyword)"&gt;,&amp;nbsp;&lt;/span&gt;&lt;span&amp;nbsp;style="color:&amp;nbsp;var(--highlight-string)"&gt;"/proj/api/blackjack"&lt;/span&gt;&lt;span&amp;nbsp;style="color:&amp;nbsp;var(--highlight-keyword)"&gt;);&lt;/span&gt;&lt;/code&gt;&lt;/li&gt;
&lt;li&gt;&lt;code&gt;&lt;/code&gt;&lt;/li&gt;
&lt;li&gt;&lt;code&gt;&amp;nbsp;&amp;nbsp;&amp;nbsp;&amp;nbsp;&amp;nbsp;&amp;nbsp;&amp;nbsp;&amp;nbsp;&lt;span&amp;nbsp;style="color:&amp;nbsp;var(--highlight-default)"&gt;$this&lt;/span&gt;&lt;span&amp;nbsp;style="color:&amp;nbsp;var(--highlight-keyword)"&gt;-&amp;gt;&lt;/span&gt;&lt;span&amp;nbsp;style="color:&amp;nbsp;var(--highlight-default)"&gt;assertResponseIsSuccessful&lt;/span&gt;&lt;span&amp;nbsp;style="color:&amp;nbsp;var(--highlight-keyword)"&gt;();&lt;/span&gt;&lt;/code&gt;&lt;/li&gt;
&lt;li&gt;&lt;code&gt;&lt;/code&gt;&lt;/li&gt;
&lt;li&gt;&lt;code&gt;&amp;nbsp;&amp;nbsp;&amp;nbsp;&amp;nbsp;&amp;nbsp;&amp;nbsp;&amp;nbsp;&amp;nbsp;&lt;span&amp;nbsp;style="color:&amp;nbsp;var(--highlight-default)"&gt;$this&lt;/span&gt;&lt;span&amp;nbsp;style="color:&amp;nbsp;var(--highlight-keyword)"&gt;-&amp;gt;&lt;/span&gt;&lt;span&amp;nbsp;style="color:&amp;nbsp;var(--highlight-default)"&gt;assertJson&lt;/span&gt;&lt;span&amp;nbsp;style="color:&amp;nbsp;var(--highlight-keyword)"&gt;(&lt;/span&gt;&lt;span&amp;nbsp;style="color:&amp;nbsp;var(--highlight-default)"&gt;$client&lt;/span&gt;&lt;span&amp;nbsp;style="color:&amp;nbsp;var(--highlight-keyword)"&gt;-&amp;gt;&lt;/span&gt;&lt;span&amp;nbsp;style="color:&amp;nbsp;var(--highlight-default)"&gt;getResponse&lt;/span&gt;&lt;span&amp;nbsp;style="color:&amp;nbsp;var(--highlight-keyword)"&gt;()-&amp;gt;&lt;/span&gt;&lt;span&amp;nbsp;style="color:&amp;nbsp;var(--highlight-default)"&gt;getContent&lt;/span&gt;&lt;span&amp;nbsp;style="color:&amp;nbsp;var(--highlight-keyword)"&gt;());&lt;/span&gt;&lt;/code&gt;&lt;/li&gt;
&lt;li&gt;&lt;code&gt;&lt;/code&gt;&lt;/li&gt;&lt;/ol&gt;    &lt;/div&gt;            &lt;/div&gt;
                        &lt;div class="trace-line trace-from-vendor"&gt;
                &lt;div class="trace-line-header break-long-words sf-toggle" data-toggle-selector="#trace-html-1-8" data-toggle-initial=""&gt;
            &lt;span class="icon icon-close"&gt;&lt;svg width="1792" height="1792" viewBox="0 0 1792 1792" xmlns="http://www.w3.org/2000/svg"&gt;&lt;path d="M1408 960V832q0-26-19-45t-45-19H448q-26 0-45 19t-19 45v128q0 26 19 45t45 19h896q26 0 45-19t19-45zm256-544v960q0 119-84.5 203.5T1376 1664H416q-119 0-203.5-84.5T128 1376V416q0-119 84.5-203.5T416 128h960q119 0 203.5 84.5T1664 416z"/&gt;&lt;/svg&gt;&lt;/span&gt;
        &lt;span class="icon icon-open"&gt;&lt;svg width="1792" height="1792" viewBox="0 0 1792 1792" xmlns="http://www.w3.org/2000/svg"&gt;&lt;path d="M1408 960V832q0-26-19-45t-45-19h-320V448q0-26-19-45t-45-19H832q-26 0-45 19t-19 45v320H448q-26 0-45 19t-19 45v128q0 26 19 45t45 19h320v320q0 26 19 45t45 19h128q26 0 45-19t19-45v-320h320q26 0 45-19t19-45zm256-544v960q0 119-84.5 203.5T1376 1664H416q-119 0-203.5-84.5T128 1376V416q0-119 84.5-203.5T416 128h960q119 0 203.5 84.5T1664 416z"/&gt;&lt;/svg&gt;&lt;/span&gt;
    
    
                    &lt;span class="block trace-file-path"&gt;
            in
            &lt;a href="file:///home/albinr/dbwebb-kurser/mvc/me/report/vendor/phpunit/phpunit/src/Framework/TestCase.php#L1617"&gt;
                vendor/phpunit/phpunit/src/Framework/&lt;strong&gt;TestCase.php&lt;/strong&gt;
            &lt;/a&gt;
                            &lt;span class="trace-type"&gt;-&gt;&lt;/span&gt;
                &lt;span class="trace-method"&gt;testApiBlackJackStatusWithGame&lt;/span&gt;
                        (line 1617)
            &lt;span class="icon icon-copy hidden" data-clipboard-text="vendor/phpunit/phpunit/src/Framework/TestCase.php:1617"&gt;
                &lt;svg xmlns="http://www.w3.org/2000/svg" height="24" viewBox="0 0 24 24" width="24"&gt;&lt;path d="M0 0h24v24H0z" fill="none"/&gt;&lt;path d="M16 1H4c-1.1 0-2 .9-2 2v14h2V3h12V1zm3 4H8c-1.1 0-2 .9-2 2v14c0 1.1.9 2 2 2h11c1.1 0 2-.9 2-2V7c0-1.1-.9-2-2-2zm0 16H8V7h11v14z"/&gt;&lt;/svg&gt;            &lt;/span&gt;
        &lt;/span&gt;
    &lt;/div&gt;
    &lt;div id="trace-html-1-8" class="trace-code sf-toggle-content"&gt;
        &lt;ol start="1612"&gt;&lt;li&gt;&lt;code&gt;&amp;nbsp;&amp;nbsp;&amp;nbsp;&amp;nbsp;&amp;nbsp;&amp;nbsp;&amp;nbsp;&amp;nbsp;&lt;span&amp;nbsp;style="color:&amp;nbsp;var(--highlight-default)"&gt;$testArguments&amp;nbsp;&lt;/span&gt;&lt;span&amp;nbsp;style="color:&amp;nbsp;var(--highlight-keyword)"&gt;=&amp;nbsp;&lt;/span&gt;&lt;span&amp;nbsp;style="color:&amp;nbsp;var(--highlight-default)"&gt;array_merge&lt;/span&gt;&lt;span&amp;nbsp;style="color:&amp;nbsp;var(--highlight-keyword)"&gt;(&lt;/span&gt;&lt;span&amp;nbsp;style="color:&amp;nbsp;var(--highlight-default)"&gt;$this&lt;/span&gt;&lt;span&amp;nbsp;style="color:&amp;nbsp;var(--highlight-keyword)"&gt;-&amp;gt;&lt;/span&gt;&lt;span&amp;nbsp;style="color:&amp;nbsp;var(--highlight-default)"&gt;data&lt;/span&gt;&lt;span&amp;nbsp;style="color:&amp;nbsp;var(--highlight-keyword)"&gt;,&amp;nbsp;&lt;/span&gt;&lt;span&amp;nbsp;style="color:&amp;nbsp;var(--highlight-default)"&gt;$this&lt;/span&gt;&lt;span&amp;nbsp;style="color:&amp;nbsp;var(--highlight-keyword)"&gt;-&amp;gt;&lt;/span&gt;&lt;span&amp;nbsp;style="color:&amp;nbsp;var(--highlight-default)"&gt;dependencyInput&lt;/span&gt;&lt;span&amp;nbsp;style="color:&amp;nbsp;var(--highlight-keyword)"&gt;);&lt;/span&gt;&lt;/code&gt;&lt;/li&gt;
&lt;li&gt;&lt;code&gt;&lt;/code&gt;&lt;/li&gt;
&lt;li&gt;&lt;code&gt;&amp;nbsp;&amp;nbsp;&amp;nbsp;&amp;nbsp;&amp;nbsp;&amp;nbsp;&amp;nbsp;&amp;nbsp;&lt;span&amp;nbsp;style="color:&amp;nbsp;var(--highlight-default)"&gt;$this&lt;/span&gt;&lt;span&amp;nbsp;style="color:&amp;nbsp;var(--highlight-keyword)"&gt;-&amp;gt;&lt;/span&gt;&lt;span&amp;nbsp;style="color:&amp;nbsp;var(--highlight-default)"&gt;registerMockObjectsFromTestArguments&lt;/span&gt;&lt;span&amp;nbsp;style="color:&amp;nbsp;var(--highlight-keyword)"&gt;(&lt;/span&gt;&lt;span&amp;nbsp;style="color:&amp;nbsp;var(--highlight-default)"&gt;$testArguments&lt;/span&gt;&lt;span&amp;nbsp;style="color:&amp;nbsp;var(--highlight-keyword)"&gt;);&lt;/span&gt;&lt;/code&gt;&lt;/li&gt;
&lt;li&gt;&lt;code&gt;&lt;/code&gt;&lt;/li&gt;
&lt;li&gt;&lt;code&gt;&amp;nbsp;&amp;nbsp;&amp;nbsp;&amp;nbsp;&amp;nbsp;&amp;nbsp;&amp;nbsp;&amp;nbsp;try&amp;nbsp;{&lt;/code&gt;&lt;/li&gt;
&lt;li class="selected"&gt;&lt;code&gt;&amp;nbsp;&amp;nbsp;&amp;nbsp;&amp;nbsp;&amp;nbsp;&amp;nbsp;&amp;nbsp;&amp;nbsp;&amp;nbsp;&amp;nbsp;&amp;nbsp;&amp;nbsp;&lt;span&amp;nbsp;style="color:&amp;nbsp;var(--highlight-default)"&gt;$testResult&amp;nbsp;&lt;/span&gt;&lt;span&amp;nbsp;style="color:&amp;nbsp;var(--highlight-keyword)"&gt;=&amp;nbsp;&lt;/span&gt;&lt;span&amp;nbsp;style="color:&amp;nbsp;var(--highlight-default)"&gt;$this&lt;/span&gt;&lt;span&amp;nbsp;style="color:&amp;nbsp;var(--highlight-keyword)"&gt;-&amp;gt;{&lt;/span&gt;&lt;span&amp;nbsp;style="color:&amp;nbsp;var(--highlight-default)"&gt;$this&lt;/span&gt;&lt;span&amp;nbsp;style="color:&amp;nbsp;var(--highlight-keyword)"&gt;-&amp;gt;&lt;/span&gt;&lt;span&amp;nbsp;style="color:&amp;nbsp;var(--highlight-default)"&gt;name&lt;/span&gt;&lt;span&amp;nbsp;style="color:&amp;nbsp;var(--highlight-keyword)"&gt;}(...&lt;/span&gt;&lt;span&amp;nbsp;style="color:&amp;nbsp;var(--highlight-default)"&gt;array_values&lt;/span&gt;&lt;span&amp;nbsp;style="color:&amp;nbsp;var(--highlight-keyword)"&gt;(&lt;/span&gt;&lt;span&amp;nbsp;style="color:&amp;nbsp;var(--highlight-default)"&gt;$testArguments&lt;/span&gt;&lt;span&amp;nbsp;style="color:&amp;nbsp;var(--highlight-keyword)"&gt;));&lt;/span&gt;&lt;/code&gt;&lt;/li&gt;
&lt;li&gt;&lt;code&gt;&amp;nbsp;&amp;nbsp;&amp;nbsp;&amp;nbsp;&amp;nbsp;&amp;nbsp;&amp;nbsp;&amp;nbsp;}&amp;nbsp;catch&amp;nbsp;(&lt;span&amp;nbsp;style="color:&amp;nbsp;var(--highlight-default)"&gt;Throwable&amp;nbsp;$exception&lt;/span&gt;&lt;span&amp;nbsp;style="color:&amp;nbsp;var(--highlight-keyword)"&gt;)&amp;nbsp;{&lt;/span&gt;&lt;/code&gt;&lt;/li&gt;
&lt;li&gt;&lt;code&gt;&amp;nbsp;&amp;nbsp;&amp;nbsp;&amp;nbsp;&amp;nbsp;&amp;nbsp;&amp;nbsp;&amp;nbsp;&amp;nbsp;&amp;nbsp;&amp;nbsp;&amp;nbsp;if&amp;nbsp;(!&lt;span&amp;nbsp;style="color:&amp;nbsp;var(--highlight-default)"&gt;$this&lt;/span&gt;&lt;span&amp;nbsp;style="color:&amp;nbsp;var(--highlight-keyword)"&gt;-&amp;gt;&lt;/span&gt;&lt;span&amp;nbsp;style="color:&amp;nbsp;var(--highlight-default)"&gt;checkExceptionExpectations&lt;/span&gt;&lt;span&amp;nbsp;style="color:&amp;nbsp;var(--highlight-keyword)"&gt;(&lt;/span&gt;&lt;span&amp;nbsp;style="color:&amp;nbsp;var(--highlight-default)"&gt;$exception&lt;/span&gt;&lt;span&amp;nbsp;style="color:&amp;nbsp;var(--highlight-keyword)"&gt;))&amp;nbsp;{&lt;/span&gt;&lt;/code&gt;&lt;/li&gt;
&lt;li&gt;&lt;code&gt;&amp;nbsp;&amp;nbsp;&amp;nbsp;&amp;nbsp;&amp;nbsp;&amp;nbsp;&amp;nbsp;&amp;nbsp;&amp;nbsp;&amp;nbsp;&amp;nbsp;&amp;nbsp;&amp;nbsp;&amp;nbsp;&amp;nbsp;&amp;nbsp;throw&amp;nbsp;&lt;span&amp;nbsp;style="color:&amp;nbsp;var(--highlight-default)"&gt;$exception&lt;/span&gt;&lt;span&amp;nbsp;style="color:&amp;nbsp;var(--highlight-keyword)"&gt;;&lt;/span&gt;&lt;/code&gt;&lt;/li&gt;
&lt;li&gt;&lt;code&gt;&amp;nbsp;&amp;nbsp;&amp;nbsp;&amp;nbsp;&amp;nbsp;&amp;nbsp;&amp;nbsp;&amp;nbsp;&amp;nbsp;&amp;nbsp;&amp;nbsp;&amp;nbsp;}&lt;/code&gt;&lt;/li&gt;
&lt;li&gt;&lt;code&gt;&lt;/code&gt;&lt;/li&gt;&lt;/ol&gt;    &lt;/div&gt;            &lt;/div&gt;
                        &lt;div class="trace-line trace-from-vendor"&gt;
                &lt;div class="trace-line-header break-long-words sf-toggle" data-toggle-selector="#trace-html-1-9" data-toggle-initial=""&gt;
            &lt;span class="icon icon-close"&gt;&lt;svg width="1792" height="1792" viewBox="0 0 1792 1792" xmlns="http://www.w3.org/2000/svg"&gt;&lt;path d="M1408 960V832q0-26-19-45t-45-19H448q-26 0-45 19t-19 45v128q0 26 19 45t45 19h896q26 0 45-19t19-45zm256-544v960q0 119-84.5 203.5T1376 1664H416q-119 0-203.5-84.5T128 1376V416q0-119 84.5-203.5T416 128h960q119 0 203.5 84.5T1664 416z"/&gt;&lt;/svg&gt;&lt;/span&gt;
        &lt;span class="icon icon-open"&gt;&lt;svg width="1792" height="1792" viewBox="0 0 1792 1792" xmlns="http://www.w3.org/2000/svg"&gt;&lt;path d="M1408 960V832q0-26-19-45t-45-19h-320V448q0-26-19-45t-45-19H832q-26 0-45 19t-19 45v320H448q-26 0-45 19t-19 45v128q0 26 19 45t45 19h320v320q0 26 19 45t45 19h128q26 0 45-19t19-45v-320h320q26 0 45-19t19-45zm256-544v960q0 119-84.5 203.5T1376 1664H416q-119 0-203.5-84.5T128 1376V416q0-119 84.5-203.5T416 128h960q119 0 203.5 84.5T1664 416z"/&gt;&lt;/svg&gt;&lt;/span&gt;
    
    
                    &lt;span class="block trace-file-path"&gt;
            in
            &lt;a href="file:///home/albinr/dbwebb-kurser/mvc/me/report/vendor/phpunit/phpunit/src/Framework/TestCase.php#L1223"&gt;
                vendor/phpunit/phpunit/src/Framework/&lt;strong&gt;TestCase.php&lt;/strong&gt;
            &lt;/a&gt;
                            &lt;span class="trace-type"&gt;-&gt;&lt;/span&gt;
                &lt;span class="trace-method"&gt;runTest&lt;/span&gt;
                        (line 1223)
            &lt;span class="icon icon-copy hidden" data-clipboard-text="vendor/phpunit/phpunit/src/Framework/TestCase.php:1223"&gt;
                &lt;svg xmlns="http://www.w3.org/2000/svg" height="24" viewBox="0 0 24 24" width="24"&gt;&lt;path d="M0 0h24v24H0z" fill="none"/&gt;&lt;path d="M16 1H4c-1.1 0-2 .9-2 2v14h2V3h12V1zm3 4H8c-1.1 0-2 .9-2 2v14c0 1.1.9 2 2 2h11c1.1 0 2-.9 2-2V7c0-1.1-.9-2-2-2zm0 16H8V7h11v14z"/&gt;&lt;/svg&gt;            &lt;/span&gt;
        &lt;/span&gt;
    &lt;/div&gt;
    &lt;div id="trace-html-1-9" class="trace-code sf-toggle-content"&gt;
        &lt;ol start="1218"&gt;&lt;li&gt;&lt;code&gt;&lt;/code&gt;&lt;/li&gt;
&lt;li&gt;&lt;code&gt;&amp;nbsp;&amp;nbsp;&amp;nbsp;&amp;nbsp;&amp;nbsp;&amp;nbsp;&amp;nbsp;&amp;nbsp;&amp;nbsp;&amp;nbsp;&amp;nbsp;&amp;nbsp;foreach&amp;nbsp;(&lt;span&amp;nbsp;style="color:&amp;nbsp;var(--highlight-default)"&gt;$hookMethods&lt;/span&gt;&lt;span&amp;nbsp;style="color:&amp;nbsp;var(--highlight-keyword)"&gt;[&lt;/span&gt;&lt;span&amp;nbsp;style="color:&amp;nbsp;var(--highlight-string)"&gt;'preCondition'&lt;/span&gt;&lt;span&amp;nbsp;style="color:&amp;nbsp;var(--highlight-keyword)"&gt;]&amp;nbsp;as&amp;nbsp;&lt;/span&gt;&lt;span&amp;nbsp;style="color:&amp;nbsp;var(--highlight-default)"&gt;$method&lt;/span&gt;&lt;span&amp;nbsp;style="color:&amp;nbsp;var(--highlight-keyword)"&gt;)&amp;nbsp;{&lt;/span&gt;&lt;/code&gt;&lt;/li&gt;
&lt;li&gt;&lt;code&gt;&amp;nbsp;&amp;nbsp;&amp;nbsp;&amp;nbsp;&amp;nbsp;&amp;nbsp;&amp;nbsp;&amp;nbsp;&amp;nbsp;&amp;nbsp;&amp;nbsp;&amp;nbsp;&amp;nbsp;&amp;nbsp;&amp;nbsp;&amp;nbsp;&lt;span&amp;nbsp;style="color:&amp;nbsp;var(--highlight-default)"&gt;$this&lt;/span&gt;&lt;span&amp;nbsp;style="color:&amp;nbsp;var(--highlight-keyword)"&gt;-&amp;gt;{&lt;/span&gt;&lt;span&amp;nbsp;style="color:&amp;nbsp;var(--highlight-default)"&gt;$method&lt;/span&gt;&lt;span&amp;nbsp;style="color:&amp;nbsp;var(--highlight-keyword)"&gt;}();&lt;/span&gt;&lt;/code&gt;&lt;/li&gt;
&lt;li&gt;&lt;code&gt;&amp;nbsp;&amp;nbsp;&amp;nbsp;&amp;nbsp;&amp;nbsp;&amp;nbsp;&amp;nbsp;&amp;nbsp;&amp;nbsp;&amp;nbsp;&amp;nbsp;&amp;nbsp;}&lt;/code&gt;&lt;/li&gt;
&lt;li&gt;&lt;code&gt;&lt;/code&gt;&lt;/li&gt;
&lt;li class="selected"&gt;&lt;code&gt;&amp;nbsp;&amp;nbsp;&amp;nbsp;&amp;nbsp;&amp;nbsp;&amp;nbsp;&amp;nbsp;&amp;nbsp;&amp;nbsp;&amp;nbsp;&amp;nbsp;&amp;nbsp;&lt;span&amp;nbsp;style="color:&amp;nbsp;var(--highlight-default)"&gt;$this&lt;/span&gt;&lt;span&amp;nbsp;style="color:&amp;nbsp;var(--highlight-keyword)"&gt;-&amp;gt;&lt;/span&gt;&lt;span&amp;nbsp;style="color:&amp;nbsp;var(--highlight-default)"&gt;testResult&amp;nbsp;&lt;/span&gt;&lt;span&amp;nbsp;style="color:&amp;nbsp;var(--highlight-keyword)"&gt;=&amp;nbsp;&lt;/span&gt;&lt;span&amp;nbsp;style="color:&amp;nbsp;var(--highlight-default)"&gt;$this&lt;/span&gt;&lt;span&amp;nbsp;style="color:&amp;nbsp;var(--highlight-keyword)"&gt;-&amp;gt;&lt;/span&gt;&lt;span&amp;nbsp;style="color:&amp;nbsp;var(--highlight-default)"&gt;runTest&lt;/span&gt;&lt;span&amp;nbsp;style="color:&amp;nbsp;var(--highlight-keyword)"&gt;();&lt;/span&gt;&lt;/code&gt;&lt;/li&gt;
&lt;li&gt;&lt;code&gt;&amp;nbsp;&amp;nbsp;&amp;nbsp;&amp;nbsp;&amp;nbsp;&amp;nbsp;&amp;nbsp;&amp;nbsp;&amp;nbsp;&amp;nbsp;&amp;nbsp;&amp;nbsp;&lt;span&amp;nbsp;style="color:&amp;nbsp;var(--highlight-default)"&gt;$this&lt;/span&gt;&lt;span&amp;nbsp;style="color:&amp;nbsp;var(--highlight-keyword)"&gt;-&amp;gt;&lt;/span&gt;&lt;span&amp;nbsp;style="color:&amp;nbsp;var(--highlight-default)"&gt;verifyMockObjects&lt;/span&gt;&lt;span&amp;nbsp;style="color:&amp;nbsp;var(--highlight-keyword)"&gt;();&lt;/span&gt;&lt;/code&gt;&lt;/li&gt;
&lt;li&gt;&lt;code&gt;&lt;/code&gt;&lt;/li&gt;
&lt;li&gt;&lt;code&gt;&amp;nbsp;&amp;nbsp;&amp;nbsp;&amp;nbsp;&amp;nbsp;&amp;nbsp;&amp;nbsp;&amp;nbsp;&amp;nbsp;&amp;nbsp;&amp;nbsp;&amp;nbsp;foreach&amp;nbsp;(&lt;span&amp;nbsp;style="color:&amp;nbsp;var(--highlight-default)"&gt;$hookMethods&lt;/span&gt;&lt;span&amp;nbsp;style="color:&amp;nbsp;var(--highlight-keyword)"&gt;[&lt;/span&gt;&lt;span&amp;nbsp;style="color:&amp;nbsp;var(--highlight-string)"&gt;'postCondition'&lt;/span&gt;&lt;span&amp;nbsp;style="color:&amp;nbsp;var(--highlight-keyword)"&gt;]&amp;nbsp;as&amp;nbsp;&lt;/span&gt;&lt;span&amp;nbsp;style="color:&amp;nbsp;var(--highlight-default)"&gt;$method&lt;/span&gt;&lt;span&amp;nbsp;style="color:&amp;nbsp;var(--highlight-keyword)"&gt;)&amp;nbsp;{&lt;/span&gt;&lt;/code&gt;&lt;/li&gt;
&lt;li&gt;&lt;code&gt;&amp;nbsp;&amp;nbsp;&amp;nbsp;&amp;nbsp;&amp;nbsp;&amp;nbsp;&amp;nbsp;&amp;nbsp;&amp;nbsp;&amp;nbsp;&amp;nbsp;&amp;nbsp;&amp;nbsp;&amp;nbsp;&amp;nbsp;&amp;nbsp;&lt;span&amp;nbsp;style="color:&amp;nbsp;var(--highlight-default)"&gt;$this&lt;/span&gt;&lt;span&amp;nbsp;style="color:&amp;nbsp;var(--highlight-keyword)"&gt;-&amp;gt;{&lt;/span&gt;&lt;span&amp;nbsp;style="color:&amp;nbsp;var(--highlight-default)"&gt;$method&lt;/span&gt;&lt;span&amp;nbsp;style="color:&amp;nbsp;var(--highlight-keyword)"&gt;}();&lt;/span&gt;&lt;/code&gt;&lt;/li&gt;
&lt;li&gt;&lt;code&gt;&amp;nbsp;&amp;nbsp;&amp;nbsp;&amp;nbsp;&amp;nbsp;&amp;nbsp;&amp;nbsp;&amp;nbsp;&amp;nbsp;&amp;nbsp;&amp;nbsp;&amp;nbsp;}&lt;/code&gt;&lt;/li&gt;&lt;/ol&gt;    &lt;/div&gt;            &lt;/div&gt;
                        &lt;div class="trace-line trace-from-vendor"&gt;
                &lt;div class="trace-line-header break-long-words sf-toggle" data-toggle-selector="#trace-html-1-10" data-toggle-initial=""&gt;
            &lt;span class="icon icon-close"&gt;&lt;svg width="1792" height="1792" viewBox="0 0 1792 1792" xmlns="http://www.w3.org/2000/svg"&gt;&lt;path d="M1408 960V832q0-26-19-45t-45-19H448q-26 0-45 19t-19 45v128q0 26 19 45t45 19h896q26 0 45-19t19-45zm256-544v960q0 119-84.5 203.5T1376 1664H416q-119 0-203.5-84.5T128 1376V416q0-119 84.5-203.5T416 128h960q119 0 203.5 84.5T1664 416z"/&gt;&lt;/svg&gt;&lt;/span&gt;
        &lt;span class="icon icon-open"&gt;&lt;svg width="1792" height="1792" viewBox="0 0 1792 1792" xmlns="http://www.w3.org/2000/svg"&gt;&lt;path d="M1408 960V832q0-26-19-45t-45-19h-320V448q0-26-19-45t-45-19H832q-26 0-45 19t-19 45v320H448q-26 0-45 19t-19 45v128q0 26 19 45t45 19h320v320q0 26 19 45t45 19h128q26 0 45-19t19-45v-320h320q26 0 45-19t19-45zm256-544v960q0 119-84.5 203.5T1376 1664H416q-119 0-203.5-84.5T128 1376V416q0-119 84.5-203.5T416 128h960q119 0 203.5 84.5T1664 416z"/&gt;&lt;/svg&gt;&lt;/span&gt;
    
    
                    &lt;span class="block trace-file-path"&gt;
            in
            &lt;a href="file:///home/albinr/dbwebb-kurser/mvc/me/report/vendor/phpunit/phpunit/src/Framework/TestResult.php#L729"&gt;
                vendor/phpunit/phpunit/src/Framework/&lt;strong&gt;TestResult.php&lt;/strong&gt;
            &lt;/a&gt;
                            &lt;span class="trace-type"&gt;-&gt;&lt;/span&gt;
                &lt;span class="trace-method"&gt;runBare&lt;/span&gt;
                        (line 729)
            &lt;span class="icon icon-copy hidden" data-clipboard-text="vendor/phpunit/phpunit/src/Framework/TestResult.php:729"&gt;
                &lt;svg xmlns="http://www.w3.org/2000/svg" height="24" viewBox="0 0 24 24" width="24"&gt;&lt;path d="M0 0h24v24H0z" fill="none"/&gt;&lt;path d="M16 1H4c-1.1 0-2 .9-2 2v14h2V3h12V1zm3 4H8c-1.1 0-2 .9-2 2v14c0 1.1.9 2 2 2h11c1.1 0 2-.9 2-2V7c0-1.1-.9-2-2-2zm0 16H8V7h11v14z"/&gt;&lt;/svg&gt;            &lt;/span&gt;
        &lt;/span&gt;
    &lt;/div&gt;
    &lt;div id="trace-html-1-10" class="trace-code sf-toggle-content"&gt;
        &lt;ol start="724"&gt;&lt;li&gt;&lt;code&gt;&amp;nbsp;&amp;nbsp;&amp;nbsp;&amp;nbsp;&amp;nbsp;&amp;nbsp;&amp;nbsp;&amp;nbsp;&amp;nbsp;&amp;nbsp;&amp;nbsp;&amp;nbsp;&amp;nbsp;&amp;nbsp;&amp;nbsp;&amp;nbsp;&amp;nbsp;&amp;nbsp;&amp;nbsp;&amp;nbsp;&amp;nbsp;&amp;nbsp;&amp;nbsp;&amp;nbsp;&lt;span&amp;nbsp;style="color:&amp;nbsp;var(--highlight-default)"&gt;$_timeout&amp;nbsp;&lt;/span&gt;&lt;span&amp;nbsp;style="color:&amp;nbsp;var(--highlight-keyword)"&gt;=&amp;nbsp;&lt;/span&gt;&lt;span&amp;nbsp;style="color:&amp;nbsp;var(--highlight-default)"&gt;$this&lt;/span&gt;&lt;span&amp;nbsp;style="color:&amp;nbsp;var(--highlight-keyword)"&gt;-&amp;gt;&lt;/span&gt;&lt;span&amp;nbsp;style="color:&amp;nbsp;var(--highlight-default)"&gt;defaultTimeLimit&lt;/span&gt;&lt;span&amp;nbsp;style="color:&amp;nbsp;var(--highlight-keyword)"&gt;;&lt;/span&gt;&lt;/code&gt;&lt;/li&gt;
&lt;li&gt;&lt;code&gt;&amp;nbsp;&amp;nbsp;&amp;nbsp;&amp;nbsp;&amp;nbsp;&amp;nbsp;&amp;nbsp;&amp;nbsp;&amp;nbsp;&amp;nbsp;&amp;nbsp;&amp;nbsp;&amp;nbsp;&amp;nbsp;&amp;nbsp;&amp;nbsp;}&lt;/code&gt;&lt;/li&gt;
&lt;li&gt;&lt;code&gt;&lt;/code&gt;&lt;/li&gt;
&lt;li&gt;&lt;code&gt;&amp;nbsp;&amp;nbsp;&amp;nbsp;&amp;nbsp;&amp;nbsp;&amp;nbsp;&amp;nbsp;&amp;nbsp;&amp;nbsp;&amp;nbsp;&amp;nbsp;&amp;nbsp;&amp;nbsp;&amp;nbsp;&amp;nbsp;&amp;nbsp;&lt;span&amp;nbsp;style="color:&amp;nbsp;var(--highlight-default)"&gt;$invoker&lt;/span&gt;&lt;span&amp;nbsp;style="color:&amp;nbsp;var(--highlight-keyword)"&gt;-&amp;gt;&lt;/span&gt;&lt;span&amp;nbsp;style="color:&amp;nbsp;var(--highlight-default)"&gt;invoke&lt;/span&gt;&lt;span&amp;nbsp;style="color:&amp;nbsp;var(--highlight-keyword)"&gt;([&lt;/span&gt;&lt;span&amp;nbsp;style="color:&amp;nbsp;var(--highlight-default)"&gt;$test&lt;/span&gt;&lt;span&amp;nbsp;style="color:&amp;nbsp;var(--highlight-keyword)"&gt;,&amp;nbsp;&lt;/span&gt;&lt;span&amp;nbsp;style="color:&amp;nbsp;var(--highlight-string)"&gt;'runBare'&lt;/span&gt;&lt;span&amp;nbsp;style="color:&amp;nbsp;var(--highlight-keyword)"&gt;],&amp;nbsp;[],&amp;nbsp;&lt;/span&gt;&lt;span&amp;nbsp;style="color:&amp;nbsp;var(--highlight-default)"&gt;$_timeout&lt;/span&gt;&lt;span&amp;nbsp;style="color:&amp;nbsp;var(--highlight-keyword)"&gt;);&lt;/span&gt;&lt;/code&gt;&lt;/li&gt;
&lt;li&gt;&lt;code&gt;&amp;nbsp;&amp;nbsp;&amp;nbsp;&amp;nbsp;&amp;nbsp;&amp;nbsp;&amp;nbsp;&amp;nbsp;&amp;nbsp;&amp;nbsp;&amp;nbsp;&amp;nbsp;}&amp;nbsp;else&amp;nbsp;{&lt;/code&gt;&lt;/li&gt;
&lt;li class="selected"&gt;&lt;code&gt;&amp;nbsp;&amp;nbsp;&amp;nbsp;&amp;nbsp;&amp;nbsp;&amp;nbsp;&amp;nbsp;&amp;nbsp;&amp;nbsp;&amp;nbsp;&amp;nbsp;&amp;nbsp;&amp;nbsp;&amp;nbsp;&amp;nbsp;&amp;nbsp;&lt;span&amp;nbsp;style="color:&amp;nbsp;var(--highlight-default)"&gt;$test&lt;/span&gt;&lt;span&amp;nbsp;style="color:&amp;nbsp;var(--highlight-keyword)"&gt;-&amp;gt;&lt;/span&gt;&lt;span&amp;nbsp;style="color:&amp;nbsp;var(--highlight-default)"&gt;runBare&lt;/span&gt;&lt;span&amp;nbsp;style="color:&amp;nbsp;var(--highlight-keyword)"&gt;();&lt;/span&gt;&lt;/code&gt;&lt;/li&gt;
&lt;li&gt;&lt;code&gt;&amp;nbsp;&amp;nbsp;&amp;nbsp;&amp;nbsp;&amp;nbsp;&amp;nbsp;&amp;nbsp;&amp;nbsp;&amp;nbsp;&amp;nbsp;&amp;nbsp;&amp;nbsp;}&lt;/code&gt;&lt;/li&gt;
&lt;li&gt;&lt;code&gt;&amp;nbsp;&amp;nbsp;&amp;nbsp;&amp;nbsp;&amp;nbsp;&amp;nbsp;&amp;nbsp;&amp;nbsp;}&amp;nbsp;catch&amp;nbsp;(&lt;span&amp;nbsp;style="color:&amp;nbsp;var(--highlight-default)"&gt;TimeoutException&amp;nbsp;$e&lt;/span&gt;&lt;span&amp;nbsp;style="color:&amp;nbsp;var(--highlight-keyword)"&gt;)&amp;nbsp;{&lt;/span&gt;&lt;/code&gt;&lt;/li&gt;
&lt;li&gt;&lt;code&gt;&amp;nbsp;&amp;nbsp;&amp;nbsp;&amp;nbsp;&amp;nbsp;&amp;nbsp;&amp;nbsp;&amp;nbsp;&amp;nbsp;&amp;nbsp;&amp;nbsp;&amp;nbsp;&lt;span&amp;nbsp;style="color:&amp;nbsp;var(--highlight-default)"&gt;$this&lt;/span&gt;&lt;span&amp;nbsp;style="color:&amp;nbsp;var(--highlight-keyword)"&gt;-&amp;gt;&lt;/span&gt;&lt;span&amp;nbsp;style="color:&amp;nbsp;var(--highlight-default)"&gt;addFailure&lt;/span&gt;&lt;span&amp;nbsp;style="color:&amp;nbsp;var(--highlight-keyword)"&gt;(&lt;/span&gt;&lt;/code&gt;&lt;/li&gt;
&lt;li&gt;&lt;code&gt;&amp;nbsp;&amp;nbsp;&amp;nbsp;&amp;nbsp;&amp;nbsp;&amp;nbsp;&amp;nbsp;&amp;nbsp;&amp;nbsp;&amp;nbsp;&amp;nbsp;&amp;nbsp;&amp;nbsp;&amp;nbsp;&amp;nbsp;&amp;nbsp;&lt;span&amp;nbsp;style="color:&amp;nbsp;var(--highlight-default)"&gt;$test&lt;/span&gt;&lt;span&amp;nbsp;style="color:&amp;nbsp;var(--highlight-keyword)"&gt;,&lt;/span&gt;&lt;/code&gt;&lt;/li&gt;
&lt;li&gt;&lt;code&gt;&amp;nbsp;&amp;nbsp;&amp;nbsp;&amp;nbsp;&amp;nbsp;&amp;nbsp;&amp;nbsp;&amp;nbsp;&amp;nbsp;&amp;nbsp;&amp;nbsp;&amp;nbsp;&amp;nbsp;&amp;nbsp;&amp;nbsp;&amp;nbsp;new&amp;nbsp;&lt;span&amp;nbsp;style="color:&amp;nbsp;var(--highlight-default)"&gt;RiskyTestError&lt;/span&gt;&lt;span&amp;nbsp;style="color:&amp;nbsp;var(--highlight-keyword)"&gt;(&lt;/span&gt;&lt;/code&gt;&lt;/li&gt;&lt;/ol&gt;    &lt;/div&gt;            &lt;/div&gt;
                        &lt;div class="trace-line trace-from-vendor"&gt;
                &lt;div class="trace-line-header break-long-words sf-toggle" data-toggle-selector="#trace-html-1-11" data-toggle-initial=""&gt;
            &lt;span class="icon icon-close"&gt;&lt;svg width="1792" height="1792" viewBox="0 0 1792 1792" xmlns="http://www.w3.org/2000/svg"&gt;&lt;path d="M1408 960V832q0-26-19-45t-45-19H448q-26 0-45 19t-19 45v128q0 26 19 45t45 19h896q26 0 45-19t19-45zm256-544v960q0 119-84.5 203.5T1376 1664H416q-119 0-203.5-84.5T128 1376V416q0-119 84.5-203.5T416 128h960q119 0 203.5 84.5T1664 416z"/&gt;&lt;/svg&gt;&lt;/span&gt;
        &lt;span class="icon icon-open"&gt;&lt;svg width="1792" height="1792" viewBox="0 0 1792 1792" xmlns="http://www.w3.org/2000/svg"&gt;&lt;path d="M1408 960V832q0-26-19-45t-45-19h-320V448q0-26-19-45t-45-19H832q-26 0-45 19t-19 45v320H448q-26 0-45 19t-19 45v128q0 26 19 45t45 19h320v320q0 26 19 45t45 19h128q26 0 45-19t19-45v-320h320q26 0 45-19t19-45zm256-544v960q0 119-84.5 203.5T1376 1664H416q-119 0-203.5-84.5T128 1376V416q0-119 84.5-203.5T416 128h960q119 0 203.5 84.5T1664 416z"/&gt;&lt;/svg&gt;&lt;/span&gt;
    
    
                    &lt;span class="block trace-file-path"&gt;
            in
            &lt;a href="file:///home/albinr/dbwebb-kurser/mvc/me/report/vendor/phpunit/phpunit/src/Framework/TestCase.php#L973"&gt;
                vendor/phpunit/phpunit/src/Framework/&lt;strong&gt;TestCase.php&lt;/strong&gt;
            &lt;/a&gt;
                            &lt;span class="trace-type"&gt;-&gt;&lt;/span&gt;
                &lt;span class="trace-method"&gt;run&lt;/span&gt;
                        (line 973)
            &lt;span class="icon icon-copy hidden" data-clipboard-text="vendor/phpunit/phpunit/src/Framework/TestCase.php:973"&gt;
                &lt;svg xmlns="http://www.w3.org/2000/svg" height="24" viewBox="0 0 24 24" width="24"&gt;&lt;path d="M0 0h24v24H0z" fill="none"/&gt;&lt;path d="M16 1H4c-1.1 0-2 .9-2 2v14h2V3h12V1zm3 4H8c-1.1 0-2 .9-2 2v14c0 1.1.9 2 2 2h11c1.1 0 2-.9 2-2V7c0-1.1-.9-2-2-2zm0 16H8V7h11v14z"/&gt;&lt;/svg&gt;            &lt;/span&gt;
        &lt;/span&gt;
    &lt;/div&gt;
    &lt;div id="trace-html-1-11" class="trace-code sf-toggle-content"&gt;
        &lt;ol start="968"&gt;&lt;li&gt;&lt;code&gt;&amp;nbsp;&amp;nbsp;&amp;nbsp;&amp;nbsp;&amp;nbsp;&amp;nbsp;&amp;nbsp;&amp;nbsp;&amp;nbsp;&amp;nbsp;&amp;nbsp;&amp;nbsp;&lt;span&amp;nbsp;style="color:&amp;nbsp;var(--highlight-default)"&gt;$template&lt;/span&gt;&lt;span&amp;nbsp;style="color:&amp;nbsp;var(--highlight-keyword)"&gt;-&amp;gt;&lt;/span&gt;&lt;span&amp;nbsp;style="color:&amp;nbsp;var(--highlight-default)"&gt;setVar&lt;/span&gt;&lt;span&amp;nbsp;style="color:&amp;nbsp;var(--highlight-keyword)"&gt;(&lt;/span&gt;&lt;span&amp;nbsp;style="color:&amp;nbsp;var(--highlight-default)"&gt;$var&lt;/span&gt;&lt;span&amp;nbsp;style="color:&amp;nbsp;var(--highlight-keyword)"&gt;);&lt;/span&gt;&lt;/code&gt;&lt;/li&gt;
&lt;li&gt;&lt;code&gt;&lt;/code&gt;&lt;/li&gt;
&lt;li&gt;&lt;code&gt;&amp;nbsp;&amp;nbsp;&amp;nbsp;&amp;nbsp;&amp;nbsp;&amp;nbsp;&amp;nbsp;&amp;nbsp;&amp;nbsp;&amp;nbsp;&amp;nbsp;&amp;nbsp;&lt;span&amp;nbsp;style="color:&amp;nbsp;var(--highlight-default)"&gt;$php&amp;nbsp;&lt;/span&gt;&lt;span&amp;nbsp;style="color:&amp;nbsp;var(--highlight-keyword)"&gt;=&amp;nbsp;&lt;/span&gt;&lt;span&amp;nbsp;style="color:&amp;nbsp;var(--highlight-default)"&gt;AbstractPhpProcess&lt;/span&gt;&lt;span&amp;nbsp;style="color:&amp;nbsp;var(--highlight-keyword)"&gt;::&lt;/span&gt;&lt;span&amp;nbsp;style="color:&amp;nbsp;var(--highlight-default)"&gt;factory&lt;/span&gt;&lt;span&amp;nbsp;style="color:&amp;nbsp;var(--highlight-keyword)"&gt;();&lt;/span&gt;&lt;/code&gt;&lt;/li&gt;
&lt;li&gt;&lt;code&gt;&amp;nbsp;&amp;nbsp;&amp;nbsp;&amp;nbsp;&amp;nbsp;&amp;nbsp;&amp;nbsp;&amp;nbsp;&amp;nbsp;&amp;nbsp;&amp;nbsp;&amp;nbsp;&lt;span&amp;nbsp;style="color:&amp;nbsp;var(--highlight-default)"&gt;$php&lt;/span&gt;&lt;span&amp;nbsp;style="color:&amp;nbsp;var(--highlight-keyword)"&gt;-&amp;gt;&lt;/span&gt;&lt;span&amp;nbsp;style="color:&amp;nbsp;var(--highlight-default)"&gt;runTestJob&lt;/span&gt;&lt;span&amp;nbsp;style="color:&amp;nbsp;var(--highlight-keyword)"&gt;(&lt;/span&gt;&lt;span&amp;nbsp;style="color:&amp;nbsp;var(--highlight-default)"&gt;$template&lt;/span&gt;&lt;span&amp;nbsp;style="color:&amp;nbsp;var(--highlight-keyword)"&gt;-&amp;gt;&lt;/span&gt;&lt;span&amp;nbsp;style="color:&amp;nbsp;var(--highlight-default)"&gt;render&lt;/span&gt;&lt;span&amp;nbsp;style="color:&amp;nbsp;var(--highlight-keyword)"&gt;(),&amp;nbsp;&lt;/span&gt;&lt;span&amp;nbsp;style="color:&amp;nbsp;var(--highlight-default)"&gt;$this&lt;/span&gt;&lt;span&amp;nbsp;style="color:&amp;nbsp;var(--highlight-keyword)"&gt;,&amp;nbsp;&lt;/span&gt;&lt;span&amp;nbsp;style="color:&amp;nbsp;var(--highlight-default)"&gt;$result&lt;/span&gt;&lt;span&amp;nbsp;style="color:&amp;nbsp;var(--highlight-keyword)"&gt;,&amp;nbsp;&lt;/span&gt;&lt;span&amp;nbsp;style="color:&amp;nbsp;var(--highlight-default)"&gt;$processResultFile&lt;/span&gt;&lt;span&amp;nbsp;style="color:&amp;nbsp;var(--highlight-keyword)"&gt;);&lt;/span&gt;&lt;/code&gt;&lt;/li&gt;
&lt;li&gt;&lt;code&gt;&amp;nbsp;&amp;nbsp;&amp;nbsp;&amp;nbsp;&amp;nbsp;&amp;nbsp;&amp;nbsp;&amp;nbsp;}&amp;nbsp;else&amp;nbsp;{&lt;/code&gt;&lt;/li&gt;
&lt;li class="selected"&gt;&lt;code&gt;&amp;nbsp;&amp;nbsp;&amp;nbsp;&amp;nbsp;&amp;nbsp;&amp;nbsp;&amp;nbsp;&amp;nbsp;&amp;nbsp;&amp;nbsp;&amp;nbsp;&amp;nbsp;&lt;span&amp;nbsp;style="color:&amp;nbsp;var(--highlight-default)"&gt;$result&lt;/span&gt;&lt;span&amp;nbsp;style="color:&amp;nbsp;var(--highlight-keyword)"&gt;-&amp;gt;&lt;/span&gt;&lt;span&amp;nbsp;style="color:&amp;nbsp;var(--highlight-default)"&gt;run&lt;/span&gt;&lt;span&amp;nbsp;style="color:&amp;nbsp;var(--highlight-keyword)"&gt;(&lt;/span&gt;&lt;span&amp;nbsp;style="color:&amp;nbsp;var(--highlight-default)"&gt;$this&lt;/span&gt;&lt;span&amp;nbsp;style="color:&amp;nbsp;var(--highlight-keyword)"&gt;);&lt;/span&gt;&lt;/code&gt;&lt;/li&gt;
&lt;li&gt;&lt;code&gt;&amp;nbsp;&amp;nbsp;&amp;nbsp;&amp;nbsp;&amp;nbsp;&amp;nbsp;&amp;nbsp;&amp;nbsp;}&lt;/code&gt;&lt;/li&gt;
&lt;li&gt;&lt;code&gt;&lt;/code&gt;&lt;/li&gt;
&lt;li&gt;&lt;code&gt;&amp;nbsp;&amp;nbsp;&amp;nbsp;&amp;nbsp;&amp;nbsp;&amp;nbsp;&amp;nbsp;&amp;nbsp;&lt;span&amp;nbsp;style="color:&amp;nbsp;var(--highlight-default)"&gt;$this&lt;/span&gt;&lt;span&amp;nbsp;style="color:&amp;nbsp;var(--highlight-keyword)"&gt;-&amp;gt;&lt;/span&gt;&lt;span&amp;nbsp;style="color:&amp;nbsp;var(--highlight-default)"&gt;result&amp;nbsp;&lt;/span&gt;&lt;span&amp;nbsp;style="color:&amp;nbsp;var(--highlight-keyword)"&gt;=&amp;nbsp;&lt;/span&gt;&lt;span&amp;nbsp;style="color:&amp;nbsp;var(--highlight-default)"&gt;null&lt;/span&gt;&lt;span&amp;nbsp;style="color:&amp;nbsp;var(--highlight-keyword)"&gt;;&lt;/span&gt;&lt;/code&gt;&lt;/li&gt;
&lt;li&gt;&lt;code&gt;&lt;/code&gt;&lt;/li&gt;
&lt;li&gt;&lt;code&gt;&amp;nbsp;&amp;nbsp;&amp;nbsp;&amp;nbsp;&amp;nbsp;&amp;nbsp;&amp;nbsp;&amp;nbsp;return&amp;nbsp;&lt;span&amp;nbsp;style="color:&amp;nbsp;var(--highlight-default)"&gt;$result&lt;/span&gt;&lt;span&amp;nbsp;style="color:&amp;nbsp;var(--highlight-keyword)"&gt;;&lt;/span&gt;&lt;/code&gt;&lt;/li&gt;&lt;/ol&gt;    &lt;/div&gt;            &lt;/div&gt;
                        &lt;div class="trace-line trace-from-vendor"&gt;
                &lt;div class="trace-line-header break-long-words sf-toggle" data-toggle-selector="#trace-html-1-12" data-toggle-initial=""&gt;
            &lt;span class="icon icon-close"&gt;&lt;svg width="1792" height="1792" viewBox="0 0 1792 1792" xmlns="http://www.w3.org/2000/svg"&gt;&lt;path d="M1408 960V832q0-26-19-45t-45-19H448q-26 0-45 19t-19 45v128q0 26 19 45t45 19h896q26 0 45-19t19-45zm256-544v960q0 119-84.5 203.5T1376 1664H416q-119 0-203.5-84.5T128 1376V416q0-119 84.5-203.5T416 128h960q119 0 203.5 84.5T1664 416z"/&gt;&lt;/svg&gt;&lt;/span&gt;
        &lt;span class="icon icon-open"&gt;&lt;svg width="1792" height="1792" viewBox="0 0 1792 1792" xmlns="http://www.w3.org/2000/svg"&gt;&lt;path d="M1408 960V832q0-26-19-45t-45-19h-320V448q0-26-19-45t-45-19H832q-26 0-45 19t-19 45v320H448q-26 0-45 19t-19 45v128q0 26 19 45t45 19h320v320q0 26 19 45t45 19h128q26 0 45-19t19-45v-320h320q26 0 45-19t19-45zm256-544v960q0 119-84.5 203.5T1376 1664H416q-119 0-203.5-84.5T128 1376V416q0-119 84.5-203.5T416 128h960q119 0 203.5 84.5T1664 416z"/&gt;&lt;/svg&gt;&lt;/span&gt;
    
    
                    &lt;span class="block trace-file-path"&gt;
            in
            &lt;a href="file:///home/albinr/dbwebb-kurser/mvc/me/report/vendor/phpunit/phpunit/src/Framework/TestSuite.php#L685"&gt;
                vendor/phpunit/phpunit/src/Framework/&lt;strong&gt;TestSuite.php&lt;/strong&gt;
            &lt;/a&gt;
                            &lt;span class="trace-type"&gt;-&gt;&lt;/span&gt;
                &lt;span class="trace-method"&gt;run&lt;/span&gt;
                        (line 685)
            &lt;span class="icon icon-copy hidden" data-clipboard-text="vendor/phpunit/phpunit/src/Framework/TestSuite.php:685"&gt;
                &lt;svg xmlns="http://www.w3.org/2000/svg" height="24" viewBox="0 0 24 24" width="24"&gt;&lt;path d="M0 0h24v24H0z" fill="none"/&gt;&lt;path d="M16 1H4c-1.1 0-2 .9-2 2v14h2V3h12V1zm3 4H8c-1.1 0-2 .9-2 2v14c0 1.1.9 2 2 2h11c1.1 0 2-.9 2-2V7c0-1.1-.9-2-2-2zm0 16H8V7h11v14z"/&gt;&lt;/svg&gt;            &lt;/span&gt;
        &lt;/span&gt;
    &lt;/div&gt;
    &lt;div id="trace-html-1-12" class="trace-code sf-toggle-content"&gt;
        &lt;ol start="680"&gt;&lt;li&gt;&lt;code&gt;&amp;nbsp;&amp;nbsp;&amp;nbsp;&amp;nbsp;&amp;nbsp;&amp;nbsp;&amp;nbsp;&amp;nbsp;&amp;nbsp;&amp;nbsp;&amp;nbsp;&amp;nbsp;&amp;nbsp;&amp;nbsp;&amp;nbsp;&amp;nbsp;&lt;span&amp;nbsp;style="color:&amp;nbsp;var(--highlight-default)"&gt;$test&lt;/span&gt;&lt;span&amp;nbsp;style="color:&amp;nbsp;var(--highlight-keyword)"&gt;-&amp;gt;&lt;/span&gt;&lt;span&amp;nbsp;style="color:&amp;nbsp;var(--highlight-default)"&gt;setBackupGlobals&lt;/span&gt;&lt;span&amp;nbsp;style="color:&amp;nbsp;var(--highlight-keyword)"&gt;(&lt;/span&gt;&lt;span&amp;nbsp;style="color:&amp;nbsp;var(--highlight-default)"&gt;$this&lt;/span&gt;&lt;span&amp;nbsp;style="color:&amp;nbsp;var(--highlight-keyword)"&gt;-&amp;gt;&lt;/span&gt;&lt;span&amp;nbsp;style="color:&amp;nbsp;var(--highlight-default)"&gt;backupGlobals&lt;/span&gt;&lt;span&amp;nbsp;style="color:&amp;nbsp;var(--highlight-keyword)"&gt;);&lt;/span&gt;&lt;/code&gt;&lt;/li&gt;
&lt;li&gt;&lt;code&gt;&amp;nbsp;&amp;nbsp;&amp;nbsp;&amp;nbsp;&amp;nbsp;&amp;nbsp;&amp;nbsp;&amp;nbsp;&amp;nbsp;&amp;nbsp;&amp;nbsp;&amp;nbsp;&amp;nbsp;&amp;nbsp;&amp;nbsp;&amp;nbsp;&lt;span&amp;nbsp;style="color:&amp;nbsp;var(--highlight-default)"&gt;$test&lt;/span&gt;&lt;span&amp;nbsp;style="color:&amp;nbsp;var(--highlight-keyword)"&gt;-&amp;gt;&lt;/span&gt;&lt;span&amp;nbsp;style="color:&amp;nbsp;var(--highlight-default)"&gt;setBackupStaticAttributes&lt;/span&gt;&lt;span&amp;nbsp;style="color:&amp;nbsp;var(--highlight-keyword)"&gt;(&lt;/span&gt;&lt;span&amp;nbsp;style="color:&amp;nbsp;var(--highlight-default)"&gt;$this&lt;/span&gt;&lt;span&amp;nbsp;style="color:&amp;nbsp;var(--highlight-keyword)"&gt;-&amp;gt;&lt;/span&gt;&lt;span&amp;nbsp;style="color:&amp;nbsp;var(--highlight-default)"&gt;backupStaticAttributes&lt;/span&gt;&lt;span&amp;nbsp;style="color:&amp;nbsp;var(--highlight-keyword)"&gt;);&lt;/span&gt;&lt;/code&gt;&lt;/li&gt;
&lt;li&gt;&lt;code&gt;&amp;nbsp;&amp;nbsp;&amp;nbsp;&amp;nbsp;&amp;nbsp;&amp;nbsp;&amp;nbsp;&amp;nbsp;&amp;nbsp;&amp;nbsp;&amp;nbsp;&amp;nbsp;&amp;nbsp;&amp;nbsp;&amp;nbsp;&amp;nbsp;&lt;span&amp;nbsp;style="color:&amp;nbsp;var(--highlight-default)"&gt;$test&lt;/span&gt;&lt;span&amp;nbsp;style="color:&amp;nbsp;var(--highlight-keyword)"&gt;-&amp;gt;&lt;/span&gt;&lt;span&amp;nbsp;style="color:&amp;nbsp;var(--highlight-default)"&gt;setRunTestInSeparateProcess&lt;/span&gt;&lt;span&amp;nbsp;style="color:&amp;nbsp;var(--highlight-keyword)"&gt;(&lt;/span&gt;&lt;span&amp;nbsp;style="color:&amp;nbsp;var(--highlight-default)"&gt;$this&lt;/span&gt;&lt;span&amp;nbsp;style="color:&amp;nbsp;var(--highlight-keyword)"&gt;-&amp;gt;&lt;/span&gt;&lt;span&amp;nbsp;style="color:&amp;nbsp;var(--highlight-default)"&gt;runTestInSeparateProcess&lt;/span&gt;&lt;span&amp;nbsp;style="color:&amp;nbsp;var(--highlight-keyword)"&gt;);&lt;/span&gt;&lt;/code&gt;&lt;/li&gt;
&lt;li&gt;&lt;code&gt;&amp;nbsp;&amp;nbsp;&amp;nbsp;&amp;nbsp;&amp;nbsp;&amp;nbsp;&amp;nbsp;&amp;nbsp;&amp;nbsp;&amp;nbsp;&amp;nbsp;&amp;nbsp;}&lt;/code&gt;&lt;/li&gt;
&lt;li&gt;&lt;code&gt;&lt;/code&gt;&lt;/li&gt;
&lt;li class="selected"&gt;&lt;code&gt;&amp;nbsp;&amp;nbsp;&amp;nbsp;&amp;nbsp;&amp;nbsp;&amp;nbsp;&amp;nbsp;&amp;nbsp;&amp;nbsp;&amp;nbsp;&amp;nbsp;&amp;nbsp;&lt;span&amp;nbsp;style="color:&amp;nbsp;var(--highlight-default)"&gt;$test&lt;/span&gt;&lt;span&amp;nbsp;style="color:&amp;nbsp;var(--highlight-keyword)"&gt;-&amp;gt;&lt;/span&gt;&lt;span&amp;nbsp;style="color:&amp;nbsp;var(--highlight-default)"&gt;run&lt;/span&gt;&lt;span&amp;nbsp;style="color:&amp;nbsp;var(--highlight-keyword)"&gt;(&lt;/span&gt;&lt;span&amp;nbsp;style="color:&amp;nbsp;var(--highlight-default)"&gt;$result&lt;/span&gt;&lt;span&amp;nbsp;style="color:&amp;nbsp;var(--highlight-keyword)"&gt;);&lt;/span&gt;&lt;/code&gt;&lt;/li&gt;
&lt;li&gt;&lt;code&gt;&amp;nbsp;&amp;nbsp;&amp;nbsp;&amp;nbsp;&amp;nbsp;&amp;nbsp;&amp;nbsp;&amp;nbsp;}&lt;/code&gt;&lt;/li&gt;
&lt;li&gt;&lt;code&gt;&lt;/code&gt;&lt;/li&gt;
&lt;li&gt;&lt;code&gt;&amp;nbsp;&amp;nbsp;&amp;nbsp;&amp;nbsp;&amp;nbsp;&amp;nbsp;&amp;nbsp;&amp;nbsp;if&amp;nbsp;(&lt;span&amp;nbsp;style="color:&amp;nbsp;var(--highlight-default)"&gt;$this&lt;/span&gt;&lt;span&amp;nbsp;style="color:&amp;nbsp;var(--highlight-keyword)"&gt;-&amp;gt;&lt;/span&gt;&lt;span&amp;nbsp;style="color:&amp;nbsp;var(--highlight-default)"&gt;testCase&amp;nbsp;&lt;/span&gt;&lt;span&amp;nbsp;style="color:&amp;nbsp;var(--highlight-keyword)"&gt;&amp;amp;&amp;amp;&amp;nbsp;&lt;/span&gt;&lt;span&amp;nbsp;style="color:&amp;nbsp;var(--highlight-default)"&gt;class_exists&lt;/span&gt;&lt;span&amp;nbsp;style="color:&amp;nbsp;var(--highlight-keyword)"&gt;(&lt;/span&gt;&lt;span&amp;nbsp;style="color:&amp;nbsp;var(--highlight-default)"&gt;$this&lt;/span&gt;&lt;span&amp;nbsp;style="color:&amp;nbsp;var(--highlight-keyword)"&gt;-&amp;gt;&lt;/span&gt;&lt;span&amp;nbsp;style="color:&amp;nbsp;var(--highlight-default)"&gt;name&lt;/span&gt;&lt;span&amp;nbsp;style="color:&amp;nbsp;var(--highlight-keyword)"&gt;,&amp;nbsp;&lt;/span&gt;&lt;span&amp;nbsp;style="color:&amp;nbsp;var(--highlight-default)"&gt;false&lt;/span&gt;&lt;span&amp;nbsp;style="color:&amp;nbsp;var(--highlight-keyword)"&gt;))&amp;nbsp;{&lt;/span&gt;&lt;/code&gt;&lt;/li&gt;
&lt;li&gt;&lt;code&gt;&amp;nbsp;&amp;nbsp;&amp;nbsp;&amp;nbsp;&amp;nbsp;&amp;nbsp;&amp;nbsp;&amp;nbsp;&amp;nbsp;&amp;nbsp;&amp;nbsp;&amp;nbsp;foreach&amp;nbsp;(&lt;span&amp;nbsp;style="color:&amp;nbsp;var(--highlight-default)"&gt;$hookMethods&lt;/span&gt;&lt;span&amp;nbsp;style="color:&amp;nbsp;var(--highlight-keyword)"&gt;[&lt;/span&gt;&lt;span&amp;nbsp;style="color:&amp;nbsp;var(--highlight-string)"&gt;'afterClass'&lt;/span&gt;&lt;span&amp;nbsp;style="color:&amp;nbsp;var(--highlight-keyword)"&gt;]&amp;nbsp;as&amp;nbsp;&lt;/span&gt;&lt;span&amp;nbsp;style="color:&amp;nbsp;var(--highlight-default)"&gt;$afterClassMethod&lt;/span&gt;&lt;span&amp;nbsp;style="color:&amp;nbsp;var(--highlight-keyword)"&gt;)&amp;nbsp;{&lt;/span&gt;&lt;/code&gt;&lt;/li&gt;
&lt;li&gt;&lt;code&gt;&amp;nbsp;&amp;nbsp;&amp;nbsp;&amp;nbsp;&amp;nbsp;&amp;nbsp;&amp;nbsp;&amp;nbsp;&amp;nbsp;&amp;nbsp;&amp;nbsp;&amp;nbsp;&amp;nbsp;&amp;nbsp;&amp;nbsp;&amp;nbsp;if&amp;nbsp;(&lt;span&amp;nbsp;style="color:&amp;nbsp;var(--highlight-default)"&gt;method_exists&lt;/span&gt;&lt;span&amp;nbsp;style="color:&amp;nbsp;var(--highlight-keyword)"&gt;(&lt;/span&gt;&lt;span&amp;nbsp;style="color:&amp;nbsp;var(--highlight-default)"&gt;$this&lt;/span&gt;&lt;span&amp;nbsp;style="color:&amp;nbsp;var(--highlight-keyword)"&gt;-&amp;gt;&lt;/span&gt;&lt;span&amp;nbsp;style="color:&amp;nbsp;var(--highlight-default)"&gt;name&lt;/span&gt;&lt;span&amp;nbsp;style="color:&amp;nbsp;var(--highlight-keyword)"&gt;,&amp;nbsp;&lt;/span&gt;&lt;span&amp;nbsp;style="color:&amp;nbsp;var(--highlight-default)"&gt;$afterClassMethod&lt;/span&gt;&lt;span&amp;nbsp;style="color:&amp;nbsp;var(--highlight-keyword)"&gt;))&amp;nbsp;{&lt;/span&gt;&lt;/code&gt;&lt;/li&gt;&lt;/ol&gt;    &lt;/div&gt;            &lt;/div&gt;
                        &lt;div class="trace-line trace-from-vendor"&gt;
                &lt;div class="trace-line-header break-long-words sf-toggle" data-toggle-selector="#trace-html-1-13" data-toggle-initial=""&gt;
            &lt;span class="icon icon-close"&gt;&lt;svg width="1792" height="1792" viewBox="0 0 1792 1792" xmlns="http://www.w3.org/2000/svg"&gt;&lt;path d="M1408 960V832q0-26-19-45t-45-19H448q-26 0-45 19t-19 45v128q0 26 19 45t45 19h896q26 0 45-19t19-45zm256-544v960q0 119-84.5 203.5T1376 1664H416q-119 0-203.5-84.5T128 1376V416q0-119 84.5-203.5T416 128h960q119 0 203.5 84.5T1664 416z"/&gt;&lt;/svg&gt;&lt;/span&gt;
        &lt;span class="icon icon-open"&gt;&lt;svg width="1792" height="1792" viewBox="0 0 1792 1792" xmlns="http://www.w3.org/2000/svg"&gt;&lt;path d="M1408 960V832q0-26-19-45t-45-19h-320V448q0-26-19-45t-45-19H832q-26 0-45 19t-19 45v320H448q-26 0-45 19t-19 45v128q0 26 19 45t45 19h320v320q0 26 19 45t45 19h128q26 0 45-19t19-45v-320h320q26 0 45-19t19-45zm256-544v960q0 119-84.5 203.5T1376 1664H416q-119 0-203.5-84.5T128 1376V416q0-119 84.5-203.5T416 128h960q119 0 203.5 84.5T1664 416z"/&gt;&lt;/svg&gt;&lt;/span&gt;
    
    
                    &lt;span class="block trace-file-path"&gt;
            in
            &lt;a href="file:///home/albinr/dbwebb-kurser/mvc/me/report/vendor/phpunit/phpunit/src/Framework/TestSuite.php#L685"&gt;
                vendor/phpunit/phpunit/src/Framework/&lt;strong&gt;TestSuite.php&lt;/strong&gt;
            &lt;/a&gt;
                            &lt;span class="trace-type"&gt;-&gt;&lt;/span&gt;
                &lt;span class="trace-method"&gt;run&lt;/span&gt;
                        (line 685)
            &lt;span class="icon icon-copy hidden" data-clipboard-text="vendor/phpunit/phpunit/src/Framework/TestSuite.php:685"&gt;
                &lt;svg xmlns="http://www.w3.org/2000/svg" height="24" viewBox="0 0 24 24" width="24"&gt;&lt;path d="M0 0h24v24H0z" fill="none"/&gt;&lt;path d="M16 1H4c-1.1 0-2 .9-2 2v14h2V3h12V1zm3 4H8c-1.1 0-2 .9-2 2v14c0 1.1.9 2 2 2h11c1.1 0 2-.9 2-2V7c0-1.1-.9-2-2-2zm0 16H8V7h11v14z"/&gt;&lt;/svg&gt;            &lt;/span&gt;
        &lt;/span&gt;
    &lt;/div&gt;
    &lt;div id="trace-html-1-13" class="trace-code sf-toggle-content"&gt;
        &lt;ol start="680"&gt;&lt;li&gt;&lt;code&gt;&amp;nbsp;&amp;nbsp;&amp;nbsp;&amp;nbsp;&amp;nbsp;&amp;nbsp;&amp;nbsp;&amp;nbsp;&amp;nbsp;&amp;nbsp;&amp;nbsp;&amp;nbsp;&amp;nbsp;&amp;nbsp;&amp;nbsp;&amp;nbsp;&lt;span&amp;nbsp;style="color:&amp;nbsp;var(--highlight-default)"&gt;$test&lt;/span&gt;&lt;span&amp;nbsp;style="color:&amp;nbsp;var(--highlight-keyword)"&gt;-&amp;gt;&lt;/span&gt;&lt;span&amp;nbsp;style="color:&amp;nbsp;var(--highlight-default)"&gt;setBackupGlobals&lt;/span&gt;&lt;span&amp;nbsp;style="color:&amp;nbsp;var(--highlight-keyword)"&gt;(&lt;/span&gt;&lt;span&amp;nbsp;style="color:&amp;nbsp;var(--highlight-default)"&gt;$this&lt;/span&gt;&lt;span&amp;nbsp;style="color:&amp;nbsp;var(--highlight-keyword)"&gt;-&amp;gt;&lt;/span&gt;&lt;span&amp;nbsp;style="color:&amp;nbsp;var(--highlight-default)"&gt;backupGlobals&lt;/span&gt;&lt;span&amp;nbsp;style="color:&amp;nbsp;var(--highlight-keyword)"&gt;);&lt;/span&gt;&lt;/code&gt;&lt;/li&gt;
&lt;li&gt;&lt;code&gt;&amp;nbsp;&amp;nbsp;&amp;nbsp;&amp;nbsp;&amp;nbsp;&amp;nbsp;&amp;nbsp;&amp;nbsp;&amp;nbsp;&amp;nbsp;&amp;nbsp;&amp;nbsp;&amp;nbsp;&amp;nbsp;&amp;nbsp;&amp;nbsp;&lt;span&amp;nbsp;style="color:&amp;nbsp;var(--highlight-default)"&gt;$test&lt;/span&gt;&lt;span&amp;nbsp;style="color:&amp;nbsp;var(--highlight-keyword)"&gt;-&amp;gt;&lt;/span&gt;&lt;span&amp;nbsp;style="color:&amp;nbsp;var(--highlight-default)"&gt;setBackupStaticAttributes&lt;/span&gt;&lt;span&amp;nbsp;style="color:&amp;nbsp;var(--highlight-keyword)"&gt;(&lt;/span&gt;&lt;span&amp;nbsp;style="color:&amp;nbsp;var(--highlight-default)"&gt;$this&lt;/span&gt;&lt;span&amp;nbsp;style="color:&amp;nbsp;var(--highlight-keyword)"&gt;-&amp;gt;&lt;/span&gt;&lt;span&amp;nbsp;style="color:&amp;nbsp;var(--highlight-default)"&gt;backupStaticAttributes&lt;/span&gt;&lt;span&amp;nbsp;style="color:&amp;nbsp;var(--highlight-keyword)"&gt;);&lt;/span&gt;&lt;/code&gt;&lt;/li&gt;
&lt;li&gt;&lt;code&gt;&amp;nbsp;&amp;nbsp;&amp;nbsp;&amp;nbsp;&amp;nbsp;&amp;nbsp;&amp;nbsp;&amp;nbsp;&amp;nbsp;&amp;nbsp;&amp;nbsp;&amp;nbsp;&amp;nbsp;&amp;nbsp;&amp;nbsp;&amp;nbsp;&lt;span&amp;nbsp;style="color:&amp;nbsp;var(--highlight-default)"&gt;$test&lt;/span&gt;&lt;span&amp;nbsp;style="color:&amp;nbsp;var(--highlight-keyword)"&gt;-&amp;gt;&lt;/span&gt;&lt;span&amp;nbsp;style="color:&amp;nbsp;var(--highlight-default)"&gt;setRunTestInSeparateProcess&lt;/span&gt;&lt;span&amp;nbsp;style="color:&amp;nbsp;var(--highlight-keyword)"&gt;(&lt;/span&gt;&lt;span&amp;nbsp;style="color:&amp;nbsp;var(--highlight-default)"&gt;$this&lt;/span&gt;&lt;span&amp;nbsp;style="color:&amp;nbsp;var(--highlight-keyword)"&gt;-&amp;gt;&lt;/span&gt;&lt;span&amp;nbsp;style="color:&amp;nbsp;var(--highlight-default)"&gt;runTestInSeparateProcess&lt;/span&gt;&lt;span&amp;nbsp;style="color:&amp;nbsp;var(--highlight-keyword)"&gt;);&lt;/span&gt;&lt;/code&gt;&lt;/li&gt;
&lt;li&gt;&lt;code&gt;&amp;nbsp;&amp;nbsp;&amp;nbsp;&amp;nbsp;&amp;nbsp;&amp;nbsp;&amp;nbsp;&amp;nbsp;&amp;nbsp;&amp;nbsp;&amp;nbsp;&amp;nbsp;}&lt;/code&gt;&lt;/li&gt;
&lt;li&gt;&lt;code&gt;&lt;/code&gt;&lt;/li&gt;
&lt;li class="selected"&gt;&lt;code&gt;&amp;nbsp;&amp;nbsp;&amp;nbsp;&amp;nbsp;&amp;nbsp;&amp;nbsp;&amp;nbsp;&amp;nbsp;&amp;nbsp;&amp;nbsp;&amp;nbsp;&amp;nbsp;&lt;span&amp;nbsp;style="color:&amp;nbsp;var(--highlight-default)"&gt;$test&lt;/span&gt;&lt;span&amp;nbsp;style="color:&amp;nbsp;var(--highlight-keyword)"&gt;-&amp;gt;&lt;/span&gt;&lt;span&amp;nbsp;style="color:&amp;nbsp;var(--highlight-default)"&gt;run&lt;/span&gt;&lt;span&amp;nbsp;style="color:&amp;nbsp;var(--highlight-keyword)"&gt;(&lt;/span&gt;&lt;span&amp;nbsp;style="color:&amp;nbsp;var(--highlight-default)"&gt;$result&lt;/span&gt;&lt;span&amp;nbsp;style="color:&amp;nbsp;var(--highlight-keyword)"&gt;);&lt;/span&gt;&lt;/code&gt;&lt;/li&gt;
&lt;li&gt;&lt;code&gt;&amp;nbsp;&amp;nbsp;&amp;nbsp;&amp;nbsp;&amp;nbsp;&amp;nbsp;&amp;nbsp;&amp;nbsp;}&lt;/code&gt;&lt;/li&gt;
&lt;li&gt;&lt;code&gt;&lt;/code&gt;&lt;/li&gt;
&lt;li&gt;&lt;code&gt;&amp;nbsp;&amp;nbsp;&amp;nbsp;&amp;nbsp;&amp;nbsp;&amp;nbsp;&amp;nbsp;&amp;nbsp;if&amp;nbsp;(&lt;span&amp;nbsp;style="color:&amp;nbsp;var(--highlight-default)"&gt;$this&lt;/span&gt;&lt;span&amp;nbsp;style="color:&amp;nbsp;var(--highlight-keyword)"&gt;-&amp;gt;&lt;/span&gt;&lt;span&amp;nbsp;style="color:&amp;nbsp;var(--highlight-default)"&gt;testCase&amp;nbsp;&lt;/span&gt;&lt;span&amp;nbsp;style="color:&amp;nbsp;var(--highlight-keyword)"&gt;&amp;amp;&amp;amp;&amp;nbsp;&lt;/span&gt;&lt;span&amp;nbsp;style="color:&amp;nbsp;var(--highlight-default)"&gt;class_exists&lt;/span&gt;&lt;span&amp;nbsp;style="color:&amp;nbsp;var(--highlight-keyword)"&gt;(&lt;/span&gt;&lt;span&amp;nbsp;style="color:&amp;nbsp;var(--highlight-default)"&gt;$this&lt;/span&gt;&lt;span&amp;nbsp;style="color:&amp;nbsp;var(--highlight-keyword)"&gt;-&amp;gt;&lt;/span&gt;&lt;span&amp;nbsp;style="color:&amp;nbsp;var(--highlight-default)"&gt;name&lt;/span&gt;&lt;span&amp;nbsp;style="color:&amp;nbsp;var(--highlight-keyword)"&gt;,&amp;nbsp;&lt;/span&gt;&lt;span&amp;nbsp;style="color:&amp;nbsp;var(--highlight-default)"&gt;false&lt;/span&gt;&lt;span&amp;nbsp;style="color:&amp;nbsp;var(--highlight-keyword)"&gt;))&amp;nbsp;{&lt;/span&gt;&lt;/code&gt;&lt;/li&gt;
&lt;li&gt;&lt;code&gt;&amp;nbsp;&amp;nbsp;&amp;nbsp;&amp;nbsp;&amp;nbsp;&amp;nbsp;&amp;nbsp;&amp;nbsp;&amp;nbsp;&amp;nbsp;&amp;nbsp;&amp;nbsp;foreach&amp;nbsp;(&lt;span&amp;nbsp;style="color:&amp;nbsp;var(--highlight-default)"&gt;$hookMethods&lt;/span&gt;&lt;span&amp;nbsp;style="color:&amp;nbsp;var(--highlight-keyword)"&gt;[&lt;/span&gt;&lt;span&amp;nbsp;style="color:&amp;nbsp;var(--highlight-string)"&gt;'afterClass'&lt;/span&gt;&lt;span&amp;nbsp;style="color:&amp;nbsp;var(--highlight-keyword)"&gt;]&amp;nbsp;as&amp;nbsp;&lt;/span&gt;&lt;span&amp;nbsp;style="color:&amp;nbsp;var(--highlight-default)"&gt;$afterClassMethod&lt;/span&gt;&lt;span&amp;nbsp;style="color:&amp;nbsp;var(--highlight-keyword)"&gt;)&amp;nbsp;{&lt;/span&gt;&lt;/code&gt;&lt;/li&gt;
&lt;li&gt;&lt;code&gt;&amp;nbsp;&amp;nbsp;&amp;nbsp;&amp;nbsp;&amp;nbsp;&amp;nbsp;&amp;nbsp;&amp;nbsp;&amp;nbsp;&amp;nbsp;&amp;nbsp;&amp;nbsp;&amp;nbsp;&amp;nbsp;&amp;nbsp;&amp;nbsp;if&amp;nbsp;(&lt;span&amp;nbsp;style="color:&amp;nbsp;var(--highlight-default)"&gt;method_exists&lt;/span&gt;&lt;span&amp;nbsp;style="color:&amp;nbsp;var(--highlight-keyword)"&gt;(&lt;/span&gt;&lt;span&amp;nbsp;style="color:&amp;nbsp;var(--highlight-default)"&gt;$this&lt;/span&gt;&lt;span&amp;nbsp;style="color:&amp;nbsp;var(--highlight-keyword)"&gt;-&amp;gt;&lt;/span&gt;&lt;span&amp;nbsp;style="color:&amp;nbsp;var(--highlight-default)"&gt;name&lt;/span&gt;&lt;span&amp;nbsp;style="color:&amp;nbsp;var(--highlight-keyword)"&gt;,&amp;nbsp;&lt;/span&gt;&lt;span&amp;nbsp;style="color:&amp;nbsp;var(--highlight-default)"&gt;$afterClassMethod&lt;/span&gt;&lt;span&amp;nbsp;style="color:&amp;nbsp;var(--highlight-keyword)"&gt;))&amp;nbsp;{&lt;/span&gt;&lt;/code&gt;&lt;/li&gt;&lt;/ol&gt;    &lt;/div&gt;            &lt;/div&gt;
                        &lt;div class="trace-line trace-from-vendor"&gt;
                &lt;div class="trace-line-header break-long-words sf-toggle" data-toggle-selector="#trace-html-1-14" data-toggle-initial=""&gt;
            &lt;span class="icon icon-close"&gt;&lt;svg width="1792" height="1792" viewBox="0 0 1792 1792" xmlns="http://www.w3.org/2000/svg"&gt;&lt;path d="M1408 960V832q0-26-19-45t-45-19H448q-26 0-45 19t-19 45v128q0 26 19 45t45 19h896q26 0 45-19t19-45zm256-544v960q0 119-84.5 203.5T1376 1664H416q-119 0-203.5-84.5T128 1376V416q0-119 84.5-203.5T416 128h960q119 0 203.5 84.5T1664 416z"/&gt;&lt;/svg&gt;&lt;/span&gt;
        &lt;span class="icon icon-open"&gt;&lt;svg width="1792" height="1792" viewBox="0 0 1792 1792" xmlns="http://www.w3.org/2000/svg"&gt;&lt;path d="M1408 960V832q0-26-19-45t-45-19h-320V448q0-26-19-45t-45-19H832q-26 0-45 19t-19 45v320H448q-26 0-45 19t-19 45v128q0 26 19 45t45 19h320v320q0 26 19 45t45 19h128q26 0 45-19t19-45v-320h320q26 0 45-19t19-45zm256-544v960q0 119-84.5 203.5T1376 1664H416q-119 0-203.5-84.5T128 1376V416q0-119 84.5-203.5T416 128h960q119 0 203.5 84.5T1664 416z"/&gt;&lt;/svg&gt;&lt;/span&gt;
    
    
                    &lt;span class="block trace-file-path"&gt;
            in
            &lt;a href="file:///home/albinr/dbwebb-kurser/mvc/me/report/vendor/phpunit/phpunit/src/Framework/TestSuite.php#L685"&gt;
                vendor/phpunit/phpunit/src/Framework/&lt;strong&gt;TestSuite.php&lt;/strong&gt;
            &lt;/a&gt;
                            &lt;span class="trace-type"&gt;-&gt;&lt;/span&gt;
                &lt;span class="trace-method"&gt;run&lt;/span&gt;
                        (line 685)
            &lt;span class="icon icon-copy hidden" data-clipboard-text="vendor/phpunit/phpunit/src/Framework/TestSuite.php:685"&gt;
                &lt;svg xmlns="http://www.w3.org/2000/svg" height="24" viewBox="0 0 24 24" width="24"&gt;&lt;path d="M0 0h24v24H0z" fill="none"/&gt;&lt;path d="M16 1H4c-1.1 0-2 .9-2 2v14h2V3h12V1zm3 4H8c-1.1 0-2 .9-2 2v14c0 1.1.9 2 2 2h11c1.1 0 2-.9 2-2V7c0-1.1-.9-2-2-2zm0 16H8V7h11v14z"/&gt;&lt;/svg&gt;            &lt;/span&gt;
        &lt;/span&gt;
    &lt;/div&gt;
    &lt;div id="trace-html-1-14" class="trace-code sf-toggle-content"&gt;
        &lt;ol start="680"&gt;&lt;li&gt;&lt;code&gt;&amp;nbsp;&amp;nbsp;&amp;nbsp;&amp;nbsp;&amp;nbsp;&amp;nbsp;&amp;nbsp;&amp;nbsp;&amp;nbsp;&amp;nbsp;&amp;nbsp;&amp;nbsp;&amp;nbsp;&amp;nbsp;&amp;nbsp;&amp;nbsp;&lt;span&amp;nbsp;style="color:&amp;nbsp;var(--highlight-default)"&gt;$test&lt;/span&gt;&lt;span&amp;nbsp;style="color:&amp;nbsp;var(--highlight-keyword)"&gt;-&amp;gt;&lt;/span&gt;&lt;span&amp;nbsp;style="color:&amp;nbsp;var(--highlight-default)"&gt;setBackupGlobals&lt;/span&gt;&lt;span&amp;nbsp;style="color:&amp;nbsp;var(--highlight-keyword)"&gt;(&lt;/span&gt;&lt;span&amp;nbsp;style="color:&amp;nbsp;var(--highlight-default)"&gt;$this&lt;/span&gt;&lt;span&amp;nbsp;style="color:&amp;nbsp;var(--highlight-keyword)"&gt;-&amp;gt;&lt;/span&gt;&lt;span&amp;nbsp;style="color:&amp;nbsp;var(--highlight-default)"&gt;backupGlobals&lt;/span&gt;&lt;span&amp;nbsp;style="color:&amp;nbsp;var(--highlight-keyword)"&gt;);&lt;/span&gt;&lt;/code&gt;&lt;/li&gt;
&lt;li&gt;&lt;code&gt;&amp;nbsp;&amp;nbsp;&amp;nbsp;&amp;nbsp;&amp;nbsp;&amp;nbsp;&amp;nbsp;&amp;nbsp;&amp;nbsp;&amp;nbsp;&amp;nbsp;&amp;nbsp;&amp;nbsp;&amp;nbsp;&amp;nbsp;&amp;nbsp;&lt;span&amp;nbsp;style="color:&amp;nbsp;var(--highlight-default)"&gt;$test&lt;/span&gt;&lt;span&amp;nbsp;style="color:&amp;nbsp;var(--highlight-keyword)"&gt;-&amp;gt;&lt;/span&gt;&lt;span&amp;nbsp;style="color:&amp;nbsp;var(--highlight-default)"&gt;setBackupStaticAttributes&lt;/span&gt;&lt;span&amp;nbsp;style="color:&amp;nbsp;var(--highlight-keyword)"&gt;(&lt;/span&gt;&lt;span&amp;nbsp;style="color:&amp;nbsp;var(--highlight-default)"&gt;$this&lt;/span&gt;&lt;span&amp;nbsp;style="color:&amp;nbsp;var(--highlight-keyword)"&gt;-&amp;gt;&lt;/span&gt;&lt;span&amp;nbsp;style="color:&amp;nbsp;var(--highlight-default)"&gt;backupStaticAttributes&lt;/span&gt;&lt;span&amp;nbsp;style="color:&amp;nbsp;var(--highlight-keyword)"&gt;);&lt;/span&gt;&lt;/code&gt;&lt;/li&gt;
&lt;li&gt;&lt;code&gt;&amp;nbsp;&amp;nbsp;&amp;nbsp;&amp;nbsp;&amp;nbsp;&amp;nbsp;&amp;nbsp;&amp;nbsp;&amp;nbsp;&amp;nbsp;&amp;nbsp;&amp;nbsp;&amp;nbsp;&amp;nbsp;&amp;nbsp;&amp;nbsp;&lt;span&amp;nbsp;style="color:&amp;nbsp;var(--highlight-default)"&gt;$test&lt;/span&gt;&lt;span&amp;nbsp;style="color:&amp;nbsp;var(--highlight-keyword)"&gt;-&amp;gt;&lt;/span&gt;&lt;span&amp;nbsp;style="color:&amp;nbsp;var(--highlight-default)"&gt;setRunTestInSeparateProcess&lt;/span&gt;&lt;span&amp;nbsp;style="color:&amp;nbsp;var(--highlight-keyword)"&gt;(&lt;/span&gt;&lt;span&amp;nbsp;style="color:&amp;nbsp;var(--highlight-default)"&gt;$this&lt;/span&gt;&lt;span&amp;nbsp;style="color:&amp;nbsp;var(--highlight-keyword)"&gt;-&amp;gt;&lt;/span&gt;&lt;span&amp;nbsp;style="color:&amp;nbsp;var(--highlight-default)"&gt;runTestInSeparateProcess&lt;/span&gt;&lt;span&amp;nbsp;style="color:&amp;nbsp;var(--highlight-keyword)"&gt;);&lt;/span&gt;&lt;/code&gt;&lt;/li&gt;
&lt;li&gt;&lt;code&gt;&amp;nbsp;&amp;nbsp;&amp;nbsp;&amp;nbsp;&amp;nbsp;&amp;nbsp;&amp;nbsp;&amp;nbsp;&amp;nbsp;&amp;nbsp;&amp;nbsp;&amp;nbsp;}&lt;/code&gt;&lt;/li&gt;
&lt;li&gt;&lt;code&gt;&lt;/code&gt;&lt;/li&gt;
&lt;li class="selected"&gt;&lt;code&gt;&amp;nbsp;&amp;nbsp;&amp;nbsp;&amp;nbsp;&amp;nbsp;&amp;nbsp;&amp;nbsp;&amp;nbsp;&amp;nbsp;&amp;nbsp;&amp;nbsp;&amp;nbsp;&lt;span&amp;nbsp;style="color:&amp;nbsp;var(--highlight-default)"&gt;$test&lt;/span&gt;&lt;span&amp;nbsp;style="color:&amp;nbsp;var(--highlight-keyword)"&gt;-&amp;gt;&lt;/span&gt;&lt;span&amp;nbsp;style="color:&amp;nbsp;var(--highlight-default)"&gt;run&lt;/span&gt;&lt;span&amp;nbsp;style="color:&amp;nbsp;var(--highlight-keyword)"&gt;(&lt;/span&gt;&lt;span&amp;nbsp;style="color:&amp;nbsp;var(--highlight-default)"&gt;$result&lt;/span&gt;&lt;span&amp;nbsp;style="color:&amp;nbsp;var(--highlight-keyword)"&gt;);&lt;/span&gt;&lt;/code&gt;&lt;/li&gt;
&lt;li&gt;&lt;code&gt;&amp;nbsp;&amp;nbsp;&amp;nbsp;&amp;nbsp;&amp;nbsp;&amp;nbsp;&amp;nbsp;&amp;nbsp;}&lt;/code&gt;&lt;/li&gt;
&lt;li&gt;&lt;code&gt;&lt;/code&gt;&lt;/li&gt;
&lt;li&gt;&lt;code&gt;&amp;nbsp;&amp;nbsp;&amp;nbsp;&amp;nbsp;&amp;nbsp;&amp;nbsp;&amp;nbsp;&amp;nbsp;if&amp;nbsp;(&lt;span&amp;nbsp;style="color:&amp;nbsp;var(--highlight-default)"&gt;$this&lt;/span&gt;&lt;span&amp;nbsp;style="color:&amp;nbsp;var(--highlight-keyword)"&gt;-&amp;gt;&lt;/span&gt;&lt;span&amp;nbsp;style="color:&amp;nbsp;var(--highlight-default)"&gt;testCase&amp;nbsp;&lt;/span&gt;&lt;span&amp;nbsp;style="color:&amp;nbsp;var(--highlight-keyword)"&gt;&amp;amp;&amp;amp;&amp;nbsp;&lt;/span&gt;&lt;span&amp;nbsp;style="color:&amp;nbsp;var(--highlight-default)"&gt;class_exists&lt;/span&gt;&lt;span&amp;nbsp;style="color:&amp;nbsp;var(--highlight-keyword)"&gt;(&lt;/span&gt;&lt;span&amp;nbsp;style="color:&amp;nbsp;var(--highlight-default)"&gt;$this&lt;/span&gt;&lt;span&amp;nbsp;style="color:&amp;nbsp;var(--highlight-keyword)"&gt;-&amp;gt;&lt;/span&gt;&lt;span&amp;nbsp;style="color:&amp;nbsp;var(--highlight-default)"&gt;name&lt;/span&gt;&lt;span&amp;nbsp;style="color:&amp;nbsp;var(--highlight-keyword)"&gt;,&amp;nbsp;&lt;/span&gt;&lt;span&amp;nbsp;style="color:&amp;nbsp;var(--highlight-default)"&gt;false&lt;/span&gt;&lt;span&amp;nbsp;style="color:&amp;nbsp;var(--highlight-keyword)"&gt;))&amp;nbsp;{&lt;/span&gt;&lt;/code&gt;&lt;/li&gt;
&lt;li&gt;&lt;code&gt;&amp;nbsp;&amp;nbsp;&amp;nbsp;&amp;nbsp;&amp;nbsp;&amp;nbsp;&amp;nbsp;&amp;nbsp;&amp;nbsp;&amp;nbsp;&amp;nbsp;&amp;nbsp;foreach&amp;nbsp;(&lt;span&amp;nbsp;style="color:&amp;nbsp;var(--highlight-default)"&gt;$hookMethods&lt;/span&gt;&lt;span&amp;nbsp;style="color:&amp;nbsp;var(--highlight-keyword)"&gt;[&lt;/span&gt;&lt;span&amp;nbsp;style="color:&amp;nbsp;var(--highlight-string)"&gt;'afterClass'&lt;/span&gt;&lt;span&amp;nbsp;style="color:&amp;nbsp;var(--highlight-keyword)"&gt;]&amp;nbsp;as&amp;nbsp;&lt;/span&gt;&lt;span&amp;nbsp;style="color:&amp;nbsp;var(--highlight-default)"&gt;$afterClassMethod&lt;/span&gt;&lt;span&amp;nbsp;style="color:&amp;nbsp;var(--highlight-keyword)"&gt;)&amp;nbsp;{&lt;/span&gt;&lt;/code&gt;&lt;/li&gt;
&lt;li&gt;&lt;code&gt;&amp;nbsp;&amp;nbsp;&amp;nbsp;&amp;nbsp;&amp;nbsp;&amp;nbsp;&amp;nbsp;&amp;nbsp;&amp;nbsp;&amp;nbsp;&amp;nbsp;&amp;nbsp;&amp;nbsp;&amp;nbsp;&amp;nbsp;&amp;nbsp;if&amp;nbsp;(&lt;span&amp;nbsp;style="color:&amp;nbsp;var(--highlight-default)"&gt;method_exists&lt;/span&gt;&lt;span&amp;nbsp;style="color:&amp;nbsp;var(--highlight-keyword)"&gt;(&lt;/span&gt;&lt;span&amp;nbsp;style="color:&amp;nbsp;var(--highlight-default)"&gt;$this&lt;/span&gt;&lt;span&amp;nbsp;style="color:&amp;nbsp;var(--highlight-keyword)"&gt;-&amp;gt;&lt;/span&gt;&lt;span&amp;nbsp;style="color:&amp;nbsp;var(--highlight-default)"&gt;name&lt;/span&gt;&lt;span&amp;nbsp;style="color:&amp;nbsp;var(--highlight-keyword)"&gt;,&amp;nbsp;&lt;/span&gt;&lt;span&amp;nbsp;style="color:&amp;nbsp;var(--highlight-default)"&gt;$afterClassMethod&lt;/span&gt;&lt;span&amp;nbsp;style="color:&amp;nbsp;var(--highlight-keyword)"&gt;))&amp;nbsp;{&lt;/span&gt;&lt;/code&gt;&lt;/li&gt;&lt;/ol&gt;    &lt;/div&gt;            &lt;/div&gt;
                        &lt;div class="trace-line trace-from-vendor"&gt;
                &lt;div class="trace-line-header break-long-words sf-toggle" data-toggle-selector="#trace-html-1-15" data-toggle-initial=""&gt;
            &lt;span class="icon icon-close"&gt;&lt;svg width="1792" height="1792" viewBox="0 0 1792 1792" xmlns="http://www.w3.org/2000/svg"&gt;&lt;path d="M1408 960V832q0-26-19-45t-45-19H448q-26 0-45 19t-19 45v128q0 26 19 45t45 19h896q26 0 45-19t19-45zm256-544v960q0 119-84.5 203.5T1376 1664H416q-119 0-203.5-84.5T128 1376V416q0-119 84.5-203.5T416 128h960q119 0 203.5 84.5T1664 416z"/&gt;&lt;/svg&gt;&lt;/span&gt;
        &lt;span class="icon icon-open"&gt;&lt;svg width="1792" height="1792" viewBox="0 0 1792 1792" xmlns="http://www.w3.org/2000/svg"&gt;&lt;path d="M1408 960V832q0-26-19-45t-45-19h-320V448q0-26-19-45t-45-19H832q-26 0-45 19t-19 45v320H448q-26 0-45 19t-19 45v128q0 26 19 45t45 19h320v320q0 26 19 45t45 19h128q26 0 45-19t19-45v-320h320q26 0 45-19t19-45zm256-544v960q0 119-84.5 203.5T1376 1664H416q-119 0-203.5-84.5T128 1376V416q0-119 84.5-203.5T416 128h960q119 0 203.5 84.5T1664 416z"/&gt;&lt;/svg&gt;&lt;/span&gt;
    
    
                    &lt;span class="block trace-file-path"&gt;
            in
            &lt;a href="file:///home/albinr/dbwebb-kurser/mvc/me/report/vendor/phpunit/phpunit/src/TextUI/TestRunner.php#L651"&gt;
                vendor/phpunit/phpunit/src/TextUI/&lt;strong&gt;TestRunner.php&lt;/strong&gt;
            &lt;/a&gt;
                            &lt;span class="trace-type"&gt;-&gt;&lt;/span&gt;
                &lt;span class="trace-method"&gt;run&lt;/span&gt;
                        (line 651)
            &lt;span class="icon icon-copy hidden" data-clipboard-text="vendor/phpunit/phpunit/src/TextUI/TestRunner.php:651"&gt;
                &lt;svg xmlns="http://www.w3.org/2000/svg" height="24" viewBox="0 0 24 24" width="24"&gt;&lt;path d="M0 0h24v24H0z" fill="none"/&gt;&lt;path d="M16 1H4c-1.1 0-2 .9-2 2v14h2V3h12V1zm3 4H8c-1.1 0-2 .9-2 2v14c0 1.1.9 2 2 2h11c1.1 0 2-.9 2-2V7c0-1.1-.9-2-2-2zm0 16H8V7h11v14z"/&gt;&lt;/svg&gt;            &lt;/span&gt;
        &lt;/span&gt;
    &lt;/div&gt;
    &lt;div id="trace-html-1-15" class="trace-code sf-toggle-content"&gt;
        &lt;ol start="646"&gt;&lt;li&gt;&lt;code&gt;&amp;nbsp;&amp;nbsp;&amp;nbsp;&amp;nbsp;&amp;nbsp;&amp;nbsp;&amp;nbsp;&amp;nbsp;&amp;nbsp;&amp;nbsp;&amp;nbsp;&amp;nbsp;if&amp;nbsp;(&lt;span&amp;nbsp;style="color:&amp;nbsp;var(--highlight-default)"&gt;$extension&amp;nbsp;&lt;/span&gt;&lt;span&amp;nbsp;style="color:&amp;nbsp;var(--highlight-keyword)"&gt;instanceof&amp;nbsp;&lt;/span&gt;&lt;span&amp;nbsp;style="color:&amp;nbsp;var(--highlight-default)"&gt;BeforeFirstTestHook&lt;/span&gt;&lt;span&amp;nbsp;style="color:&amp;nbsp;var(--highlight-keyword)"&gt;)&amp;nbsp;{&lt;/span&gt;&lt;/code&gt;&lt;/li&gt;
&lt;li&gt;&lt;code&gt;&amp;nbsp;&amp;nbsp;&amp;nbsp;&amp;nbsp;&amp;nbsp;&amp;nbsp;&amp;nbsp;&amp;nbsp;&amp;nbsp;&amp;nbsp;&amp;nbsp;&amp;nbsp;&amp;nbsp;&amp;nbsp;&amp;nbsp;&amp;nbsp;&lt;span&amp;nbsp;style="color:&amp;nbsp;var(--highlight-default)"&gt;$extension&lt;/span&gt;&lt;span&amp;nbsp;style="color:&amp;nbsp;var(--highlight-keyword)"&gt;-&amp;gt;&lt;/span&gt;&lt;span&amp;nbsp;style="color:&amp;nbsp;var(--highlight-default)"&gt;executeBeforeFirstTest&lt;/span&gt;&lt;span&amp;nbsp;style="color:&amp;nbsp;var(--highlight-keyword)"&gt;();&lt;/span&gt;&lt;/code&gt;&lt;/li&gt;
&lt;li&gt;&lt;code&gt;&amp;nbsp;&amp;nbsp;&amp;nbsp;&amp;nbsp;&amp;nbsp;&amp;nbsp;&amp;nbsp;&amp;nbsp;&amp;nbsp;&amp;nbsp;&amp;nbsp;&amp;nbsp;}&lt;/code&gt;&lt;/li&gt;
&lt;li&gt;&lt;code&gt;&amp;nbsp;&amp;nbsp;&amp;nbsp;&amp;nbsp;&amp;nbsp;&amp;nbsp;&amp;nbsp;&amp;nbsp;}&lt;/code&gt;&lt;/li&gt;
&lt;li&gt;&lt;code&gt;&lt;/code&gt;&lt;/li&gt;
&lt;li class="selected"&gt;&lt;code&gt;&amp;nbsp;&amp;nbsp;&amp;nbsp;&amp;nbsp;&amp;nbsp;&amp;nbsp;&amp;nbsp;&amp;nbsp;&lt;span&amp;nbsp;style="color:&amp;nbsp;var(--highlight-default)"&gt;$suite&lt;/span&gt;&lt;span&amp;nbsp;style="color:&amp;nbsp;var(--highlight-keyword)"&gt;-&amp;gt;&lt;/span&gt;&lt;span&amp;nbsp;style="color:&amp;nbsp;var(--highlight-default)"&gt;run&lt;/span&gt;&lt;span&amp;nbsp;style="color:&amp;nbsp;var(--highlight-keyword)"&gt;(&lt;/span&gt;&lt;span&amp;nbsp;style="color:&amp;nbsp;var(--highlight-default)"&gt;$result&lt;/span&gt;&lt;span&amp;nbsp;style="color:&amp;nbsp;var(--highlight-keyword)"&gt;);&lt;/span&gt;&lt;/code&gt;&lt;/li&gt;
&lt;li&gt;&lt;code&gt;&lt;/code&gt;&lt;/li&gt;
&lt;li&gt;&lt;code&gt;&amp;nbsp;&amp;nbsp;&amp;nbsp;&amp;nbsp;&amp;nbsp;&amp;nbsp;&amp;nbsp;&amp;nbsp;foreach&amp;nbsp;(&lt;span&amp;nbsp;style="color:&amp;nbsp;var(--highlight-default)"&gt;$this&lt;/span&gt;&lt;span&amp;nbsp;style="color:&amp;nbsp;var(--highlight-keyword)"&gt;-&amp;gt;&lt;/span&gt;&lt;span&amp;nbsp;style="color:&amp;nbsp;var(--highlight-default)"&gt;extensions&amp;nbsp;&lt;/span&gt;&lt;span&amp;nbsp;style="color:&amp;nbsp;var(--highlight-keyword)"&gt;as&amp;nbsp;&lt;/span&gt;&lt;span&amp;nbsp;style="color:&amp;nbsp;var(--highlight-default)"&gt;$extension&lt;/span&gt;&lt;span&amp;nbsp;style="color:&amp;nbsp;var(--highlight-keyword)"&gt;)&amp;nbsp;{&lt;/span&gt;&lt;/code&gt;&lt;/li&gt;
&lt;li&gt;&lt;code&gt;&amp;nbsp;&amp;nbsp;&amp;nbsp;&amp;nbsp;&amp;nbsp;&amp;nbsp;&amp;nbsp;&amp;nbsp;&amp;nbsp;&amp;nbsp;&amp;nbsp;&amp;nbsp;if&amp;nbsp;(&lt;span&amp;nbsp;style="color:&amp;nbsp;var(--highlight-default)"&gt;$extension&amp;nbsp;&lt;/span&gt;&lt;span&amp;nbsp;style="color:&amp;nbsp;var(--highlight-keyword)"&gt;instanceof&amp;nbsp;&lt;/span&gt;&lt;span&amp;nbsp;style="color:&amp;nbsp;var(--highlight-default)"&gt;AfterLastTestHook&lt;/span&gt;&lt;span&amp;nbsp;style="color:&amp;nbsp;var(--highlight-keyword)"&gt;)&amp;nbsp;{&lt;/span&gt;&lt;/code&gt;&lt;/li&gt;
&lt;li&gt;&lt;code&gt;&amp;nbsp;&amp;nbsp;&amp;nbsp;&amp;nbsp;&amp;nbsp;&amp;nbsp;&amp;nbsp;&amp;nbsp;&amp;nbsp;&amp;nbsp;&amp;nbsp;&amp;nbsp;&amp;nbsp;&amp;nbsp;&amp;nbsp;&amp;nbsp;&lt;span&amp;nbsp;style="color:&amp;nbsp;var(--highlight-default)"&gt;$extension&lt;/span&gt;&lt;span&amp;nbsp;style="color:&amp;nbsp;var(--highlight-keyword)"&gt;-&amp;gt;&lt;/span&gt;&lt;span&amp;nbsp;style="color:&amp;nbsp;var(--highlight-default)"&gt;executeAfterLastTest&lt;/span&gt;&lt;span&amp;nbsp;style="color:&amp;nbsp;var(--highlight-keyword)"&gt;();&lt;/span&gt;&lt;/code&gt;&lt;/li&gt;
&lt;li&gt;&lt;code&gt;&amp;nbsp;&amp;nbsp;&amp;nbsp;&amp;nbsp;&amp;nbsp;&amp;nbsp;&amp;nbsp;&amp;nbsp;&amp;nbsp;&amp;nbsp;&amp;nbsp;&amp;nbsp;}&lt;/code&gt;&lt;/li&gt;&lt;/ol&gt;    &lt;/div&gt;            &lt;/div&gt;
                        &lt;div class="trace-line trace-from-vendor"&gt;
                &lt;div class="trace-line-header break-long-words sf-toggle" data-toggle-selector="#trace-html-1-16" data-toggle-initial=""&gt;
            &lt;span class="icon icon-close"&gt;&lt;svg width="1792" height="1792" viewBox="0 0 1792 1792" xmlns="http://www.w3.org/2000/svg"&gt;&lt;path d="M1408 960V832q0-26-19-45t-45-19H448q-26 0-45 19t-19 45v128q0 26 19 45t45 19h896q26 0 45-19t19-45zm256-544v960q0 119-84.5 203.5T1376 1664H416q-119 0-203.5-84.5T128 1376V416q0-119 84.5-203.5T416 128h960q119 0 203.5 84.5T1664 416z"/&gt;&lt;/svg&gt;&lt;/span&gt;
        &lt;span class="icon icon-open"&gt;&lt;svg width="1792" height="1792" viewBox="0 0 1792 1792" xmlns="http://www.w3.org/2000/svg"&gt;&lt;path d="M1408 960V832q0-26-19-45t-45-19h-320V448q0-26-19-45t-45-19H832q-26 0-45 19t-19 45v320H448q-26 0-45 19t-19 45v128q0 26 19 45t45 19h320v320q0 26 19 45t45 19h128q26 0 45-19t19-45v-320h320q26 0 45-19t19-45zm256-544v960q0 119-84.5 203.5T1376 1664H416q-119 0-203.5-84.5T128 1376V416q0-119 84.5-203.5T416 128h960q119 0 203.5 84.5T1664 416z"/&gt;&lt;/svg&gt;&lt;/span&gt;
    
    
                    &lt;span class="block trace-file-path"&gt;
            in
            &lt;a href="file:///home/albinr/dbwebb-kurser/mvc/me/report/vendor/phpunit/phpunit/src/TextUI/Command.php#L146"&gt;
                vendor/phpunit/phpunit/src/TextUI/&lt;strong&gt;Command.php&lt;/strong&gt;
            &lt;/a&gt;
                            &lt;span class="trace-type"&gt;-&gt;&lt;/span&gt;
                &lt;span class="trace-method"&gt;run&lt;/span&gt;
                        (line 146)
            &lt;span class="icon icon-copy hidden" data-clipboard-text="vendor/phpunit/phpunit/src/TextUI/Command.php:146"&gt;
                &lt;svg xmlns="http://www.w3.org/2000/svg" height="24" viewBox="0 0 24 24" width="24"&gt;&lt;path d="M0 0h24v24H0z" fill="none"/&gt;&lt;path d="M16 1H4c-1.1 0-2 .9-2 2v14h2V3h12V1zm3 4H8c-1.1 0-2 .9-2 2v14c0 1.1.9 2 2 2h11c1.1 0 2-.9 2-2V7c0-1.1-.9-2-2-2zm0 16H8V7h11v14z"/&gt;&lt;/svg&gt;            &lt;/span&gt;
        &lt;/span&gt;
    &lt;/div&gt;
    &lt;div id="trace-html-1-16" class="trace-code sf-toggle-content"&gt;
        &lt;ol start="141"&gt;&lt;li&gt;&lt;code&gt;&amp;nbsp;&amp;nbsp;&amp;nbsp;&amp;nbsp;&amp;nbsp;&amp;nbsp;&amp;nbsp;&amp;nbsp;}&lt;/code&gt;&lt;/li&gt;
&lt;li&gt;&lt;code&gt;&lt;/code&gt;&lt;/li&gt;
&lt;li&gt;&lt;code&gt;&amp;nbsp;&amp;nbsp;&amp;nbsp;&amp;nbsp;&amp;nbsp;&amp;nbsp;&amp;nbsp;&amp;nbsp;unset(&lt;span&amp;nbsp;style="color:&amp;nbsp;var(--highlight-default)"&gt;$this&lt;/span&gt;&lt;span&amp;nbsp;style="color:&amp;nbsp;var(--highlight-keyword)"&gt;-&amp;gt;&lt;/span&gt;&lt;span&amp;nbsp;style="color:&amp;nbsp;var(--highlight-default)"&gt;arguments&lt;/span&gt;&lt;span&amp;nbsp;style="color:&amp;nbsp;var(--highlight-keyword)"&gt;[&lt;/span&gt;&lt;span&amp;nbsp;style="color:&amp;nbsp;var(--highlight-string)"&gt;'test'&lt;/span&gt;&lt;span&amp;nbsp;style="color:&amp;nbsp;var(--highlight-keyword)"&gt;],&amp;nbsp;&lt;/span&gt;&lt;span&amp;nbsp;style="color:&amp;nbsp;var(--highlight-default)"&gt;$this&lt;/span&gt;&lt;span&amp;nbsp;style="color:&amp;nbsp;var(--highlight-keyword)"&gt;-&amp;gt;&lt;/span&gt;&lt;span&amp;nbsp;style="color:&amp;nbsp;var(--highlight-default)"&gt;arguments&lt;/span&gt;&lt;span&amp;nbsp;style="color:&amp;nbsp;var(--highlight-keyword)"&gt;[&lt;/span&gt;&lt;span&amp;nbsp;style="color:&amp;nbsp;var(--highlight-string)"&gt;'testFile'&lt;/span&gt;&lt;span&amp;nbsp;style="color:&amp;nbsp;var(--highlight-keyword)"&gt;]);&lt;/span&gt;&lt;/code&gt;&lt;/li&gt;
&lt;li&gt;&lt;code&gt;&lt;/code&gt;&lt;/li&gt;
&lt;li&gt;&lt;code&gt;&amp;nbsp;&amp;nbsp;&amp;nbsp;&amp;nbsp;&amp;nbsp;&amp;nbsp;&amp;nbsp;&amp;nbsp;try&amp;nbsp;{&lt;/code&gt;&lt;/li&gt;
&lt;li class="selected"&gt;&lt;code&gt;&amp;nbsp;&amp;nbsp;&amp;nbsp;&amp;nbsp;&amp;nbsp;&amp;nbsp;&amp;nbsp;&amp;nbsp;&amp;nbsp;&amp;nbsp;&amp;nbsp;&amp;nbsp;&lt;span&amp;nbsp;style="color:&amp;nbsp;var(--highlight-default)"&gt;$result&amp;nbsp;&lt;/span&gt;&lt;span&amp;nbsp;style="color:&amp;nbsp;var(--highlight-keyword)"&gt;=&amp;nbsp;&lt;/span&gt;&lt;span&amp;nbsp;style="color:&amp;nbsp;var(--highlight-default)"&gt;$runner&lt;/span&gt;&lt;span&amp;nbsp;style="color:&amp;nbsp;var(--highlight-keyword)"&gt;-&amp;gt;&lt;/span&gt;&lt;span&amp;nbsp;style="color:&amp;nbsp;var(--highlight-default)"&gt;run&lt;/span&gt;&lt;span&amp;nbsp;style="color:&amp;nbsp;var(--highlight-keyword)"&gt;(&lt;/span&gt;&lt;span&amp;nbsp;style="color:&amp;nbsp;var(--highlight-default)"&gt;$suite&lt;/span&gt;&lt;span&amp;nbsp;style="color:&amp;nbsp;var(--highlight-keyword)"&gt;,&amp;nbsp;&lt;/span&gt;&lt;span&amp;nbsp;style="color:&amp;nbsp;var(--highlight-default)"&gt;$this&lt;/span&gt;&lt;span&amp;nbsp;style="color:&amp;nbsp;var(--highlight-keyword)"&gt;-&amp;gt;&lt;/span&gt;&lt;span&amp;nbsp;style="color:&amp;nbsp;var(--highlight-default)"&gt;arguments&lt;/span&gt;&lt;span&amp;nbsp;style="color:&amp;nbsp;var(--highlight-keyword)"&gt;,&amp;nbsp;&lt;/span&gt;&lt;span&amp;nbsp;style="color:&amp;nbsp;var(--highlight-default)"&gt;$this&lt;/span&gt;&lt;span&amp;nbsp;style="color:&amp;nbsp;var(--highlight-keyword)"&gt;-&amp;gt;&lt;/span&gt;&lt;span&amp;nbsp;style="color:&amp;nbsp;var(--highlight-default)"&gt;warnings&lt;/span&gt;&lt;span&amp;nbsp;style="color:&amp;nbsp;var(--highlight-keyword)"&gt;,&amp;nbsp;&lt;/span&gt;&lt;span&amp;nbsp;style="color:&amp;nbsp;var(--highlight-default)"&gt;$exit&lt;/span&gt;&lt;span&amp;nbsp;style="color:&amp;nbsp;var(--highlight-keyword)"&gt;);&lt;/span&gt;&lt;/code&gt;&lt;/li&gt;
&lt;li&gt;&lt;code&gt;&amp;nbsp;&amp;nbsp;&amp;nbsp;&amp;nbsp;&amp;nbsp;&amp;nbsp;&amp;nbsp;&amp;nbsp;}&amp;nbsp;catch&amp;nbsp;(&lt;span&amp;nbsp;style="color:&amp;nbsp;var(--highlight-default)"&gt;Throwable&amp;nbsp;$t&lt;/span&gt;&lt;span&amp;nbsp;style="color:&amp;nbsp;var(--highlight-keyword)"&gt;)&amp;nbsp;{&lt;/span&gt;&lt;/code&gt;&lt;/li&gt;
&lt;li&gt;&lt;code&gt;&amp;nbsp;&amp;nbsp;&amp;nbsp;&amp;nbsp;&amp;nbsp;&amp;nbsp;&amp;nbsp;&amp;nbsp;&amp;nbsp;&amp;nbsp;&amp;nbsp;&amp;nbsp;print&amp;nbsp;&lt;span&amp;nbsp;style="color:&amp;nbsp;var(--highlight-default)"&gt;$t&lt;/span&gt;&lt;span&amp;nbsp;style="color:&amp;nbsp;var(--highlight-keyword)"&gt;-&amp;gt;&lt;/span&gt;&lt;span&amp;nbsp;style="color:&amp;nbsp;var(--highlight-default)"&gt;getMessage&lt;/span&gt;&lt;span&amp;nbsp;style="color:&amp;nbsp;var(--highlight-keyword)"&gt;()&amp;nbsp;.&amp;nbsp;&lt;/span&gt;&lt;span&amp;nbsp;style="color:&amp;nbsp;var(--highlight-default)"&gt;PHP_EOL&lt;/span&gt;&lt;span&amp;nbsp;style="color:&amp;nbsp;var(--highlight-keyword)"&gt;;&lt;/span&gt;&lt;/code&gt;&lt;/li&gt;
&lt;li&gt;&lt;code&gt;&amp;nbsp;&amp;nbsp;&amp;nbsp;&amp;nbsp;&amp;nbsp;&amp;nbsp;&amp;nbsp;&amp;nbsp;}&lt;/code&gt;&lt;/li&gt;
&lt;li&gt;&lt;code&gt;&lt;/code&gt;&lt;/li&gt;
&lt;li&gt;&lt;code&gt;&amp;nbsp;&amp;nbsp;&amp;nbsp;&amp;nbsp;&amp;nbsp;&amp;nbsp;&amp;nbsp;&amp;nbsp;&lt;span&amp;nbsp;style="color:&amp;nbsp;var(--highlight-default)"&gt;$return&amp;nbsp;&lt;/span&gt;&lt;span&amp;nbsp;style="color:&amp;nbsp;var(--highlight-keyword)"&gt;=&amp;nbsp;&lt;/span&gt;&lt;span&amp;nbsp;style="color:&amp;nbsp;var(--highlight-default)"&gt;TestRunner&lt;/span&gt;&lt;span&amp;nbsp;style="color:&amp;nbsp;var(--highlight-keyword)"&gt;::&lt;/span&gt;&lt;span&amp;nbsp;style="color:&amp;nbsp;var(--highlight-default)"&gt;FAILURE_EXIT&lt;/span&gt;&lt;span&amp;nbsp;style="color:&amp;nbsp;var(--highlight-keyword)"&gt;;&lt;/span&gt;&lt;/code&gt;&lt;/li&gt;&lt;/ol&gt;    &lt;/div&gt;            &lt;/div&gt;
                        &lt;div class="trace-line trace-from-vendor"&gt;
                &lt;div class="trace-line-header break-long-words sf-toggle" data-toggle-selector="#trace-html-1-17" data-toggle-initial=""&gt;
            &lt;span class="icon icon-close"&gt;&lt;svg width="1792" height="1792" viewBox="0 0 1792 1792" xmlns="http://www.w3.org/2000/svg"&gt;&lt;path d="M1408 960V832q0-26-19-45t-45-19H448q-26 0-45 19t-19 45v128q0 26 19 45t45 19h896q26 0 45-19t19-45zm256-544v960q0 119-84.5 203.5T1376 1664H416q-119 0-203.5-84.5T128 1376V416q0-119 84.5-203.5T416 128h960q119 0 203.5 84.5T1664 416z"/&gt;&lt;/svg&gt;&lt;/span&gt;
        &lt;span class="icon icon-open"&gt;&lt;svg width="1792" height="1792" viewBox="0 0 1792 1792" xmlns="http://www.w3.org/2000/svg"&gt;&lt;path d="M1408 960V832q0-26-19-45t-45-19h-320V448q0-26-19-45t-45-19H832q-26 0-45 19t-19 45v320H448q-26 0-45 19t-19 45v128q0 26 19 45t45 19h320v320q0 26 19 45t45 19h128q26 0 45-19t19-45v-320h320q26 0 45-19t19-45zm256-544v960q0 119-84.5 203.5T1376 1664H416q-119 0-203.5-84.5T128 1376V416q0-119 84.5-203.5T416 128h960q119 0 203.5 84.5T1664 416z"/&gt;&lt;/svg&gt;&lt;/span&gt;
    
    
                    &lt;span class="block trace-file-path"&gt;
            in
            &lt;a href="file:///home/albinr/dbwebb-kurser/mvc/me/report/vendor/phpunit/phpunit/src/TextUI/Command.php#L99"&gt;
                vendor/phpunit/phpunit/src/TextUI/&lt;strong&gt;Command.php&lt;/strong&gt;
            &lt;/a&gt;
                            &lt;span class="trace-type"&gt;-&gt;&lt;/span&gt;
                &lt;span class="trace-method"&gt;run&lt;/span&gt;
                        (line 99)
            &lt;span class="icon icon-copy hidden" data-clipboard-text="vendor/phpunit/phpunit/src/TextUI/Command.php:99"&gt;
                &lt;svg xmlns="http://www.w3.org/2000/svg" height="24" viewBox="0 0 24 24" width="24"&gt;&lt;path d="M0 0h24v24H0z" fill="none"/&gt;&lt;path d="M16 1H4c-1.1 0-2 .9-2 2v14h2V3h12V1zm3 4H8c-1.1 0-2 .9-2 2v14c0 1.1.9 2 2 2h11c1.1 0 2-.9 2-2V7c0-1.1-.9-2-2-2zm0 16H8V7h11v14z"/&gt;&lt;/svg&gt;            &lt;/span&gt;
        &lt;/span&gt;
    &lt;/div&gt;
    &lt;div id="trace-html-1-17" class="trace-code sf-toggle-content"&gt;
        &lt;ol start="94"&gt;&lt;li&gt;&lt;code&gt;&amp;nbsp;&amp;nbsp;&amp;nbsp;&amp;nbsp;&amp;nbsp;*&amp;nbsp;@throws&amp;nbsp;Exception&lt;/code&gt;&lt;/li&gt;
&lt;li&gt;&lt;code&gt;&amp;nbsp;&amp;nbsp;&amp;nbsp;&amp;nbsp;&amp;nbsp;*/&lt;/code&gt;&lt;/li&gt;
&lt;li&gt;&lt;code&gt;&amp;nbsp;&amp;nbsp;&amp;nbsp;&amp;nbsp;&lt;span&amp;nbsp;style="color:&amp;nbsp;var(--highlight-keyword)"&gt;public&amp;nbsp;static&amp;nbsp;function&amp;nbsp;&lt;/span&gt;&lt;span&amp;nbsp;style="color:&amp;nbsp;var(--highlight-default)"&gt;main&lt;/span&gt;&lt;span&amp;nbsp;style="color:&amp;nbsp;var(--highlight-keyword)"&gt;(&lt;/span&gt;&lt;span&amp;nbsp;style="color:&amp;nbsp;var(--highlight-default)"&gt;bool&amp;nbsp;$exit&amp;nbsp;&lt;/span&gt;&lt;span&amp;nbsp;style="color:&amp;nbsp;var(--highlight-keyword)"&gt;=&amp;nbsp;&lt;/span&gt;&lt;span&amp;nbsp;style="color:&amp;nbsp;var(--highlight-default)"&gt;true&lt;/span&gt;&lt;span&amp;nbsp;style="color:&amp;nbsp;var(--highlight-keyword)"&gt;):&amp;nbsp;&lt;/span&gt;&lt;span&amp;nbsp;style="color:&amp;nbsp;var(--highlight-default)"&gt;int&lt;/span&gt;&lt;/code&gt;&lt;/li&gt;
&lt;li&gt;&lt;code&gt;&amp;nbsp;&amp;nbsp;&amp;nbsp;&amp;nbsp;&lt;span&amp;nbsp;style="color:&amp;nbsp;var(--highlight-keyword)"&gt;{&lt;/span&gt;&lt;/code&gt;&lt;/li&gt;
&lt;li&gt;&lt;code&gt;&amp;nbsp;&amp;nbsp;&amp;nbsp;&amp;nbsp;&amp;nbsp;&amp;nbsp;&amp;nbsp;&amp;nbsp;try&amp;nbsp;{&lt;/code&gt;&lt;/li&gt;
&lt;li class="selected"&gt;&lt;code&gt;&amp;nbsp;&amp;nbsp;&amp;nbsp;&amp;nbsp;&amp;nbsp;&amp;nbsp;&amp;nbsp;&amp;nbsp;&amp;nbsp;&amp;nbsp;&amp;nbsp;&amp;nbsp;return&amp;nbsp;(new&amp;nbsp;static)-&amp;gt;&lt;span&amp;nbsp;style="color:&amp;nbsp;var(--highlight-default)"&gt;run&lt;/span&gt;&lt;span&amp;nbsp;style="color:&amp;nbsp;var(--highlight-keyword)"&gt;(&lt;/span&gt;&lt;span&amp;nbsp;style="color:&amp;nbsp;var(--highlight-default)"&gt;$_SERVER&lt;/span&gt;&lt;span&amp;nbsp;style="color:&amp;nbsp;var(--highlight-keyword)"&gt;[&lt;/span&gt;&lt;span&amp;nbsp;style="color:&amp;nbsp;var(--highlight-string)"&gt;'argv'&lt;/span&gt;&lt;span&amp;nbsp;style="color:&amp;nbsp;var(--highlight-keyword)"&gt;],&amp;nbsp;&lt;/span&gt;&lt;span&amp;nbsp;style="color:&amp;nbsp;var(--highlight-default)"&gt;$exit&lt;/span&gt;&lt;span&amp;nbsp;style="color:&amp;nbsp;var(--highlight-keyword)"&gt;);&lt;/span&gt;&lt;/code&gt;&lt;/li&gt;
&lt;li&gt;&lt;code&gt;&amp;nbsp;&amp;nbsp;&amp;nbsp;&amp;nbsp;&amp;nbsp;&amp;nbsp;&amp;nbsp;&amp;nbsp;}&amp;nbsp;catch&amp;nbsp;(&lt;span&amp;nbsp;style="color:&amp;nbsp;var(--highlight-default)"&gt;Throwable&amp;nbsp;$t&lt;/span&gt;&lt;span&amp;nbsp;style="color:&amp;nbsp;var(--highlight-keyword)"&gt;)&amp;nbsp;{&lt;/span&gt;&lt;/code&gt;&lt;/li&gt;
&lt;li&gt;&lt;code&gt;&amp;nbsp;&amp;nbsp;&amp;nbsp;&amp;nbsp;&amp;nbsp;&amp;nbsp;&amp;nbsp;&amp;nbsp;&amp;nbsp;&amp;nbsp;&amp;nbsp;&amp;nbsp;throw&amp;nbsp;new&amp;nbsp;&lt;span&amp;nbsp;style="color:&amp;nbsp;var(--highlight-default)"&gt;RuntimeException&lt;/span&gt;&lt;span&amp;nbsp;style="color:&amp;nbsp;var(--highlight-keyword)"&gt;(&lt;/span&gt;&lt;/code&gt;&lt;/li&gt;
&lt;li&gt;&lt;code&gt;&amp;nbsp;&amp;nbsp;&amp;nbsp;&amp;nbsp;&amp;nbsp;&amp;nbsp;&amp;nbsp;&amp;nbsp;&amp;nbsp;&amp;nbsp;&amp;nbsp;&amp;nbsp;&amp;nbsp;&amp;nbsp;&amp;nbsp;&amp;nbsp;&lt;span&amp;nbsp;style="color:&amp;nbsp;var(--highlight-default)"&gt;$t&lt;/span&gt;&lt;span&amp;nbsp;style="color:&amp;nbsp;var(--highlight-keyword)"&gt;-&amp;gt;&lt;/span&gt;&lt;span&amp;nbsp;style="color:&amp;nbsp;var(--highlight-default)"&gt;getMessage&lt;/span&gt;&lt;span&amp;nbsp;style="color:&amp;nbsp;var(--highlight-keyword)"&gt;(),&lt;/span&gt;&lt;/code&gt;&lt;/li&gt;
&lt;li&gt;&lt;code&gt;&amp;nbsp;&amp;nbsp;&amp;nbsp;&amp;nbsp;&amp;nbsp;&amp;nbsp;&amp;nbsp;&amp;nbsp;&amp;nbsp;&amp;nbsp;&amp;nbsp;&amp;nbsp;&amp;nbsp;&amp;nbsp;&amp;nbsp;&amp;nbsp;(int)&amp;nbsp;&lt;span&amp;nbsp;style="color:&amp;nbsp;var(--highlight-default)"&gt;$t&lt;/span&gt;&lt;span&amp;nbsp;style="color:&amp;nbsp;var(--highlight-keyword)"&gt;-&amp;gt;&lt;/span&gt;&lt;span&amp;nbsp;style="color:&amp;nbsp;var(--highlight-default)"&gt;getCode&lt;/span&gt;&lt;span&amp;nbsp;style="color:&amp;nbsp;var(--highlight-keyword)"&gt;(),&lt;/span&gt;&lt;/code&gt;&lt;/li&gt;
&lt;li&gt;&lt;code&gt;&amp;nbsp;&amp;nbsp;&amp;nbsp;&amp;nbsp;&amp;nbsp;&amp;nbsp;&amp;nbsp;&amp;nbsp;&amp;nbsp;&amp;nbsp;&amp;nbsp;&amp;nbsp;&amp;nbsp;&amp;nbsp;&amp;nbsp;&amp;nbsp;&lt;span&amp;nbsp;style="color:&amp;nbsp;var(--highlight-default)"&gt;$t&lt;/span&gt;&lt;span&amp;nbsp;style="color:&amp;nbsp;var(--highlight-keyword)"&gt;,&lt;/span&gt;&lt;/code&gt;&lt;/li&gt;&lt;/ol&gt;    &lt;/div&gt;            &lt;/div&gt;
                        &lt;div class="trace-line trace-from-vendor"&gt;
                &lt;div class="trace-line-header break-long-words sf-toggle" data-toggle-selector="#trace-html-1-18" data-toggle-initial=""&gt;
            &lt;span class="icon icon-close"&gt;&lt;svg width="1792" height="1792" viewBox="0 0 1792 1792" xmlns="http://www.w3.org/2000/svg"&gt;&lt;path d="M1408 960V832q0-26-19-45t-45-19H448q-26 0-45 19t-19 45v128q0 26 19 45t45 19h896q26 0 45-19t19-45zm256-544v960q0 119-84.5 203.5T1376 1664H416q-119 0-203.5-84.5T128 1376V416q0-119 84.5-203.5T416 128h960q119 0 203.5 84.5T1664 416z"/&gt;&lt;/svg&gt;&lt;/span&gt;
        &lt;span class="icon icon-open"&gt;&lt;svg width="1792" height="1792" viewBox="0 0 1792 1792" xmlns="http://www.w3.org/2000/svg"&gt;&lt;path d="M1408 960V832q0-26-19-45t-45-19h-320V448q0-26-19-45t-45-19H832q-26 0-45 19t-19 45v320H448q-26 0-45 19t-19 45v128q0 26 19 45t45 19h320v320q0 26 19 45t45 19h128q26 0 45-19t19-45v-320h320q26 0 45-19t19-45zm256-544v960q0 119-84.5 203.5T1376 1664H416q-119 0-203.5-84.5T128 1376V416q0-119 84.5-203.5T416 128h960q119 0 203.5 84.5T1664 416z"/&gt;&lt;/svg&gt;&lt;/span&gt;
    
    
                    &lt;span class="block trace-file-path"&gt;
            in
            &lt;a href="file:///home/albinr/dbwebb-kurser/mvc/me/report/vendor/phpunit/phpunit/phpunit#L107"&gt;
                vendor/phpunit/phpunit/&lt;strong&gt;phpunit&lt;/strong&gt;
            &lt;/a&gt;
                            &lt;span class="trace-type"&gt;::&lt;/span&gt;
                &lt;span class="trace-method"&gt;main&lt;/span&gt;
                        (line 107)
            &lt;span class="icon icon-copy hidden" data-clipboard-text="vendor/phpunit/phpunit/phpunit:107"&gt;
                &lt;svg xmlns="http://www.w3.org/2000/svg" height="24" viewBox="0 0 24 24" width="24"&gt;&lt;path d="M0 0h24v24H0z" fill="none"/&gt;&lt;path d="M16 1H4c-1.1 0-2 .9-2 2v14h2V3h12V1zm3 4H8c-1.1 0-2 .9-2 2v14c0 1.1.9 2 2 2h11c1.1 0 2-.9 2-2V7c0-1.1-.9-2-2-2zm0 16H8V7h11v14z"/&gt;&lt;/svg&gt;            &lt;/span&gt;
        &lt;/span&gt;
    &lt;/div&gt;
    &lt;div id="trace-html-1-18" class="trace-code sf-toggle-content"&gt;
        &lt;ol start="102"&gt;&lt;li&gt;&lt;code&gt;unset(&lt;span&amp;nbsp;style="color:&amp;nbsp;var(--highlight-default)"&gt;$options&lt;/span&gt;&lt;span&amp;nbsp;style="color:&amp;nbsp;var(--highlight-keyword)"&gt;);&lt;/span&gt;&lt;/code&gt;&lt;/li&gt;
&lt;li&gt;&lt;code&gt;&lt;/code&gt;&lt;/li&gt;
&lt;li&gt;&lt;code&gt;require&amp;nbsp;&lt;span&amp;nbsp;style="color:&amp;nbsp;var(--highlight-default)"&gt;PHPUNIT_COMPOSER_INSTALL&lt;/span&gt;&lt;span&amp;nbsp;style="color:&amp;nbsp;var(--highlight-keyword)"&gt;;&lt;/span&gt;&lt;/code&gt;&lt;/li&gt;
&lt;li&gt;&lt;code&gt;&lt;/code&gt;&lt;/li&gt;
&lt;li&gt;&lt;code&gt;&lt;span&amp;nbsp;style="color:&amp;nbsp;var(--highlight-default)"&gt;PHPUnit\TextUI\Command&lt;/span&gt;&lt;span&amp;nbsp;style="color:&amp;nbsp;var(--highlight-keyword)"&gt;::&lt;/span&gt;&lt;span&amp;nbsp;style="color:&amp;nbsp;var(--highlight-default)"&gt;main&lt;/span&gt;&lt;span&amp;nbsp;style="color:&amp;nbsp;var(--highlight-keyword)"&gt;();&lt;/span&gt;&lt;/code&gt;&lt;/li&gt;
&lt;li class="selected"&gt;&lt;code&gt;&lt;/code&gt;&lt;/li&gt;&lt;/ol&gt;    &lt;/div&gt;            &lt;/div&gt;
                        &lt;div class="trace-line trace-from-vendor"&gt;
                &lt;div class="trace-line-header break-long-words sf-toggle" data-toggle-selector="#trace-html-1-19" data-toggle-initial=""&gt;
            &lt;span class="icon icon-close"&gt;&lt;svg width="1792" height="1792" viewBox="0 0 1792 1792" xmlns="http://www.w3.org/2000/svg"&gt;&lt;path d="M1408 960V832q0-26-19-45t-45-19H448q-26 0-45 19t-19 45v128q0 26 19 45t45 19h896q26 0 45-19t19-45zm256-544v960q0 119-84.5 203.5T1376 1664H416q-119 0-203.5-84.5T128 1376V416q0-119 84.5-203.5T416 128h960q119 0 203.5 84.5T1664 416z"/&gt;&lt;/svg&gt;&lt;/span&gt;
        &lt;span class="icon icon-open"&gt;&lt;svg width="1792" height="1792" viewBox="0 0 1792 1792" xmlns="http://www.w3.org/2000/svg"&gt;&lt;path d="M1408 960V832q0-26-19-45t-45-19h-320V448q0-26-19-45t-45-19H832q-26 0-45 19t-19 45v320H448q-26 0-45 19t-19 45v128q0 26 19 45t45 19h320v320q0 26 19 45t45 19h128q26 0 45-19t19-45v-320h320q26 0 45-19t19-45zm256-544v960q0 119-84.5 203.5T1376 1664H416q-119 0-203.5-84.5T128 1376V416q0-119 84.5-203.5T416 128h960q119 0 203.5 84.5T1664 416z"/&gt;&lt;/svg&gt;&lt;/span&gt;
    
    
                    &lt;span class="block trace-file-path"&gt;
            in
            &lt;a href="file:///home/albinr/dbwebb-kurser/mvc/me/report/vendor/bin/phpunit#L122"&gt;
                vendor/bin/&lt;strong&gt;phpunit&lt;/strong&gt;
            &lt;/a&gt;
                            &lt;span class="trace-type"&gt;&lt;/span&gt;
                &lt;span class="trace-method"&gt;include&lt;/span&gt;
                        (line 122)
            &lt;span class="icon icon-copy hidden" data-clipboard-text="vendor/bin/phpunit:122"&gt;
                &lt;svg xmlns="http://www.w3.org/2000/svg" height="24" viewBox="0 0 24 24" width="24"&gt;&lt;path d="M0 0h24v24H0z" fill="none"/&gt;&lt;path d="M16 1H4c-1.1 0-2 .9-2 2v14h2V3h12V1zm3 4H8c-1.1 0-2 .9-2 2v14c0 1.1.9 2 2 2h11c1.1 0 2-.9 2-2V7c0-1.1-.9-2-2-2zm0 16H8V7h11v14z"/&gt;&lt;/svg&gt;            &lt;/span&gt;
        &lt;/span&gt;
    &lt;/div&gt;
    &lt;div id="trace-html-1-19" class="trace-code sf-toggle-content"&gt;
        &lt;ol start="117"&gt;&lt;li&gt;&lt;code&gt;&amp;nbsp;&amp;nbsp;&amp;nbsp;&amp;nbsp;&amp;nbsp;&amp;nbsp;&amp;nbsp;&amp;nbsp;return&amp;nbsp;include(&lt;span&amp;nbsp;style="color:&amp;nbsp;var(--highlight-string)"&gt;"phpvfscomposer://"&amp;nbsp;&lt;/span&gt;&lt;span&amp;nbsp;style="color:&amp;nbsp;var(--highlight-keyword)"&gt;.&amp;nbsp;&lt;/span&gt;&lt;span&amp;nbsp;style="color:&amp;nbsp;var(--highlight-default)"&gt;__DIR__&amp;nbsp;&lt;/span&gt;&lt;span&amp;nbsp;style="color:&amp;nbsp;var(--highlight-keyword)"&gt;.&amp;nbsp;&lt;/span&gt;&lt;span&amp;nbsp;style="color:&amp;nbsp;var(--highlight-string)"&gt;'/..'&lt;/span&gt;&lt;span&amp;nbsp;style="color:&amp;nbsp;var(--highlight-keyword)"&gt;.&lt;/span&gt;&lt;span&amp;nbsp;style="color:&amp;nbsp;var(--highlight-string)"&gt;'/phpunit/phpunit/phpunit'&lt;/span&gt;&lt;span&amp;nbsp;style="color:&amp;nbsp;var(--highlight-keyword)"&gt;);&lt;/span&gt;&lt;/code&gt;&lt;/li&gt;
&lt;li&gt;&lt;code&gt;&amp;nbsp;&amp;nbsp;&amp;nbsp;&amp;nbsp;}&lt;/code&gt;&lt;/li&gt;
&lt;li&gt;&lt;code&gt;}&lt;/code&gt;&lt;/li&gt;
&lt;li&gt;&lt;code&gt;&lt;/code&gt;&lt;/li&gt;
&lt;li&gt;&lt;code&gt;return&amp;nbsp;include&amp;nbsp;&lt;span&amp;nbsp;style="color:&amp;nbsp;var(--highlight-default)"&gt;__DIR__&amp;nbsp;&lt;/span&gt;&lt;span&amp;nbsp;style="color:&amp;nbsp;var(--highlight-keyword)"&gt;.&amp;nbsp;&lt;/span&gt;&lt;span&amp;nbsp;style="color:&amp;nbsp;var(--highlight-string)"&gt;'/..'&lt;/span&gt;&lt;span&amp;nbsp;style="color:&amp;nbsp;var(--highlight-keyword)"&gt;.&lt;/span&gt;&lt;span&amp;nbsp;style="color:&amp;nbsp;var(--highlight-string)"&gt;'/phpunit/phpunit/phpunit'&lt;/span&gt;&lt;span&amp;nbsp;style="color:&amp;nbsp;var(--highlight-keyword)"&gt;;&lt;/span&gt;&lt;/code&gt;&lt;/li&gt;
&lt;li class="selected"&gt;&lt;code&gt;&lt;/code&gt;&lt;/li&gt;&lt;/ol&gt;    &lt;/div&gt;            &lt;/div&gt;
                    &lt;/div&gt;
    &lt;/div&gt;
&lt;/div&gt;            &lt;/div&gt;
        &lt;/div&gt;

        
        &lt;div class="tab"&gt;
            &lt;h3 class="tab-title"&gt;
                                    Stack Trace
                            &lt;/h3&gt;

            &lt;div class="tab-content"&gt;
                &lt;table class="trace trace-as-text"&gt;
    &lt;thead class="trace-head"&gt;
        &lt;tr&gt;
            &lt;th class="sf-toggle" data-toggle-selector="#trace-text-1" data-toggle-initial="display"&gt;
                &lt;div class="trace-class"&gt;
                                        UndefinedMethodError                    &lt;span class="icon icon-close"&gt;&lt;svg width="1792" height="1792" viewBox="0 0 1792 1792" xmlns="http://www.w3.org/2000/svg"&gt;&lt;path d="M1344 800v64q0 14-9 23t-23 9H480q-14 0-23-9t-9-23v-64q0-14 9-23t23-9h832q14 0 23 9t9 23zm128 448V416q0-66-47-113t-113-47H480q-66 0-113 47t-47 113v832q0 66 47 113t113 47h832q66 0 113-47t47-113zm128-832v832q0 119-84.5 203.5T1312 1536H480q-119 0-203.5-84.5T192 1248V416q0-119 84.5-203.5T480 128h832q119 0 203.5 84.5T1600 416z"/&gt;&lt;/svg&gt;&lt;/span&gt;
                    &lt;span class="icon icon-open"&gt;&lt;svg width="1792" height="1792" viewBox="0 0 1792 1792" xmlns="http://www.w3.org/2000/svg"&gt;&lt;path d="M1344 800v64q0 14-9 23t-23 9H960v352q0 14-9 23t-23 9h-64q-14 0-23-9t-9-23V896H480q-14 0-23-9t-9-23v-64q0-14 9-23t23-9h352V416q0-14 9-23t23-9h64q14 0 23 9t9 23v352h352q14 0 23 9t9 23zm128 448V416q0-66-47-113t-113-47H480q-66 0-113 47t-47 113v832q0 66 47 113t113 47h832q66 0 113-47t47-113zm128-832v832q0 119-84.5 203.5T1312 1536H480q-119 0-203.5-84.5T192 1248V416q0-119 84.5-203.5T480 128h832q119 0 203.5 84.5T1600 416z"/&gt;&lt;/svg&gt;&lt;/span&gt;
                &lt;/div&gt;
            &lt;/th&gt;
        &lt;/tr&gt;
    &lt;/thead&gt;

    &lt;tbody id="trace-text-1"&gt;
        &lt;tr&gt;
            &lt;td&gt;
                                &lt;pre class="stacktrace"&gt;
Symfony\Component\ErrorHandler\Error\UndefinedMethodError:
Attempted to call an undefined method named &amp;quot;getPlayerScore&amp;quot; of class &amp;quot;App\Card\BlackJack&amp;quot;.
Did you mean to call &amp;quot;getPlayerHandScore&amp;quot;?

  at src/Controller/ApiBlackJackController.php:79
  at App\Controller\ApiBlackJackController-&amp;gt;apiGameStatus()
     (vendor/symfony/http-kernel/HttpKernel.php:178)
  at Symfony\Component\HttpKernel\HttpKernel-&amp;gt;handleRaw()
     (vendor/symfony/http-kernel/HttpKernel.php:76)
  at Symfony\Component\HttpKernel\HttpKernel-&amp;gt;handle()
     (vendor/symfony/http-kernel/Kernel.php:185)
  at Symfony\Component\HttpKernel\Kernel-&amp;gt;handle()
     (vendor/symfony/http-kernel/HttpKernelBrowser.php:61)
  at Symfony\Component\HttpKernel\HttpKernelBrowser-&amp;gt;doRequest()
     (vendor/symfony/framework-bundle/KernelBrowser.php:157)
  at Symfony\Bundle\FrameworkBundle\KernelBrowser-&amp;gt;doRequest()
     (vendor/symfony/browser-kit/AbstractBrowser.php:369)
  at Symfony\Component\BrowserKit\AbstractBrowser-&amp;gt;request()
     (tests/Controller/ApiBlackJackControllerTest.php:47)
  at App\Tests\Controller\ApiBlackJackControllerTest-&amp;gt;testApiBlackJackStatusWithGame()
     (vendor/phpunit/phpunit/src/Framework/TestCase.php:1617)
  at PHPUnit\Framework\TestCase-&amp;gt;runTest()
     (vendor/phpunit/phpunit/src/Framework/TestCase.php:1223)
  at PHPUnit\Framework\TestCase-&amp;gt;runBare()
     (vendor/phpunit/phpunit/src/Framework/TestResult.php:729)
  at PHPUnit\Framework\TestResult-&amp;gt;run()
     (vendor/phpunit/phpunit/src/Framework/TestCase.php:973)
  at PHPUnit\Framework\TestCase-&amp;gt;run()
     (vendor/phpunit/phpunit/src/Framework/TestSuite.php:685)
  at PHPUnit\Framework\TestSuite-&amp;gt;run()
     (vendor/phpunit/phpunit/src/Framework/TestSuite.php:685)
  at PHPUnit\Framework\TestSuite-&amp;gt;run()
     (vendor/phpunit/phpunit/src/Framework/TestSuite.php:685)
  at PHPUnit\Framework\TestSuite-&amp;gt;run()
     (vendor/phpunit/phpunit/src/TextUI/TestRunner.php:651)
  at PHPUnit\TextUI\TestRunner-&amp;gt;run()
     (vendor/phpunit/phpunit/src/TextUI/Command.php:146)
  at PHPUnit\TextUI\Command-&amp;gt;run()
     (vendor/phpunit/phpunit/src/TextUI/Command.php:99)
  at PHPUnit\TextUI\Command::main()
     (vendor/phpunit/phpunit/phpunit:107)
  at include('/home/albinr/dbwebb-kurser/mvc/me/report/vendor/phpunit/phpunit/phpunit')
     (vendor/bin/phpunit:122)                &lt;/pre&gt;
                            &lt;/td&gt;
        &lt;/tr&gt;
    &lt;/tbody&gt;
&lt;/table&gt;            &lt;/div&gt;
        &lt;/div&gt;

            &lt;/div&gt;
&lt;/div&gt;
        &lt;script&gt;
            /* This file is based on WebProfilerBundle/Resources/views/Profiler/base_js.html.twig.
   If you make any change in this file, verify the same change is needed in the other file. */
/*&lt;![CDATA[*/
(function() {
    "use strict";

    if ('classList' in document.documentElement) {
        var hasClass = function (el, cssClass) { return el.classList.contains(cssClass); };
        var removeClass = function(el, cssClass) { el.classList.remove(cssClass); };
        var addClass = function(el, cssClass) { el.classList.add(cssClass); };
        var toggleClass = function(el, cssClass) { el.classList.toggle(cssClass); };
    } else {
        var hasClass = function (el, cssClass) { return el.className.match(new RegExp('\\b' + cssClass + '\\b')); };
        var removeClass = function(el, cssClass) { el.className = el.className.replace(new RegExp('\\b' + cssClass + '\\b'), ' '); };
        var addClass = function(el, cssClass) { if (!hasClass(el, cssClass)) { el.className += " " + cssClass; } };
        var toggleClass = function(el, cssClass) { hasClass(el, cssClass) ? removeClass(el, cssClass) : addClass(el, cssClass); };
    }

    var addEventListener;

    var el = document.createElement('div');
    if (!('addEventListener' in el)) {
        addEventListener = function (element, eventName, callback) {
            element.attachEvent('on' + eventName, callback);
        };
    } else {
        addEventListener = function (element, eventName, callback) {
            element.addEventListener(eventName, callback, false);
        };
    }

    if (navigator.clipboard) {
        document.querySelectorAll('[data-clipboard-text]').forEach(function(element) {
            removeClass(element, 'hidden');
            element.addEventListener('click', function() {
                navigator.clipboard.writeText(element.getAttribute('data-clipboard-text'));
            })
        });
    }

    (function createTabs() {
        /* the accessibility options of this component have been defined according to: */
        /* www.w3.org/WAI/ARIA/apg/example-index/tabs/tabs-manual.html */
        var tabGroups = document.querySelectorAll('.sf-tabs:not([data-processed=true])');

        /* create the tab navigation for each group of tabs */
        for (var i = 0; i &lt; tabGroups.length; i++) {
            var tabs = tabGroups[i].querySelectorAll(':scope &gt; .tab');
            var tabNavigation = document.createElement('div');
            tabNavigation.className = 'tab-navigation';
            tabNavigation.setAttribute('role', 'tablist');

            var selectedTabId = 'tab-' + i + '-0'; /* select the first tab by default */
            for (var j = 0; j &lt; tabs.length; j++) {
                var tabId = 'tab-' + i + '-' + j;
                var tabTitle = tabs[j].querySelector('.tab-title').innerHTML;

                var tabNavigationItem = document.createElement('button');
                addClass(tabNavigationItem, 'tab-control');
                tabNavigationItem.setAttribute('data-tab-id', tabId);
                tabNavigationItem.setAttribute('role', 'tab');
                tabNavigationItem.setAttribute('aria-controls', tabId);
                if (hasClass(tabs[j], 'active')) { selectedTabId = tabId; }
                if (hasClass(tabs[j], 'disabled')) {
                    addClass(tabNavigationItem, 'disabled');
                }
                tabNavigationItem.innerHTML = tabTitle;
                tabNavigation.appendChild(tabNavigationItem);

                var tabContent = tabs[j].querySelector('.tab-content');
                tabContent.parentElement.setAttribute('id', tabId);
            }

            tabGroups[i].insertBefore(tabNavigation, tabGroups[i].firstChild);
            addClass(document.querySelector('[data-tab-id="' + selectedTabId + '"]'), 'active');
        }

        /* display the active tab and add the 'click' event listeners */
        for (i = 0; i &lt; tabGroups.length; i++) {
            tabNavigation = tabGroups[i].querySelectorAll(':scope &gt; .tab-navigation .tab-control');

            for (j = 0; j &lt; tabNavigation.length; j++) {
                tabId = tabNavigation[j].getAttribute('data-tab-id');
                var tabPanel = document.getElementById(tabId);
                tabPanel.setAttribute('role', 'tabpanel');
                tabPanel.setAttribute('aria-labelledby', tabId);
                tabPanel.querySelector('.tab-title').className = 'hidden';

                if (hasClass(tabNavigation[j], 'active')) {
                    tabPanel.className = 'block';
                    tabNavigation[j].setAttribute('aria-selected', 'true');
                    tabNavigation[j].removeAttribute('tabindex');
                } else {
                    tabPanel.className = 'hidden';
                    tabNavigation[j].removeAttribute('aria-selected');
                    tabNavigation[j].setAttribute('tabindex', '-1');
                }

                tabNavigation[j].addEventListener('click', function(e) {
                    var activeTab = e.target || e.srcElement;

                    /* needed because when the tab contains HTML contents, user can click */
                    /* on any of those elements instead of their parent '&lt;button&gt;' element */
                    while (activeTab.tagName.toLowerCase() !== 'button') {
                        activeTab = activeTab.parentNode;
                    }

                    /* get the full list of tabs through the parent of the active tab element */
                    var tabNavigation = activeTab.parentNode.children;
                    for (var k = 0; k &lt; tabNavigation.length; k++) {
                        var tabId = tabNavigation[k].getAttribute('data-tab-id');
                        document.getElementById(tabId).className = 'hidden';
                        removeClass(tabNavigation[k], 'active');
                        tabNavigation[k].removeAttribute('aria-selected');
                        tabNavigation[k].setAttribute('tabindex', '-1');
                    }

                    addClass(activeTab, 'active');
                    activeTab.setAttribute('aria-selected', 'true');
                    activeTab.removeAttribute('tabindex');
                    var activeTabId = activeTab.getAttribute('data-tab-id');
                    document.getElementById(activeTabId).className = 'block';
                });
            }

            tabGroups[i].setAttribute('data-processed', 'true');
        }
    })();

    (function createToggles() {
        var toggles = document.querySelectorAll('.sf-toggle:not([data-processed=true])');

        for (var i = 0; i &lt; toggles.length; i++) {
            var elementSelector = toggles[i].getAttribute('data-toggle-selector');
            var element = document.querySelector(elementSelector);

            addClass(element, 'sf-toggle-content');

            if (toggles[i].hasAttribute('data-toggle-initial') &amp;&amp; toggles[i].getAttribute('data-toggle-initial') == 'display') {
                addClass(toggles[i], 'sf-toggle-on');
                addClass(element, 'sf-toggle-visible');
            } else {
                addClass(toggles[i], 'sf-toggle-off');
                addClass(element, 'sf-toggle-hidden');
            }

            addEventListener(toggles[i], 'click', function(e) {
                e.preventDefault();

                if ('' !== window.getSelection().toString()) {
                    /* Don't do anything on text selection */
                    return;
                }

                var toggle = e.target || e.srcElement;

                /* needed because when the toggle contains HTML contents, user can click */
                /* on any of those elements instead of their parent '.sf-toggle' element */
                while (!hasClass(toggle, 'sf-toggle')) {
                    toggle = toggle.parentNode;
                }

                var element = document.querySelector(toggle.getAttribute('data-toggle-selector'));

                toggleClass(toggle, 'sf-toggle-on');
                toggleClass(toggle, 'sf-toggle-off');
                toggleClass(element, 'sf-toggle-hidden');
                toggleClass(element, 'sf-toggle-visible');

                /* the toggle doesn't change its contents when clicking on it */
                if (!toggle.hasAttribute('data-toggle-alt-content')) {
                    return;
                }

                if (!toggle.hasAttribute('data-toggle-original-content')) {
                    toggle.setAttribute('data-toggle-original-content', toggle.innerHTML);
                }

                var currentContent = toggle.innerHTML;
                var originalContent = toggle.getAttribute('data-toggle-original-content');
                var altContent = toggle.getAttribute('data-toggle-alt-content');
                toggle.innerHTML = currentContent !== altContent ? altContent : originalContent;
            });

            /* Prevents from disallowing clicks on links inside toggles */
            var toggleLinks = toggles[i].querySelectorAll('a');
            for (var j = 0; j &lt; toggleLinks.length; j++) {
                addEventListener(toggleLinks[j], 'click', function(e) {
                    e.stopPropagation();
                });
            }

            /* Prevents from disallowing clicks on "copy to clipboard" elements inside toggles */
            var copyToClipboardElements = toggles[i].querySelectorAll('span[data-clipboard-text]');
            for (var k = 0; k &lt; copyToClipboardElements.length; k++) {
                addEventListener(copyToClipboardElements[k], 'click', function(e) {
                    e.stopPropagation();
                });
            }

            toggles[i].setAttribute('data-processed', 'true');
        }
    })();

    (function createFilters() {
        document.querySelectorAll('[data-filters] [data-filter]').forEach(function (filter) {
            var filters = filter.closest('[data-filters]'),
                type = 'choice',
                name = filter.dataset.filter,
                ucName = name.charAt(0).toUpperCase()+name.slice(1),
                list = document.createElement('ul'),
                values = filters.dataset['filter'+ucName] || filters.querySelectorAll('[data-filter-'+name+']'),
                labels = {},
                defaults = null,
                indexed = {},
                processed = {};
            if (typeof values === 'string') {
                type = 'level';
                labels = values.split(',');
                values = values.toLowerCase().split(',');
                defaults = values.length - 1;
            }
            addClass(list, 'filter-list');
            addClass(list, 'filter-list-'+type);
            values.forEach(function (value, i) {
                if (value instanceof HTMLElement) {
                    value = value.dataset['filter'+ucName];
                }
                if (value in processed) {
                    return;
                }
                var option = document.createElement('li'),
                    label = i in labels ? labels[i] : value,
                    active = false,
                    matches;
                if ('' === label) {
                    option.innerHTML = '&lt;em&gt;(none)&lt;/em&gt;';
                } else {
                    option.innerText = label;
                }
                option.dataset.filter = value;
                option.setAttribute('title', 1 === (matches = filters.querySelectorAll('[data-filter-'+name+'="'+value+'"]').length) ? 'Matches 1 row' : 'Matches '+matches+' rows');
                indexed[value] = i;
                list.appendChild(option);
                addEventListener(option, 'click', function () {
                    if ('choice' === type) {
                        filters.querySelectorAll('[data-filter-'+name+']').forEach(function (row) {
                            if (option.dataset.filter === row.dataset['filter'+ucName]) {
                                toggleClass(row, 'filter-hidden-'+name);
                            }
                        });
                        toggleClass(option, 'active');
                    } else if ('level' === type) {
                        if (i === this.parentNode.querySelectorAll('.active').length - 1) {
                            return;
                        }
                        this.parentNode.querySelectorAll('li').forEach(function (currentOption, j) {
                            if (j &lt;= i) {
                                addClass(currentOption, 'active');
                                if (i === j) {
                                    addClass(currentOption, 'last-active');
                                } else {
                                    removeClass(currentOption, 'last-active');
                                }
                            } else {
                                removeClass(currentOption, 'active');
                                removeClass(currentOption, 'last-active');
                            }
                        });
                        filters.querySelectorAll('[data-filter-'+name+']').forEach(function (row) {
                            if (i &lt; indexed[row.dataset['filter'+ucName]]) {
                                addClass(row, 'filter-hidden-'+name);
                            } else {
                                removeClass(row, 'filter-hidden-'+name);
                            }
                        });
                    }
                });
                if ('choice' === type) {
                    active = null === defaults || 0 &lt;= defaults.indexOf(value);
                } else if ('level' === type) {
                    active = i &lt;= defaults;
                    if (active &amp;&amp; i === defaults) {
                        addClass(option, 'last-active');
                    }
                }
                if (active) {
                    addClass(option, 'active');
                } else {
                    filters.querySelectorAll('[data-filter-'+name+'="'+value+'"]').forEach(function (row) {
                        toggleClass(row, 'filter-hidden-'+name);
                    });
                }
                processed[value] = true;
            });

            if (1 &lt; list.childNodes.length) {
                filter.appendChild(list);
                filter.dataset.filtered = '';
            }
        });
    })();
})();
/*]]&gt;*/        &lt;/script&gt;
    &lt;/body&gt;
&lt;/html&gt;
&lt;!-- Attempted to call an undefined method named &amp;quot;getPlayerScore&amp;quot; of class &amp;quot;App\Card\BlackJack&amp;quot;.
Did you mean to call &amp;quot;getPlayerHandScore&amp;quot;? (500 Internal Server Error) --&gt;

/home/albinr/dbwebb-kurser/mvc/me/report/vendor/symfony/framework-bundle/Test/BrowserKitAssertionsTrait.php:148
/home/albinr/dbwebb-kurser/mvc/me/report/vendor/symfony/framework-bundle/Test/BrowserKitAssertionsTrait.php:33
/home/albinr/dbwebb-kurser/mvc/me/report/tests/Controller/ApiBlackJackControllerTest.php:49</failure>
        </testcase>
        <testcase name="testApiBlackJackHitWithoutGame" class="App\Tests\Controller\ApiBlackJackControllerTest" classname="App.Tests.Controller.ApiBlackJackControllerTest" file="/home/albinr/dbwebb-kurser/mvc/me/report/tests/Controller/ApiBlackJackControllerTest.php" line="60" assertions="3" time="0.010809"/>
        <testcase name="testApiBlackJackHitWithGame" class="App\Tests\Controller\ApiBlackJackControllerTest" classname="App.Tests.Controller.ApiBlackJackControllerTest" file="/home/albinr/dbwebb-kurser/mvc/me/report/tests/Controller/ApiBlackJackControllerTest.php" line="75" assertions="1" time="0.530269">
          <failure type="PHPUnit\Framework\ExpectationFailedException">App\Tests\Controller\ApiBlackJackControllerTest::testApiBlackJackHitWithGame
Failed asserting that the Response is successful.
HTTP/1.1 500 Internal Server Error&#13;
Cache-Control:          max-age=0, must-revalidate, private&#13;
Content-Type:           text/html; charset=UTF-8&#13;
Date:                   Mon, 26 Aug 2024 20:20:49 GMT&#13;
Expires:                Mon, 26 Aug 2024 20:20:49 GMT&#13;
Vary:                   Accept&#13;
X-Debug-Exception:      Undefined%20array%20key%200&#13;
X-Debug-Exception-File: %2Fhome%2Falbinr%2Fdbwebb-kurser%2Fmvc%2Fme%2Freport%2Fsrc%2FCard%2FPlayer.php:51&#13;
X-Robots-Tag:           noindex&#13;
&#13;
&lt;!-- Undefined array key 0 (500 Internal Server Error) --&gt;
&lt;!DOCTYPE html&gt;
&lt;html lang="en"&gt;
    &lt;head&gt;
        &lt;meta charset="UTF-8" /&gt;
        &lt;meta name="robots" content="noindex,nofollow" /&gt;
        &lt;meta name="viewport" content="width=device-width,initial-scale=1" /&gt;
        &lt;title&gt;Undefined array key 0 (500 Internal Server Error)&lt;/title&gt;
        &lt;link rel="icon" type="image/png" href="data:image/png;base64,iVBORw0KGgoAAAANSUhEUgAAABwAAAAgCAYAAAABtRhCAAADVUlEQVRIx82XX0jTURTHLYPyqZdefQx66CEo80+aYpoIkqzUikz6Z5klQoWUWYRIJYEUGpQ+lIr9U5dOTLdCtkmWZis3rbnC5fw/neYW002307mX/cZvP3/7o1PwwOdh95x7vnf39zvnd29AgBer2xO6DclAXiMqZAqxIiNIN/IYSUS2BPhjmGATchUxI+ADWiRhpWK7HKuHFVBFdmU5YvnI4grFGCaReF/EBH4KsZlGgj2JBTuCYBWRIYF8YoEOJ6wBt/gEs7mBbyOjQXruPLSdOgPCiEiPSUUHDoL8Ug5IUo9B/d5wrt+G7OAKNrODPuVdB6vRCIzN6SdBlpW9RIgk/1FeAXabzRlrUPVCS/JhbmwudztnGeeH9AyXBIwtmM3wLinZJZHifjHw2V+NBoRh+9ixQrbgbnaSIcl7cGea6hoXQbNe7za241oeO5Z0p42M4BV2EqP2D50wo+6HzvwC6C4sApNOR8cmOrtcnhtj2kYRyC9eBvXzKrBZrXSs72kFd1t3MoKVbMekQkEnSNKOO8fac3LpmK6l1TlGtsxmsdKFsecPYgwxst0cwROMYDXboSotg0WLBRqjY51jLYcENElXwW2XJKPydvoI2GN9T8rBtrAArYIUruBJXkFheCQYlCpQP6uk5dAQFQNaUROMSGVQFxLmkoQsxDJrhLbTZ+nvVsERME9MgPJRKV/58AsyomTSzE813WLFvWK++qI0xSfQl8k8Pg46sYRuv5t6dS+4RqxDwaa4BGjYH+NTQvKScIp9+YL/hoZh3jDtLRHtt2C3g6bmhX+CpsFBWg7ilDSPgj0lD2ncr5ev/BP8VvyAJhqVyZeUhPOrEhEFxgEtjft846Z/guQTNT89Q5P9flMLoth4F7808wKtWWKzAwNQHxrh/1vaid2F+XpYTSbQf1XA2McOmOpROnvpvMEA4tSjq1cW0sws2gCYxswY6TKkvzYnJq1NHZLnRU4BX+4U0uburvusu8Kv8iHY7qefkM4IFngJHEOUXmLEPgiGsI8YnlZILit3vSSLRTQe/MPIZva5pshNIEmyFQlCvruJKXPkCEfmePzkphXHdzZNQdoRI9KPlBAxlj/I8U97ERPS5bjGbWDFbEdqHVe5caTBeZZx2H/IMvzeN15yoQAAAABJRU5ErkJggg==" /&gt;
        &lt;style&gt;/* This file is based on WebProfilerBundle/Resources/views/Profiler/profiler.css.twig.
   If you make any change in this file, verify the same change is needed in the other file. */
:root {
    --font-sans-serif: Helvetica, Arial, sans-serif;
    --page-background: #f9f9f9;
    --color-text: #222;
    /* when updating any of these colors, do the same in toolbar.css.twig */
    --color-success: #4f805d;
    --color-warning: #a46a1f;
    --color-error: #b0413e;
    --color-muted: #999;
    --tab-background: #f0f0f0;
    --tab-border-color: #e5e5e5;
    --tab-active-border-color: #d4d4d4;
    --tab-color: #444;
    --tab-active-background: #fff;
    --tab-active-color: var(--color-text);
    --tab-disabled-background: #f5f5f5;
    --tab-disabled-color: #999;
    --selected-badge-background: #e5e5e5;
    --selected-badge-color: #525252;
    --selected-badge-shadow: inset 0 0 0 1px #d4d4d4;
    --selected-badge-warning-background: #fde496;
    --selected-badge-warning-color: #785b02;
    --selected-badge-warning-shadow: inset 0 0 0 1px #e6af05;
    --selected-badge-danger-background: #FCE9ED;
    --selected-badge-danger-color: #83122A;
    --selected-badge-danger-shadow: inset 0 0 0 1px #F5B8C5;
    --metric-value-background: #fff;
    --metric-value-color: inherit;
    --metric-unit-color: #999;
    --metric-label-background: #e0e0e0;
    --metric-label-color: inherit;
    --table-border: #e0e0e0;
    --table-background: #fff;
    --table-header: #e0e0e0;
    --trace-selected-background: #F7E5A1;
    --tree-active-background: #F7E5A1;
    --exception-title-color: var(--base-2);
    --shadow: 0px 0px 1px rgba(128, 128, 128, .2);
    --border: 1px solid #e0e0e0;
    --background-error: var(--color-error);
    --highlight-comment: #969896;
    --highlight-default: #222222;
    --highlight-keyword: #a71d5d;
    --highlight-string: #183691;
    --base-0: #fff;
    --base-1: #f5f5f5;
    --base-2: #e0e0e0;
    --base-3: #ccc;
    --base-4: #666;
    --base-5: #444;
    --base-6: #222;
}

.theme-dark {
    --page-background: #36393e;
    --color-text: #e0e0e0;
    --color-muted: #777;
    --color-error: #d43934;
    --tab-background: #404040;
    --tab-border-color: #737373;
    --tab-active-border-color: #171717;
    --tab-color: var(--color-text);
    --tab-active-background: #d4d4d4;
    --tab-active-color: #262626;
    --tab-disabled-background: var(--page-background);
    --tab-disabled-color: #a3a3a3;
    --selected-badge-background: #555;
    --selected-badge-color: #ddd;
    --selected-badge-shadow: none;
    --selected-badge-warning-background: #fcd55f;
    --selected-badge-warning-color: #785b02;
    --selected-badge-warning-shadow: inset 0 0 0 1px #af8503;
    --selected-badge-danger-background: #B41939;
    --selected-badge-danger-color: #FCE9ED;
    --selected-badge-danger-shadow: none;
    --metric-value-background: #555;
    --metric-value-color: inherit;
    --metric-unit-color: #999;
    --metric-label-background: #777;
    --metric-label-color: #e0e0e0;
    --trace-selected-background: #71663acc;
    --table-border: #444;
    --table-background: #333;
    --table-header: #555;
    --info-background: rgba(79, 148, 195, 0.5);
    --tree-active-background: var(--metric-label-background);
    --exception-title-color: var(--base-2);
    --shadow: 0px 0px 1px rgba(32, 32, 32, .2);
    --border: 1px solid #666;
    --background-error: #b0413e;
    --highlight-comment: #dedede;
    --highlight-default: var(--base-6);
    --highlight-keyword: #ff413c;
    --highlight-string: #70a6fd;
    --base-0: #2e3136;
    --base-1: #444;
    --base-2: #666;
    --base-3: #666;
    --base-4: #666;
    --base-5: #e0e0e0;
    --base-6: #f5f5f5;
    --card-label-background: var(--tab-active-background);
    --card-label-color: var(--tab-active-color);
}

html{font-family:sans-serif;-webkit-text-size-adjust:100%;-ms-text-size-adjust:100%}body{margin:0}article,aside,details,figcaption,figure,footer,header,hgroup,main,menu,nav,section{display:block}audio,canvas,progress,video{display:inline-block;vertical-align:baseline}audio:not([controls]){display:none;height:0}[hidden],template{display:none}a{background-color:transparent}a:active,a:hover{outline:0}abbr[title]{border-bottom:1px dotted}b,strong{font-weight:700}dfn{font-style:italic}h1{margin:.67em 0;font-size:2em}mark{color:#000;background:#ff0}small{font-size:80%}sub,sup{position:relative;font-size:75%;line-height:0;vertical-align:baseline}sup{top:-.5em}sub{bottom:-.25em}img{border:0}svg:not(:root){overflow:hidden}figure{margin:1em 40px}hr{height:0;-webkit-box-sizing:content-box;-moz-box-sizing:content-box;box-sizing:content-box}pre{overflow:auto}code,kbd,pre,samp{font-family:monospace,monospace;font-size:1em}button,input,optgroup,select,textarea{margin:0;font:inherit;color:inherit}button{overflow:visible}button,select{text-transform:none}button,html input[type="button"],input[type="reset"],input[type="submit"]{-webkit-appearance:button;cursor:pointer}button[disabled],html input[disabled]{cursor:default}button::-moz-focus-inner,input::-moz-focus-inner{padding:0;border:0}input{line-height:normal}input[type="checkbox"],input[type="radio"]{-webkit-box-sizing:border-box;-moz-box-sizing:border-box;box-sizing:border-box;padding:0}input[type="number"]::-webkit-inner-spin-button,input[type="number"]::-webkit-outer-spin-button{height:auto}input[type="search"]{-webkit-box-sizing:content-box;-moz-box-sizing:content-box;box-sizing:content-box;-webkit-appearance:textfield}input[type="search"]::-webkit-search-cancel-button,input[type="search"]::-webkit-search-decoration{-webkit-appearance:none}fieldset{padding:.35em .625em .75em;margin:0 2px;border:1px solid silver}legend{padding:0;border:0}textarea{overflow:auto}optgroup{font-weight:700}table{border-spacing:0;border-collapse:collapse}td,th{padding:0}summary{cursor: pointer}

html {
    /* always display the vertical scrollbar to avoid jumps when toggling contents */
    overflow-y: scroll;
}
body { background-color: var(--page-background); color: var(--base-6); font: 14px/1.4 Helvetica, Arial, sans-serif; padding-bottom: 45px; }

a { cursor: pointer; text-decoration: none; }
a:hover { text-decoration: underline; }
abbr[title] { border-bottom: none; cursor: help; text-decoration: none; }

code, pre { font: 13px/1.5 Consolas, Monaco, Menlo, "Ubuntu Mono", "Liberation Mono", monospace; }

table, tr, th, td { background: var(--base-0); border-collapse: collapse; vertical-align: top; }
table { background: var(--base-0); border: var(--border); box-shadow: 0px 0px 1px rgba(128, 128, 128, .2); margin: 1em 0; width: 100%; }
table th, table td { border: solid var(--base-2); border-width: 1px 0; padding: 8px 10px; }
table th { background-color: var(--base-2); font-weight: bold; text-align: left; }

.m-t-5 { margin-top: 5px; }
.hidden-xs-down { display: none; }
.block { display: block; }
.full-width { width: 100%; }
.hidden { display: none; }
.prewrap { white-space: pre-wrap; }
.nowrap { white-space: nowrap; }
.newline { display: block; }
.break-long-words { word-wrap: break-word; overflow-wrap: break-word; -webkit-hyphens: auto; -moz-hyphens: auto; hyphens: auto; min-width: 0; }
.text-small { font-size: 12px !important; }
.text-muted { color: #999; }
.text-bold { font-weight: bold; }
.empty { border: 4px dashed var(--base-2); color: #999; margin: 1em 0; padding: .5em 2em; }

.status-success { background: rgba(94, 151, 110, 0.3); }
.status-warning { background: rgba(240, 181, 24, 0.3); }
.status-error { background: rgba(176, 65, 62, 0.2); }
.status-success td, .status-warning td, .status-error td { background: transparent; }
tr.status-error td, tr.status-warning td { border-bottom: 1px solid var(--base-2); border-top: 1px solid var(--base-2); }
.status-warning .colored { color: #A46A1F; }
.status-error .colored  { color: var(--color-error); }

.sf-toggle { cursor: pointer; position: relative; }
.sf-toggle-content { -moz-transition: display .25s ease; -webkit-transition: display .25s ease; transition: display .25s ease; }
.sf-toggle-content.sf-toggle-hidden { display: none; }
.sf-toggle-content.sf-toggle-visible { display: block; }
thead.sf-toggle-content.sf-toggle-visible, tbody.sf-toggle-content.sf-toggle-visible { display: table-row-group; }
.sf-toggle-off .icon-close, .sf-toggle-on .icon-open { display: none; }
.sf-toggle-off .icon-open, .sf-toggle-on .icon-close { display: block; }

.tab-navigation {
    background-color: var(--tab-background);
    border-radius: 6px;
    box-shadow: inset 0 0 0 1px var(--tab-border-color), 0 0 0 5px var(--page-background);
    display: inline-flex;
    flex-wrap: wrap;
    margin: 0 0 15px;
    padding: 0;
    user-select: none;
    -webkit-user-select: none;
}
.sf-tabs-sm .tab-navigation {
    box-shadow: inset 0 0 0 1px var(--tab-border-color), 0 0 0 4px var(--page-background);
    margin: 0 0 10px;
}
.tab-navigation .tab-control {
    background: transparent;
    border: 0;
    box-shadow: none;
    transition: box-shadow .05s ease-in, background-color .05s ease-in;
    cursor: pointer;
    font-size: 14px;
    font-weight: 500;
    line-height: 1.4;
    margin: 0;
    padding: 4px 14px;
    position: relative;
    text-align: center;
    z-index: 1;
}
.sf-tabs-sm .tab-navigation .tab-control {
    font-size: 13px;
    padding: 2.5px 10px;
}
.tab-navigation .tab-control:before {
    background: var(--tab-border-color);
    bottom: 15%;
    content: "";
    left: 0;
    position: absolute;
    top: 15%;
    width: 1px;
}
.tab-navigation .tab-control:first-child:before,
.tab-navigation .tab-control.active + .tab-control:before,
.tab-navigation .tab-control.active:before {
    width: 0;
}
.tab-navigation .tab-control .badge {
    background: var(--selected-badge-background);
    box-shadow: var(--selected-badge-shadow);
    color: var(--selected-badge-color);
    display: inline-block;
    font-size: 12px;
    font-weight: bold;
    line-height: 1;
    margin-left: 8px;
    min-width: 10px;
    padding: 2px 6px;
    text-align: center;
    white-space: nowrap;
}
.tab-navigation .tab-control.disabled {
    color: var(--tab-disabled-color);
}
.tab-navigation .tab-control.active {
    background-color: var(--tab-active-background);
    border-radius: 6px;
    box-shadow: inset 0 0 0 1.5px var(--tab-active-border-color);
    color: var(--tab-active-color);
    position: relative;
    z-index: 1;
}
.theme-dark .tab-navigation li.active {
    box-shadow: inset 0 0 0 1px var(--tab-border-color);
}
.tab-content &gt; *:first-child {
    margin-top: 0;
}
.tab-navigation .tab-control .badge.status-warning {
    background: var(--selected-badge-warning-background);
    box-shadow: var(--selected-badge-warning-shadow);
    color: var(--selected-badge-warning-color);
}
.tab-navigation .tab-control .badge.status-error {
    background: var(--selected-badge-danger-background);
    box-shadow: var(--selected-badge-danger-shadow);
    color: var(--selected-badge-danger-color);
}

.sf-tabs .tab:not(:first-child) { display: none; }

[data-filters] { position: relative; }
[data-filtered] { cursor: pointer; }
[data-filtered]:after { content: '\00a0\25BE'; }
[data-filtered]:hover .filter-list li { display: inline-flex; }
[class*="filter-hidden-"] { display: none; }
.filter-list { position: absolute; border: var(--border); box-shadow: var(--shadow); margin: 0; padding: 0; display: flex; flex-direction: column; }
.filter-list :after { content: ''; }
.filter-list li {
    background: var(--tab-disabled-background);
    border-bottom: var(--border);
    color: var(--tab-disabled-color);
    display: none;
    list-style: none;
    margin: 0;
    padding: 5px 10px;
    text-align: left;
    font-weight: normal;
}
.filter-list li.active {
    background: var(--tab-background);
    color: var(--tab-color);
}
.filter-list li.last-active {
    background: var(--tab-active-background);
    color: var(--tab-active-color);
}

.filter-list-level li { cursor: s-resize; }
.filter-list-level li.active { cursor: n-resize; }
.filter-list-level li.last-active { cursor: default; }
.filter-list-level li.last-active:before { content: '\2714\00a0'; }
.filter-list-choice li:before { content: '\2714\00a0'; color: transparent; }
.filter-list-choice li.active:before { color: unset; }

.container { max-width: 1024px; margin: 0 auto; padding: 0 15px; }
.container::after { content: ""; display: table; clear: both; }

header { background-color: #222; color: rgba(255, 255, 255, 0.75); font-size: 13px; height: 33px; line-height: 33px; padding: 0; }
header .container { display: flex; justify-content: space-between; }
.logo { flex: 1; font-size: 13px; font-weight: normal; margin: 0; padding: 0; }
.logo svg { height: 18px; width: 18px; opacity: .8; vertical-align: -5px; }

.help-link { margin-left: 15px; }
.help-link a { color: inherit; }
.help-link .icon svg { height: 15px; width: 15px; opacity: .7; vertical-align: -2px; }
.help-link a:hover { color: #EEE; text-decoration: none; }
.help-link a:hover svg { opacity: .9; }

.exception-summary { background: var(--background-error); border-bottom: 2px solid rgba(0, 0, 0, 0.1); border-top: 1px solid rgba(0, 0, 0, .3); flex: 0 0 auto; margin-bottom: 15px; }
.exception-metadata { background: rgba(0, 0, 0, 0.1); padding: 7px 0; }
.exception-metadata .container { display: flex; flex-direction: row; justify-content: space-between; }
.exception-metadata h2, .exception-metadata h2 &gt; a { color: rgba(255, 255, 255, 0.8); font-size: 13px; font-weight: 400; margin: 0; }
.exception-http small { font-size: 13px; opacity: .7; }
.exception-hierarchy { flex: 1; }
.exception-hierarchy .icon { margin: 0 3px; opacity: .7; }
.exception-hierarchy .icon svg { height: 13px; width: 13px; vertical-align: -2px; }

.exception-without-message .exception-message-wrapper { display: none; }
.exception-message-wrapper .container { display: flex; align-items: flex-start; min-height: 70px; padding: 10px 15px 8px; }
.exception-message { flex-grow: 1; }
.exception-message, .exception-message a { color: #FFF; font-size: 21px; font-weight: 400; margin: 0; }
.exception-message.long { font-size: 18px; }
.exception-message a { border-bottom: 1px solid rgba(255, 255, 255, 0.5); font-size: inherit; text-decoration: none; }
.exception-message a:hover { border-bottom-color: #ffffff; }

.exception-properties-wrapper { margin: .8em 0; }
.exception-properties { background: var(--base-0); border: var(--border); box-shadow: 0px 0px 1px rgba(128, 128, 128, .2); }
.exception-properties pre { margin: 0; padding: 0.2em 0; }

.exception-illustration { flex-basis: 111px; flex-shrink: 0; height: 66px; margin-left: 15px; opacity: .7; }

.trace + .trace { margin-top: 30px; }
.trace-head { background-color: var(--base-2); padding: 10px; position: relative; }
.trace-head .trace-class { color: var(--base-6); font-size: 18px; font-weight: bold; line-height: 1.3; margin: 0; position: relative; }
.trace-head .trace-namespace { color: #999; display: block; font-size: 13px; }
.trace-head .icon { position: absolute; right: 0; top: 0; }
.trace-head .icon svg { fill: var(--base-5); height: 24px; width: 24px; }

.trace-details { background: var(--base-0); border: var(--border); box-shadow: 0px 0px 1px rgba(128, 128, 128, .2); margin: 0 0 1em; table-layout: fixed; }

.trace-message { font-size: 14px; font-weight: normal; margin: .5em 0 0; }

.trace-line { position: relative; padding-top: 8px; padding-bottom: 8px; }
.trace-line + .trace-line { border-top: var(--border); }
.trace-line:hover { background: var(--base-1); }
.trace-line a { color: var(--base-6); }
.trace-line .icon { opacity: .4; position: absolute; left: 10px; }
.trace-line .icon svg { fill: var(--base-5); height: 16px; width: 16px; }
.trace-line .icon.icon-copy { left: auto; top: auto; padding-left: 5px; display: none }
.trace-line:hover .icon.icon-copy:not(.hidden) { display: inline-block }
.trace-line-header { padding-left: 36px; padding-right: 10px; }

.trace-file-path, .trace-file-path a { color: var(--base-6); font-size: 13px; }
.trace-class { color: var(--color-error); }
.trace-type { padding: 0 2px; }
.trace-method { color: var(--color-error); font-weight: bold; }
.trace-arguments { color: #777; font-weight: normal; padding-left: 2px; }

.trace-code { background: var(--base-0); font-size: 12px; margin: 10px 10px 2px 10px; padding: 10px; overflow-x: auto; white-space: nowrap; }
.trace-code ol { margin: 0; float: left; }
.trace-code li { color: #969896; margin: 0; padding-left: 10px; float: left; width: 100%; }
.trace-code li + li { margin-top: 5px; }
.trace-code li.selected { background: var(--trace-selected-background); margin-top: 2px; }
.trace-code li code { color: var(--base-6); white-space: nowrap; }

.trace-as-text .stacktrace { line-height: 1.8; margin: 0 0 15px; white-space: pre-wrap; }

@media (min-width: 575px) {
    .hidden-xs-down { display: initial; }
    .help-link { margin-left: 30px; }
}&lt;/style&gt;
        &lt;style&gt;.sf-reset .traces {
    padding-bottom: 14px;
}
.sf-reset .traces li {
    font-size: 12px;
    color: #868686;
    padding: 5px 4px;
    list-style-type: decimal;
    margin-left: 20px;
}
.sf-reset #logs .traces li.error {
    font-style: normal;
    color: #AA3333;
    background: #f9ecec;
}
.sf-reset #logs .traces li.warning {
    font-style: normal;
    background: #ffcc00;
}
/* fix for Opera not liking empty &lt;li&gt; */
.sf-reset .traces li:after {
    content: "\00A0";
}
.sf-reset .trace {
    border: 1px solid #D3D3D3;
    padding: 10px;
    overflow: auto;
    margin: 10px 0 20px;
}
.sf-reset .block-exception {
    -moz-border-radius: 16px;
    -webkit-border-radius: 16px;
    border-radius: 16px;
    margin-bottom: 20px;
    background-color: #f6f6f6;
    border: 1px solid #dfdfdf;
    padding: 30px 28px;
    word-wrap: break-word;
    overflow: hidden;
}
.sf-reset .block-exception div {
    color: #313131;
    font-size: 10px;
}
.sf-reset .block-exception-detected .illustration-exception,
.sf-reset .block-exception-detected .text-exception {
    float: left;
}
.sf-reset .block-exception-detected .illustration-exception {
    width: 152px;
}
.sf-reset .block-exception-detected .text-exception {
    width: 670px;
    padding: 30px 44px 24px 46px;
    position: relative;
}
.sf-reset .text-exception .open-quote,
.sf-reset .text-exception .close-quote {
    font-family: Arial, Helvetica, sans-serif;
    position: absolute;
    color: #C9C9C9;
    font-size: 8em;
}
.sf-reset .open-quote {
    top: 0;
    left: 0;
}
.sf-reset .close-quote {
    bottom: -0.5em;
    right: 50px;
}
.sf-reset .block-exception p {
    font-family: Arial, Helvetica, sans-serif;
}
.sf-reset .block-exception p a,
.sf-reset .block-exception p a:hover {
    color: #565656;
}
.sf-reset .logs h2 {
    float: left;
    width: 654px;
}
.sf-reset .error-count, .sf-reset .support {
    float: right;
    width: 170px;
    text-align: right;
}
.sf-reset .error-count span {
    display: inline-block;
    background-color: #aacd4e;
    -moz-border-radius: 6px;
    -webkit-border-radius: 6px;
    border-radius: 6px;
    padding: 4px;
    color: white;
    margin-right: 2px;
    font-size: 11px;
    font-weight: bold;
}

.sf-reset .support a {
    display: inline-block;
    -moz-border-radius: 6px;
    -webkit-border-radius: 6px;
    border-radius: 6px;
    padding: 4px;
    color: #000000;
    margin-right: 2px;
    font-size: 11px;
    font-weight: bold;
}

.sf-reset .toggle {
    vertical-align: middle;
}
.sf-reset .linked ul,
.sf-reset .linked li {
    display: inline;
}
.sf-reset #output-content {
    color: #000;
    font-size: 12px;
}
.sf-reset #traces-text pre {
    white-space: pre;
    font-size: 12px;
    font-family: monospace;
}&lt;/style&gt;
    &lt;/head&gt;
    &lt;body&gt;
        &lt;script&gt;
            document.body.classList.add(
                localStorage.getItem('symfony/profiler/theme') || (matchMedia('(prefers-color-scheme: dark)').matches ? 'theme-dark' : 'theme-light')
            );
        &lt;/script&gt;

                    &lt;header&gt;
                &lt;div class="container"&gt;
                    &lt;h1 class="logo"&gt;&lt;svg xmlns="http://www.w3.org/2000/svg" width="24" height="24" viewBox="0 0 24 24"&gt;&lt;path fill="#FFF" d="M12 .9C5.8.9.9 5.8.9 12a11 11 0 1 0 22.2 0A11 11 0 0 0 12 .9zm6.5 6c-.6 0-.9-.3-.9-.8 0-.2 0-.4.2-.6l.2-.4c0-.3-.5-.4-.6-.4-1.8.1-2.3 2.5-2.7 4.4l-.2 1c1 .2 1.8 0 2.2-.3.6-.4-.2-.7-.1-1.2.1-.3.5-.5.7-.6.5 0 .7.5.7.9 0 .7-1 1.8-3 1.8l-.6-.1-.6 2.4c-.4 1.6-.8 3.8-2.4 5.7-1.4 1.7-2.9 1.9-3.5 1.9-1.2 0-1.9-.6-2-1.5 0-.8.7-1.3 1.2-1.3.6 0 1.1.5 1.1 1s-.2.6-.4.6c-.1.1-.3.2-.3.4 0 .1.1.3.4.3.5 0 .8-.3 1.1-.5 1.2-.9 1.6-2.7 2.2-5.7l.1-.7.7-3.2c-.8-.6-1.3-1.4-2.4-1.7-.6-.1-1.1.1-1.5.5-.4.5-.2 1.1.2 1.5l.7.6c.7.8 1.2 1.6 1 2.5-.3 1.5-2 2.6-4 1.9-1.8-.6-2-1.8-1.8-2.5.2-.6.6-.7 1.1-.6.5.2.6.7.6 1.2l-.1.3c-.2.1-.3.3-.3.4-.1.4.4.6.7.7.7.3 1.6-.2 1.8-.8a1 1 0 0 0-.4-1.1l-.7-.8c-.4-.4-1.1-1.4-.7-2.6.1-.5.4-.9.7-1.3a4 4 0 0 1 2.8-.6c1.2.4 1.8 1.1 2.6 1.8.5-1.2 1-2.4 1.8-3.5.9-.9 1.9-1.6 3.1-1.7 1.3.2 2.2.7 2.2 1.6 0 .4-.2 1.1-.9 1.1z"/&gt;&lt;/svg&gt; Symfony Exception&lt;/h1&gt;

                    &lt;div class="help-link"&gt;
                        &lt;a href="https://symfony.com/doc/7.0.6/index.html"&gt;
                            &lt;span class="icon"&gt;&lt;svg width="1792" height="1792" viewBox="0 0 1792 1792" xmlns="http://www.w3.org/2000/svg"&gt;&lt;path fill="#FFF" d="M1703 478q40 57 18 129l-275 906q-19 64-76.5 107.5T1247 1664H324q-77 0-148.5-53.5T76 1479q-24-67-2-127 0-4 3-27t4-37q1-8-3-21.5t-3-19.5q2-11 8-21t16.5-23.5T116 1179q23-38 45-91.5t30-91.5q3-10 .5-30t-.5-28q3-11 17-28t17-23q21-36 42-92t25-90q1-9-2.5-32t.5-28q4-13 22-30.5t22-22.5q19-26 42.5-84.5T404 411q1-8-3-25.5t-2-26.5q2-8 9-18t18-23 17-21q8-12 16.5-30.5t15-35 16-36 19.5-32 26.5-23.5 36-11.5T620 134l-1 3q38-9 51-9h761q74 0 114 56t18 130l-274 906q-36 119-71.5 153.5T1089 1408H220q-27 0-38 15-11 16-1 43 24 70 144 70h923q29 0 56-15.5t35-41.5l300-987q7-22 5-57 38 15 59 43zm-1064 2q-4 13 2 22.5t20 9.5h608q13 0 25.5-9.5T1311 480l21-64q4-13-2-22.5t-20-9.5H702q-13 0-25.5 9.5T660 416zm-83 256q-4 13 2 22.5t20 9.5h608q13 0 25.5-9.5T1228 736l21-64q4-13-2-22.5t-20-9.5H619q-13 0-25.5 9.5T577 672z"/&gt;&lt;/svg&gt;&lt;/span&gt;
                            &lt;span class="hidden-xs-down"&gt;Symfony&lt;/span&gt; Docs
                        &lt;/a&gt;
                    &lt;/div&gt;
                &lt;/div&gt;
            &lt;/header&gt;
        
        &lt;div class="exception-summary "&gt;
    &lt;div class="exception-metadata"&gt;
        &lt;div class="container"&gt;
            &lt;h2 class="exception-hierarchy"&gt;
                                &lt;a href="#trace-box-1"&gt;&lt;abbr title="PHPUnit\Framework\Error\Warning"&gt;Warning&lt;/abbr&gt;&lt;/a&gt;
            &lt;/h2&gt;
            &lt;h2 class="exception-http"&gt;
                HTTP 500 &lt;small&gt;Internal Server Error&lt;/small&gt;
            &lt;/h2&gt;
        &lt;/div&gt;
    &lt;/div&gt;
    &lt;div class="exception-message-wrapper"&gt;
        &lt;div class="container"&gt;
            &lt;h1 class="break-long-words exception-message"&gt;Undefined array key 0&lt;/h1&gt;

            &lt;div class="exception-illustration hidden-xs-down"&gt;
                &lt;svg viewBox="0 0 136 81" xmlns="http://www.w3.org/2000/svg" fill-rule="evenodd" clip-rule="evenodd" stroke-linejoin="round" stroke-miterlimit="1.4"&gt;&lt;path d="M92.4 20.4a23.2 23.2 0 0 1 9 1.9 23.7 23.7 0 0 1 5.2 3 24.3 24.3 0 0 1 3.4 3.4 24.8 24.8 0 0 1 5 9.4c.5 1.7.8 3.4 1 5.2v14.5h.4l.5.2a7.4 7.4 0 0 0 2.5.2l.2-.2.6-.8.8-1.3-.2-.1a5.5 5.5 0 0 1-.8-.3 5.6 5.6 0 0 1-2.3-1.8 5.7 5.7 0 0 1-.9-1.6 6.5 6.5 0 0 1-.2-2.8 7.3 7.3 0 0 1 .5-2l.3-.3.8-.9.3-.3c.2-.2.5-.3.8-.3H120.7c.2 0 .3-.1.4 0h.4l.2.1.3.2.2-.4.3-.4.1-.1 1.2-1 .3-.2.4-.1.4-.1h.3l1.5.1.4.1.8.5.1.2 1 1.1v.2H129.4l.4-.2 1.4-.5h1.1c.3 0 .7.2 1 .4.2 0 .3.2.5.3l.2.2.5.3.4.6.1.3.4 1.4.1.4v.6a7.8 7.8 0 0 1-.1.6 9.9 9.9 0 0 1-.8 2.4 7.8 7.8 0 0 1-3 3.3 6.4 6.4 0 0 1-1 .5 6.1 6.1 0 0 1-.6.2l-.7.1h-.1a23.4 23.4 0 0 1-.2 1.7 14.3 14.3 0 0 1-.6 2.1l-.8 2a9.2 9.2 0 0 1-.4.6l-.7 1a9.1 9.1 0 0 1-2.3 2.2c-.9.5-2 .6-3 .7l-1.4.1h-.5l-.4.1a15.8 15.8 0 0 1-2.8-.1v4.2a9.7 9.7 0 0 1-.7 3.5 9.6 9.6 0 0 1-1.7 2.8 9.3 9.3 0 0 1-3 2.3 9 9 0 0 1-5.4.7 9 9 0 0 1-3-1 9.4 9.4 0 0 1-2.7-2.5 10 10 0 0 1-1 1.2 9.3 9.3 0 0 1-2 1.3 9 9 0 0 1-2.4 1 9 9 0 0 1-6.5-1.1A9.4 9.4 0 0 1 85 77V77a10.9 10.9 0 0 1-.6.6 9.3 9.3 0 0 1-2.7 2 9 9 0 0 1-6 .8 9 9 0 0 1-2.4-1 9.3 9.3 0 0 1-2.3-1.7 9.6 9.6 0 0 1-1.8-2.8 9.7 9.7 0 0 1-.8-3.7v-4a18.5 18.5 0 0 1-2.9.2l-1.2-.1c-1.9-.3-3.7-1-5.1-2.2a8.2 8.2 0 0 1-1.1-1 10.2 10.2 0 0 1-.9-1.2 15.3 15.3 0 0 1-.7-1.3 20.8 20.8 0 0 1-1.9-6.2v-.2a6.5 6.5 0 0 1-1-.3 6.1 6.1 0 0 1-.6-.3 6.6 6.6 0 0 1-.9-.6 8.2 8.2 0 0 1-2.7-3.7 10 10 0 0 1-.3-1 10.3 10.3 0 0 1-.3-1.9V47v-.4l.1-.4.6-1.4.1-.2a2 2 0 0 1 .8-.8l.3-.2.3-.2a3.2 3.2 0 0 1 1.8-.5h.4l.3.2 1.4.6.2.2.4.3.3.4.7-.7.2-.2.4-.2.6-.2h2.1l.4.2.4.2.3.2.8 1 .2-.1h.1v-.1H63l1.1.1h.3l.8.5.3.4.7 1 .2.3.1.5a11 11 0 0 1 .2 1.5c0 .8 0 1.6-.3 2.3a6 6 0 0 1-.5 1.2 5.5 5.5 0 0 1-3.3 2.5 12.3 12.3 0 0 0 1.4 3h.1l.2.1 1 .2h1.5l.5-.2H67.8l.5-.2h.1V44v-.4a26.7 26.7 0 0 1 .3-2.3 24.7 24.7 0 0 1 5.7-12.5 24.2 24.2 0 0 1 3.5-3.3 23.7 23.7 0 0 1 4.9-3 23.2 23.2 0 0 1 5.6-1.7 23.7 23.7 0 0 1 4-.3zm-.3 2a21.2 21.2 0 0 0-8 1.7 21.6 21.6 0 0 0-4.8 2.7 22.2 22.2 0 0 0-3.2 3 22.7 22.7 0 0 0-5 9.2 23.4 23.4 0 0 0-.7 4.9v15.7l-.5.1a34.3 34.3 0 0 1-1.5.3h-.2l-.4.1h-.4l-.9.2a10 10 0 0 1-1.9 0c-.5 0-1-.2-1.5-.4a1.8 1.8 0 0 1-.3-.2 2 2 0 0 1-.3-.3 5.2 5.2 0 0 1-.1-.2 9 9 0 0 1-.6-.9 13.8 13.8 0 0 1-1-2 14.3 14.3 0 0 1-.6-2 14 14 0 0 1-.1-.8v-.2h.3a12.8 12.8 0 0 0 1.4-.2 4.4 4.4 0 0 0 .3 0 3.6 3.6 0 0 0 1.1-.7 3.4 3.4 0 0 0 1.2-1.7l.2-1.2a5.1 5.1 0 0 0 0-.8 7.2 7.2 0 0 0-.1-.8l-.7-1-1.2-.2-1 .7-.1 1.3a5 5 0 0 1 .1.4v.6a1 1 0 0 1 0 .3c-.1.3-.4.4-.7.5l-1.2.4v-.7A9.9 9.9 0 0 1 60 49l.3-.6v-.2l.1-.1v-1.6l-1-1.2h-1.5l-1 1.1v.4a5.3 5.3 0 0 0-.2.6 5.5 5.5 0 0 0 0 .5c0 .7 0 1.4.3 2 0 .4.2.8.4 1.2L57 51a9.5 9.5 0 0 1-1.1-.5h-.2a2 2 0 0 1-.4-.3c-.4-.4-.5-1-.6-1.6a5.6 5.6 0 0 1 0-.5v-.5-.5l-.6-1.5-1.4-.6-.9.3s-.2 0-.3.2a2 2 0 0 1-.1 0l-.6 1.4v.7a8.5 8.5 0 0 0 .5 2c.4 1.1 1 2.1 2 2.8a4.7 4.7 0 0 0 2.1.9h1a22.8 22.8 0 0 0 .1 1 18.1 18.1 0 0 0 .8 3.8 18.2 18.2 0 0 0 1.6 3.7l1 1.3c1 1 2.3 1.6 3.7 2a11.7 11.7 0 0 0 4.8 0h.4l.5-.2.5-.1.6-.2v6.6a8 8 0 0 0 .1 1.3 7.5 7.5 0 0 0 2.4 4.3 7.2 7.2 0 0 0 2.3 1.3 7 7 0 0 0 7-1.1 7.5 7.5 0 0 0 2-2.6A7.7 7.7 0 0 0 85 72V71a8.2 8.2 0 0 0 .2 1.3c0 .7.3 1.4.6 2a7.5 7.5 0 0 0 1.7 2.3 7.3 7.3 0 0 0 2.2 1.4 7.1 7.1 0 0 0 4.6.2 7.2 7.2 0 0 0 2.4-1.2 7.5 7.5 0 0 0 2.1-2.7 7.8 7.8 0 0 0 .7-2.4V71a9.3 9.3 0 0 0 .1.6 7.6 7.6 0 0 0 .6 2.5 7.5 7.5 0 0 0 2.4 3 7.1 7.1 0 0 0 7 .8 7.3 7.3 0 0 0 2.3-1.5 7.5 7.5 0 0 0 1.6-2.3 7.6 7.6 0 0 0 .5-2l.1-1.1v-6.7l.4.1a12.2 12.2 0 0 0 2 .5 11.1 11.1 0 0 0 2.5 0h.8l1.2-.1a9.5 9.5 0 0 0 1.4-.2l.9-.3a3.5 3.5 0 0 0 .6-.4l1.2-1.4a12.2 12.2 0 0 0 .8-1.2c0-.3.2-.5.3-.7a15.9 15.9 0 0 0 .7-2l.3-1.6v-1.3l.2-.9V54.6a15.5 15.5 0 0 0 1.8 0 4.5 4.5 0 0 0 1.4-.5 5.7 5.7 0 0 0 2.5-3.2 7.6 7.6 0 0 0 .4-1.5v-.3l-.4-1.4a5.2 5.2 0 0 1-.2-.1l-.4-.4a3.8 3.8 0 0 0-.2 0 1.4 1.4 0 0 0-.5-.2l-1.4.4-.7 1.3v.7a5.7 5.7 0 0 1-.1.8l-.7 1.4a1.9 1.9 0 0 1-.5.3h-.3a9.6 9.6 0 0 1-.8.3 8.8 8.8 0 0 1-.6 0l.2-.4.2-.5.2-.3v-.4l.1-.2V50l.1-1 .1-.6v-.6a4.8 4.8 0 0 0 0-.8v-.2l-1-1.1-1.5-.2-1.1 1-.2 1.4v.1l.2.4.2.3v.4l.1 1.1v.3l.1.5v.8a9.6 9.6 0 0 1-.8-.3l-.2-.1h-.3l-.8-.1h-.2a1.6 1.6 0 0 1-.2-.2.9.9 0 0 1-.2-.2 1 1 0 0 1-.1-.5l.2-.9v-1.2l-.9-.8h-1.2l-.8.9v.3a4.8 4.8 0 0 0-.3 2l.3.9a3.5 3.5 0 0 0 1.2 1.6l1 .5.8.2 1.4.1h.4l.2.1a12.1 12.1 0 0 1-1 2.6 13.2 13.2 0 0 1-.8 1.5 9.5 9.5 0 0 1-1 1.2l-.2.3a1.7 1.7 0 0 1-.4.3 2.4 2.4 0 0 1-.7.2h-2.5a7.8 7.8 0 0 1-.6-.2l-.7-.2h-.2a14.8 14.8 0 0 1-.6-.2 23.4 23.4 0 0 1-.4-.1l-.4-.1-.3-.1V43.9a34.6 34.6 0 0 0 0-.6 23.6 23.6 0 0 0-.4-3 22.7 22.7 0 0 0-1.5-4.7 22.6 22.6 0 0 0-4.6-6.7 21.9 21.9 0 0 0-6.9-4.7 21.2 21.2 0 0 0-8.1-1.8H92zm9.1 33.7l.3.1a1 1 0 0 1 .6.8v.4a8.4 8.4 0 0 1 0 .5 8.8 8.8 0 0 1-1.6 4.2l-1 1.3A10 10 0 0 1 95 66c-1.3.3-2.7.4-4 .3a10.4 10.4 0 0 1-2.7-.8 10 10 0 0 1-3.6-2.5 9.3 9.3 0 0 1-.8-1 9 9 0 0 1-.7-1.2 8.6 8.6 0 0 1-.8-3.4V57a1 1 0 0 1 .3-.6 1 1 0 0 1 1.3-.2 1 1 0 0 1 .4.8v.4a6.5 6.5 0 0 0 .5 2.2 7 7 0 0 0 2.1 2.8l1 .6c2.6 1.6 6 1.6 8.5 0a8 8 0 0 0 1.1-.6 7.6 7.6 0 0 0 1.2-1.2 7 7 0 0 0 1-1.7 6.5 6.5 0 0 0 .4-2.5 1 1 0 0 1 .7-1h.4zM30.7 43.7c-15.5 1-28.5-6-30.1-16.4C-1.2 15.7 11.6 4 29 1.3 46.6-1.7 62.3 5.5 64 17.1c1.6 10.4-8.7 21-23.7 25a31.2 31.2 0 0 0 0 .9v.3a19 19 0 0 0 .1 1l.1.4.1.9a4.7 4.7 0 0 0 .5 1l.7 1a9.2 9.2 0 0 0 1.2 1l1.5.8.6.8-.7.6-1.1.3a11.2 11.2 0 0 1-2.6.4 8.6 8.6 0 0 1-3-.5 8.5 8.5 0 0 1-1-.4 11.2 11.2 0 0 1-1.8-1.2 13.3 13.3 0 0 1-1-1 18 18 0 0 1-.7-.6l-.4-.4a23.4 23.4 0 0 1-1.3-1.8l-.1-.1-.3-.5V45l-.3-.6v-.7zM83.1 36c3.6 0 6.5 3.2 6.5 7.1 0 4-3 7.2-6.5 7.2S76.7 47 76.7 43 79.6 36 83 36zm18 0c3.6 0 6.5 3.2 6.5 7.1 0 4-2.9 7.2-6.4 7.2S94.7 47 94.7 43s3-7.1 6.5-7.1zm-18 6.1c2 0 3.5 1.6 3.5 3.6S85 49.2 83 49.2s-3.4-1.6-3.4-3.6S81.2 42 83 42zm17.9 0c1.9 0 3.4 1.6 3.4 3.6s-1.5 3.6-3.4 3.6c-2 0-3.5-1.6-3.5-3.6S99.1 42 101 42zM17 28c-.3 1.6-1.8 5-5.2 5.8-2.5.6-4.1-.8-4.5-2.6-.4-1.9.7-3.5 2.1-4.5A3.5 3.5 0 0 1 8 24.6c-.4-2 .8-3.7 3.2-4.2 1.9-.5 3.1.2 3.4 1.5.3 1.1-.5 2.2-1.8 2.5-.9.3-1.6 0-1.7-.6a1.4 1.4 0 0 1 0-.7s.3.2 1 0c.7-.1 1-.7.9-1.2-.2-.6-1-.8-1.8-.6-1 .2-2 1-1.7 2.6.3 1 .9 1.6 1.5 1.8l.7-.2c1-.2 1.5 0 1.6.5 0 .4-.2 1-1.2 1.2a3.3 3.3 0 0 1-1.5 0c-.9.7-1.6 1.9-1.3 3.2.3 1.3 1.3 2.2 3 1.8 2.5-.7 3.8-3.7 4.2-5-.3-.5-.6-1-.7-1.6-.1-.5.1-1 .9-1.2.4 0 .7.2.8.8a2.8 2.8 0 0 1 0 1l.7 1c.6-2 1.4-4 1.7-4 .6-.2 1.5.6 1.5.6-.8.7-1.7 2.4-2.3 4.2.8.6 1.6 1 2.1 1 .5-.1.8-.6 1-1.2-.3-2.2 1-4.3 2.3-4.6.7-.2 1.3.2 1.4.8.1.5 0 1.3-.9 1.7-.2-1-.6-1.3-1-1.3-.4.1-.7 1.4-.4 2.8.2 1 .7 1.5 1.3 1.4.8-.2 1.3-1.2 1.7-2.1-.3-2.1.9-4.2 2.2-4.5.7-.2 1.2.1 1.4 1 .4 1.4-1 2.8-2.2 3.4.3.7.7 1 1.3.9 1-.3 1.6-1.5 2-2.5l-.5-3v-.3s1.6-.3 1.8.6v.1c.2-.6.7-1.2 1.3-1.4.8-.1 1.5.6 1.7 1.6.5 2.2-.5 4.4-1.8 4.7H33a31.9 31.9 0 0 0 1 5.2c-.4.1-1.8.4-2-.4l-.5-5.6c-.5 1-1.3 2.2-2.5 2.4-1 .3-1.6-.3-2-1.1-.5 1-1.3 2.1-2.4 2.4-.8.2-1.5-.1-2-1-.3.8-.9 1.5-1.5 1.7-.7.1-1.5-.3-2.4-1-.3.8-.4 1.6-.4 2.2 0 0-.7 0-.8-.4-.1-.5 0-1.5.3-2.7a10.3 10.3 0 0 1-.7-.8zm38.2-17.8l.2.9c.5 1.9.4 4.4.8 6.4 0 .6-.4 3-1.4 3.3-.2 0-.3 0-.4-.4-.1-.7 0-1.6-.3-2.6-.2-1.1-.8-1.6-1.5-1.5-.8.2-1.3 1-1.6 2l-.1-.5c-.2-1-1.8-.6-1.8-.6a6.2 6.2 0 0 1 .4 1.3l.2 1c-.2.5-.6 1-1.2 1l-.2.1a7 7 0 0 0-.1-.8c-.3-1.1-1-2-1.6-1.8a.7.7 0 0 0-.4.3c-1.3.3-2.4 2-2.1 3.9-.2.9-.6 1.7-1 1.9-.5 0-.8-.5-1.1-1.8l-.1-1.2a4 4 0 0 0 0-1.7c0-.4-.4-.7-.8-.6-.7.2-.9 1.7-.5 3.8-.2 1-.6 2-1.3 2-.4.2-.8-.2-1-1l-.2-3c1.2-.5 2-1 1.8-1.7-.1-.5-.8-.7-.8-.7s0 .7-1 1.2l-.2-1.4c-.1-.6-.4-1-1.7-.6l.4 1 .2 1.5h-1v.8c0 .3.4.3 1 .2 0 1.3 0 2.7.2 3.6.3 1.4 1.2 2 2 1.7 1-.2 1.6-1.3 2-2.3.3 1.2 1 2 1.9 1.7.7-.2 1.2-1.1 1.6-2.2.4.8 1.1 1.1 2 1 1.2-.4 1.7-1.6 1.8-2.8h.2c.6-.2 1-.6 1.3-1 0 .8 0 1.5.2 2.1.1.5.3.7.6.6.5-.1 1-.9 1-.9a4 4 0 0 1-.3-1c-.3-1.3.3-3.6 1-3.7.2 0 .3.2.5.7v.8l.2 1.5v.7c.2.7.7 1.3 1.5 1 1.3-.2 2-2.6 2.1-3.9.3.2.6.2 1 .1-.6-2.2 0-6.1-.3-7.9-.1-.4-1-.5-1.7-.5h-.4zm-21.5 12c.4 0 .7.3 1 1.1.2 1.3-.3 2.6-.9 2.8-.2 0-.7 0-1-1.2v-.4c0-1.3.4-2 1-2.2zm-5.2 1c.3 0 .6.2.6.5.2.6-.3 1.3-1.2 2-.3-1.4.1-2.3.6-2.5zm18-.4c-.5.2-1-.4-1.2-1.2-.2-1 0-2.1.7-2.5v.5c.2.7.6 1.5 1.3 1.9 0 .7-.2 1.2-.7 1.3zm10-1.6c0 .5.4.7 1 .6.8-.2 1-1 .8-1.6 0-.5-.4-1-1-.8-.5.1-1 .9-.8 1.8zm-14.3-5.5c0-.4-.5-.7-1-.5-.8.2-1 1-.9 1.5.2.6.5 1 1 .8.5 0 1.1-1 1-1.8z" fill="#fff" fill-opacity=".6"/&gt;&lt;/svg&gt;            &lt;/div&gt;
        &lt;/div&gt;
    &lt;/div&gt;
&lt;/div&gt;

&lt;div class="container"&gt;
    &lt;div class="sf-tabs"&gt;
        &lt;div class="tab"&gt;
                        &lt;h3 class="tab-title"&gt;
                                    Exception
                            &lt;/h3&gt;

            &lt;div class="tab-content"&gt;
                &lt;div class="trace trace-as-html" id="trace-box-1"&gt;
    &lt;div class="trace-details"&gt;
        &lt;div class="trace-head"&gt;
            &lt;div class="sf-toggle" data-toggle-selector="#trace-html-1" data-toggle-initial="display"&gt;
                &lt;span class="icon icon-close"&gt;&lt;svg width="1792" height="1792" viewBox="0 0 1792 1792" xmlns="http://www.w3.org/2000/svg"&gt;&lt;path d="M1344 800v64q0 14-9 23t-23 9H480q-14 0-23-9t-9-23v-64q0-14 9-23t23-9h832q14 0 23 9t9 23zm128 448V416q0-66-47-113t-113-47H480q-66 0-113 47t-47 113v832q0 66 47 113t113 47h832q66 0 113-47t47-113zm128-832v832q0 119-84.5 203.5T1312 1536H480q-119 0-203.5-84.5T192 1248V416q0-119 84.5-203.5T480 128h832q119 0 203.5 84.5T1600 416z"/&gt;&lt;/svg&gt;&lt;/span&gt;
                &lt;span class="icon icon-open"&gt;&lt;svg width="1792" height="1792" viewBox="0 0 1792 1792" xmlns="http://www.w3.org/2000/svg"&gt;&lt;path d="M1344 800v64q0 14-9 23t-23 9H960v352q0 14-9 23t-23 9h-64q-14 0-23-9t-9-23V896H480q-14 0-23-9t-9-23v-64q0-14 9-23t23-9h352V416q0-14 9-23t23-9h64q14 0 23 9t9 23v352h352q14 0 23 9t9 23zm128 448V416q0-66-47-113t-113-47H480q-66 0-113 47t-47 113v832q0 66 47 113t113 47h832q66 0 113-47t47-113zm128-832v832q0 119-84.5 203.5T1312 1536H480q-119 0-203.5-84.5T192 1248V416q0-119 84.5-203.5T480 128h832q119 0 203.5 84.5T1600 416z"/&gt;&lt;/svg&gt;&lt;/span&gt;
                                                    &lt;h3 class="trace-class"&gt;
                                                    &lt;span class="trace-namespace"&gt;PHPUnit\Framework\Error\&lt;/span&gt;
                                                Warning                    &lt;/h3&gt;
                                            &lt;/div&gt;
                            &lt;details class="exception-properties-wrapper"&gt;
                    &lt;summary&gt;Show exception properties&lt;/summary&gt;
                    &lt;div class="exception-properties"&gt;
                        &lt;script&gt; Sfdump = window.Sfdump || (function (doc) { doc.documentElement.classList.add('sf-js-enabled'); var rxEsc = /([.*+?^${}()|\[\]\/\\])/g, idRx = /\bsf-dump-\d+-ref[012]\w+\b/, keyHint = 0 &lt;= navigator.platform.toUpperCase().indexOf('MAC') ? 'Cmd' : 'Ctrl', addEventListener = function (e, n, cb) { e.addEventListener(n, cb, false); }; if (!doc.addEventListener) { addEventListener = function (element, eventName, callback) { element.attachEvent('on' + eventName, function (e) { e.preventDefault = function () {e.returnValue = false;}; e.target = e.srcElement; callback(e); }); }; } function toggle(a, recursive) { var s = a.nextSibling || {}, oldClass = s.className, arrow, newClass; if (/\bsf-dump-compact\b/.test(oldClass)) { arrow = '&amp;#9660;'; newClass = 'sf-dump-expanded'; } else if (/\bsf-dump-expanded\b/.test(oldClass)) { arrow = '&amp;#9654;'; newClass = 'sf-dump-compact'; } else { return false; } if (doc.createEvent &amp;&amp; s.dispatchEvent) { var event = doc.createEvent('Event'); event.initEvent('sf-dump-expanded' === newClass ? 'sfbeforedumpexpand' : 'sfbeforedumpcollapse', true, false); s.dispatchEvent(event); } a.lastChild.innerHTML = arrow; s.className = s.className.replace(/\bsf-dump-(compact|expanded)\b/, newClass); if (recursive) { try { a = s.querySelectorAll('.'+oldClass); for (s = 0; s &lt; a.length; ++s) { if (-1 == a[s].className.indexOf(newClass)) { a[s].className = newClass; a[s].previousSibling.lastChild.innerHTML = arrow; } } } catch (e) { } } return true; }; function collapse(a, recursive) { var s = a.nextSibling || {}, oldClass = s.className; if (/\bsf-dump-expanded\b/.test(oldClass)) { toggle(a, recursive); return true; } return false; }; function expand(a, recursive) { var s = a.nextSibling || {}, oldClass = s.className; if (/\bsf-dump-compact\b/.test(oldClass)) { toggle(a, recursive); return true; } return false; }; function collapseAll(root) { var a = root.querySelector('a.sf-dump-toggle'); if (a) { collapse(a, true); expand(a); return true; } return false; } function reveal(node) { var previous, parents = []; while ((node = node.parentNode || {}) &amp;&amp; (previous = node.previousSibling) &amp;&amp; 'A' === previous.tagName) { parents.push(previous); } if (0 !== parents.length) { parents.forEach(function (parent) { expand(parent); }); return true; } return false; } function highlight(root, activeNode, nodes) { resetHighlightedNodes(root); Array.from(nodes||[]).forEach(function (node) { if (!/\bsf-dump-highlight\b/.test(node.className)) { node.className = node.className + ' sf-dump-highlight'; } }); if (!/\bsf-dump-highlight-active\b/.test(activeNode.className)) { activeNode.className = activeNode.className + ' sf-dump-highlight-active'; } } function resetHighlightedNodes(root) { Array.from(root.querySelectorAll('.sf-dump-str, .sf-dump-key, .sf-dump-public, .sf-dump-protected, .sf-dump-private')).forEach(function (strNode) { strNode.className = strNode.className.replace(/\bsf-dump-highlight\b/, ''); strNode.className = strNode.className.replace(/\bsf-dump-highlight-active\b/, ''); }); } return function (root, x) { root = doc.getElementById(root); var indentRx = new RegExp('^('+(root.getAttribute('data-indent-pad') || ' ').replace(rxEsc, '\\$1')+')+', 'm'), options = {"maxDepth":1,"maxStringLength":160,"fileLinkFormat":false}, elt = root.getElementsByTagName('A'), len = elt.length, i = 0, s, h, t = []; while (i &lt; len) t.push(elt[i++]); for (i in x) { options[i] = x[i]; } function a(e, f) { addEventListener(root, e, function (e, n) { if ('A' == e.target.tagName) { f(e.target, e); } else if ('A' == e.target.parentNode.tagName) { f(e.target.parentNode, e); } else { n = /\bsf-dump-ellipsis\b/.test(e.target.className) ? e.target.parentNode : e.target; if ((n = n.nextElementSibling) &amp;&amp; 'A' == n.tagName) { if (!/\bsf-dump-toggle\b/.test(n.className)) { n = n.nextElementSibling || n; } f(n, e, true); } } }); }; function isCtrlKey(e) { return e.ctrlKey || e.metaKey; } function xpathString(str) { var parts = str.match(/[^'"]+|['"]/g).map(function (part) { if ("'" == part) { return '"\'"'; } if ('"' == part) { return "'\"'"; } return "'" + part + "'"; }); return "concat(" + parts.join(",") + ", '')"; } function xpathHasClass(className) { return "contains(concat(' ', normalize-space(@class), ' '), ' " + className +" ')"; } a('mouseover', function (a, e, c) { if (c) { e.target.style.cursor = "pointer"; } }); a('click', function (a, e, c) { if (/\bsf-dump-toggle\b/.test(a.className)) { e.preventDefault(); if (!toggle(a, isCtrlKey(e))) { var r = doc.getElementById(a.getAttribute('href').slice(1)), s = r.previousSibling, f = r.parentNode, t = a.parentNode; t.replaceChild(r, a); f.replaceChild(a, s); t.insertBefore(s, r); f = f.firstChild.nodeValue.match(indentRx); t = t.firstChild.nodeValue.match(indentRx); if (f &amp;&amp; t &amp;&amp; f[0] !== t[0]) { r.innerHTML = r.innerHTML.replace(new RegExp('^'+f[0].replace(rxEsc, '\\$1'), 'mg'), t[0]); } if (/\bsf-dump-compact\b/.test(r.className)) { toggle(s, isCtrlKey(e)); } } if (c) { } else if (doc.getSelection) { try { doc.getSelection().removeAllRanges(); } catch (e) { doc.getSelection().empty(); } } else { doc.selection.empty(); } } else if (/\bsf-dump-str-toggle\b/.test(a.className)) { e.preventDefault(); e = a.parentNode.parentNode; e.className = e.className.replace(/\bsf-dump-str-(expand|collapse)\b/, a.parentNode.className); } }); elt = root.getElementsByTagName('SAMP'); len = elt.length; i = 0; while (i &lt; len) t.push(elt[i++]); len = t.length; for (i = 0; i &lt; len; ++i) { elt = t[i]; if ('SAMP' == elt.tagName) { a = elt.previousSibling || {}; if ('A' != a.tagName) { a = doc.createElement('A'); a.className = 'sf-dump-ref'; elt.parentNode.insertBefore(a, elt); } else { a.innerHTML += ' '; } a.title = (a.title ? a.title+'\n[' : '[')+keyHint+'+click] Expand all children'; a.innerHTML += elt.className == 'sf-dump-compact' ? '&lt;span&gt;&amp;#9654;&lt;/span&gt;' : '&lt;span&gt;&amp;#9660;&lt;/span&gt;'; a.className += ' sf-dump-toggle'; x = 1; if ('sf-dump' != elt.parentNode.className) { x += elt.parentNode.getAttribute('data-depth')/1; } } else if (/\bsf-dump-ref\b/.test(elt.className) &amp;&amp; (a = elt.getAttribute('href'))) { a = a.slice(1); elt.className += ' sf-dump-hover'; elt.className += ' '+a; if (/[\[{]$/.test(elt.previousSibling.nodeValue)) { a = a != elt.nextSibling.id &amp;&amp; doc.getElementById(a); try { s = a.nextSibling; elt.appendChild(a); s.parentNode.insertBefore(a, s); if (/^[@#]/.test(elt.innerHTML)) { elt.innerHTML += ' &lt;span&gt;&amp;#9654;&lt;/span&gt;'; } else { elt.innerHTML = '&lt;span&gt;&amp;#9654;&lt;/span&gt;'; elt.className = 'sf-dump-ref'; } elt.className += ' sf-dump-toggle'; } catch (e) { if ('&amp;' == elt.innerHTML.charAt(0)) { elt.innerHTML = '&amp;#8230;'; elt.className = 'sf-dump-ref'; } } } } } if (doc.evaluate &amp;&amp; Array.from &amp;&amp; root.children.length &gt; 1) { root.setAttribute('tabindex', 0); SearchState = function () { this.nodes = []; this.idx = 0; }; SearchState.prototype = { next: function () { if (this.isEmpty()) { return this.current(); } this.idx = this.idx &lt; (this.nodes.length - 1) ? this.idx + 1 : 0; return this.current(); }, previous: function () { if (this.isEmpty()) { return this.current(); } this.idx = this.idx &gt; 0 ? this.idx - 1 : (this.nodes.length - 1); return this.current(); }, isEmpty: function () { return 0 === this.count(); }, current: function () { if (this.isEmpty()) { return null; } return this.nodes[this.idx]; }, reset: function () { this.nodes = []; this.idx = 0; }, count: function () { return this.nodes.length; }, }; function showCurrent(state) { var currentNode = state.current(), currentRect, searchRect; if (currentNode) { reveal(currentNode); highlight(root, currentNode, state.nodes); if ('scrollIntoView' in currentNode) { currentNode.scrollIntoView(true); currentRect = currentNode.getBoundingClientRect(); searchRect = search.getBoundingClientRect(); if (currentRect.top &lt; (searchRect.top + searchRect.height)) { window.scrollBy(0, -(searchRect.top + searchRect.height + 5)); } } } counter.textContent = (state.isEmpty() ? 0 : state.idx + 1) + ' of ' + state.count(); } var search = doc.createElement('div'); search.className = 'sf-dump-search-wrapper sf-dump-search-hidden'; search.innerHTML = ' &lt;input type="text" class="sf-dump-search-input"&gt; &lt;span class="sf-dump-search-count"&gt;0 of 0&lt;\/span&gt; &lt;button type="button" class="sf-dump-search-input-previous" tabindex="-1"&gt; &lt;svg viewBox="0 0 1792 1792" xmlns="http://www.w3.org/2000/svg"&gt;&lt;path d="M1683 1331l-166 165q-19 19-45 19t-45-19L896 965l-531 531q-19 19-45 19t-45-19l-166-165q-19-19-19-45.5t19-45.5l742-741q19-19 45-19t45 19l742 741q19 19 19 45.5t-19 45.5z"\/&gt;&lt;\/svg&gt; &lt;\/button&gt; &lt;button type="button" class="sf-dump-search-input-next" tabindex="-1"&gt; &lt;svg viewBox="0 0 1792 1792" xmlns="http://www.w3.org/2000/svg"&gt;&lt;path d="M1683 808l-742 741q-19 19-45 19t-45-19L109 808q-19-19-19-45.5t19-45.5l166-165q19-19 45-19t45 19l531 531 531-531q19-19 45-19t45 19l166 165q19 19 19 45.5t-19 45.5z"\/&gt;&lt;\/svg&gt; &lt;\/button&gt; '; root.insertBefore(search, root.firstChild); var state = new SearchState(); var searchInput = search.querySelector('.sf-dump-search-input'); var counter = search.querySelector('.sf-dump-search-count'); var searchInputTimer = 0; var previousSearchQuery = ''; addEventListener(searchInput, 'keyup', function (e) { var searchQuery = e.target.value; /* Don't perform anything if the pressed key didn't change the query */ if (searchQuery === previousSearchQuery) { return; } previousSearchQuery = searchQuery; clearTimeout(searchInputTimer); searchInputTimer = setTimeout(function () { state.reset(); collapseAll(root); resetHighlightedNodes(root); if ('' === searchQuery) { counter.textContent = '0 of 0'; return; } var classMatches = [ "sf-dump-str", "sf-dump-key", "sf-dump-public", "sf-dump-protected", "sf-dump-private", ].map(xpathHasClass).join(' or '); var xpathResult = doc.evaluate('.//span[' + classMatches + '][contains(translate(child::text(), ' + xpathString(searchQuery.toUpperCase()) + ', ' + xpathString(searchQuery.toLowerCase()) + '), ' + xpathString(searchQuery.toLowerCase()) + ')]', root, null, XPathResult.ORDERED_NODE_ITERATOR_TYPE, null); while (node = xpathResult.iterateNext()) state.nodes.push(node); showCurrent(state); }, 400); }); Array.from(search.querySelectorAll('.sf-dump-search-input-next, .sf-dump-search-input-previous')).forEach(function (btn) { addEventListener(btn, 'click', function (e) { e.preventDefault(); -1 !== e.target.className.indexOf('next') ? state.next() : state.previous(); searchInput.focus(); collapseAll(root); showCurrent(state); }) }); addEventListener(root, 'keydown', function (e) { var isSearchActive = !/\bsf-dump-search-hidden\b/.test(search.className); if ((114 === e.keyCode &amp;&amp; !isSearchActive) || (isCtrlKey(e) &amp;&amp; 70 === e.keyCode)) { /* F3 or CMD/CTRL + F */ if (70 === e.keyCode &amp;&amp; document.activeElement === searchInput) { /* * If CMD/CTRL + F is hit while having focus on search input, * the user probably meant to trigger browser search instead. * Let the browser execute its behavior: */ return; } e.preventDefault(); search.className = search.className.replace(/\bsf-dump-search-hidden\b/, ''); searchInput.focus(); } else if (isSearchActive) { if (27 === e.keyCode) { /* ESC key */ search.className += ' sf-dump-search-hidden'; e.preventDefault(); resetHighlightedNodes(root); searchInput.value = ''; } else if ( (isCtrlKey(e) &amp;&amp; 71 === e.keyCode) /* CMD/CTRL + G */ || 13 === e.keyCode /* Enter */ || 114 === e.keyCode /* F3 */ ) { e.preventDefault(); e.shiftKey ? state.previous() : state.next(); collapseAll(root); showCurrent(state); } } }); } if (0 &gt;= options.maxStringLength) { return; } try { elt = root.querySelectorAll('.sf-dump-str'); len = elt.length; i = 0; t = []; while (i &lt; len) t.push(elt[i++]); len = t.length; for (i = 0; i &lt; len; ++i) { elt = t[i]; s = elt.innerText || elt.textContent; x = s.length - options.maxStringLength; if (0 &lt; x) { h = elt.innerHTML; elt[elt.innerText ? 'innerText' : 'textContent'] = s.substring(0, options.maxStringLength); elt.className += ' sf-dump-str-collapse'; elt.innerHTML = '&lt;span class=sf-dump-str-collapse&gt;'+h+'&lt;a class="sf-dump-ref sf-dump-str-toggle" title="Collapse"&gt; &amp;#9664;&lt;/a&gt;&lt;/span&gt;'+ '&lt;span class=sf-dump-str-expand&gt;'+elt.innerHTML+'&lt;a class="sf-dump-ref sf-dump-str-toggle" title="'+x+' remaining characters"&gt; &amp;#9654;&lt;/a&gt;&lt;/span&gt;'; } } } catch (e) { } }; })(document); &lt;/script&gt;&lt;style&gt; .sf-js-enabled pre.sf-dump .sf-dump-compact, .sf-js-enabled .sf-dump-str-collapse .sf-dump-str-collapse, .sf-js-enabled .sf-dump-str-expand .sf-dump-str-expand { display: none; } .sf-dump-hover:hover { background-color: #B729D9; color: #FFF !important; border-radius: 2px; } pre.sf-dump { display: block; white-space: pre; padding: 5px; overflow: initial !important; } pre.sf-dump:after { content: ""; visibility: hidden; display: block; height: 0; clear: both; } pre.sf-dump span { display: inline-flex; } pre.sf-dump a { text-decoration: none; cursor: pointer; border: 0; outline: none; color: inherit; } pre.sf-dump img { max-width: 50em; max-height: 50em; margin: .5em 0 0 0; padding: 0; background: url(data:image/png;base64,iVBORw0KGgoAAAANSUhEUgAAABAAAAAQCAAAAAA6mKC9AAAAHUlEQVQY02O8zAABilCaiQEN0EeA8QuUcX9g3QEAAjcC5piyhyEAAAAASUVORK5CYII=) #D3D3D3; } pre.sf-dump .sf-dump-ellipsis { display: inline-block; overflow: visible; text-overflow: ellipsis; max-width: 5em; white-space: nowrap; overflow: hidden; vertical-align: top; } pre.sf-dump .sf-dump-ellipsis+.sf-dump-ellipsis { max-width: none; } pre.sf-dump code { display:inline; padding:0; background:none; } .sf-dump-public.sf-dump-highlight, .sf-dump-protected.sf-dump-highlight, .sf-dump-private.sf-dump-highlight, .sf-dump-str.sf-dump-highlight, .sf-dump-key.sf-dump-highlight { background: rgba(111, 172, 204, 0.3); border: 1px solid #7DA0B1; border-radius: 3px; } .sf-dump-public.sf-dump-highlight-active, .sf-dump-protected.sf-dump-highlight-active, .sf-dump-private.sf-dump-highlight-active, .sf-dump-str.sf-dump-highlight-active, .sf-dump-key.sf-dump-highlight-active { background: rgba(253, 175, 0, 0.4); border: 1px solid #ffa500; border-radius: 3px; } pre.sf-dump .sf-dump-search-hidden { display: none !important; } pre.sf-dump .sf-dump-search-wrapper { font-size: 0; white-space: nowrap; margin-bottom: 5px; display: flex; position: -webkit-sticky; position: sticky; top: 5px; } pre.sf-dump .sf-dump-search-wrapper &gt; * { vertical-align: top; box-sizing: border-box; height: 21px; font-weight: normal; border-radius: 0; background: #FFF; color: #757575; border: 1px solid #BBB; } pre.sf-dump .sf-dump-search-wrapper &gt; input.sf-dump-search-input { padding: 3px; height: 21px; font-size: 12px; border-right: none; border-top-left-radius: 3px; border-bottom-left-radius: 3px; color: #000; min-width: 15px; width: 100%; } pre.sf-dump .sf-dump-search-wrapper &gt; .sf-dump-search-input-next, pre.sf-dump .sf-dump-search-wrapper &gt; .sf-dump-search-input-previous { background: #F2F2F2; outline: none; border-left: none; font-size: 0; line-height: 0; } pre.sf-dump .sf-dump-search-wrapper &gt; .sf-dump-search-input-next { border-top-right-radius: 3px; border-bottom-right-radius: 3px; } pre.sf-dump .sf-dump-search-wrapper &gt; .sf-dump-search-input-next &gt; svg, pre.sf-dump .sf-dump-search-wrapper &gt; .sf-dump-search-input-previous &gt; svg { pointer-events: none; width: 12px; height: 12px; } pre.sf-dump .sf-dump-search-wrapper &gt; .sf-dump-search-count { display: inline-block; padding: 0 5px; margin: 0; border-left: none; line-height: 21px; font-size: 12px; }pre.sf-dump, pre.sf-dump .sf-dump-default{background:none; color:#CC7832; line-height:1.2em; font:12px Menlo, Monaco, Consolas, monospace; word-wrap: break-word; white-space: pre-wrap; position:relative; z-index:99999; word-break: break-all}pre.sf-dump .sf-dump-num{font-weight:bold; color:#1299DA}pre.sf-dump .sf-dump-const{font-weight:bold}pre.sf-dump .sf-dump-str{font-weight:bold; color:#629755;}pre.sf-dump .sf-dump-note{color:#6897BB}pre.sf-dump .sf-dump-ref{color:#6E6E6E}pre.sf-dump .sf-dump-public{color:#262626}pre.sf-dump .sf-dump-protected{color:#262626}pre.sf-dump .sf-dump-private{color:#262626}pre.sf-dump .sf-dump-meta{color:#B729D9}pre.sf-dump .sf-dump-key{color:#789339}pre.sf-dump .sf-dump-index{color:#1299DA}pre.sf-dump .sf-dump-ellipsis{color:#CC7832}pre.sf-dump .sf-dump-ns{user-select:none;}pre.sf-dump .sf-dump-ellipsis-note{color:#6897BB}&lt;/style&gt;&lt;pre class=sf-dump id=sf-dump-327161065 data-indent-pad="  "&gt;&lt;span class=sf-dump-note&gt;PHPUnit\Framework\Error\Warning&lt;/span&gt; {&lt;a class=sf-dump-ref&gt;#2601&lt;/a&gt;&lt;samp data-depth=1 class=sf-dump-expanded&gt;
  #&lt;span class=sf-dump-protected title="Protected property"&gt;serializableTrace&lt;/span&gt;: &lt;span class=sf-dump-note&gt;array:23&lt;/span&gt; [&lt;samp data-depth=2 class=sf-dump-compact&gt;
    &lt;span class=sf-dump-index&gt;0&lt;/span&gt; =&gt; &lt;span class=sf-dump-note&gt;array:5&lt;/span&gt; [&lt;samp data-depth=3 class=sf-dump-compact&gt;
      "&lt;span class=sf-dump-key&gt;file&lt;/span&gt;" =&gt; "&lt;span class=sf-dump-str title="98 characters"&gt;/home/albinr/dbwebb-kurser/mvc/me/report/vendor/symfony/phpunit-bridge/DeprecationErrorHandler.php&lt;/span&gt;"
      "&lt;span class=sf-dump-key&gt;line&lt;/span&gt;" =&gt; &lt;span class=sf-dump-num&gt;132&lt;/span&gt;
      "&lt;span class=sf-dump-key&gt;function&lt;/span&gt;" =&gt; "&lt;span class=sf-dump-str title="8 characters"&gt;__invoke&lt;/span&gt;"
      "&lt;span class=sf-dump-key&gt;class&lt;/span&gt;" =&gt; "&lt;span class=sf-dump-str title="25 characters"&gt;PHPUnit\Util\ErrorHandler&lt;/span&gt;"
      "&lt;span class=sf-dump-key&gt;type&lt;/span&gt;" =&gt; "&lt;span class=sf-dump-str title="2 characters"&gt;-&amp;gt;&lt;/span&gt;"
    &lt;/samp&gt;]
    &lt;span class=sf-dump-index&gt;1&lt;/span&gt; =&gt; &lt;span class=sf-dump-note&gt;array:5&lt;/span&gt; [&lt;samp data-depth=3 class=sf-dump-compact&gt;
      "&lt;span class=sf-dump-key&gt;file&lt;/span&gt;" =&gt; "&lt;span class=sf-dump-str title="60 characters"&gt;/home/albinr/dbwebb-kurser/mvc/me/report/src/Card/Player.php&lt;/span&gt;"
      "&lt;span class=sf-dump-key&gt;line&lt;/span&gt;" =&gt; &lt;span class=sf-dump-num&gt;51&lt;/span&gt;
      "&lt;span class=sf-dump-key&gt;function&lt;/span&gt;" =&gt; "&lt;span class=sf-dump-str title="11 characters"&gt;handleError&lt;/span&gt;"
      "&lt;span class=sf-dump-key&gt;class&lt;/span&gt;" =&gt; "&lt;span class=sf-dump-str title="46 characters"&gt;Symfony\Bridge\PhpUnit\DeprecationErrorHandler&lt;/span&gt;"
      "&lt;span class=sf-dump-key&gt;type&lt;/span&gt;" =&gt; "&lt;span class=sf-dump-str title="2 characters"&gt;-&amp;gt;&lt;/span&gt;"
    &lt;/samp&gt;]
    &lt;span class=sf-dump-index&gt;2&lt;/span&gt; =&gt; &lt;span class=sf-dump-note&gt;array:5&lt;/span&gt; [&lt;samp data-depth=3 class=sf-dump-compact&gt;
      "&lt;span class=sf-dump-key&gt;file&lt;/span&gt;" =&gt; "&lt;span class=sf-dump-str title="63 characters"&gt;/home/albinr/dbwebb-kurser/mvc/me/report/src/Card/BlackJack.php&lt;/span&gt;"
      "&lt;span class=sf-dump-key&gt;line&lt;/span&gt;" =&gt; &lt;span class=sf-dump-num&gt;76&lt;/span&gt;
      "&lt;span class=sf-dump-key&gt;function&lt;/span&gt;" =&gt; "&lt;span class=sf-dump-str title="7 characters"&gt;getHand&lt;/span&gt;"
      "&lt;span class=sf-dump-key&gt;class&lt;/span&gt;" =&gt; "&lt;span class=sf-dump-str title="15 characters"&gt;App\Card\Player&lt;/span&gt;"
      "&lt;span class=sf-dump-key&gt;type&lt;/span&gt;" =&gt; "&lt;span class=sf-dump-str title="2 characters"&gt;-&amp;gt;&lt;/span&gt;"
    &lt;/samp&gt;]
    &lt;span class=sf-dump-index&gt;3&lt;/span&gt; =&gt; &lt;span class=sf-dump-note&gt;array:5&lt;/span&gt; [&lt;samp data-depth=3 class=sf-dump-compact&gt;
      "&lt;span class=sf-dump-key&gt;file&lt;/span&gt;" =&gt; "&lt;span class=sf-dump-str title="82 characters"&gt;/home/albinr/dbwebb-kurser/mvc/me/report/src/Controller/ApiBlackJackController.php&lt;/span&gt;"
      "&lt;span class=sf-dump-key&gt;line&lt;/span&gt;" =&gt; &lt;span class=sf-dump-num&gt;109&lt;/span&gt;
      "&lt;span class=sf-dump-key&gt;function&lt;/span&gt;" =&gt; "&lt;span class=sf-dump-str title="3 characters"&gt;hit&lt;/span&gt;"
      "&lt;span class=sf-dump-key&gt;class&lt;/span&gt;" =&gt; "&lt;span class=sf-dump-str title="18 characters"&gt;App\Card\BlackJack&lt;/span&gt;"
      "&lt;span class=sf-dump-key&gt;type&lt;/span&gt;" =&gt; "&lt;span class=sf-dump-str title="2 characters"&gt;-&amp;gt;&lt;/span&gt;"
    &lt;/samp&gt;]
    &lt;span class=sf-dump-index&gt;4&lt;/span&gt; =&gt; &lt;span class=sf-dump-note&gt;array:5&lt;/span&gt; [&lt;samp data-depth=3 class=sf-dump-compact&gt;
      "&lt;span class=sf-dump-key&gt;file&lt;/span&gt;" =&gt; "&lt;span class=sf-dump-str title="82 characters"&gt;/home/albinr/dbwebb-kurser/mvc/me/report/vendor/symfony/http-kernel/HttpKernel.php&lt;/span&gt;"
      "&lt;span class=sf-dump-key&gt;line&lt;/span&gt;" =&gt; &lt;span class=sf-dump-num&gt;178&lt;/span&gt;
      "&lt;span class=sf-dump-key&gt;function&lt;/span&gt;" =&gt; "&lt;span class=sf-dump-str title="10 characters"&gt;apiGameHit&lt;/span&gt;"
      "&lt;span class=sf-dump-key&gt;class&lt;/span&gt;" =&gt; "&lt;span class=sf-dump-str title="37 characters"&gt;App\Controller\ApiBlackJackController&lt;/span&gt;"
      "&lt;span class=sf-dump-key&gt;type&lt;/span&gt;" =&gt; "&lt;span class=sf-dump-str title="2 characters"&gt;-&amp;gt;&lt;/span&gt;"
    &lt;/samp&gt;]
    &lt;span class=sf-dump-index&gt;5&lt;/span&gt; =&gt; &lt;span class=sf-dump-note&gt;array:5&lt;/span&gt; [&lt;samp data-depth=3 class=sf-dump-compact&gt;
      "&lt;span class=sf-dump-key&gt;file&lt;/span&gt;" =&gt; "&lt;span class=sf-dump-str title="82 characters"&gt;/home/albinr/dbwebb-kurser/mvc/me/report/vendor/symfony/http-kernel/HttpKernel.php&lt;/span&gt;"
      "&lt;span class=sf-dump-key&gt;line&lt;/span&gt;" =&gt; &lt;span class=sf-dump-num&gt;76&lt;/span&gt;
      "&lt;span class=sf-dump-key&gt;function&lt;/span&gt;" =&gt; "&lt;span class=sf-dump-str title="9 characters"&gt;handleRaw&lt;/span&gt;"
      "&lt;span class=sf-dump-key&gt;class&lt;/span&gt;" =&gt; "&lt;span class=sf-dump-str title="39 characters"&gt;Symfony\Component\HttpKernel\HttpKernel&lt;/span&gt;"
      "&lt;span class=sf-dump-key&gt;type&lt;/span&gt;" =&gt; "&lt;span class=sf-dump-str title="2 characters"&gt;-&amp;gt;&lt;/span&gt;"
    &lt;/samp&gt;]
    &lt;span class=sf-dump-index&gt;6&lt;/span&gt; =&gt; &lt;span class=sf-dump-note&gt;array:5&lt;/span&gt; [&lt;samp data-depth=3 class=sf-dump-compact&gt;
      "&lt;span class=sf-dump-key&gt;file&lt;/span&gt;" =&gt; "&lt;span class=sf-dump-str title="78 characters"&gt;/home/albinr/dbwebb-kurser/mvc/me/report/vendor/symfony/http-kernel/Kernel.php&lt;/span&gt;"
      "&lt;span class=sf-dump-key&gt;line&lt;/span&gt;" =&gt; &lt;span class=sf-dump-num&gt;185&lt;/span&gt;
      "&lt;span class=sf-dump-key&gt;function&lt;/span&gt;" =&gt; "&lt;span class=sf-dump-str title="6 characters"&gt;handle&lt;/span&gt;"
      "&lt;span class=sf-dump-key&gt;class&lt;/span&gt;" =&gt; "&lt;span class=sf-dump-str title="39 characters"&gt;Symfony\Component\HttpKernel\HttpKernel&lt;/span&gt;"
      "&lt;span class=sf-dump-key&gt;type&lt;/span&gt;" =&gt; "&lt;span class=sf-dump-str title="2 characters"&gt;-&amp;gt;&lt;/span&gt;"
    &lt;/samp&gt;]
    &lt;span class=sf-dump-index&gt;7&lt;/span&gt; =&gt; &lt;span class=sf-dump-note&gt;array:5&lt;/span&gt; [&lt;samp data-depth=3 class=sf-dump-compact&gt;
      "&lt;span class=sf-dump-key&gt;file&lt;/span&gt;" =&gt; "&lt;span class=sf-dump-str title="89 characters"&gt;/home/albinr/dbwebb-kurser/mvc/me/report/vendor/symfony/http-kernel/HttpKernelBrowser.php&lt;/span&gt;"
      "&lt;span class=sf-dump-key&gt;line&lt;/span&gt;" =&gt; &lt;span class=sf-dump-num&gt;61&lt;/span&gt;
      "&lt;span class=sf-dump-key&gt;function&lt;/span&gt;" =&gt; "&lt;span class=sf-dump-str title="6 characters"&gt;handle&lt;/span&gt;"
      "&lt;span class=sf-dump-key&gt;class&lt;/span&gt;" =&gt; "&lt;span class=sf-dump-str title="35 characters"&gt;Symfony\Component\HttpKernel\Kernel&lt;/span&gt;"
      "&lt;span class=sf-dump-key&gt;type&lt;/span&gt;" =&gt; "&lt;span class=sf-dump-str title="2 characters"&gt;-&amp;gt;&lt;/span&gt;"
    &lt;/samp&gt;]
    &lt;span class=sf-dump-index&gt;8&lt;/span&gt; =&gt; &lt;span class=sf-dump-note&gt;array:5&lt;/span&gt; [&lt;samp data-depth=3 class=sf-dump-compact&gt;
      "&lt;span class=sf-dump-key&gt;file&lt;/span&gt;" =&gt; "&lt;span class=sf-dump-str title="90 characters"&gt;/home/albinr/dbwebb-kurser/mvc/me/report/vendor/symfony/framework-bundle/KernelBrowser.php&lt;/span&gt;"
      "&lt;span class=sf-dump-key&gt;line&lt;/span&gt;" =&gt; &lt;span class=sf-dump-num&gt;157&lt;/span&gt;
      "&lt;span class=sf-dump-key&gt;function&lt;/span&gt;" =&gt; "&lt;span class=sf-dump-str title="9 characters"&gt;doRequest&lt;/span&gt;"
      "&lt;span class=sf-dump-key&gt;class&lt;/span&gt;" =&gt; "&lt;span class=sf-dump-str title="46 characters"&gt;Symfony\Component\HttpKernel\HttpKernelBrowser&lt;/span&gt;"
      "&lt;span class=sf-dump-key&gt;type&lt;/span&gt;" =&gt; "&lt;span class=sf-dump-str title="2 characters"&gt;-&amp;gt;&lt;/span&gt;"
    &lt;/samp&gt;]
    &lt;span class=sf-dump-index&gt;9&lt;/span&gt; =&gt; &lt;span class=sf-dump-note&gt;array:5&lt;/span&gt; [&lt;samp data-depth=3 class=sf-dump-compact&gt;
      "&lt;span class=sf-dump-key&gt;file&lt;/span&gt;" =&gt; "&lt;span class=sf-dump-str title="87 characters"&gt;/home/albinr/dbwebb-kurser/mvc/me/report/vendor/symfony/browser-kit/AbstractBrowser.php&lt;/span&gt;"
      "&lt;span class=sf-dump-key&gt;line&lt;/span&gt;" =&gt; &lt;span class=sf-dump-num&gt;369&lt;/span&gt;
      "&lt;span class=sf-dump-key&gt;function&lt;/span&gt;" =&gt; "&lt;span class=sf-dump-str title="9 characters"&gt;doRequest&lt;/span&gt;"
      "&lt;span class=sf-dump-key&gt;class&lt;/span&gt;" =&gt; "&lt;span class=sf-dump-str title="44 characters"&gt;Symfony\Bundle\FrameworkBundle\KernelBrowser&lt;/span&gt;"
      "&lt;span class=sf-dump-key&gt;type&lt;/span&gt;" =&gt; "&lt;span class=sf-dump-str title="2 characters"&gt;-&amp;gt;&lt;/span&gt;"
    &lt;/samp&gt;]
    &lt;span class=sf-dump-index&gt;10&lt;/span&gt; =&gt; &lt;span class=sf-dump-note&gt;array:5&lt;/span&gt; [&lt;samp data-depth=3 class=sf-dump-compact&gt;
      "&lt;span class=sf-dump-key&gt;file&lt;/span&gt;" =&gt; "&lt;span class=sf-dump-str title="88 characters"&gt;/home/albinr/dbwebb-kurser/mvc/me/report/tests/Controller/ApiBlackJackControllerTest.php&lt;/span&gt;"
      "&lt;span class=sf-dump-key&gt;line&lt;/span&gt;" =&gt; &lt;span class=sf-dump-num&gt;81&lt;/span&gt;
      "&lt;span class=sf-dump-key&gt;function&lt;/span&gt;" =&gt; "&lt;span class=sf-dump-str title="7 characters"&gt;request&lt;/span&gt;"
      "&lt;span class=sf-dump-key&gt;class&lt;/span&gt;" =&gt; "&lt;span class=sf-dump-str title="44 characters"&gt;Symfony\Component\BrowserKit\AbstractBrowser&lt;/span&gt;"
      "&lt;span class=sf-dump-key&gt;type&lt;/span&gt;" =&gt; "&lt;span class=sf-dump-str title="2 characters"&gt;-&amp;gt;&lt;/span&gt;"
    &lt;/samp&gt;]
    &lt;span class=sf-dump-index&gt;11&lt;/span&gt; =&gt; &lt;span class=sf-dump-note&gt;array:5&lt;/span&gt; [&lt;samp data-depth=3 class=sf-dump-compact&gt;
      "&lt;span class=sf-dump-key&gt;file&lt;/span&gt;" =&gt; "&lt;span class=sf-dump-str title="90 characters"&gt;/home/albinr/dbwebb-kurser/mvc/me/report/vendor/phpunit/phpunit/src/Framework/TestCase.php&lt;/span&gt;"
      "&lt;span class=sf-dump-key&gt;line&lt;/span&gt;" =&gt; &lt;span class=sf-dump-num&gt;1617&lt;/span&gt;
      "&lt;span class=sf-dump-key&gt;function&lt;/span&gt;" =&gt; "&lt;span class=sf-dump-str title="27 characters"&gt;testApiBlackJackHitWithGame&lt;/span&gt;"
      "&lt;span class=sf-dump-key&gt;class&lt;/span&gt;" =&gt; "&lt;span class=sf-dump-str title="47 characters"&gt;App\Tests\Controller\ApiBlackJackControllerTest&lt;/span&gt;"
      "&lt;span class=sf-dump-key&gt;type&lt;/span&gt;" =&gt; "&lt;span class=sf-dump-str title="2 characters"&gt;-&amp;gt;&lt;/span&gt;"
    &lt;/samp&gt;]
    &lt;span class=sf-dump-index&gt;12&lt;/span&gt; =&gt; &lt;span class=sf-dump-note&gt;array:5&lt;/span&gt; [&lt;samp data-depth=3 class=sf-dump-compact&gt;
      "&lt;span class=sf-dump-key&gt;file&lt;/span&gt;" =&gt; "&lt;span class=sf-dump-str title="90 characters"&gt;/home/albinr/dbwebb-kurser/mvc/me/report/vendor/phpunit/phpunit/src/Framework/TestCase.php&lt;/span&gt;"
      "&lt;span class=sf-dump-key&gt;line&lt;/span&gt;" =&gt; &lt;span class=sf-dump-num&gt;1223&lt;/span&gt;
      "&lt;span class=sf-dump-key&gt;function&lt;/span&gt;" =&gt; "&lt;span class=sf-dump-str title="7 characters"&gt;runTest&lt;/span&gt;"
      "&lt;span class=sf-dump-key&gt;class&lt;/span&gt;" =&gt; "&lt;span class=sf-dump-str title="26 characters"&gt;PHPUnit\Framework\TestCase&lt;/span&gt;"
      "&lt;span class=sf-dump-key&gt;type&lt;/span&gt;" =&gt; "&lt;span class=sf-dump-str title="2 characters"&gt;-&amp;gt;&lt;/span&gt;"
    &lt;/samp&gt;]
    &lt;span class=sf-dump-index&gt;13&lt;/span&gt; =&gt; &lt;span class=sf-dump-note&gt;array:5&lt;/span&gt; [&lt;samp data-depth=3 class=sf-dump-compact&gt;
      "&lt;span class=sf-dump-key&gt;file&lt;/span&gt;" =&gt; "&lt;span class=sf-dump-str title="92 characters"&gt;/home/albinr/dbwebb-kurser/mvc/me/report/vendor/phpunit/phpunit/src/Framework/TestResult.php&lt;/span&gt;"
      "&lt;span class=sf-dump-key&gt;line&lt;/span&gt;" =&gt; &lt;span class=sf-dump-num&gt;729&lt;/span&gt;
      "&lt;span class=sf-dump-key&gt;function&lt;/span&gt;" =&gt; "&lt;span class=sf-dump-str title="7 characters"&gt;runBare&lt;/span&gt;"
      "&lt;span class=sf-dump-key&gt;class&lt;/span&gt;" =&gt; "&lt;span class=sf-dump-str title="26 characters"&gt;PHPUnit\Framework\TestCase&lt;/span&gt;"
      "&lt;span class=sf-dump-key&gt;type&lt;/span&gt;" =&gt; "&lt;span class=sf-dump-str title="2 characters"&gt;-&amp;gt;&lt;/span&gt;"
    &lt;/samp&gt;]
    &lt;span class=sf-dump-index&gt;14&lt;/span&gt; =&gt; &lt;span class=sf-dump-note&gt;array:5&lt;/span&gt; [&lt;samp data-depth=3 class=sf-dump-compact&gt;
      "&lt;span class=sf-dump-key&gt;file&lt;/span&gt;" =&gt; "&lt;span class=sf-dump-str title="90 characters"&gt;/home/albinr/dbwebb-kurser/mvc/me/report/vendor/phpunit/phpunit/src/Framework/TestCase.php&lt;/span&gt;"
      "&lt;span class=sf-dump-key&gt;line&lt;/span&gt;" =&gt; &lt;span class=sf-dump-num&gt;973&lt;/span&gt;
      "&lt;span class=sf-dump-key&gt;function&lt;/span&gt;" =&gt; "&lt;span class=sf-dump-str title="3 characters"&gt;run&lt;/span&gt;"
      "&lt;span class=sf-dump-key&gt;class&lt;/span&gt;" =&gt; "&lt;span class=sf-dump-str title="28 characters"&gt;PHPUnit\Framework\TestResult&lt;/span&gt;"
      "&lt;span class=sf-dump-key&gt;type&lt;/span&gt;" =&gt; "&lt;span class=sf-dump-str title="2 characters"&gt;-&amp;gt;&lt;/span&gt;"
    &lt;/samp&gt;]
    &lt;span class=sf-dump-index&gt;15&lt;/span&gt; =&gt; &lt;span class=sf-dump-note&gt;array:5&lt;/span&gt; [&lt;samp data-depth=3 class=sf-dump-compact&gt;
      "&lt;span class=sf-dump-key&gt;file&lt;/span&gt;" =&gt; "&lt;span class=sf-dump-str title="91 characters"&gt;/home/albinr/dbwebb-kurser/mvc/me/report/vendor/phpunit/phpunit/src/Framework/TestSuite.php&lt;/span&gt;"
      "&lt;span class=sf-dump-key&gt;line&lt;/span&gt;" =&gt; &lt;span class=sf-dump-num&gt;685&lt;/span&gt;
      "&lt;span class=sf-dump-key&gt;function&lt;/span&gt;" =&gt; "&lt;span class=sf-dump-str title="3 characters"&gt;run&lt;/span&gt;"
      "&lt;span class=sf-dump-key&gt;class&lt;/span&gt;" =&gt; "&lt;span class=sf-dump-str title="26 characters"&gt;PHPUnit\Framework\TestCase&lt;/span&gt;"
      "&lt;span class=sf-dump-key&gt;type&lt;/span&gt;" =&gt; "&lt;span class=sf-dump-str title="2 characters"&gt;-&amp;gt;&lt;/span&gt;"
    &lt;/samp&gt;]
    &lt;span class=sf-dump-index&gt;16&lt;/span&gt; =&gt; &lt;span class=sf-dump-note&gt;array:5&lt;/span&gt; [&lt;samp data-depth=3 class=sf-dump-compact&gt;
      "&lt;span class=sf-dump-key&gt;file&lt;/span&gt;" =&gt; "&lt;span class=sf-dump-str title="91 characters"&gt;/home/albinr/dbwebb-kurser/mvc/me/report/vendor/phpunit/phpunit/src/Framework/TestSuite.php&lt;/span&gt;"
      "&lt;span class=sf-dump-key&gt;line&lt;/span&gt;" =&gt; &lt;span class=sf-dump-num&gt;685&lt;/span&gt;
      "&lt;span class=sf-dump-key&gt;function&lt;/span&gt;" =&gt; "&lt;span class=sf-dump-str title="3 characters"&gt;run&lt;/span&gt;"
      "&lt;span class=sf-dump-key&gt;class&lt;/span&gt;" =&gt; "&lt;span class=sf-dump-str title="27 characters"&gt;PHPUnit\Framework\TestSuite&lt;/span&gt;"
      "&lt;span class=sf-dump-key&gt;type&lt;/span&gt;" =&gt; "&lt;span class=sf-dump-str title="2 characters"&gt;-&amp;gt;&lt;/span&gt;"
    &lt;/samp&gt;]
    &lt;span class=sf-dump-index&gt;17&lt;/span&gt; =&gt; &lt;span class=sf-dump-note&gt;array:5&lt;/span&gt; [&lt;samp data-depth=3 class=sf-dump-compact&gt;
      "&lt;span class=sf-dump-key&gt;file&lt;/span&gt;" =&gt; "&lt;span class=sf-dump-str title="91 characters"&gt;/home/albinr/dbwebb-kurser/mvc/me/report/vendor/phpunit/phpunit/src/Framework/TestSuite.php&lt;/span&gt;"
      "&lt;span class=sf-dump-key&gt;line&lt;/span&gt;" =&gt; &lt;span class=sf-dump-num&gt;685&lt;/span&gt;
      "&lt;span class=sf-dump-key&gt;function&lt;/span&gt;" =&gt; "&lt;span class=sf-dump-str title="3 characters"&gt;run&lt;/span&gt;"
      "&lt;span class=sf-dump-key&gt;class&lt;/span&gt;" =&gt; "&lt;span class=sf-dump-str title="27 characters"&gt;PHPUnit\Framework\TestSuite&lt;/span&gt;"
      "&lt;span class=sf-dump-key&gt;type&lt;/span&gt;" =&gt; "&lt;span class=sf-dump-str title="2 characters"&gt;-&amp;gt;&lt;/span&gt;"
    &lt;/samp&gt;]
    &lt;span class=sf-dump-index&gt;18&lt;/span&gt; =&gt; &lt;span class=sf-dump-note&gt;array:5&lt;/span&gt; [&lt;samp data-depth=3 class=sf-dump-compact&gt;
      "&lt;span class=sf-dump-key&gt;file&lt;/span&gt;" =&gt; "&lt;span class=sf-dump-str title="89 characters"&gt;/home/albinr/dbwebb-kurser/mvc/me/report/vendor/phpunit/phpunit/src/TextUI/TestRunner.php&lt;/span&gt;"
      "&lt;span class=sf-dump-key&gt;line&lt;/span&gt;" =&gt; &lt;span class=sf-dump-num&gt;651&lt;/span&gt;
      "&lt;span class=sf-dump-key&gt;function&lt;/span&gt;" =&gt; "&lt;span class=sf-dump-str title="3 characters"&gt;run&lt;/span&gt;"
      "&lt;span class=sf-dump-key&gt;class&lt;/span&gt;" =&gt; "&lt;span class=sf-dump-str title="27 characters"&gt;PHPUnit\Framework\TestSuite&lt;/span&gt;"
      "&lt;span class=sf-dump-key&gt;type&lt;/span&gt;" =&gt; "&lt;span class=sf-dump-str title="2 characters"&gt;-&amp;gt;&lt;/span&gt;"
    &lt;/samp&gt;]
    &lt;span class=sf-dump-index&gt;19&lt;/span&gt; =&gt; &lt;span class=sf-dump-note&gt;array:5&lt;/span&gt; [&lt;samp data-depth=3 class=sf-dump-compact&gt;
      "&lt;span class=sf-dump-key&gt;file&lt;/span&gt;" =&gt; "&lt;span class=sf-dump-str title="86 characters"&gt;/home/albinr/dbwebb-kurser/mvc/me/report/vendor/phpunit/phpunit/src/TextUI/Command.php&lt;/span&gt;"
      "&lt;span class=sf-dump-key&gt;line&lt;/span&gt;" =&gt; &lt;span class=sf-dump-num&gt;146&lt;/span&gt;
      "&lt;span class=sf-dump-key&gt;function&lt;/span&gt;" =&gt; "&lt;span class=sf-dump-str title="3 characters"&gt;run&lt;/span&gt;"
      "&lt;span class=sf-dump-key&gt;class&lt;/span&gt;" =&gt; "&lt;span class=sf-dump-str title="25 characters"&gt;PHPUnit\TextUI\TestRunner&lt;/span&gt;"
      "&lt;span class=sf-dump-key&gt;type&lt;/span&gt;" =&gt; "&lt;span class=sf-dump-str title="2 characters"&gt;-&amp;gt;&lt;/span&gt;"
    &lt;/samp&gt;]
    &lt;span class=sf-dump-index&gt;20&lt;/span&gt; =&gt; &lt;span class=sf-dump-note&gt;array:5&lt;/span&gt; [&lt;samp data-depth=3 class=sf-dump-compact&gt;
      "&lt;span class=sf-dump-key&gt;file&lt;/span&gt;" =&gt; "&lt;span class=sf-dump-str title="86 characters"&gt;/home/albinr/dbwebb-kurser/mvc/me/report/vendor/phpunit/phpunit/src/TextUI/Command.php&lt;/span&gt;"
      "&lt;span class=sf-dump-key&gt;line&lt;/span&gt;" =&gt; &lt;span class=sf-dump-num&gt;99&lt;/span&gt;
      "&lt;span class=sf-dump-key&gt;function&lt;/span&gt;" =&gt; "&lt;span class=sf-dump-str title="3 characters"&gt;run&lt;/span&gt;"
      "&lt;span class=sf-dump-key&gt;class&lt;/span&gt;" =&gt; "&lt;span class=sf-dump-str title="22 characters"&gt;PHPUnit\TextUI\Command&lt;/span&gt;"
      "&lt;span class=sf-dump-key&gt;type&lt;/span&gt;" =&gt; "&lt;span class=sf-dump-str title="2 characters"&gt;-&amp;gt;&lt;/span&gt;"
    &lt;/samp&gt;]
    &lt;span class=sf-dump-index&gt;21&lt;/span&gt; =&gt; &lt;span class=sf-dump-note&gt;array:5&lt;/span&gt; [&lt;samp data-depth=3 class=sf-dump-compact&gt;
      "&lt;span class=sf-dump-key&gt;file&lt;/span&gt;" =&gt; "&lt;span class=sf-dump-str title="71 characters"&gt;/home/albinr/dbwebb-kurser/mvc/me/report/vendor/phpunit/phpunit/phpunit&lt;/span&gt;"
      "&lt;span class=sf-dump-key&gt;line&lt;/span&gt;" =&gt; &lt;span class=sf-dump-num&gt;107&lt;/span&gt;
      "&lt;span class=sf-dump-key&gt;function&lt;/span&gt;" =&gt; "&lt;span class=sf-dump-str title="4 characters"&gt;main&lt;/span&gt;"
      "&lt;span class=sf-dump-key&gt;class&lt;/span&gt;" =&gt; "&lt;span class=sf-dump-str title="22 characters"&gt;PHPUnit\TextUI\Command&lt;/span&gt;"
      "&lt;span class=sf-dump-key&gt;type&lt;/span&gt;" =&gt; "&lt;span class=sf-dump-str title="2 characters"&gt;::&lt;/span&gt;"
    &lt;/samp&gt;]
    &lt;span class=sf-dump-index&gt;22&lt;/span&gt; =&gt; &lt;span class=sf-dump-note&gt;array:3&lt;/span&gt; [&lt;samp data-depth=3 class=sf-dump-compact&gt;
      "&lt;span class=sf-dump-key&gt;file&lt;/span&gt;" =&gt; "&lt;span class=sf-dump-str title="59 characters"&gt;/home/albinr/dbwebb-kurser/mvc/me/report/vendor/bin/phpunit&lt;/span&gt;"
      "&lt;span class=sf-dump-key&gt;line&lt;/span&gt;" =&gt; &lt;span class=sf-dump-num&gt;122&lt;/span&gt;
      "&lt;span class=sf-dump-key&gt;function&lt;/span&gt;" =&gt; "&lt;span class=sf-dump-str title="7 characters"&gt;include&lt;/span&gt;"
    &lt;/samp&gt;]
  &lt;/samp&gt;]
&lt;/samp&gt;}
&lt;/pre&gt;&lt;script&gt;Sfdump("sf-dump-327161065")&lt;/script&gt;
                    &lt;/div&gt;
                &lt;/details&gt;
                    &lt;/div&gt;

        &lt;div id="trace-html-1" class="sf-toggle-content"&gt;
                    &lt;div class="trace-line "&gt;
                &lt;div class="trace-line-header break-long-words sf-toggle" data-toggle-selector="#trace-html-1-0" data-toggle-initial="display"&gt;
            &lt;span class="icon icon-close"&gt;&lt;svg width="1792" height="1792" viewBox="0 0 1792 1792" xmlns="http://www.w3.org/2000/svg"&gt;&lt;path d="M1408 960V832q0-26-19-45t-45-19H448q-26 0-45 19t-19 45v128q0 26 19 45t45 19h896q26 0 45-19t19-45zm256-544v960q0 119-84.5 203.5T1376 1664H416q-119 0-203.5-84.5T128 1376V416q0-119 84.5-203.5T416 128h960q119 0 203.5 84.5T1664 416z"/&gt;&lt;/svg&gt;&lt;/span&gt;
        &lt;span class="icon icon-open"&gt;&lt;svg width="1792" height="1792" viewBox="0 0 1792 1792" xmlns="http://www.w3.org/2000/svg"&gt;&lt;path d="M1408 960V832q0-26-19-45t-45-19h-320V448q0-26-19-45t-45-19H832q-26 0-45 19t-19 45v320H448q-26 0-45 19t-19 45v128q0 26 19 45t45 19h320v320q0 26 19 45t45 19h128q26 0 45-19t19-45v-320h320q26 0 45-19t19-45zm256-544v960q0 119-84.5 203.5T1376 1664H416q-119 0-203.5-84.5T128 1376V416q0-119 84.5-203.5T416 128h960q119 0 203.5 84.5T1664 416z"/&gt;&lt;/svg&gt;&lt;/span&gt;
    
    
                    &lt;span class="block trace-file-path"&gt;
            in
            &lt;a href="file:///home/albinr/dbwebb-kurser/mvc/me/report/src/Card/Player.php#L51"&gt;
                src/Card/&lt;strong&gt;Player.php&lt;/strong&gt;
            &lt;/a&gt;
                        (line 51)
            &lt;span class="icon icon-copy hidden" data-clipboard-text="src/Card/Player.php:51"&gt;
                &lt;svg xmlns="http://www.w3.org/2000/svg" height="24" viewBox="0 0 24 24" width="24"&gt;&lt;path d="M0 0h24v24H0z" fill="none"/&gt;&lt;path d="M16 1H4c-1.1 0-2 .9-2 2v14h2V3h12V1zm3 4H8c-1.1 0-2 .9-2 2v14c0 1.1.9 2 2 2h11c1.1 0 2-.9 2-2V7c0-1.1-.9-2-2-2zm0 16H8V7h11v14z"/&gt;&lt;/svg&gt;            &lt;/span&gt;
        &lt;/span&gt;
    &lt;/div&gt;
    &lt;div id="trace-html-1-0" class="trace-code sf-toggle-content"&gt;
        &lt;ol start="46"&gt;&lt;li&gt;&lt;code&gt;&amp;nbsp;&amp;nbsp;&amp;nbsp;&amp;nbsp;&amp;nbsp;&amp;nbsp;&amp;nbsp;&amp;nbsp;&lt;span&amp;nbsp;style="color:&amp;nbsp;var(--highlight-default)"&gt;$this&lt;/span&gt;&lt;span&amp;nbsp;style="color:&amp;nbsp;var(--highlight-keyword)"&gt;-&amp;gt;&lt;/span&gt;&lt;span&amp;nbsp;style="color:&amp;nbsp;var(--highlight-default)"&gt;hands&lt;/span&gt;&lt;span&amp;nbsp;style="color:&amp;nbsp;var(--highlight-keyword)"&gt;[]&amp;nbsp;=&amp;nbsp;&lt;/span&gt;&lt;span&amp;nbsp;style="color:&amp;nbsp;var(--highlight-default)"&gt;$hand&lt;/span&gt;&lt;span&amp;nbsp;style="color:&amp;nbsp;var(--highlight-keyword)"&gt;;&lt;/span&gt;&lt;/code&gt;&lt;/li&gt;
&lt;li&gt;&lt;code&gt;&amp;nbsp;&amp;nbsp;&amp;nbsp;&amp;nbsp;}&lt;/code&gt;&lt;/li&gt;
&lt;li&gt;&lt;code&gt;&lt;/code&gt;&lt;/li&gt;
&lt;li&gt;&lt;code&gt;&amp;nbsp;&amp;nbsp;&amp;nbsp;&amp;nbsp;public&amp;nbsp;function&amp;nbsp;&lt;span&amp;nbsp;style="color:&amp;nbsp;var(--highlight-default)"&gt;getHand&lt;/span&gt;&lt;span&amp;nbsp;style="color:&amp;nbsp;var(--highlight-keyword)"&gt;(&lt;/span&gt;&lt;span&amp;nbsp;style="color:&amp;nbsp;var(--highlight-default)"&gt;int&amp;nbsp;$handIndex&lt;/span&gt;&lt;span&amp;nbsp;style="color:&amp;nbsp;var(--highlight-keyword)"&gt;):&amp;nbsp;&lt;/span&gt;&lt;span&amp;nbsp;style="color:&amp;nbsp;var(--highlight-default)"&gt;CardHand&lt;/span&gt;&lt;/code&gt;&lt;/li&gt;
&lt;li&gt;&lt;code&gt;&amp;nbsp;&amp;nbsp;&amp;nbsp;&amp;nbsp;&lt;span&amp;nbsp;style="color:&amp;nbsp;var(--highlight-keyword)"&gt;{&lt;/span&gt;&lt;/code&gt;&lt;/li&gt;
&lt;li class="selected"&gt;&lt;code&gt;&amp;nbsp;&amp;nbsp;&amp;nbsp;&amp;nbsp;&amp;nbsp;&amp;nbsp;&amp;nbsp;&amp;nbsp;return&amp;nbsp;&lt;span&amp;nbsp;style="color:&amp;nbsp;var(--highlight-default)"&gt;$this&lt;/span&gt;&lt;span&amp;nbsp;style="color:&amp;nbsp;var(--highlight-keyword)"&gt;-&amp;gt;&lt;/span&gt;&lt;span&amp;nbsp;style="color:&amp;nbsp;var(--highlight-default)"&gt;hands&lt;/span&gt;&lt;span&amp;nbsp;style="color:&amp;nbsp;var(--highlight-keyword)"&gt;[&lt;/span&gt;&lt;span&amp;nbsp;style="color:&amp;nbsp;var(--highlight-default)"&gt;$handIndex&lt;/span&gt;&lt;span&amp;nbsp;style="color:&amp;nbsp;var(--highlight-keyword)"&gt;];&lt;/span&gt;&lt;/code&gt;&lt;/li&gt;
&lt;li&gt;&lt;code&gt;&amp;nbsp;&amp;nbsp;&amp;nbsp;&amp;nbsp;}&lt;/code&gt;&lt;/li&gt;
&lt;li&gt;&lt;code&gt;&lt;/code&gt;&lt;/li&gt;
&lt;li&gt;&lt;code&gt;&amp;nbsp;&amp;nbsp;&amp;nbsp;&amp;nbsp;public&amp;nbsp;function&amp;nbsp;&lt;span&amp;nbsp;style="color:&amp;nbsp;var(--highlight-default)"&gt;setResult&lt;/span&gt;&lt;span&amp;nbsp;style="color:&amp;nbsp;var(--highlight-keyword)"&gt;(&lt;/span&gt;&lt;span&amp;nbsp;style="color:&amp;nbsp;var(--highlight-default)"&gt;int&amp;nbsp;$handIndex&lt;/span&gt;&lt;span&amp;nbsp;style="color:&amp;nbsp;var(--highlight-keyword)"&gt;,&amp;nbsp;&lt;/span&gt;&lt;span&amp;nbsp;style="color:&amp;nbsp;var(--highlight-default)"&gt;string&amp;nbsp;$result&lt;/span&gt;&lt;span&amp;nbsp;style="color:&amp;nbsp;var(--highlight-keyword)"&gt;):&amp;nbsp;&lt;/span&gt;&lt;span&amp;nbsp;style="color:&amp;nbsp;var(--highlight-default)"&gt;void&lt;/span&gt;&lt;/code&gt;&lt;/li&gt;
&lt;li&gt;&lt;code&gt;&amp;nbsp;&amp;nbsp;&amp;nbsp;&amp;nbsp;&lt;span&amp;nbsp;style="color:&amp;nbsp;var(--highlight-keyword)"&gt;{&lt;/span&gt;&lt;/code&gt;&lt;/li&gt;
&lt;li&gt;&lt;code&gt;&amp;nbsp;&amp;nbsp;&amp;nbsp;&amp;nbsp;&amp;nbsp;&amp;nbsp;&amp;nbsp;&amp;nbsp;&lt;span&amp;nbsp;style="color:&amp;nbsp;var(--highlight-default)"&gt;$this&lt;/span&gt;&lt;span&amp;nbsp;style="color:&amp;nbsp;var(--highlight-keyword)"&gt;-&amp;gt;&lt;/span&gt;&lt;span&amp;nbsp;style="color:&amp;nbsp;var(--highlight-default)"&gt;results&lt;/span&gt;&lt;span&amp;nbsp;style="color:&amp;nbsp;var(--highlight-keyword)"&gt;[&lt;/span&gt;&lt;span&amp;nbsp;style="color:&amp;nbsp;var(--highlight-default)"&gt;$handIndex&lt;/span&gt;&lt;span&amp;nbsp;style="color:&amp;nbsp;var(--highlight-keyword)"&gt;]&amp;nbsp;=&amp;nbsp;&lt;/span&gt;&lt;span&amp;nbsp;style="color:&amp;nbsp;var(--highlight-default)"&gt;$result&lt;/span&gt;&lt;span&amp;nbsp;style="color:&amp;nbsp;var(--highlight-keyword)"&gt;;&lt;/span&gt;&lt;/code&gt;&lt;/li&gt;&lt;/ol&gt;    &lt;/div&gt;            &lt;/div&gt;
                        &lt;div class="trace-line trace-from-vendor"&gt;
                &lt;div class="trace-line-header break-long-words sf-toggle" data-toggle-selector="#trace-html-1-1" data-toggle-initial=""&gt;
            &lt;span class="icon icon-close"&gt;&lt;svg width="1792" height="1792" viewBox="0 0 1792 1792" xmlns="http://www.w3.org/2000/svg"&gt;&lt;path d="M1408 960V832q0-26-19-45t-45-19H448q-26 0-45 19t-19 45v128q0 26 19 45t45 19h896q26 0 45-19t19-45zm256-544v960q0 119-84.5 203.5T1376 1664H416q-119 0-203.5-84.5T128 1376V416q0-119 84.5-203.5T416 128h960q119 0 203.5 84.5T1664 416z"/&gt;&lt;/svg&gt;&lt;/span&gt;
        &lt;span class="icon icon-open"&gt;&lt;svg width="1792" height="1792" viewBox="0 0 1792 1792" xmlns="http://www.w3.org/2000/svg"&gt;&lt;path d="M1408 960V832q0-26-19-45t-45-19h-320V448q0-26-19-45t-45-19H832q-26 0-45 19t-19 45v320H448q-26 0-45 19t-19 45v128q0 26 19 45t45 19h320v320q0 26 19 45t45 19h128q26 0 45-19t19-45v-320h320q26 0 45-19t19-45zm256-544v960q0 119-84.5 203.5T1376 1664H416q-119 0-203.5-84.5T128 1376V416q0-119 84.5-203.5T416 128h960q119 0 203.5 84.5T1664 416z"/&gt;&lt;/svg&gt;&lt;/span&gt;
    
    
                    &lt;span class="block trace-file-path"&gt;
            in
            &lt;a href="file:///home/albinr/dbwebb-kurser/mvc/me/report/vendor/symfony/phpunit-bridge/DeprecationErrorHandler.php#L132"&gt;
                vendor/symfony/phpunit-bridge/&lt;strong&gt;DeprecationErrorHandler.php&lt;/strong&gt;
            &lt;/a&gt;
                            &lt;span class="trace-type"&gt;-&gt;&lt;/span&gt;
                &lt;span class="trace-method"&gt;__invoke&lt;/span&gt;
                        (line 132)
            &lt;span class="icon icon-copy hidden" data-clipboard-text="vendor/symfony/phpunit-bridge/DeprecationErrorHandler.php:132"&gt;
                &lt;svg xmlns="http://www.w3.org/2000/svg" height="24" viewBox="0 0 24 24" width="24"&gt;&lt;path d="M0 0h24v24H0z" fill="none"/&gt;&lt;path d="M16 1H4c-1.1 0-2 .9-2 2v14h2V3h12V1zm3 4H8c-1.1 0-2 .9-2 2v14c0 1.1.9 2 2 2h11c1.1 0 2-.9 2-2V7c0-1.1-.9-2-2-2zm0 16H8V7h11v14z"/&gt;&lt;/svg&gt;            &lt;/span&gt;
        &lt;/span&gt;
    &lt;/div&gt;
    &lt;div id="trace-html-1-1" class="trace-code sf-toggle-content"&gt;
        &lt;ol start="127"&gt;&lt;li&gt;&lt;code&gt;&amp;nbsp;&amp;nbsp;&amp;nbsp;&amp;nbsp;&amp;nbsp;*&amp;nbsp;@internal&lt;/code&gt;&lt;/li&gt;
&lt;li&gt;&lt;code&gt;&amp;nbsp;&amp;nbsp;&amp;nbsp;&amp;nbsp;&amp;nbsp;*/&lt;/code&gt;&lt;/li&gt;
&lt;li&gt;&lt;code&gt;&amp;nbsp;&amp;nbsp;&amp;nbsp;&amp;nbsp;&lt;span&amp;nbsp;style="color:&amp;nbsp;var(--highlight-keyword)"&gt;public&amp;nbsp;function&amp;nbsp;&lt;/span&gt;&lt;span&amp;nbsp;style="color:&amp;nbsp;var(--highlight-default)"&gt;handleError&lt;/span&gt;&lt;span&amp;nbsp;style="color:&amp;nbsp;var(--highlight-keyword)"&gt;(&lt;/span&gt;&lt;span&amp;nbsp;style="color:&amp;nbsp;var(--highlight-default)"&gt;$type&lt;/span&gt;&lt;span&amp;nbsp;style="color:&amp;nbsp;var(--highlight-keyword)"&gt;,&amp;nbsp;&lt;/span&gt;&lt;span&amp;nbsp;style="color:&amp;nbsp;var(--highlight-default)"&gt;$msg&lt;/span&gt;&lt;span&amp;nbsp;style="color:&amp;nbsp;var(--highlight-keyword)"&gt;,&amp;nbsp;&lt;/span&gt;&lt;span&amp;nbsp;style="color:&amp;nbsp;var(--highlight-default)"&gt;$file&lt;/span&gt;&lt;span&amp;nbsp;style="color:&amp;nbsp;var(--highlight-keyword)"&gt;,&amp;nbsp;&lt;/span&gt;&lt;span&amp;nbsp;style="color:&amp;nbsp;var(--highlight-default)"&gt;$line&lt;/span&gt;&lt;span&amp;nbsp;style="color:&amp;nbsp;var(--highlight-keyword)"&gt;,&amp;nbsp;&lt;/span&gt;&lt;span&amp;nbsp;style="color:&amp;nbsp;var(--highlight-default)"&gt;$context&amp;nbsp;&lt;/span&gt;&lt;span&amp;nbsp;style="color:&amp;nbsp;var(--highlight-keyword)"&gt;=&amp;nbsp;[])&lt;/span&gt;&lt;/code&gt;&lt;/li&gt;
&lt;li&gt;&lt;code&gt;&amp;nbsp;&amp;nbsp;&amp;nbsp;&amp;nbsp;{&lt;/code&gt;&lt;/li&gt;
&lt;li&gt;&lt;code&gt;&amp;nbsp;&amp;nbsp;&amp;nbsp;&amp;nbsp;&amp;nbsp;&amp;nbsp;&amp;nbsp;&amp;nbsp;if&amp;nbsp;((&lt;span&amp;nbsp;style="color:&amp;nbsp;var(--highlight-default)"&gt;\E_USER_DEPRECATED&amp;nbsp;&lt;/span&gt;&lt;span&amp;nbsp;style="color:&amp;nbsp;var(--highlight-keyword)"&gt;!==&amp;nbsp;&lt;/span&gt;&lt;span&amp;nbsp;style="color:&amp;nbsp;var(--highlight-default)"&gt;$type&amp;nbsp;&lt;/span&gt;&lt;span&amp;nbsp;style="color:&amp;nbsp;var(--highlight-keyword)"&gt;&amp;amp;&amp;amp;&amp;nbsp;&lt;/span&gt;&lt;span&amp;nbsp;style="color:&amp;nbsp;var(--highlight-default)"&gt;\E_DEPRECATED&amp;nbsp;&lt;/span&gt;&lt;span&amp;nbsp;style="color:&amp;nbsp;var(--highlight-keyword)"&gt;!==&amp;nbsp;&lt;/span&gt;&lt;span&amp;nbsp;style="color:&amp;nbsp;var(--highlight-default)"&gt;$type&amp;nbsp;&lt;/span&gt;&lt;span&amp;nbsp;style="color:&amp;nbsp;var(--highlight-keyword)"&gt;&amp;amp;&amp;amp;&amp;nbsp;(&lt;/span&gt;&lt;span&amp;nbsp;style="color:&amp;nbsp;var(--highlight-default)"&gt;\E_WARNING&amp;nbsp;&lt;/span&gt;&lt;span&amp;nbsp;style="color:&amp;nbsp;var(--highlight-keyword)"&gt;!==&amp;nbsp;&lt;/span&gt;&lt;span&amp;nbsp;style="color:&amp;nbsp;var(--highlight-default)"&gt;$type&amp;nbsp;&lt;/span&gt;&lt;span&amp;nbsp;style="color:&amp;nbsp;var(--highlight-keyword)"&gt;||&amp;nbsp;&lt;/span&gt;&lt;span&amp;nbsp;style="color:&amp;nbsp;var(--highlight-default)"&gt;false&amp;nbsp;&lt;/span&gt;&lt;span&amp;nbsp;style="color:&amp;nbsp;var(--highlight-keyword)"&gt;===&amp;nbsp;&lt;/span&gt;&lt;span&amp;nbsp;style="color:&amp;nbsp;var(--highlight-default)"&gt;strpos&lt;/span&gt;&lt;span&amp;nbsp;style="color:&amp;nbsp;var(--highlight-keyword)"&gt;(&lt;/span&gt;&lt;span&amp;nbsp;style="color:&amp;nbsp;var(--highlight-default)"&gt;$msg&lt;/span&gt;&lt;span&amp;nbsp;style="color:&amp;nbsp;var(--highlight-keyword)"&gt;,&amp;nbsp;&lt;/span&gt;&lt;span&amp;nbsp;style="color:&amp;nbsp;var(--highlight-string)"&gt;'"&amp;nbsp;targeting&amp;nbsp;switch&amp;nbsp;is&amp;nbsp;equivalent&amp;nbsp;to&amp;nbsp;"break'&lt;/span&gt;&lt;span&amp;nbsp;style="color:&amp;nbsp;var(--highlight-keyword)"&gt;)))&amp;nbsp;||&amp;nbsp;!&lt;/span&gt;&lt;span&amp;nbsp;style="color:&amp;nbsp;var(--highlight-default)"&gt;$this&lt;/span&gt;&lt;span&amp;nbsp;style="color:&amp;nbsp;var(--highlight-keyword)"&gt;-&amp;gt;&lt;/span&gt;&lt;span&amp;nbsp;style="color:&amp;nbsp;var(--highlight-default)"&gt;getConfiguration&lt;/span&gt;&lt;span&amp;nbsp;style="color:&amp;nbsp;var(--highlight-keyword)"&gt;()-&amp;gt;&lt;/span&gt;&lt;span&amp;nbsp;style="color:&amp;nbsp;var(--highlight-default)"&gt;isEnabled&lt;/span&gt;&lt;span&amp;nbsp;style="color:&amp;nbsp;var(--highlight-keyword)"&gt;())&amp;nbsp;{&lt;/span&gt;&lt;/code&gt;&lt;/li&gt;
&lt;li class="selected"&gt;&lt;code&gt;&amp;nbsp;&amp;nbsp;&amp;nbsp;&amp;nbsp;&amp;nbsp;&amp;nbsp;&amp;nbsp;&amp;nbsp;&amp;nbsp;&amp;nbsp;&amp;nbsp;&amp;nbsp;return&amp;nbsp;&lt;span&amp;nbsp;style="color:&amp;nbsp;var(--highlight-default)"&gt;\call_user_func&lt;/span&gt;&lt;span&amp;nbsp;style="color:&amp;nbsp;var(--highlight-keyword)"&gt;(&lt;/span&gt;&lt;span&amp;nbsp;style="color:&amp;nbsp;var(--highlight-default)"&gt;self&lt;/span&gt;&lt;span&amp;nbsp;style="color:&amp;nbsp;var(--highlight-keyword)"&gt;::&lt;/span&gt;&lt;span&amp;nbsp;style="color:&amp;nbsp;var(--highlight-default)"&gt;getPhpUnitErrorHandler&lt;/span&gt;&lt;span&amp;nbsp;style="color:&amp;nbsp;var(--highlight-keyword)"&gt;(),&amp;nbsp;&lt;/span&gt;&lt;span&amp;nbsp;style="color:&amp;nbsp;var(--highlight-default)"&gt;$type&lt;/span&gt;&lt;span&amp;nbsp;style="color:&amp;nbsp;var(--highlight-keyword)"&gt;,&amp;nbsp;&lt;/span&gt;&lt;span&amp;nbsp;style="color:&amp;nbsp;var(--highlight-default)"&gt;$msg&lt;/span&gt;&lt;span&amp;nbsp;style="color:&amp;nbsp;var(--highlight-keyword)"&gt;,&amp;nbsp;&lt;/span&gt;&lt;span&amp;nbsp;style="color:&amp;nbsp;var(--highlight-default)"&gt;$file&lt;/span&gt;&lt;span&amp;nbsp;style="color:&amp;nbsp;var(--highlight-keyword)"&gt;,&amp;nbsp;&lt;/span&gt;&lt;span&amp;nbsp;style="color:&amp;nbsp;var(--highlight-default)"&gt;$line&lt;/span&gt;&lt;span&amp;nbsp;style="color:&amp;nbsp;var(--highlight-keyword)"&gt;,&amp;nbsp;&lt;/span&gt;&lt;span&amp;nbsp;style="color:&amp;nbsp;var(--highlight-default)"&gt;$context&lt;/span&gt;&lt;span&amp;nbsp;style="color:&amp;nbsp;var(--highlight-keyword)"&gt;);&lt;/span&gt;&lt;/code&gt;&lt;/li&gt;
&lt;li&gt;&lt;code&gt;&amp;nbsp;&amp;nbsp;&amp;nbsp;&amp;nbsp;&amp;nbsp;&amp;nbsp;&amp;nbsp;&amp;nbsp;}&lt;/code&gt;&lt;/li&gt;
&lt;li&gt;&lt;code&gt;&lt;/code&gt;&lt;/li&gt;
&lt;li&gt;&lt;code&gt;&amp;nbsp;&amp;nbsp;&amp;nbsp;&amp;nbsp;&amp;nbsp;&amp;nbsp;&amp;nbsp;&amp;nbsp;&lt;span&amp;nbsp;style="color:&amp;nbsp;var(--highlight-default)"&gt;$trace&amp;nbsp;&lt;/span&gt;&lt;span&amp;nbsp;style="color:&amp;nbsp;var(--highlight-keyword)"&gt;=&amp;nbsp;&lt;/span&gt;&lt;span&amp;nbsp;style="color:&amp;nbsp;var(--highlight-default)"&gt;debug_backtrace&lt;/span&gt;&lt;span&amp;nbsp;style="color:&amp;nbsp;var(--highlight-keyword)"&gt;();&lt;/span&gt;&lt;/code&gt;&lt;/li&gt;
&lt;li&gt;&lt;code&gt;&lt;/code&gt;&lt;/li&gt;
&lt;li&gt;&lt;code&gt;&amp;nbsp;&amp;nbsp;&amp;nbsp;&amp;nbsp;&amp;nbsp;&amp;nbsp;&amp;nbsp;&amp;nbsp;if&amp;nbsp;(isset(&lt;span&amp;nbsp;style="color:&amp;nbsp;var(--highlight-default)"&gt;$trace&lt;/span&gt;&lt;span&amp;nbsp;style="color:&amp;nbsp;var(--highlight-keyword)"&gt;[&lt;/span&gt;&lt;span&amp;nbsp;style="color:&amp;nbsp;var(--highlight-default)"&gt;1&lt;/span&gt;&lt;span&amp;nbsp;style="color:&amp;nbsp;var(--highlight-keyword)"&gt;][&lt;/span&gt;&lt;span&amp;nbsp;style="color:&amp;nbsp;var(--highlight-string)"&gt;'function'&lt;/span&gt;&lt;span&amp;nbsp;style="color:&amp;nbsp;var(--highlight-keyword)"&gt;],&amp;nbsp;&lt;/span&gt;&lt;span&amp;nbsp;style="color:&amp;nbsp;var(--highlight-default)"&gt;$trace&lt;/span&gt;&lt;span&amp;nbsp;style="color:&amp;nbsp;var(--highlight-keyword)"&gt;[&lt;/span&gt;&lt;span&amp;nbsp;style="color:&amp;nbsp;var(--highlight-default)"&gt;1&lt;/span&gt;&lt;span&amp;nbsp;style="color:&amp;nbsp;var(--highlight-keyword)"&gt;][&lt;/span&gt;&lt;span&amp;nbsp;style="color:&amp;nbsp;var(--highlight-string)"&gt;'args'&lt;/span&gt;&lt;span&amp;nbsp;style="color:&amp;nbsp;var(--highlight-keyword)"&gt;][&lt;/span&gt;&lt;span&amp;nbsp;style="color:&amp;nbsp;var(--highlight-default)"&gt;0&lt;/span&gt;&lt;span&amp;nbsp;style="color:&amp;nbsp;var(--highlight-keyword)"&gt;])&amp;nbsp;&amp;amp;&amp;amp;&amp;nbsp;(&lt;/span&gt;&lt;span&amp;nbsp;style="color:&amp;nbsp;var(--highlight-string)"&gt;'trigger_error'&amp;nbsp;&lt;/span&gt;&lt;span&amp;nbsp;style="color:&amp;nbsp;var(--highlight-keyword)"&gt;===&amp;nbsp;&lt;/span&gt;&lt;span&amp;nbsp;style="color:&amp;nbsp;var(--highlight-default)"&gt;$trace&lt;/span&gt;&lt;span&amp;nbsp;style="color:&amp;nbsp;var(--highlight-keyword)"&gt;[&lt;/span&gt;&lt;span&amp;nbsp;style="color:&amp;nbsp;var(--highlight-default)"&gt;1&lt;/span&gt;&lt;span&amp;nbsp;style="color:&amp;nbsp;var(--highlight-keyword)"&gt;][&lt;/span&gt;&lt;span&amp;nbsp;style="color:&amp;nbsp;var(--highlight-string)"&gt;'function'&lt;/span&gt;&lt;span&amp;nbsp;style="color:&amp;nbsp;var(--highlight-keyword)"&gt;]&amp;nbsp;||&amp;nbsp;&lt;/span&gt;&lt;span&amp;nbsp;style="color:&amp;nbsp;var(--highlight-string)"&gt;'user_error'&amp;nbsp;&lt;/span&gt;&lt;span&amp;nbsp;style="color:&amp;nbsp;var(--highlight-keyword)"&gt;===&amp;nbsp;&lt;/span&gt;&lt;span&amp;nbsp;style="color:&amp;nbsp;var(--highlight-default)"&gt;$trace&lt;/span&gt;&lt;span&amp;nbsp;style="color:&amp;nbsp;var(--highlight-keyword)"&gt;[&lt;/span&gt;&lt;span&amp;nbsp;style="color:&amp;nbsp;var(--highlight-default)"&gt;1&lt;/span&gt;&lt;span&amp;nbsp;style="color:&amp;nbsp;var(--highlight-keyword)"&gt;][&lt;/span&gt;&lt;span&amp;nbsp;style="color:&amp;nbsp;var(--highlight-string)"&gt;'function'&lt;/span&gt;&lt;span&amp;nbsp;style="color:&amp;nbsp;var(--highlight-keyword)"&gt;]))&amp;nbsp;{&lt;/span&gt;&lt;/code&gt;&lt;/li&gt;&lt;/ol&gt;    &lt;/div&gt;            &lt;/div&gt;
                        &lt;div class="trace-line "&gt;
                &lt;div class="trace-line-header break-long-words sf-toggle" data-toggle-selector="#trace-html-1-2" data-toggle-initial=""&gt;
            &lt;span class="icon icon-close"&gt;&lt;svg width="1792" height="1792" viewBox="0 0 1792 1792" xmlns="http://www.w3.org/2000/svg"&gt;&lt;path d="M1408 960V832q0-26-19-45t-45-19H448q-26 0-45 19t-19 45v128q0 26 19 45t45 19h896q26 0 45-19t19-45zm256-544v960q0 119-84.5 203.5T1376 1664H416q-119 0-203.5-84.5T128 1376V416q0-119 84.5-203.5T416 128h960q119 0 203.5 84.5T1664 416z"/&gt;&lt;/svg&gt;&lt;/span&gt;
        &lt;span class="icon icon-open"&gt;&lt;svg width="1792" height="1792" viewBox="0 0 1792 1792" xmlns="http://www.w3.org/2000/svg"&gt;&lt;path d="M1408 960V832q0-26-19-45t-45-19h-320V448q0-26-19-45t-45-19H832q-26 0-45 19t-19 45v320H448q-26 0-45 19t-19 45v128q0 26 19 45t45 19h320v320q0 26 19 45t45 19h128q26 0 45-19t19-45v-320h320q26 0 45-19t19-45zm256-544v960q0 119-84.5 203.5T1376 1664H416q-119 0-203.5-84.5T128 1376V416q0-119 84.5-203.5T416 128h960q119 0 203.5 84.5T1664 416z"/&gt;&lt;/svg&gt;&lt;/span&gt;
    
            &lt;span class="trace-class"&gt;&lt;abbr title="Symfony\Bridge\PhpUnit\DeprecationErrorHandler"&gt;DeprecationErrorHandler&lt;/abbr&gt;&lt;/span&gt;&lt;span class="trace-type"&gt;-&gt;&lt;/span&gt;&lt;span class="trace-method"&gt;handleError&lt;/span&gt;&lt;span class="trace-arguments"&gt;()&lt;/span&gt;    
                    &lt;span class="block trace-file-path"&gt;
            in
            &lt;a href="file:///home/albinr/dbwebb-kurser/mvc/me/report/src/Card/Player.php#L51"&gt;
                src/Card/&lt;strong&gt;Player.php&lt;/strong&gt;
            &lt;/a&gt;
                        (line 51)
            &lt;span class="icon icon-copy hidden" data-clipboard-text="src/Card/Player.php:51"&gt;
                &lt;svg xmlns="http://www.w3.org/2000/svg" height="24" viewBox="0 0 24 24" width="24"&gt;&lt;path d="M0 0h24v24H0z" fill="none"/&gt;&lt;path d="M16 1H4c-1.1 0-2 .9-2 2v14h2V3h12V1zm3 4H8c-1.1 0-2 .9-2 2v14c0 1.1.9 2 2 2h11c1.1 0 2-.9 2-2V7c0-1.1-.9-2-2-2zm0 16H8V7h11v14z"/&gt;&lt;/svg&gt;            &lt;/span&gt;
        &lt;/span&gt;
    &lt;/div&gt;
    &lt;div id="trace-html-1-2" class="trace-code sf-toggle-content"&gt;
        &lt;ol start="46"&gt;&lt;li&gt;&lt;code&gt;&amp;nbsp;&amp;nbsp;&amp;nbsp;&amp;nbsp;&amp;nbsp;&amp;nbsp;&amp;nbsp;&amp;nbsp;&lt;span&amp;nbsp;style="color:&amp;nbsp;var(--highlight-default)"&gt;$this&lt;/span&gt;&lt;span&amp;nbsp;style="color:&amp;nbsp;var(--highlight-keyword)"&gt;-&amp;gt;&lt;/span&gt;&lt;span&amp;nbsp;style="color:&amp;nbsp;var(--highlight-default)"&gt;hands&lt;/span&gt;&lt;span&amp;nbsp;style="color:&amp;nbsp;var(--highlight-keyword)"&gt;[]&amp;nbsp;=&amp;nbsp;&lt;/span&gt;&lt;span&amp;nbsp;style="color:&amp;nbsp;var(--highlight-default)"&gt;$hand&lt;/span&gt;&lt;span&amp;nbsp;style="color:&amp;nbsp;var(--highlight-keyword)"&gt;;&lt;/span&gt;&lt;/code&gt;&lt;/li&gt;
&lt;li&gt;&lt;code&gt;&amp;nbsp;&amp;nbsp;&amp;nbsp;&amp;nbsp;}&lt;/code&gt;&lt;/li&gt;
&lt;li&gt;&lt;code&gt;&lt;/code&gt;&lt;/li&gt;
&lt;li&gt;&lt;code&gt;&amp;nbsp;&amp;nbsp;&amp;nbsp;&amp;nbsp;public&amp;nbsp;function&amp;nbsp;&lt;span&amp;nbsp;style="color:&amp;nbsp;var(--highlight-default)"&gt;getHand&lt;/span&gt;&lt;span&amp;nbsp;style="color:&amp;nbsp;var(--highlight-keyword)"&gt;(&lt;/span&gt;&lt;span&amp;nbsp;style="color:&amp;nbsp;var(--highlight-default)"&gt;int&amp;nbsp;$handIndex&lt;/span&gt;&lt;span&amp;nbsp;style="color:&amp;nbsp;var(--highlight-keyword)"&gt;):&amp;nbsp;&lt;/span&gt;&lt;span&amp;nbsp;style="color:&amp;nbsp;var(--highlight-default)"&gt;CardHand&lt;/span&gt;&lt;/code&gt;&lt;/li&gt;
&lt;li&gt;&lt;code&gt;&amp;nbsp;&amp;nbsp;&amp;nbsp;&amp;nbsp;&lt;span&amp;nbsp;style="color:&amp;nbsp;var(--highlight-keyword)"&gt;{&lt;/span&gt;&lt;/code&gt;&lt;/li&gt;
&lt;li class="selected"&gt;&lt;code&gt;&amp;nbsp;&amp;nbsp;&amp;nbsp;&amp;nbsp;&amp;nbsp;&amp;nbsp;&amp;nbsp;&amp;nbsp;return&amp;nbsp;&lt;span&amp;nbsp;style="color:&amp;nbsp;var(--highlight-default)"&gt;$this&lt;/span&gt;&lt;span&amp;nbsp;style="color:&amp;nbsp;var(--highlight-keyword)"&gt;-&amp;gt;&lt;/span&gt;&lt;span&amp;nbsp;style="color:&amp;nbsp;var(--highlight-default)"&gt;hands&lt;/span&gt;&lt;span&amp;nbsp;style="color:&amp;nbsp;var(--highlight-keyword)"&gt;[&lt;/span&gt;&lt;span&amp;nbsp;style="color:&amp;nbsp;var(--highlight-default)"&gt;$handIndex&lt;/span&gt;&lt;span&amp;nbsp;style="color:&amp;nbsp;var(--highlight-keyword)"&gt;];&lt;/span&gt;&lt;/code&gt;&lt;/li&gt;
&lt;li&gt;&lt;code&gt;&amp;nbsp;&amp;nbsp;&amp;nbsp;&amp;nbsp;}&lt;/code&gt;&lt;/li&gt;
&lt;li&gt;&lt;code&gt;&lt;/code&gt;&lt;/li&gt;
&lt;li&gt;&lt;code&gt;&amp;nbsp;&amp;nbsp;&amp;nbsp;&amp;nbsp;public&amp;nbsp;function&amp;nbsp;&lt;span&amp;nbsp;style="color:&amp;nbsp;var(--highlight-default)"&gt;setResult&lt;/span&gt;&lt;span&amp;nbsp;style="color:&amp;nbsp;var(--highlight-keyword)"&gt;(&lt;/span&gt;&lt;span&amp;nbsp;style="color:&amp;nbsp;var(--highlight-default)"&gt;int&amp;nbsp;$handIndex&lt;/span&gt;&lt;span&amp;nbsp;style="color:&amp;nbsp;var(--highlight-keyword)"&gt;,&amp;nbsp;&lt;/span&gt;&lt;span&amp;nbsp;style="color:&amp;nbsp;var(--highlight-default)"&gt;string&amp;nbsp;$result&lt;/span&gt;&lt;span&amp;nbsp;style="color:&amp;nbsp;var(--highlight-keyword)"&gt;):&amp;nbsp;&lt;/span&gt;&lt;span&amp;nbsp;style="color:&amp;nbsp;var(--highlight-default)"&gt;void&lt;/span&gt;&lt;/code&gt;&lt;/li&gt;
&lt;li&gt;&lt;code&gt;&amp;nbsp;&amp;nbsp;&amp;nbsp;&amp;nbsp;&lt;span&amp;nbsp;style="color:&amp;nbsp;var(--highlight-keyword)"&gt;{&lt;/span&gt;&lt;/code&gt;&lt;/li&gt;
&lt;li&gt;&lt;code&gt;&amp;nbsp;&amp;nbsp;&amp;nbsp;&amp;nbsp;&amp;nbsp;&amp;nbsp;&amp;nbsp;&amp;nbsp;&lt;span&amp;nbsp;style="color:&amp;nbsp;var(--highlight-default)"&gt;$this&lt;/span&gt;&lt;span&amp;nbsp;style="color:&amp;nbsp;var(--highlight-keyword)"&gt;-&amp;gt;&lt;/span&gt;&lt;span&amp;nbsp;style="color:&amp;nbsp;var(--highlight-default)"&gt;results&lt;/span&gt;&lt;span&amp;nbsp;style="color:&amp;nbsp;var(--highlight-keyword)"&gt;[&lt;/span&gt;&lt;span&amp;nbsp;style="color:&amp;nbsp;var(--highlight-default)"&gt;$handIndex&lt;/span&gt;&lt;span&amp;nbsp;style="color:&amp;nbsp;var(--highlight-keyword)"&gt;]&amp;nbsp;=&amp;nbsp;&lt;/span&gt;&lt;span&amp;nbsp;style="color:&amp;nbsp;var(--highlight-default)"&gt;$result&lt;/span&gt;&lt;span&amp;nbsp;style="color:&amp;nbsp;var(--highlight-keyword)"&gt;;&lt;/span&gt;&lt;/code&gt;&lt;/li&gt;&lt;/ol&gt;    &lt;/div&gt;            &lt;/div&gt;
                        &lt;div class="trace-line "&gt;
                &lt;div class="trace-line-header break-long-words sf-toggle" data-toggle-selector="#trace-html-1-3" data-toggle-initial=""&gt;
            &lt;span class="icon icon-close"&gt;&lt;svg width="1792" height="1792" viewBox="0 0 1792 1792" xmlns="http://www.w3.org/2000/svg"&gt;&lt;path d="M1408 960V832q0-26-19-45t-45-19H448q-26 0-45 19t-19 45v128q0 26 19 45t45 19h896q26 0 45-19t19-45zm256-544v960q0 119-84.5 203.5T1376 1664H416q-119 0-203.5-84.5T128 1376V416q0-119 84.5-203.5T416 128h960q119 0 203.5 84.5T1664 416z"/&gt;&lt;/svg&gt;&lt;/span&gt;
        &lt;span class="icon icon-open"&gt;&lt;svg width="1792" height="1792" viewBox="0 0 1792 1792" xmlns="http://www.w3.org/2000/svg"&gt;&lt;path d="M1408 960V832q0-26-19-45t-45-19h-320V448q0-26-19-45t-45-19H832q-26 0-45 19t-19 45v320H448q-26 0-45 19t-19 45v128q0 26 19 45t45 19h320v320q0 26 19 45t45 19h128q26 0 45-19t19-45v-320h320q26 0 45-19t19-45zm256-544v960q0 119-84.5 203.5T1376 1664H416q-119 0-203.5-84.5T128 1376V416q0-119 84.5-203.5T416 128h960q119 0 203.5 84.5T1664 416z"/&gt;&lt;/svg&gt;&lt;/span&gt;
    
            &lt;span class="trace-class"&gt;&lt;abbr title="App\Card\Player"&gt;Player&lt;/abbr&gt;&lt;/span&gt;&lt;span class="trace-type"&gt;-&gt;&lt;/span&gt;&lt;span class="trace-method"&gt;getHand&lt;/span&gt;&lt;span class="trace-arguments"&gt;()&lt;/span&gt;    
                    &lt;span class="block trace-file-path"&gt;
            in
            &lt;a href="file:///home/albinr/dbwebb-kurser/mvc/me/report/src/Card/BlackJack.php#L76"&gt;
                src/Card/&lt;strong&gt;BlackJack.php&lt;/strong&gt;
            &lt;/a&gt;
                        (line 76)
            &lt;span class="icon icon-copy hidden" data-clipboard-text="src/Card/BlackJack.php:76"&gt;
                &lt;svg xmlns="http://www.w3.org/2000/svg" height="24" viewBox="0 0 24 24" width="24"&gt;&lt;path d="M0 0h24v24H0z" fill="none"/&gt;&lt;path d="M16 1H4c-1.1 0-2 .9-2 2v14h2V3h12V1zm3 4H8c-1.1 0-2 .9-2 2v14c0 1.1.9 2 2 2h11c1.1 0 2-.9 2-2V7c0-1.1-.9-2-2-2zm0 16H8V7h11v14z"/&gt;&lt;/svg&gt;            &lt;/span&gt;
        &lt;/span&gt;
    &lt;/div&gt;
    &lt;div id="trace-html-1-3" class="trace-code sf-toggle-content"&gt;
        &lt;ol start="71"&gt;&lt;li&gt;&lt;code&gt;&amp;nbsp;&amp;nbsp;&amp;nbsp;&amp;nbsp;&amp;nbsp;*&lt;/code&gt;&lt;/li&gt;
&lt;li&gt;&lt;code&gt;&amp;nbsp;&amp;nbsp;&amp;nbsp;&amp;nbsp;&amp;nbsp;*&amp;nbsp;@param&amp;nbsp;int&amp;nbsp;$playerIndex&amp;nbsp;The&amp;nbsp;index&amp;nbsp;of&amp;nbsp;the&amp;nbsp;player&amp;nbsp;(0&amp;nbsp;to&amp;nbsp;numPlayers-1).&lt;/code&gt;&lt;/li&gt;
&lt;li&gt;&lt;code&gt;&amp;nbsp;&amp;nbsp;&amp;nbsp;&amp;nbsp;&amp;nbsp;*/&lt;/code&gt;&lt;/li&gt;
&lt;li&gt;&lt;code&gt;&amp;nbsp;&amp;nbsp;&amp;nbsp;&amp;nbsp;&lt;span&amp;nbsp;style="color:&amp;nbsp;var(--highlight-keyword)"&gt;public&amp;nbsp;function&amp;nbsp;&lt;/span&gt;&lt;span&amp;nbsp;style="color:&amp;nbsp;var(--highlight-default)"&gt;hit&lt;/span&gt;&lt;span&amp;nbsp;style="color:&amp;nbsp;var(--highlight-keyword)"&gt;():&amp;nbsp;?&lt;/span&gt;&lt;span&amp;nbsp;style="color:&amp;nbsp;var(--highlight-default)"&gt;Card&lt;/span&gt;&lt;/code&gt;&lt;/li&gt;
&lt;li&gt;&lt;code&gt;&amp;nbsp;&amp;nbsp;&amp;nbsp;&amp;nbsp;&lt;span&amp;nbsp;style="color:&amp;nbsp;var(--highlight-keyword)"&gt;{&lt;/span&gt;&lt;/code&gt;&lt;/li&gt;
&lt;li class="selected"&gt;&lt;code&gt;&amp;nbsp;&amp;nbsp;&amp;nbsp;&amp;nbsp;&amp;nbsp;&amp;nbsp;&amp;nbsp;&amp;nbsp;&lt;span&amp;nbsp;style="color:&amp;nbsp;var(--highlight-default)"&gt;$currentPlayerHand&amp;nbsp;&lt;/span&gt;&lt;span&amp;nbsp;style="color:&amp;nbsp;var(--highlight-keyword)"&gt;=&amp;nbsp;&lt;/span&gt;&lt;span&amp;nbsp;style="color:&amp;nbsp;var(--highlight-default)"&gt;$this&lt;/span&gt;&lt;span&amp;nbsp;style="color:&amp;nbsp;var(--highlight-keyword)"&gt;-&amp;gt;&lt;/span&gt;&lt;span&amp;nbsp;style="color:&amp;nbsp;var(--highlight-default)"&gt;players&lt;/span&gt;&lt;span&amp;nbsp;style="color:&amp;nbsp;var(--highlight-keyword)"&gt;[&lt;/span&gt;&lt;span&amp;nbsp;style="color:&amp;nbsp;var(--highlight-default)"&gt;$this&lt;/span&gt;&lt;span&amp;nbsp;style="color:&amp;nbsp;var(--highlight-keyword)"&gt;-&amp;gt;&lt;/span&gt;&lt;span&amp;nbsp;style="color:&amp;nbsp;var(--highlight-default)"&gt;currentPlayer&lt;/span&gt;&lt;span&amp;nbsp;style="color:&amp;nbsp;var(--highlight-keyword)"&gt;]-&amp;gt;&lt;/span&gt;&lt;span&amp;nbsp;style="color:&amp;nbsp;var(--highlight-default)"&gt;getHand&lt;/span&gt;&lt;span&amp;nbsp;style="color:&amp;nbsp;var(--highlight-keyword)"&gt;(&lt;/span&gt;&lt;span&amp;nbsp;style="color:&amp;nbsp;var(--highlight-default)"&gt;$this&lt;/span&gt;&lt;span&amp;nbsp;style="color:&amp;nbsp;var(--highlight-keyword)"&gt;-&amp;gt;&lt;/span&gt;&lt;span&amp;nbsp;style="color:&amp;nbsp;var(--highlight-default)"&gt;currentHand&lt;/span&gt;&lt;span&amp;nbsp;style="color:&amp;nbsp;var(--highlight-keyword)"&gt;);&lt;/span&gt;&lt;/code&gt;&lt;/li&gt;
&lt;li&gt;&lt;code&gt;&lt;/code&gt;&lt;/li&gt;
&lt;li&gt;&lt;code&gt;&amp;nbsp;&amp;nbsp;&amp;nbsp;&amp;nbsp;&amp;nbsp;&amp;nbsp;&amp;nbsp;&amp;nbsp;&lt;span&amp;nbsp;style="color:&amp;nbsp;var(--highlight-default)"&gt;$drawnCard&amp;nbsp;&lt;/span&gt;&lt;span&amp;nbsp;style="color:&amp;nbsp;var(--highlight-keyword)"&gt;=&amp;nbsp;&lt;/span&gt;&lt;span&amp;nbsp;style="color:&amp;nbsp;var(--highlight-default)"&gt;$this&lt;/span&gt;&lt;span&amp;nbsp;style="color:&amp;nbsp;var(--highlight-keyword)"&gt;-&amp;gt;&lt;/span&gt;&lt;span&amp;nbsp;style="color:&amp;nbsp;var(--highlight-default)"&gt;addCardToHand&lt;/span&gt;&lt;span&amp;nbsp;style="color:&amp;nbsp;var(--highlight-keyword)"&gt;(&lt;/span&gt;&lt;span&amp;nbsp;style="color:&amp;nbsp;var(--highlight-default)"&gt;$currentPlayerHand&lt;/span&gt;&lt;span&amp;nbsp;style="color:&amp;nbsp;var(--highlight-keyword)"&gt;);&lt;/span&gt;&lt;/code&gt;&lt;/li&gt;
&lt;li&gt;&lt;code&gt;&amp;nbsp;&amp;nbsp;&amp;nbsp;&amp;nbsp;&amp;nbsp;&amp;nbsp;&amp;nbsp;&amp;nbsp;if&amp;nbsp;(&lt;span&amp;nbsp;style="color:&amp;nbsp;var(--highlight-default)"&gt;$this&lt;/span&gt;&lt;span&amp;nbsp;style="color:&amp;nbsp;var(--highlight-keyword)"&gt;-&amp;gt;&lt;/span&gt;&lt;span&amp;nbsp;style="color:&amp;nbsp;var(--highlight-default)"&gt;calcScore&lt;/span&gt;&lt;span&amp;nbsp;style="color:&amp;nbsp;var(--highlight-keyword)"&gt;(&lt;/span&gt;&lt;span&amp;nbsp;style="color:&amp;nbsp;var(--highlight-default)"&gt;$currentPlayerHand&lt;/span&gt;&lt;span&amp;nbsp;style="color:&amp;nbsp;var(--highlight-keyword)"&gt;-&amp;gt;&lt;/span&gt;&lt;span&amp;nbsp;style="color:&amp;nbsp;var(--highlight-default)"&gt;getCards&lt;/span&gt;&lt;span&amp;nbsp;style="color:&amp;nbsp;var(--highlight-keyword)"&gt;())&amp;nbsp;&amp;gt;&amp;nbsp;&lt;/span&gt;&lt;span&amp;nbsp;style="color:&amp;nbsp;var(--highlight-default)"&gt;21&lt;/span&gt;&lt;span&amp;nbsp;style="color:&amp;nbsp;var(--highlight-keyword)"&gt;)&amp;nbsp;{&lt;/span&gt;&lt;/code&gt;&lt;/li&gt;
&lt;li&gt;&lt;code&gt;&amp;nbsp;&amp;nbsp;&amp;nbsp;&amp;nbsp;&amp;nbsp;&amp;nbsp;&amp;nbsp;&amp;nbsp;&amp;nbsp;&amp;nbsp;&amp;nbsp;&amp;nbsp;&lt;span&amp;nbsp;style="color:&amp;nbsp;var(--highlight-default)"&gt;$this&lt;/span&gt;&lt;span&amp;nbsp;style="color:&amp;nbsp;var(--highlight-keyword)"&gt;-&amp;gt;&lt;/span&gt;&lt;span&amp;nbsp;style="color:&amp;nbsp;var(--highlight-default)"&gt;status&amp;nbsp;&lt;/span&gt;&lt;span&amp;nbsp;style="color:&amp;nbsp;var(--highlight-keyword)"&gt;=&amp;nbsp;&lt;/span&gt;&lt;span&amp;nbsp;style="color:&amp;nbsp;var(--highlight-string)"&gt;"Player&amp;nbsp;&lt;/span&gt;&lt;span&amp;nbsp;style="color:&amp;nbsp;var(--highlight-keyword)"&gt;{&lt;/span&gt;&lt;span&amp;nbsp;style="color:&amp;nbsp;var(--highlight-default)"&gt;$this&lt;/span&gt;&lt;span&amp;nbsp;style="color:&amp;nbsp;var(--highlight-keyword)"&gt;-&amp;gt;&lt;/span&gt;&lt;span&amp;nbsp;style="color:&amp;nbsp;var(--highlight-default)"&gt;players&lt;/span&gt;&lt;span&amp;nbsp;style="color:&amp;nbsp;var(--highlight-keyword)"&gt;[&lt;/span&gt;&lt;span&amp;nbsp;style="color:&amp;nbsp;var(--highlight-default)"&gt;$this&lt;/span&gt;&lt;span&amp;nbsp;style="color:&amp;nbsp;var(--highlight-keyword)"&gt;-&amp;gt;&lt;/span&gt;&lt;span&amp;nbsp;style="color:&amp;nbsp;var(--highlight-default)"&gt;currentPlayer&lt;/span&gt;&lt;span&amp;nbsp;style="color:&amp;nbsp;var(--highlight-keyword)"&gt;]-&amp;gt;&lt;/span&gt;&lt;span&amp;nbsp;style="color:&amp;nbsp;var(--highlight-default)"&gt;getName&lt;/span&gt;&lt;span&amp;nbsp;style="color:&amp;nbsp;var(--highlight-keyword)"&gt;()}&lt;/span&gt;&lt;span&amp;nbsp;style="color:&amp;nbsp;var(--highlight-string)"&gt;&amp;nbsp;bust"&lt;/span&gt;&lt;span&amp;nbsp;style="color:&amp;nbsp;var(--highlight-keyword)"&gt;;&lt;/span&gt;&lt;/code&gt;&lt;/li&gt;
&lt;li&gt;&lt;code&gt;&amp;nbsp;&amp;nbsp;&amp;nbsp;&amp;nbsp;&amp;nbsp;&amp;nbsp;&amp;nbsp;&amp;nbsp;}&lt;/code&gt;&lt;/li&gt;&lt;/ol&gt;    &lt;/div&gt;            &lt;/div&gt;
                        &lt;div class="trace-line "&gt;
                &lt;div class="trace-line-header break-long-words sf-toggle" data-toggle-selector="#trace-html-1-4" data-toggle-initial=""&gt;
            &lt;span class="icon icon-close"&gt;&lt;svg width="1792" height="1792" viewBox="0 0 1792 1792" xmlns="http://www.w3.org/2000/svg"&gt;&lt;path d="M1408 960V832q0-26-19-45t-45-19H448q-26 0-45 19t-19 45v128q0 26 19 45t45 19h896q26 0 45-19t19-45zm256-544v960q0 119-84.5 203.5T1376 1664H416q-119 0-203.5-84.5T128 1376V416q0-119 84.5-203.5T416 128h960q119 0 203.5 84.5T1664 416z"/&gt;&lt;/svg&gt;&lt;/span&gt;
        &lt;span class="icon icon-open"&gt;&lt;svg width="1792" height="1792" viewBox="0 0 1792 1792" xmlns="http://www.w3.org/2000/svg"&gt;&lt;path d="M1408 960V832q0-26-19-45t-45-19h-320V448q0-26-19-45t-45-19H832q-26 0-45 19t-19 45v320H448q-26 0-45 19t-19 45v128q0 26 19 45t45 19h320v320q0 26 19 45t45 19h128q26 0 45-19t19-45v-320h320q26 0 45-19t19-45zm256-544v960q0 119-84.5 203.5T1376 1664H416q-119 0-203.5-84.5T128 1376V416q0-119 84.5-203.5T416 128h960q119 0 203.5 84.5T1664 416z"/&gt;&lt;/svg&gt;&lt;/span&gt;
    
            &lt;span class="trace-class"&gt;&lt;abbr title="App\Card\BlackJack"&gt;BlackJack&lt;/abbr&gt;&lt;/span&gt;&lt;span class="trace-type"&gt;-&gt;&lt;/span&gt;&lt;span class="trace-method"&gt;hit&lt;/span&gt;&lt;span class="trace-arguments"&gt;()&lt;/span&gt;    
                    &lt;span class="block trace-file-path"&gt;
            in
            &lt;a href="file:///home/albinr/dbwebb-kurser/mvc/me/report/src/Controller/ApiBlackJackController.php#L109"&gt;
                src/Controller/&lt;strong&gt;ApiBlackJackController.php&lt;/strong&gt;
            &lt;/a&gt;
                        (line 109)
            &lt;span class="icon icon-copy hidden" data-clipboard-text="src/Controller/ApiBlackJackController.php:109"&gt;
                &lt;svg xmlns="http://www.w3.org/2000/svg" height="24" viewBox="0 0 24 24" width="24"&gt;&lt;path d="M0 0h24v24H0z" fill="none"/&gt;&lt;path d="M16 1H4c-1.1 0-2 .9-2 2v14h2V3h12V1zm3 4H8c-1.1 0-2 .9-2 2v14c0 1.1.9 2 2 2h11c1.1 0 2-.9 2-2V7c0-1.1-.9-2-2-2zm0 16H8V7h11v14z"/&gt;&lt;/svg&gt;            &lt;/span&gt;
        &lt;/span&gt;
    &lt;/div&gt;
    &lt;div id="trace-html-1-4" class="trace-code sf-toggle-content"&gt;
        &lt;ol start="104"&gt;&lt;li&gt;&lt;code&gt;&amp;nbsp;&amp;nbsp;&amp;nbsp;&amp;nbsp;&lt;span&amp;nbsp;style="color:&amp;nbsp;var(--highlight-keyword)"&gt;{&lt;/span&gt;&lt;/code&gt;&lt;/li&gt;
&lt;li&gt;&lt;code&gt;&amp;nbsp;&amp;nbsp;&amp;nbsp;&amp;nbsp;&amp;nbsp;&amp;nbsp;&amp;nbsp;&amp;nbsp;&lt;span&amp;nbsp;style="color:&amp;nbsp;var(--highlight-default)"&gt;$data&amp;nbsp;&lt;/span&gt;&lt;span&amp;nbsp;style="color:&amp;nbsp;var(--highlight-keyword)"&gt;=&amp;nbsp;[&lt;/span&gt;&lt;span&amp;nbsp;style="color:&amp;nbsp;var(--highlight-string)"&gt;'game-status'&amp;nbsp;&lt;/span&gt;&lt;span&amp;nbsp;style="color:&amp;nbsp;var(--highlight-keyword)"&gt;=&amp;gt;&amp;nbsp;&lt;/span&gt;&lt;span&amp;nbsp;style="color:&amp;nbsp;var(--highlight-string)"&gt;'No&amp;nbsp;game&amp;nbsp;in&amp;nbsp;progress.'&lt;/span&gt;&lt;span&amp;nbsp;style="color:&amp;nbsp;var(--highlight-keyword)"&gt;];&lt;/span&gt;&lt;/code&gt;&lt;/li&gt;
&lt;li&gt;&lt;code&gt;&amp;nbsp;&amp;nbsp;&amp;nbsp;&amp;nbsp;&amp;nbsp;&amp;nbsp;&amp;nbsp;&amp;nbsp;if&amp;nbsp;(&lt;span&amp;nbsp;style="color:&amp;nbsp;var(--highlight-default)"&gt;$session&lt;/span&gt;&lt;span&amp;nbsp;style="color:&amp;nbsp;var(--highlight-keyword)"&gt;-&amp;gt;&lt;/span&gt;&lt;span&amp;nbsp;style="color:&amp;nbsp;var(--highlight-default)"&gt;has&lt;/span&gt;&lt;span&amp;nbsp;style="color:&amp;nbsp;var(--highlight-keyword)"&gt;(&lt;/span&gt;&lt;span&amp;nbsp;style="color:&amp;nbsp;var(--highlight-string)"&gt;'black_jack_game'&lt;/span&gt;&lt;span&amp;nbsp;style="color:&amp;nbsp;var(--highlight-keyword)"&gt;))&amp;nbsp;{&lt;/span&gt;&lt;/code&gt;&lt;/li&gt;
&lt;li&gt;&lt;code&gt;&amp;nbsp;&amp;nbsp;&amp;nbsp;&amp;nbsp;&amp;nbsp;&amp;nbsp;&amp;nbsp;&amp;nbsp;&amp;nbsp;&amp;nbsp;&amp;nbsp;&amp;nbsp;&lt;span&amp;nbsp;style="color:&amp;nbsp;var(--highlight-default)"&gt;$gameData&amp;nbsp;&lt;/span&gt;&lt;span&amp;nbsp;style="color:&amp;nbsp;var(--highlight-keyword)"&gt;=&amp;nbsp;&lt;/span&gt;&lt;span&amp;nbsp;style="color:&amp;nbsp;var(--highlight-default)"&gt;$session&lt;/span&gt;&lt;span&amp;nbsp;style="color:&amp;nbsp;var(--highlight-keyword)"&gt;-&amp;gt;&lt;/span&gt;&lt;span&amp;nbsp;style="color:&amp;nbsp;var(--highlight-default)"&gt;get&lt;/span&gt;&lt;span&amp;nbsp;style="color:&amp;nbsp;var(--highlight-keyword)"&gt;(&lt;/span&gt;&lt;span&amp;nbsp;style="color:&amp;nbsp;var(--highlight-string)"&gt;'black_jack_game'&lt;/span&gt;&lt;span&amp;nbsp;style="color:&amp;nbsp;var(--highlight-keyword)"&gt;);&lt;/span&gt;&lt;/code&gt;&lt;/li&gt;
&lt;li&gt;&lt;code&gt;&amp;nbsp;&amp;nbsp;&amp;nbsp;&amp;nbsp;&amp;nbsp;&amp;nbsp;&amp;nbsp;&amp;nbsp;&amp;nbsp;&amp;nbsp;&amp;nbsp;&amp;nbsp;&lt;span&amp;nbsp;style="color:&amp;nbsp;var(--highlight-default)"&gt;$game&amp;nbsp;&lt;/span&gt;&lt;span&amp;nbsp;style="color:&amp;nbsp;var(--highlight-keyword)"&gt;=&amp;nbsp;&lt;/span&gt;&lt;span&amp;nbsp;style="color:&amp;nbsp;var(--highlight-default)"&gt;BlackJack&lt;/span&gt;&lt;span&amp;nbsp;style="color:&amp;nbsp;var(--highlight-keyword)"&gt;::&lt;/span&gt;&lt;span&amp;nbsp;style="color:&amp;nbsp;var(--highlight-default)"&gt;fromSession&lt;/span&gt;&lt;span&amp;nbsp;style="color:&amp;nbsp;var(--highlight-keyword)"&gt;(&lt;/span&gt;&lt;span&amp;nbsp;style="color:&amp;nbsp;var(--highlight-default)"&gt;$gameData&lt;/span&gt;&lt;span&amp;nbsp;style="color:&amp;nbsp;var(--highlight-keyword)"&gt;);&lt;/span&gt;&lt;/code&gt;&lt;/li&gt;
&lt;li class="selected"&gt;&lt;code&gt;&amp;nbsp;&amp;nbsp;&amp;nbsp;&amp;nbsp;&amp;nbsp;&amp;nbsp;&amp;nbsp;&amp;nbsp;&amp;nbsp;&amp;nbsp;&amp;nbsp;&amp;nbsp;&lt;span&amp;nbsp;style="color:&amp;nbsp;var(--highlight-default)"&gt;$drawnCard&amp;nbsp;&lt;/span&gt;&lt;span&amp;nbsp;style="color:&amp;nbsp;var(--highlight-keyword)"&gt;=&amp;nbsp;&lt;/span&gt;&lt;span&amp;nbsp;style="color:&amp;nbsp;var(--highlight-default)"&gt;$game&lt;/span&gt;&lt;span&amp;nbsp;style="color:&amp;nbsp;var(--highlight-keyword)"&gt;-&amp;gt;&lt;/span&gt;&lt;span&amp;nbsp;style="color:&amp;nbsp;var(--highlight-default)"&gt;hit&lt;/span&gt;&lt;span&amp;nbsp;style="color:&amp;nbsp;var(--highlight-keyword)"&gt;();&lt;/span&gt;&lt;/code&gt;&lt;/li&gt;
&lt;li&gt;&lt;code&gt;&amp;nbsp;&amp;nbsp;&amp;nbsp;&amp;nbsp;&amp;nbsp;&amp;nbsp;&amp;nbsp;&amp;nbsp;&amp;nbsp;&amp;nbsp;&amp;nbsp;&amp;nbsp;&lt;span&amp;nbsp;style="color:&amp;nbsp;var(--highlight-default)"&gt;$session&lt;/span&gt;&lt;span&amp;nbsp;style="color:&amp;nbsp;var(--highlight-keyword)"&gt;-&amp;gt;&lt;/span&gt;&lt;span&amp;nbsp;style="color:&amp;nbsp;var(--highlight-default)"&gt;set&lt;/span&gt;&lt;span&amp;nbsp;style="color:&amp;nbsp;var(--highlight-keyword)"&gt;(&lt;/span&gt;&lt;span&amp;nbsp;style="color:&amp;nbsp;var(--highlight-string)"&gt;'black_jack_game'&lt;/span&gt;&lt;span&amp;nbsp;style="color:&amp;nbsp;var(--highlight-keyword)"&gt;,&amp;nbsp;&lt;/span&gt;&lt;span&amp;nbsp;style="color:&amp;nbsp;var(--highlight-default)"&gt;$game&lt;/span&gt;&lt;span&amp;nbsp;style="color:&amp;nbsp;var(--highlight-keyword)"&gt;-&amp;gt;&lt;/span&gt;&lt;span&amp;nbsp;style="color:&amp;nbsp;var(--highlight-default)"&gt;toSession&lt;/span&gt;&lt;span&amp;nbsp;style="color:&amp;nbsp;var(--highlight-keyword)"&gt;());&lt;/span&gt;&lt;/code&gt;&lt;/li&gt;
&lt;li&gt;&lt;code&gt;&lt;/code&gt;&lt;/li&gt;
&lt;li&gt;&lt;code&gt;&amp;nbsp;&amp;nbsp;&amp;nbsp;&amp;nbsp;&amp;nbsp;&amp;nbsp;&amp;nbsp;&amp;nbsp;&amp;nbsp;&amp;nbsp;&amp;nbsp;&amp;nbsp;&lt;span&amp;nbsp;style="color:&amp;nbsp;var(--highlight-default)"&gt;$data&amp;nbsp;&lt;/span&gt;&lt;span&amp;nbsp;style="color:&amp;nbsp;var(--highlight-keyword)"&gt;=&amp;nbsp;[&lt;/span&gt;&lt;/code&gt;&lt;/li&gt;
&lt;li&gt;&lt;code&gt;&amp;nbsp;&amp;nbsp;&amp;nbsp;&amp;nbsp;&amp;nbsp;&amp;nbsp;&amp;nbsp;&amp;nbsp;&amp;nbsp;&amp;nbsp;&amp;nbsp;&amp;nbsp;&amp;nbsp;&amp;nbsp;&amp;nbsp;&amp;nbsp;&lt;span&amp;nbsp;style="color:&amp;nbsp;var(--highlight-string)"&gt;'current-player'&amp;nbsp;&lt;/span&gt;&lt;span&amp;nbsp;style="color:&amp;nbsp;var(--highlight-keyword)"&gt;=&amp;gt;&amp;nbsp;&lt;/span&gt;&lt;span&amp;nbsp;style="color:&amp;nbsp;var(--highlight-default)"&gt;$game&lt;/span&gt;&lt;span&amp;nbsp;style="color:&amp;nbsp;var(--highlight-keyword)"&gt;-&amp;gt;&lt;/span&gt;&lt;span&amp;nbsp;style="color:&amp;nbsp;var(--highlight-default)"&gt;getCurrentPlayer&lt;/span&gt;&lt;span&amp;nbsp;style="color:&amp;nbsp;var(--highlight-keyword)"&gt;(),&lt;/span&gt;&lt;/code&gt;&lt;/li&gt;
&lt;li&gt;&lt;code&gt;&amp;nbsp;&amp;nbsp;&amp;nbsp;&amp;nbsp;&amp;nbsp;&amp;nbsp;&amp;nbsp;&amp;nbsp;&amp;nbsp;&amp;nbsp;&amp;nbsp;&amp;nbsp;&amp;nbsp;&amp;nbsp;&amp;nbsp;&amp;nbsp;&lt;span&amp;nbsp;style="color:&amp;nbsp;var(--highlight-string)"&gt;'drawn-card'&amp;nbsp;&lt;/span&gt;&lt;span&amp;nbsp;style="color:&amp;nbsp;var(--highlight-keyword)"&gt;=&amp;gt;&amp;nbsp;&lt;/span&gt;&lt;span&amp;nbsp;style="color:&amp;nbsp;var(--highlight-default)"&gt;$drawnCard&lt;/span&gt;&lt;span&amp;nbsp;style="color:&amp;nbsp;var(--highlight-keyword)"&gt;-&amp;gt;&lt;/span&gt;&lt;span&amp;nbsp;style="color:&amp;nbsp;var(--highlight-default)"&gt;getAsString&lt;/span&gt;&lt;span&amp;nbsp;style="color:&amp;nbsp;var(--highlight-keyword)"&gt;()&lt;/span&gt;&lt;/code&gt;&lt;/li&gt;&lt;/ol&gt;    &lt;/div&gt;            &lt;/div&gt;
                        &lt;div class="trace-line trace-from-vendor"&gt;
                &lt;div class="trace-line-header break-long-words sf-toggle" data-toggle-selector="#trace-html-1-5" data-toggle-initial=""&gt;
            &lt;span class="icon icon-close"&gt;&lt;svg width="1792" height="1792" viewBox="0 0 1792 1792" xmlns="http://www.w3.org/2000/svg"&gt;&lt;path d="M1408 960V832q0-26-19-45t-45-19H448q-26 0-45 19t-19 45v128q0 26 19 45t45 19h896q26 0 45-19t19-45zm256-544v960q0 119-84.5 203.5T1376 1664H416q-119 0-203.5-84.5T128 1376V416q0-119 84.5-203.5T416 128h960q119 0 203.5 84.5T1664 416z"/&gt;&lt;/svg&gt;&lt;/span&gt;
        &lt;span class="icon icon-open"&gt;&lt;svg width="1792" height="1792" viewBox="0 0 1792 1792" xmlns="http://www.w3.org/2000/svg"&gt;&lt;path d="M1408 960V832q0-26-19-45t-45-19h-320V448q0-26-19-45t-45-19H832q-26 0-45 19t-19 45v320H448q-26 0-45 19t-19 45v128q0 26 19 45t45 19h320v320q0 26 19 45t45 19h128q26 0 45-19t19-45v-320h320q26 0 45-19t19-45zm256-544v960q0 119-84.5 203.5T1376 1664H416q-119 0-203.5-84.5T128 1376V416q0-119 84.5-203.5T416 128h960q119 0 203.5 84.5T1664 416z"/&gt;&lt;/svg&gt;&lt;/span&gt;
    
    
                    &lt;span class="block trace-file-path"&gt;
            in
            &lt;a href="file:///home/albinr/dbwebb-kurser/mvc/me/report/vendor/symfony/http-kernel/HttpKernel.php#L178"&gt;
                vendor/symfony/http-kernel/&lt;strong&gt;HttpKernel.php&lt;/strong&gt;
            &lt;/a&gt;
                            &lt;span class="trace-type"&gt;-&gt;&lt;/span&gt;
                &lt;span class="trace-method"&gt;apiGameHit&lt;/span&gt;
                        (line 178)
            &lt;span class="icon icon-copy hidden" data-clipboard-text="vendor/symfony/http-kernel/HttpKernel.php:178"&gt;
                &lt;svg xmlns="http://www.w3.org/2000/svg" height="24" viewBox="0 0 24 24" width="24"&gt;&lt;path d="M0 0h24v24H0z" fill="none"/&gt;&lt;path d="M16 1H4c-1.1 0-2 .9-2 2v14h2V3h12V1zm3 4H8c-1.1 0-2 .9-2 2v14c0 1.1.9 2 2 2h11c1.1 0 2-.9 2-2V7c0-1.1-.9-2-2-2zm0 16H8V7h11v14z"/&gt;&lt;/svg&gt;            &lt;/span&gt;
        &lt;/span&gt;
    &lt;/div&gt;
    &lt;div id="trace-html-1-5" class="trace-code sf-toggle-content"&gt;
        &lt;ol start="173"&gt;&lt;li&gt;&lt;code&gt;&amp;nbsp;&amp;nbsp;&amp;nbsp;&amp;nbsp;&amp;nbsp;&amp;nbsp;&amp;nbsp;&amp;nbsp;&lt;span&amp;nbsp;style="color:&amp;nbsp;var(--highlight-default)"&gt;$this&lt;/span&gt;&lt;span&amp;nbsp;style="color:&amp;nbsp;var(--highlight-keyword)"&gt;-&amp;gt;&lt;/span&gt;&lt;span&amp;nbsp;style="color:&amp;nbsp;var(--highlight-default)"&gt;dispatcher&lt;/span&gt;&lt;span&amp;nbsp;style="color:&amp;nbsp;var(--highlight-keyword)"&gt;-&amp;gt;&lt;/span&gt;&lt;span&amp;nbsp;style="color:&amp;nbsp;var(--highlight-default)"&gt;dispatch&lt;/span&gt;&lt;span&amp;nbsp;style="color:&amp;nbsp;var(--highlight-keyword)"&gt;(&lt;/span&gt;&lt;span&amp;nbsp;style="color:&amp;nbsp;var(--highlight-default)"&gt;$event&lt;/span&gt;&lt;span&amp;nbsp;style="color:&amp;nbsp;var(--highlight-keyword)"&gt;,&amp;nbsp;&lt;/span&gt;&lt;span&amp;nbsp;style="color:&amp;nbsp;var(--highlight-default)"&gt;KernelEvents&lt;/span&gt;&lt;span&amp;nbsp;style="color:&amp;nbsp;var(--highlight-keyword)"&gt;::&lt;/span&gt;&lt;span&amp;nbsp;style="color:&amp;nbsp;var(--highlight-default)"&gt;CONTROLLER_ARGUMENTS&lt;/span&gt;&lt;span&amp;nbsp;style="color:&amp;nbsp;var(--highlight-keyword)"&gt;);&lt;/span&gt;&lt;/code&gt;&lt;/li&gt;
&lt;li&gt;&lt;code&gt;&amp;nbsp;&amp;nbsp;&amp;nbsp;&amp;nbsp;&amp;nbsp;&amp;nbsp;&amp;nbsp;&amp;nbsp;&lt;span&amp;nbsp;style="color:&amp;nbsp;var(--highlight-default)"&gt;$controller&amp;nbsp;&lt;/span&gt;&lt;span&amp;nbsp;style="color:&amp;nbsp;var(--highlight-keyword)"&gt;=&amp;nbsp;&lt;/span&gt;&lt;span&amp;nbsp;style="color:&amp;nbsp;var(--highlight-default)"&gt;$event&lt;/span&gt;&lt;span&amp;nbsp;style="color:&amp;nbsp;var(--highlight-keyword)"&gt;-&amp;gt;&lt;/span&gt;&lt;span&amp;nbsp;style="color:&amp;nbsp;var(--highlight-default)"&gt;getController&lt;/span&gt;&lt;span&amp;nbsp;style="color:&amp;nbsp;var(--highlight-keyword)"&gt;();&lt;/span&gt;&lt;/code&gt;&lt;/li&gt;
&lt;li&gt;&lt;code&gt;&amp;nbsp;&amp;nbsp;&amp;nbsp;&amp;nbsp;&amp;nbsp;&amp;nbsp;&amp;nbsp;&amp;nbsp;&lt;span&amp;nbsp;style="color:&amp;nbsp;var(--highlight-default)"&gt;$arguments&amp;nbsp;&lt;/span&gt;&lt;span&amp;nbsp;style="color:&amp;nbsp;var(--highlight-keyword)"&gt;=&amp;nbsp;&lt;/span&gt;&lt;span&amp;nbsp;style="color:&amp;nbsp;var(--highlight-default)"&gt;$event&lt;/span&gt;&lt;span&amp;nbsp;style="color:&amp;nbsp;var(--highlight-keyword)"&gt;-&amp;gt;&lt;/span&gt;&lt;span&amp;nbsp;style="color:&amp;nbsp;var(--highlight-default)"&gt;getArguments&lt;/span&gt;&lt;span&amp;nbsp;style="color:&amp;nbsp;var(--highlight-keyword)"&gt;();&lt;/span&gt;&lt;/code&gt;&lt;/li&gt;
&lt;li&gt;&lt;code&gt;&lt;/code&gt;&lt;/li&gt;
&lt;li&gt;&lt;code&gt;&amp;nbsp;&amp;nbsp;&amp;nbsp;&amp;nbsp;&amp;nbsp;&amp;nbsp;&amp;nbsp;&amp;nbsp;&lt;span&amp;nbsp;style="color:&amp;nbsp;var(--highlight-comment)"&gt;//&amp;nbsp;call&amp;nbsp;controller&lt;/span&gt;&lt;/code&gt;&lt;/li&gt;
&lt;li class="selected"&gt;&lt;code&gt;&amp;nbsp;&amp;nbsp;&amp;nbsp;&amp;nbsp;&amp;nbsp;&amp;nbsp;&amp;nbsp;&amp;nbsp;&lt;span&amp;nbsp;style="color:&amp;nbsp;var(--highlight-default)"&gt;$response&amp;nbsp;&lt;/span&gt;&lt;span&amp;nbsp;style="color:&amp;nbsp;var(--highlight-keyword)"&gt;=&amp;nbsp;&lt;/span&gt;&lt;span&amp;nbsp;style="color:&amp;nbsp;var(--highlight-default)"&gt;$controller&lt;/span&gt;&lt;span&amp;nbsp;style="color:&amp;nbsp;var(--highlight-keyword)"&gt;(...&lt;/span&gt;&lt;span&amp;nbsp;style="color:&amp;nbsp;var(--highlight-default)"&gt;$arguments&lt;/span&gt;&lt;span&amp;nbsp;style="color:&amp;nbsp;var(--highlight-keyword)"&gt;);&lt;/span&gt;&lt;/code&gt;&lt;/li&gt;
&lt;li&gt;&lt;code&gt;&lt;/code&gt;&lt;/li&gt;
&lt;li&gt;&lt;code&gt;&amp;nbsp;&amp;nbsp;&amp;nbsp;&amp;nbsp;&amp;nbsp;&amp;nbsp;&amp;nbsp;&amp;nbsp;&lt;span&amp;nbsp;style="color:&amp;nbsp;var(--highlight-comment)"&gt;//&amp;nbsp;view&lt;/span&gt;&lt;/code&gt;&lt;/li&gt;
&lt;li&gt;&lt;code&gt;&amp;nbsp;&amp;nbsp;&amp;nbsp;&amp;nbsp;&amp;nbsp;&amp;nbsp;&amp;nbsp;&amp;nbsp;&lt;span&amp;nbsp;style="color:&amp;nbsp;var(--highlight-keyword)"&gt;if&amp;nbsp;(!&lt;/span&gt;&lt;span&amp;nbsp;style="color:&amp;nbsp;var(--highlight-default)"&gt;$response&amp;nbsp;&lt;/span&gt;&lt;span&amp;nbsp;style="color:&amp;nbsp;var(--highlight-keyword)"&gt;instanceof&amp;nbsp;&lt;/span&gt;&lt;span&amp;nbsp;style="color:&amp;nbsp;var(--highlight-default)"&gt;Response&lt;/span&gt;&lt;span&amp;nbsp;style="color:&amp;nbsp;var(--highlight-keyword)"&gt;)&amp;nbsp;{&lt;/span&gt;&lt;/code&gt;&lt;/li&gt;
&lt;li&gt;&lt;code&gt;&amp;nbsp;&amp;nbsp;&amp;nbsp;&amp;nbsp;&amp;nbsp;&amp;nbsp;&amp;nbsp;&amp;nbsp;&amp;nbsp;&amp;nbsp;&amp;nbsp;&amp;nbsp;&lt;span&amp;nbsp;style="color:&amp;nbsp;var(--highlight-default)"&gt;$event&amp;nbsp;&lt;/span&gt;&lt;span&amp;nbsp;style="color:&amp;nbsp;var(--highlight-keyword)"&gt;=&amp;nbsp;new&amp;nbsp;&lt;/span&gt;&lt;span&amp;nbsp;style="color:&amp;nbsp;var(--highlight-default)"&gt;ViewEvent&lt;/span&gt;&lt;span&amp;nbsp;style="color:&amp;nbsp;var(--highlight-keyword)"&gt;(&lt;/span&gt;&lt;span&amp;nbsp;style="color:&amp;nbsp;var(--highlight-default)"&gt;$this&lt;/span&gt;&lt;span&amp;nbsp;style="color:&amp;nbsp;var(--highlight-keyword)"&gt;,&amp;nbsp;&lt;/span&gt;&lt;span&amp;nbsp;style="color:&amp;nbsp;var(--highlight-default)"&gt;$request&lt;/span&gt;&lt;span&amp;nbsp;style="color:&amp;nbsp;var(--highlight-keyword)"&gt;,&amp;nbsp;&lt;/span&gt;&lt;span&amp;nbsp;style="color:&amp;nbsp;var(--highlight-default)"&gt;$type&lt;/span&gt;&lt;span&amp;nbsp;style="color:&amp;nbsp;var(--highlight-keyword)"&gt;,&amp;nbsp;&lt;/span&gt;&lt;span&amp;nbsp;style="color:&amp;nbsp;var(--highlight-default)"&gt;$response&lt;/span&gt;&lt;span&amp;nbsp;style="color:&amp;nbsp;var(--highlight-keyword)"&gt;,&amp;nbsp;&lt;/span&gt;&lt;span&amp;nbsp;style="color:&amp;nbsp;var(--highlight-default)"&gt;$event&lt;/span&gt;&lt;span&amp;nbsp;style="color:&amp;nbsp;var(--highlight-keyword)"&gt;);&lt;/span&gt;&lt;/code&gt;&lt;/li&gt;
&lt;li&gt;&lt;code&gt;&amp;nbsp;&amp;nbsp;&amp;nbsp;&amp;nbsp;&amp;nbsp;&amp;nbsp;&amp;nbsp;&amp;nbsp;&amp;nbsp;&amp;nbsp;&amp;nbsp;&amp;nbsp;&lt;span&amp;nbsp;style="color:&amp;nbsp;var(--highlight-default)"&gt;$this&lt;/span&gt;&lt;span&amp;nbsp;style="color:&amp;nbsp;var(--highlight-keyword)"&gt;-&amp;gt;&lt;/span&gt;&lt;span&amp;nbsp;style="color:&amp;nbsp;var(--highlight-default)"&gt;dispatcher&lt;/span&gt;&lt;span&amp;nbsp;style="color:&amp;nbsp;var(--highlight-keyword)"&gt;-&amp;gt;&lt;/span&gt;&lt;span&amp;nbsp;style="color:&amp;nbsp;var(--highlight-default)"&gt;dispatch&lt;/span&gt;&lt;span&amp;nbsp;style="color:&amp;nbsp;var(--highlight-keyword)"&gt;(&lt;/span&gt;&lt;span&amp;nbsp;style="color:&amp;nbsp;var(--highlight-default)"&gt;$event&lt;/span&gt;&lt;span&amp;nbsp;style="color:&amp;nbsp;var(--highlight-keyword)"&gt;,&amp;nbsp;&lt;/span&gt;&lt;span&amp;nbsp;style="color:&amp;nbsp;var(--highlight-default)"&gt;KernelEvents&lt;/span&gt;&lt;span&amp;nbsp;style="color:&amp;nbsp;var(--highlight-keyword)"&gt;::&lt;/span&gt;&lt;span&amp;nbsp;style="color:&amp;nbsp;var(--highlight-default)"&gt;VIEW&lt;/span&gt;&lt;span&amp;nbsp;style="color:&amp;nbsp;var(--highlight-keyword)"&gt;);&lt;/span&gt;&lt;/code&gt;&lt;/li&gt;&lt;/ol&gt;    &lt;/div&gt;            &lt;/div&gt;
                        &lt;div class="trace-line trace-from-vendor"&gt;
                &lt;div class="trace-line-header break-long-words sf-toggle" data-toggle-selector="#trace-html-1-6" data-toggle-initial=""&gt;
            &lt;span class="icon icon-close"&gt;&lt;svg width="1792" height="1792" viewBox="0 0 1792 1792" xmlns="http://www.w3.org/2000/svg"&gt;&lt;path d="M1408 960V832q0-26-19-45t-45-19H448q-26 0-45 19t-19 45v128q0 26 19 45t45 19h896q26 0 45-19t19-45zm256-544v960q0 119-84.5 203.5T1376 1664H416q-119 0-203.5-84.5T128 1376V416q0-119 84.5-203.5T416 128h960q119 0 203.5 84.5T1664 416z"/&gt;&lt;/svg&gt;&lt;/span&gt;
        &lt;span class="icon icon-open"&gt;&lt;svg width="1792" height="1792" viewBox="0 0 1792 1792" xmlns="http://www.w3.org/2000/svg"&gt;&lt;path d="M1408 960V832q0-26-19-45t-45-19h-320V448q0-26-19-45t-45-19H832q-26 0-45 19t-19 45v320H448q-26 0-45 19t-19 45v128q0 26 19 45t45 19h320v320q0 26 19 45t45 19h128q26 0 45-19t19-45v-320h320q26 0 45-19t19-45zm256-544v960q0 119-84.5 203.5T1376 1664H416q-119 0-203.5-84.5T128 1376V416q0-119 84.5-203.5T416 128h960q119 0 203.5 84.5T1664 416z"/&gt;&lt;/svg&gt;&lt;/span&gt;
    
    
                    &lt;span class="block trace-file-path"&gt;
            in
            &lt;a href="file:///home/albinr/dbwebb-kurser/mvc/me/report/vendor/symfony/http-kernel/HttpKernel.php#L76"&gt;
                vendor/symfony/http-kernel/&lt;strong&gt;HttpKernel.php&lt;/strong&gt;
            &lt;/a&gt;
                            &lt;span class="trace-type"&gt;-&gt;&lt;/span&gt;
                &lt;span class="trace-method"&gt;handleRaw&lt;/span&gt;
                        (line 76)
            &lt;span class="icon icon-copy hidden" data-clipboard-text="vendor/symfony/http-kernel/HttpKernel.php:76"&gt;
                &lt;svg xmlns="http://www.w3.org/2000/svg" height="24" viewBox="0 0 24 24" width="24"&gt;&lt;path d="M0 0h24v24H0z" fill="none"/&gt;&lt;path d="M16 1H4c-1.1 0-2 .9-2 2v14h2V3h12V1zm3 4H8c-1.1 0-2 .9-2 2v14c0 1.1.9 2 2 2h11c1.1 0 2-.9 2-2V7c0-1.1-.9-2-2-2zm0 16H8V7h11v14z"/&gt;&lt;/svg&gt;            &lt;/span&gt;
        &lt;/span&gt;
    &lt;/div&gt;
    &lt;div id="trace-html-1-6" class="trace-code sf-toggle-content"&gt;
        &lt;ol start="71"&gt;&lt;li&gt;&lt;code&gt;&amp;nbsp;&amp;nbsp;&amp;nbsp;&amp;nbsp;&amp;nbsp;&amp;nbsp;&amp;nbsp;&amp;nbsp;&lt;span&amp;nbsp;style="color:&amp;nbsp;var(--highlight-default)"&gt;$request&lt;/span&gt;&lt;span&amp;nbsp;style="color:&amp;nbsp;var(--highlight-keyword)"&gt;-&amp;gt;&lt;/span&gt;&lt;span&amp;nbsp;style="color:&amp;nbsp;var(--highlight-default)"&gt;headers&lt;/span&gt;&lt;span&amp;nbsp;style="color:&amp;nbsp;var(--highlight-keyword)"&gt;-&amp;gt;&lt;/span&gt;&lt;span&amp;nbsp;style="color:&amp;nbsp;var(--highlight-default)"&gt;set&lt;/span&gt;&lt;span&amp;nbsp;style="color:&amp;nbsp;var(--highlight-keyword)"&gt;(&lt;/span&gt;&lt;span&amp;nbsp;style="color:&amp;nbsp;var(--highlight-string)"&gt;'X-Php-Ob-Level'&lt;/span&gt;&lt;span&amp;nbsp;style="color:&amp;nbsp;var(--highlight-keyword)"&gt;,&amp;nbsp;(string)&amp;nbsp;&lt;/span&gt;&lt;span&amp;nbsp;style="color:&amp;nbsp;var(--highlight-default)"&gt;ob_get_level&lt;/span&gt;&lt;span&amp;nbsp;style="color:&amp;nbsp;var(--highlight-keyword)"&gt;());&lt;/span&gt;&lt;/code&gt;&lt;/li&gt;
&lt;li&gt;&lt;code&gt;&lt;/code&gt;&lt;/li&gt;
&lt;li&gt;&lt;code&gt;&amp;nbsp;&amp;nbsp;&amp;nbsp;&amp;nbsp;&amp;nbsp;&amp;nbsp;&amp;nbsp;&amp;nbsp;&lt;span&amp;nbsp;style="color:&amp;nbsp;var(--highlight-default)"&gt;$this&lt;/span&gt;&lt;span&amp;nbsp;style="color:&amp;nbsp;var(--highlight-keyword)"&gt;-&amp;gt;&lt;/span&gt;&lt;span&amp;nbsp;style="color:&amp;nbsp;var(--highlight-default)"&gt;requestStack&lt;/span&gt;&lt;span&amp;nbsp;style="color:&amp;nbsp;var(--highlight-keyword)"&gt;-&amp;gt;&lt;/span&gt;&lt;span&amp;nbsp;style="color:&amp;nbsp;var(--highlight-default)"&gt;push&lt;/span&gt;&lt;span&amp;nbsp;style="color:&amp;nbsp;var(--highlight-keyword)"&gt;(&lt;/span&gt;&lt;span&amp;nbsp;style="color:&amp;nbsp;var(--highlight-default)"&gt;$request&lt;/span&gt;&lt;span&amp;nbsp;style="color:&amp;nbsp;var(--highlight-keyword)"&gt;);&lt;/span&gt;&lt;/code&gt;&lt;/li&gt;
&lt;li&gt;&lt;code&gt;&amp;nbsp;&amp;nbsp;&amp;nbsp;&amp;nbsp;&amp;nbsp;&amp;nbsp;&amp;nbsp;&amp;nbsp;&lt;span&amp;nbsp;style="color:&amp;nbsp;var(--highlight-default)"&gt;$response&amp;nbsp;&lt;/span&gt;&lt;span&amp;nbsp;style="color:&amp;nbsp;var(--highlight-keyword)"&gt;=&amp;nbsp;&lt;/span&gt;&lt;span&amp;nbsp;style="color:&amp;nbsp;var(--highlight-default)"&gt;null&lt;/span&gt;&lt;span&amp;nbsp;style="color:&amp;nbsp;var(--highlight-keyword)"&gt;;&lt;/span&gt;&lt;/code&gt;&lt;/li&gt;
&lt;li&gt;&lt;code&gt;&amp;nbsp;&amp;nbsp;&amp;nbsp;&amp;nbsp;&amp;nbsp;&amp;nbsp;&amp;nbsp;&amp;nbsp;try&amp;nbsp;{&lt;/code&gt;&lt;/li&gt;
&lt;li class="selected"&gt;&lt;code&gt;&amp;nbsp;&amp;nbsp;&amp;nbsp;&amp;nbsp;&amp;nbsp;&amp;nbsp;&amp;nbsp;&amp;nbsp;&amp;nbsp;&amp;nbsp;&amp;nbsp;&amp;nbsp;return&amp;nbsp;&lt;span&amp;nbsp;style="color:&amp;nbsp;var(--highlight-default)"&gt;$response&amp;nbsp;&lt;/span&gt;&lt;span&amp;nbsp;style="color:&amp;nbsp;var(--highlight-keyword)"&gt;=&amp;nbsp;&lt;/span&gt;&lt;span&amp;nbsp;style="color:&amp;nbsp;var(--highlight-default)"&gt;$this&lt;/span&gt;&lt;span&amp;nbsp;style="color:&amp;nbsp;var(--highlight-keyword)"&gt;-&amp;gt;&lt;/span&gt;&lt;span&amp;nbsp;style="color:&amp;nbsp;var(--highlight-default)"&gt;handleRaw&lt;/span&gt;&lt;span&amp;nbsp;style="color:&amp;nbsp;var(--highlight-keyword)"&gt;(&lt;/span&gt;&lt;span&amp;nbsp;style="color:&amp;nbsp;var(--highlight-default)"&gt;$request&lt;/span&gt;&lt;span&amp;nbsp;style="color:&amp;nbsp;var(--highlight-keyword)"&gt;,&amp;nbsp;&lt;/span&gt;&lt;span&amp;nbsp;style="color:&amp;nbsp;var(--highlight-default)"&gt;$type&lt;/span&gt;&lt;span&amp;nbsp;style="color:&amp;nbsp;var(--highlight-keyword)"&gt;);&lt;/span&gt;&lt;/code&gt;&lt;/li&gt;
&lt;li&gt;&lt;code&gt;&amp;nbsp;&amp;nbsp;&amp;nbsp;&amp;nbsp;&amp;nbsp;&amp;nbsp;&amp;nbsp;&amp;nbsp;}&amp;nbsp;catch&amp;nbsp;(&lt;span&amp;nbsp;style="color:&amp;nbsp;var(--highlight-default)"&gt;\Throwable&amp;nbsp;$e&lt;/span&gt;&lt;span&amp;nbsp;style="color:&amp;nbsp;var(--highlight-keyword)"&gt;)&amp;nbsp;{&lt;/span&gt;&lt;/code&gt;&lt;/li&gt;
&lt;li&gt;&lt;code&gt;&amp;nbsp;&amp;nbsp;&amp;nbsp;&amp;nbsp;&amp;nbsp;&amp;nbsp;&amp;nbsp;&amp;nbsp;&amp;nbsp;&amp;nbsp;&amp;nbsp;&amp;nbsp;if&amp;nbsp;(&lt;span&amp;nbsp;style="color:&amp;nbsp;var(--highlight-default)"&gt;$e&amp;nbsp;&lt;/span&gt;&lt;span&amp;nbsp;style="color:&amp;nbsp;var(--highlight-keyword)"&gt;instanceof&amp;nbsp;&lt;/span&gt;&lt;span&amp;nbsp;style="color:&amp;nbsp;var(--highlight-default)"&gt;\Error&amp;nbsp;&lt;/span&gt;&lt;span&amp;nbsp;style="color:&amp;nbsp;var(--highlight-keyword)"&gt;&amp;amp;&amp;amp;&amp;nbsp;!&lt;/span&gt;&lt;span&amp;nbsp;style="color:&amp;nbsp;var(--highlight-default)"&gt;$this&lt;/span&gt;&lt;span&amp;nbsp;style="color:&amp;nbsp;var(--highlight-keyword)"&gt;-&amp;gt;&lt;/span&gt;&lt;span&amp;nbsp;style="color:&amp;nbsp;var(--highlight-default)"&gt;handleAllThrowables&lt;/span&gt;&lt;span&amp;nbsp;style="color:&amp;nbsp;var(--highlight-keyword)"&gt;)&amp;nbsp;{&lt;/span&gt;&lt;/code&gt;&lt;/li&gt;
&lt;li&gt;&lt;code&gt;&amp;nbsp;&amp;nbsp;&amp;nbsp;&amp;nbsp;&amp;nbsp;&amp;nbsp;&amp;nbsp;&amp;nbsp;&amp;nbsp;&amp;nbsp;&amp;nbsp;&amp;nbsp;&amp;nbsp;&amp;nbsp;&amp;nbsp;&amp;nbsp;throw&amp;nbsp;&lt;span&amp;nbsp;style="color:&amp;nbsp;var(--highlight-default)"&gt;$e&lt;/span&gt;&lt;span&amp;nbsp;style="color:&amp;nbsp;var(--highlight-keyword)"&gt;;&lt;/span&gt;&lt;/code&gt;&lt;/li&gt;
&lt;li&gt;&lt;code&gt;&amp;nbsp;&amp;nbsp;&amp;nbsp;&amp;nbsp;&amp;nbsp;&amp;nbsp;&amp;nbsp;&amp;nbsp;&amp;nbsp;&amp;nbsp;&amp;nbsp;&amp;nbsp;}&lt;/code&gt;&lt;/li&gt;
&lt;li&gt;&lt;code&gt;&lt;/code&gt;&lt;/li&gt;&lt;/ol&gt;    &lt;/div&gt;            &lt;/div&gt;
                        &lt;div class="trace-line trace-from-vendor"&gt;
                &lt;div class="trace-line-header break-long-words sf-toggle" data-toggle-selector="#trace-html-1-7" data-toggle-initial=""&gt;
            &lt;span class="icon icon-close"&gt;&lt;svg width="1792" height="1792" viewBox="0 0 1792 1792" xmlns="http://www.w3.org/2000/svg"&gt;&lt;path d="M1408 960V832q0-26-19-45t-45-19H448q-26 0-45 19t-19 45v128q0 26 19 45t45 19h896q26 0 45-19t19-45zm256-544v960q0 119-84.5 203.5T1376 1664H416q-119 0-203.5-84.5T128 1376V416q0-119 84.5-203.5T416 128h960q119 0 203.5 84.5T1664 416z"/&gt;&lt;/svg&gt;&lt;/span&gt;
        &lt;span class="icon icon-open"&gt;&lt;svg width="1792" height="1792" viewBox="0 0 1792 1792" xmlns="http://www.w3.org/2000/svg"&gt;&lt;path d="M1408 960V832q0-26-19-45t-45-19h-320V448q0-26-19-45t-45-19H832q-26 0-45 19t-19 45v320H448q-26 0-45 19t-19 45v128q0 26 19 45t45 19h320v320q0 26 19 45t45 19h128q26 0 45-19t19-45v-320h320q26 0 45-19t19-45zm256-544v960q0 119-84.5 203.5T1376 1664H416q-119 0-203.5-84.5T128 1376V416q0-119 84.5-203.5T416 128h960q119 0 203.5 84.5T1664 416z"/&gt;&lt;/svg&gt;&lt;/span&gt;
    
    
                    &lt;span class="block trace-file-path"&gt;
            in
            &lt;a href="file:///home/albinr/dbwebb-kurser/mvc/me/report/vendor/symfony/http-kernel/Kernel.php#L185"&gt;
                vendor/symfony/http-kernel/&lt;strong&gt;Kernel.php&lt;/strong&gt;
            &lt;/a&gt;
                            &lt;span class="trace-type"&gt;-&gt;&lt;/span&gt;
                &lt;span class="trace-method"&gt;handle&lt;/span&gt;
                        (line 185)
            &lt;span class="icon icon-copy hidden" data-clipboard-text="vendor/symfony/http-kernel/Kernel.php:185"&gt;
                &lt;svg xmlns="http://www.w3.org/2000/svg" height="24" viewBox="0 0 24 24" width="24"&gt;&lt;path d="M0 0h24v24H0z" fill="none"/&gt;&lt;path d="M16 1H4c-1.1 0-2 .9-2 2v14h2V3h12V1zm3 4H8c-1.1 0-2 .9-2 2v14c0 1.1.9 2 2 2h11c1.1 0 2-.9 2-2V7c0-1.1-.9-2-2-2zm0 16H8V7h11v14z"/&gt;&lt;/svg&gt;            &lt;/span&gt;
        &lt;/span&gt;
    &lt;/div&gt;
    &lt;div id="trace-html-1-7" class="trace-code sf-toggle-content"&gt;
        &lt;ol start="180"&gt;&lt;li&gt;&lt;code&gt;&amp;nbsp;&amp;nbsp;&amp;nbsp;&amp;nbsp;&amp;nbsp;&amp;nbsp;&amp;nbsp;&amp;nbsp;&lt;span&amp;nbsp;style="color:&amp;nbsp;var(--highlight-default)"&gt;$this&lt;/span&gt;&lt;span&amp;nbsp;style="color:&amp;nbsp;var(--highlight-keyword)"&gt;-&amp;gt;&lt;/span&gt;&lt;span&amp;nbsp;style="color:&amp;nbsp;var(--highlight-default)"&gt;boot&lt;/span&gt;&lt;span&amp;nbsp;style="color:&amp;nbsp;var(--highlight-keyword)"&gt;();&lt;/span&gt;&lt;/code&gt;&lt;/li&gt;
&lt;li&gt;&lt;code&gt;&amp;nbsp;&amp;nbsp;&amp;nbsp;&amp;nbsp;&amp;nbsp;&amp;nbsp;&amp;nbsp;&amp;nbsp;++&lt;span&amp;nbsp;style="color:&amp;nbsp;var(--highlight-default)"&gt;$this&lt;/span&gt;&lt;span&amp;nbsp;style="color:&amp;nbsp;var(--highlight-keyword)"&gt;-&amp;gt;&lt;/span&gt;&lt;span&amp;nbsp;style="color:&amp;nbsp;var(--highlight-default)"&gt;requestStackSize&lt;/span&gt;&lt;span&amp;nbsp;style="color:&amp;nbsp;var(--highlight-keyword)"&gt;;&lt;/span&gt;&lt;/code&gt;&lt;/li&gt;
&lt;li&gt;&lt;code&gt;&amp;nbsp;&amp;nbsp;&amp;nbsp;&amp;nbsp;&amp;nbsp;&amp;nbsp;&amp;nbsp;&amp;nbsp;&lt;span&amp;nbsp;style="color:&amp;nbsp;var(--highlight-default)"&gt;$this&lt;/span&gt;&lt;span&amp;nbsp;style="color:&amp;nbsp;var(--highlight-keyword)"&gt;-&amp;gt;&lt;/span&gt;&lt;span&amp;nbsp;style="color:&amp;nbsp;var(--highlight-default)"&gt;resetServices&amp;nbsp;&lt;/span&gt;&lt;span&amp;nbsp;style="color:&amp;nbsp;var(--highlight-keyword)"&gt;=&amp;nbsp;&lt;/span&gt;&lt;span&amp;nbsp;style="color:&amp;nbsp;var(--highlight-default)"&gt;true&lt;/span&gt;&lt;span&amp;nbsp;style="color:&amp;nbsp;var(--highlight-keyword)"&gt;;&lt;/span&gt;&lt;/code&gt;&lt;/li&gt;
&lt;li&gt;&lt;code&gt;&lt;/code&gt;&lt;/li&gt;
&lt;li&gt;&lt;code&gt;&amp;nbsp;&amp;nbsp;&amp;nbsp;&amp;nbsp;&amp;nbsp;&amp;nbsp;&amp;nbsp;&amp;nbsp;try&amp;nbsp;{&lt;/code&gt;&lt;/li&gt;
&lt;li class="selected"&gt;&lt;code&gt;&amp;nbsp;&amp;nbsp;&amp;nbsp;&amp;nbsp;&amp;nbsp;&amp;nbsp;&amp;nbsp;&amp;nbsp;&amp;nbsp;&amp;nbsp;&amp;nbsp;&amp;nbsp;return&amp;nbsp;&lt;span&amp;nbsp;style="color:&amp;nbsp;var(--highlight-default)"&gt;$this&lt;/span&gt;&lt;span&amp;nbsp;style="color:&amp;nbsp;var(--highlight-keyword)"&gt;-&amp;gt;&lt;/span&gt;&lt;span&amp;nbsp;style="color:&amp;nbsp;var(--highlight-default)"&gt;getHttpKernel&lt;/span&gt;&lt;span&amp;nbsp;style="color:&amp;nbsp;var(--highlight-keyword)"&gt;()-&amp;gt;&lt;/span&gt;&lt;span&amp;nbsp;style="color:&amp;nbsp;var(--highlight-default)"&gt;handle&lt;/span&gt;&lt;span&amp;nbsp;style="color:&amp;nbsp;var(--highlight-keyword)"&gt;(&lt;/span&gt;&lt;span&amp;nbsp;style="color:&amp;nbsp;var(--highlight-default)"&gt;$request&lt;/span&gt;&lt;span&amp;nbsp;style="color:&amp;nbsp;var(--highlight-keyword)"&gt;,&amp;nbsp;&lt;/span&gt;&lt;span&amp;nbsp;style="color:&amp;nbsp;var(--highlight-default)"&gt;$type&lt;/span&gt;&lt;span&amp;nbsp;style="color:&amp;nbsp;var(--highlight-keyword)"&gt;,&amp;nbsp;&lt;/span&gt;&lt;span&amp;nbsp;style="color:&amp;nbsp;var(--highlight-default)"&gt;$catch&lt;/span&gt;&lt;span&amp;nbsp;style="color:&amp;nbsp;var(--highlight-keyword)"&gt;);&lt;/span&gt;&lt;/code&gt;&lt;/li&gt;
&lt;li&gt;&lt;code&gt;&amp;nbsp;&amp;nbsp;&amp;nbsp;&amp;nbsp;&amp;nbsp;&amp;nbsp;&amp;nbsp;&amp;nbsp;}&amp;nbsp;finally&amp;nbsp;{&lt;/code&gt;&lt;/li&gt;
&lt;li&gt;&lt;code&gt;&amp;nbsp;&amp;nbsp;&amp;nbsp;&amp;nbsp;&amp;nbsp;&amp;nbsp;&amp;nbsp;&amp;nbsp;&amp;nbsp;&amp;nbsp;&amp;nbsp;&amp;nbsp;--&lt;span&amp;nbsp;style="color:&amp;nbsp;var(--highlight-default)"&gt;$this&lt;/span&gt;&lt;span&amp;nbsp;style="color:&amp;nbsp;var(--highlight-keyword)"&gt;-&amp;gt;&lt;/span&gt;&lt;span&amp;nbsp;style="color:&amp;nbsp;var(--highlight-default)"&gt;requestStackSize&lt;/span&gt;&lt;span&amp;nbsp;style="color:&amp;nbsp;var(--highlight-keyword)"&gt;;&lt;/span&gt;&lt;/code&gt;&lt;/li&gt;
&lt;li&gt;&lt;code&gt;&amp;nbsp;&amp;nbsp;&amp;nbsp;&amp;nbsp;&amp;nbsp;&amp;nbsp;&amp;nbsp;&amp;nbsp;}&lt;/code&gt;&lt;/li&gt;
&lt;li&gt;&lt;code&gt;&amp;nbsp;&amp;nbsp;&amp;nbsp;&amp;nbsp;}&lt;/code&gt;&lt;/li&gt;
&lt;li&gt;&lt;code&gt;&lt;/code&gt;&lt;/li&gt;&lt;/ol&gt;    &lt;/div&gt;            &lt;/div&gt;
                        &lt;div class="trace-line trace-from-vendor"&gt;
                &lt;div class="trace-line-header break-long-words sf-toggle" data-toggle-selector="#trace-html-1-8" data-toggle-initial=""&gt;
            &lt;span class="icon icon-close"&gt;&lt;svg width="1792" height="1792" viewBox="0 0 1792 1792" xmlns="http://www.w3.org/2000/svg"&gt;&lt;path d="M1408 960V832q0-26-19-45t-45-19H448q-26 0-45 19t-19 45v128q0 26 19 45t45 19h896q26 0 45-19t19-45zm256-544v960q0 119-84.5 203.5T1376 1664H416q-119 0-203.5-84.5T128 1376V416q0-119 84.5-203.5T416 128h960q119 0 203.5 84.5T1664 416z"/&gt;&lt;/svg&gt;&lt;/span&gt;
        &lt;span class="icon icon-open"&gt;&lt;svg width="1792" height="1792" viewBox="0 0 1792 1792" xmlns="http://www.w3.org/2000/svg"&gt;&lt;path d="M1408 960V832q0-26-19-45t-45-19h-320V448q0-26-19-45t-45-19H832q-26 0-45 19t-19 45v320H448q-26 0-45 19t-19 45v128q0 26 19 45t45 19h320v320q0 26 19 45t45 19h128q26 0 45-19t19-45v-320h320q26 0 45-19t19-45zm256-544v960q0 119-84.5 203.5T1376 1664H416q-119 0-203.5-84.5T128 1376V416q0-119 84.5-203.5T416 128h960q119 0 203.5 84.5T1664 416z"/&gt;&lt;/svg&gt;&lt;/span&gt;
    
    
                    &lt;span class="block trace-file-path"&gt;
            in
            &lt;a href="file:///home/albinr/dbwebb-kurser/mvc/me/report/vendor/symfony/http-kernel/HttpKernelBrowser.php#L61"&gt;
                vendor/symfony/http-kernel/&lt;strong&gt;HttpKernelBrowser.php&lt;/strong&gt;
            &lt;/a&gt;
                            &lt;span class="trace-type"&gt;-&gt;&lt;/span&gt;
                &lt;span class="trace-method"&gt;handle&lt;/span&gt;
                        (line 61)
            &lt;span class="icon icon-copy hidden" data-clipboard-text="vendor/symfony/http-kernel/HttpKernelBrowser.php:61"&gt;
                &lt;svg xmlns="http://www.w3.org/2000/svg" height="24" viewBox="0 0 24 24" width="24"&gt;&lt;path d="M0 0h24v24H0z" fill="none"/&gt;&lt;path d="M16 1H4c-1.1 0-2 .9-2 2v14h2V3h12V1zm3 4H8c-1.1 0-2 .9-2 2v14c0 1.1.9 2 2 2h11c1.1 0 2-.9 2-2V7c0-1.1-.9-2-2-2zm0 16H8V7h11v14z"/&gt;&lt;/svg&gt;            &lt;/span&gt;
        &lt;/span&gt;
    &lt;/div&gt;
    &lt;div id="trace-html-1-8" class="trace-code sf-toggle-content"&gt;
        &lt;ol start="56"&gt;&lt;li&gt;&lt;code&gt;&amp;nbsp;&amp;nbsp;&amp;nbsp;&amp;nbsp;&lt;span&amp;nbsp;style="color:&amp;nbsp;var(--highlight-comment)"&gt;/**&lt;/span&gt;&lt;/code&gt;&lt;/li&gt;
&lt;li&gt;&lt;code&gt;&amp;nbsp;&amp;nbsp;&amp;nbsp;&amp;nbsp;&amp;nbsp;*&amp;nbsp;@param&amp;nbsp;Request&amp;nbsp;$request&lt;/code&gt;&lt;/li&gt;
&lt;li&gt;&lt;code&gt;&amp;nbsp;&amp;nbsp;&amp;nbsp;&amp;nbsp;&amp;nbsp;*/&lt;/code&gt;&lt;/li&gt;
&lt;li&gt;&lt;code&gt;&amp;nbsp;&amp;nbsp;&amp;nbsp;&amp;nbsp;&lt;span&amp;nbsp;style="color:&amp;nbsp;var(--highlight-keyword)"&gt;protected&amp;nbsp;function&amp;nbsp;&lt;/span&gt;&lt;span&amp;nbsp;style="color:&amp;nbsp;var(--highlight-default)"&gt;doRequest&lt;/span&gt;&lt;span&amp;nbsp;style="color:&amp;nbsp;var(--highlight-keyword)"&gt;(&lt;/span&gt;&lt;span&amp;nbsp;style="color:&amp;nbsp;var(--highlight-default)"&gt;object&amp;nbsp;$request&lt;/span&gt;&lt;span&amp;nbsp;style="color:&amp;nbsp;var(--highlight-keyword)"&gt;):&amp;nbsp;&lt;/span&gt;&lt;span&amp;nbsp;style="color:&amp;nbsp;var(--highlight-default)"&gt;Response&lt;/span&gt;&lt;/code&gt;&lt;/li&gt;
&lt;li&gt;&lt;code&gt;&amp;nbsp;&amp;nbsp;&amp;nbsp;&amp;nbsp;&lt;span&amp;nbsp;style="color:&amp;nbsp;var(--highlight-keyword)"&gt;{&lt;/span&gt;&lt;/code&gt;&lt;/li&gt;
&lt;li class="selected"&gt;&lt;code&gt;&amp;nbsp;&amp;nbsp;&amp;nbsp;&amp;nbsp;&amp;nbsp;&amp;nbsp;&amp;nbsp;&amp;nbsp;&lt;span&amp;nbsp;style="color:&amp;nbsp;var(--highlight-default)"&gt;$response&amp;nbsp;&lt;/span&gt;&lt;span&amp;nbsp;style="color:&amp;nbsp;var(--highlight-keyword)"&gt;=&amp;nbsp;&lt;/span&gt;&lt;span&amp;nbsp;style="color:&amp;nbsp;var(--highlight-default)"&gt;$this&lt;/span&gt;&lt;span&amp;nbsp;style="color:&amp;nbsp;var(--highlight-keyword)"&gt;-&amp;gt;&lt;/span&gt;&lt;span&amp;nbsp;style="color:&amp;nbsp;var(--highlight-default)"&gt;kernel&lt;/span&gt;&lt;span&amp;nbsp;style="color:&amp;nbsp;var(--highlight-keyword)"&gt;-&amp;gt;&lt;/span&gt;&lt;span&amp;nbsp;style="color:&amp;nbsp;var(--highlight-default)"&gt;handle&lt;/span&gt;&lt;span&amp;nbsp;style="color:&amp;nbsp;var(--highlight-keyword)"&gt;(&lt;/span&gt;&lt;span&amp;nbsp;style="color:&amp;nbsp;var(--highlight-default)"&gt;$request&lt;/span&gt;&lt;span&amp;nbsp;style="color:&amp;nbsp;var(--highlight-keyword)"&gt;,&amp;nbsp;&lt;/span&gt;&lt;span&amp;nbsp;style="color:&amp;nbsp;var(--highlight-default)"&gt;HttpKernelInterface&lt;/span&gt;&lt;span&amp;nbsp;style="color:&amp;nbsp;var(--highlight-keyword)"&gt;::&lt;/span&gt;&lt;span&amp;nbsp;style="color:&amp;nbsp;var(--highlight-default)"&gt;MAIN_REQUEST&lt;/span&gt;&lt;span&amp;nbsp;style="color:&amp;nbsp;var(--highlight-keyword)"&gt;,&amp;nbsp;&lt;/span&gt;&lt;span&amp;nbsp;style="color:&amp;nbsp;var(--highlight-default)"&gt;$this&lt;/span&gt;&lt;span&amp;nbsp;style="color:&amp;nbsp;var(--highlight-keyword)"&gt;-&amp;gt;&lt;/span&gt;&lt;span&amp;nbsp;style="color:&amp;nbsp;var(--highlight-default)"&gt;catchExceptions&lt;/span&gt;&lt;span&amp;nbsp;style="color:&amp;nbsp;var(--highlight-keyword)"&gt;);&lt;/span&gt;&lt;/code&gt;&lt;/li&gt;
&lt;li&gt;&lt;code&gt;&lt;/code&gt;&lt;/li&gt;
&lt;li&gt;&lt;code&gt;&amp;nbsp;&amp;nbsp;&amp;nbsp;&amp;nbsp;&amp;nbsp;&amp;nbsp;&amp;nbsp;&amp;nbsp;if&amp;nbsp;(&lt;span&amp;nbsp;style="color:&amp;nbsp;var(--highlight-default)"&gt;$this&lt;/span&gt;&lt;span&amp;nbsp;style="color:&amp;nbsp;var(--highlight-keyword)"&gt;-&amp;gt;&lt;/span&gt;&lt;span&amp;nbsp;style="color:&amp;nbsp;var(--highlight-default)"&gt;kernel&amp;nbsp;&lt;/span&gt;&lt;span&amp;nbsp;style="color:&amp;nbsp;var(--highlight-keyword)"&gt;instanceof&amp;nbsp;&lt;/span&gt;&lt;span&amp;nbsp;style="color:&amp;nbsp;var(--highlight-default)"&gt;TerminableInterface&lt;/span&gt;&lt;span&amp;nbsp;style="color:&amp;nbsp;var(--highlight-keyword)"&gt;)&amp;nbsp;{&lt;/span&gt;&lt;/code&gt;&lt;/li&gt;
&lt;li&gt;&lt;code&gt;&amp;nbsp;&amp;nbsp;&amp;nbsp;&amp;nbsp;&amp;nbsp;&amp;nbsp;&amp;nbsp;&amp;nbsp;&amp;nbsp;&amp;nbsp;&amp;nbsp;&amp;nbsp;&lt;span&amp;nbsp;style="color:&amp;nbsp;var(--highlight-default)"&gt;$this&lt;/span&gt;&lt;span&amp;nbsp;style="color:&amp;nbsp;var(--highlight-keyword)"&gt;-&amp;gt;&lt;/span&gt;&lt;span&amp;nbsp;style="color:&amp;nbsp;var(--highlight-default)"&gt;kernel&lt;/span&gt;&lt;span&amp;nbsp;style="color:&amp;nbsp;var(--highlight-keyword)"&gt;-&amp;gt;&lt;/span&gt;&lt;span&amp;nbsp;style="color:&amp;nbsp;var(--highlight-default)"&gt;terminate&lt;/span&gt;&lt;span&amp;nbsp;style="color:&amp;nbsp;var(--highlight-keyword)"&gt;(&lt;/span&gt;&lt;span&amp;nbsp;style="color:&amp;nbsp;var(--highlight-default)"&gt;$request&lt;/span&gt;&lt;span&amp;nbsp;style="color:&amp;nbsp;var(--highlight-keyword)"&gt;,&amp;nbsp;&lt;/span&gt;&lt;span&amp;nbsp;style="color:&amp;nbsp;var(--highlight-default)"&gt;$response&lt;/span&gt;&lt;span&amp;nbsp;style="color:&amp;nbsp;var(--highlight-keyword)"&gt;);&lt;/span&gt;&lt;/code&gt;&lt;/li&gt;
&lt;li&gt;&lt;code&gt;&amp;nbsp;&amp;nbsp;&amp;nbsp;&amp;nbsp;&amp;nbsp;&amp;nbsp;&amp;nbsp;&amp;nbsp;}&lt;/code&gt;&lt;/li&gt;
&lt;li&gt;&lt;code&gt;&lt;/code&gt;&lt;/li&gt;&lt;/ol&gt;    &lt;/div&gt;            &lt;/div&gt;
                        &lt;div class="trace-line trace-from-vendor"&gt;
                &lt;div class="trace-line-header break-long-words sf-toggle" data-toggle-selector="#trace-html-1-9" data-toggle-initial=""&gt;
            &lt;span class="icon icon-close"&gt;&lt;svg width="1792" height="1792" viewBox="0 0 1792 1792" xmlns="http://www.w3.org/2000/svg"&gt;&lt;path d="M1408 960V832q0-26-19-45t-45-19H448q-26 0-45 19t-19 45v128q0 26 19 45t45 19h896q26 0 45-19t19-45zm256-544v960q0 119-84.5 203.5T1376 1664H416q-119 0-203.5-84.5T128 1376V416q0-119 84.5-203.5T416 128h960q119 0 203.5 84.5T1664 416z"/&gt;&lt;/svg&gt;&lt;/span&gt;
        &lt;span class="icon icon-open"&gt;&lt;svg width="1792" height="1792" viewBox="0 0 1792 1792" xmlns="http://www.w3.org/2000/svg"&gt;&lt;path d="M1408 960V832q0-26-19-45t-45-19h-320V448q0-26-19-45t-45-19H832q-26 0-45 19t-19 45v320H448q-26 0-45 19t-19 45v128q0 26 19 45t45 19h320v320q0 26 19 45t45 19h128q26 0 45-19t19-45v-320h320q26 0 45-19t19-45zm256-544v960q0 119-84.5 203.5T1376 1664H416q-119 0-203.5-84.5T128 1376V416q0-119 84.5-203.5T416 128h960q119 0 203.5 84.5T1664 416z"/&gt;&lt;/svg&gt;&lt;/span&gt;
    
    
                    &lt;span class="block trace-file-path"&gt;
            in
            &lt;a href="file:///home/albinr/dbwebb-kurser/mvc/me/report/vendor/symfony/framework-bundle/KernelBrowser.php#L157"&gt;
                vendor/symfony/framework-bundle/&lt;strong&gt;KernelBrowser.php&lt;/strong&gt;
            &lt;/a&gt;
                            &lt;span class="trace-type"&gt;-&gt;&lt;/span&gt;
                &lt;span class="trace-method"&gt;doRequest&lt;/span&gt;
                        (line 157)
            &lt;span class="icon icon-copy hidden" data-clipboard-text="vendor/symfony/framework-bundle/KernelBrowser.php:157"&gt;
                &lt;svg xmlns="http://www.w3.org/2000/svg" height="24" viewBox="0 0 24 24" width="24"&gt;&lt;path d="M0 0h24v24H0z" fill="none"/&gt;&lt;path d="M16 1H4c-1.1 0-2 .9-2 2v14h2V3h12V1zm3 4H8c-1.1 0-2 .9-2 2v14c0 1.1.9 2 2 2h11c1.1 0 2-.9 2-2V7c0-1.1-.9-2-2-2zm0 16H8V7h11v14z"/&gt;&lt;/svg&gt;            &lt;/span&gt;
        &lt;/span&gt;
    &lt;/div&gt;
    &lt;div id="trace-html-1-9" class="trace-code sf-toggle-content"&gt;
        &lt;ol start="152"&gt;&lt;li&gt;&lt;code&gt;&lt;/code&gt;&lt;/li&gt;
&lt;li&gt;&lt;code&gt;&amp;nbsp;&amp;nbsp;&amp;nbsp;&amp;nbsp;&amp;nbsp;&amp;nbsp;&amp;nbsp;&amp;nbsp;&amp;nbsp;&amp;nbsp;&amp;nbsp;&amp;nbsp;&lt;span&amp;nbsp;style="color:&amp;nbsp;var(--highlight-default)"&gt;$this&lt;/span&gt;&lt;span&amp;nbsp;style="color:&amp;nbsp;var(--highlight-keyword)"&gt;-&amp;gt;&lt;/span&gt;&lt;span&amp;nbsp;style="color:&amp;nbsp;var(--highlight-default)"&gt;kernel&lt;/span&gt;&lt;span&amp;nbsp;style="color:&amp;nbsp;var(--highlight-keyword)"&gt;-&amp;gt;&lt;/span&gt;&lt;span&amp;nbsp;style="color:&amp;nbsp;var(--highlight-default)"&gt;boot&lt;/span&gt;&lt;span&amp;nbsp;style="color:&amp;nbsp;var(--highlight-keyword)"&gt;();&lt;/span&gt;&lt;/code&gt;&lt;/li&gt;
&lt;li&gt;&lt;code&gt;&amp;nbsp;&amp;nbsp;&amp;nbsp;&amp;nbsp;&amp;nbsp;&amp;nbsp;&amp;nbsp;&amp;nbsp;&amp;nbsp;&amp;nbsp;&amp;nbsp;&amp;nbsp;&lt;span&amp;nbsp;style="color:&amp;nbsp;var(--highlight-default)"&gt;$this&lt;/span&gt;&lt;span&amp;nbsp;style="color:&amp;nbsp;var(--highlight-keyword)"&gt;-&amp;gt;&lt;/span&gt;&lt;span&amp;nbsp;style="color:&amp;nbsp;var(--highlight-default)"&gt;getContainer&lt;/span&gt;&lt;span&amp;nbsp;style="color:&amp;nbsp;var(--highlight-keyword)"&gt;()-&amp;gt;&lt;/span&gt;&lt;span&amp;nbsp;style="color:&amp;nbsp;var(--highlight-default)"&gt;get&lt;/span&gt;&lt;span&amp;nbsp;style="color:&amp;nbsp;var(--highlight-keyword)"&gt;(&lt;/span&gt;&lt;span&amp;nbsp;style="color:&amp;nbsp;var(--highlight-string)"&gt;'profiler'&lt;/span&gt;&lt;span&amp;nbsp;style="color:&amp;nbsp;var(--highlight-keyword)"&gt;)-&amp;gt;&lt;/span&gt;&lt;span&amp;nbsp;style="color:&amp;nbsp;var(--highlight-default)"&gt;enable&lt;/span&gt;&lt;span&amp;nbsp;style="color:&amp;nbsp;var(--highlight-keyword)"&gt;();&lt;/span&gt;&lt;/code&gt;&lt;/li&gt;
&lt;li&gt;&lt;code&gt;&amp;nbsp;&amp;nbsp;&amp;nbsp;&amp;nbsp;&amp;nbsp;&amp;nbsp;&amp;nbsp;&amp;nbsp;}&lt;/code&gt;&lt;/li&gt;
&lt;li&gt;&lt;code&gt;&lt;/code&gt;&lt;/li&gt;
&lt;li class="selected"&gt;&lt;code&gt;&amp;nbsp;&amp;nbsp;&amp;nbsp;&amp;nbsp;&amp;nbsp;&amp;nbsp;&amp;nbsp;&amp;nbsp;return&amp;nbsp;&lt;span&amp;nbsp;style="color:&amp;nbsp;var(--highlight-default)"&gt;parent&lt;/span&gt;&lt;span&amp;nbsp;style="color:&amp;nbsp;var(--highlight-keyword)"&gt;::&lt;/span&gt;&lt;span&amp;nbsp;style="color:&amp;nbsp;var(--highlight-default)"&gt;doRequest&lt;/span&gt;&lt;span&amp;nbsp;style="color:&amp;nbsp;var(--highlight-keyword)"&gt;(&lt;/span&gt;&lt;span&amp;nbsp;style="color:&amp;nbsp;var(--highlight-default)"&gt;$request&lt;/span&gt;&lt;span&amp;nbsp;style="color:&amp;nbsp;var(--highlight-keyword)"&gt;);&lt;/span&gt;&lt;/code&gt;&lt;/li&gt;
&lt;li&gt;&lt;code&gt;&amp;nbsp;&amp;nbsp;&amp;nbsp;&amp;nbsp;}&lt;/code&gt;&lt;/li&gt;
&lt;li&gt;&lt;code&gt;&lt;/code&gt;&lt;/li&gt;
&lt;li&gt;&lt;code&gt;&amp;nbsp;&amp;nbsp;&amp;nbsp;&amp;nbsp;&lt;span&amp;nbsp;style="color:&amp;nbsp;var(--highlight-comment)"&gt;/**&lt;/span&gt;&lt;/code&gt;&lt;/li&gt;
&lt;li&gt;&lt;code&gt;&amp;nbsp;&amp;nbsp;&amp;nbsp;&amp;nbsp;&amp;nbsp;*&amp;nbsp;@param&amp;nbsp;Request&amp;nbsp;$request&lt;/code&gt;&lt;/li&gt;
&lt;li&gt;&lt;code&gt;&amp;nbsp;&amp;nbsp;&amp;nbsp;&amp;nbsp;&amp;nbsp;*/&lt;/code&gt;&lt;/li&gt;&lt;/ol&gt;    &lt;/div&gt;            &lt;/div&gt;
                        &lt;div class="trace-line trace-from-vendor"&gt;
                &lt;div class="trace-line-header break-long-words sf-toggle" data-toggle-selector="#trace-html-1-10" data-toggle-initial=""&gt;
            &lt;span class="icon icon-close"&gt;&lt;svg width="1792" height="1792" viewBox="0 0 1792 1792" xmlns="http://www.w3.org/2000/svg"&gt;&lt;path d="M1408 960V832q0-26-19-45t-45-19H448q-26 0-45 19t-19 45v128q0 26 19 45t45 19h896q26 0 45-19t19-45zm256-544v960q0 119-84.5 203.5T1376 1664H416q-119 0-203.5-84.5T128 1376V416q0-119 84.5-203.5T416 128h960q119 0 203.5 84.5T1664 416z"/&gt;&lt;/svg&gt;&lt;/span&gt;
        &lt;span class="icon icon-open"&gt;&lt;svg width="1792" height="1792" viewBox="0 0 1792 1792" xmlns="http://www.w3.org/2000/svg"&gt;&lt;path d="M1408 960V832q0-26-19-45t-45-19h-320V448q0-26-19-45t-45-19H832q-26 0-45 19t-19 45v320H448q-26 0-45 19t-19 45v128q0 26 19 45t45 19h320v320q0 26 19 45t45 19h128q26 0 45-19t19-45v-320h320q26 0 45-19t19-45zm256-544v960q0 119-84.5 203.5T1376 1664H416q-119 0-203.5-84.5T128 1376V416q0-119 84.5-203.5T416 128h960q119 0 203.5 84.5T1664 416z"/&gt;&lt;/svg&gt;&lt;/span&gt;
    
    
                    &lt;span class="block trace-file-path"&gt;
            in
            &lt;a href="file:///home/albinr/dbwebb-kurser/mvc/me/report/vendor/symfony/browser-kit/AbstractBrowser.php#L369"&gt;
                vendor/symfony/browser-kit/&lt;strong&gt;AbstractBrowser.php&lt;/strong&gt;
            &lt;/a&gt;
                            &lt;span class="trace-type"&gt;-&gt;&lt;/span&gt;
                &lt;span class="trace-method"&gt;doRequest&lt;/span&gt;
                        (line 369)
            &lt;span class="icon icon-copy hidden" data-clipboard-text="vendor/symfony/browser-kit/AbstractBrowser.php:369"&gt;
                &lt;svg xmlns="http://www.w3.org/2000/svg" height="24" viewBox="0 0 24 24" width="24"&gt;&lt;path d="M0 0h24v24H0z" fill="none"/&gt;&lt;path d="M16 1H4c-1.1 0-2 .9-2 2v14h2V3h12V1zm3 4H8c-1.1 0-2 .9-2 2v14c0 1.1.9 2 2 2h11c1.1 0 2-.9 2-2V7c0-1.1-.9-2-2-2zm0 16H8V7h11v14z"/&gt;&lt;/svg&gt;            &lt;/span&gt;
        &lt;/span&gt;
    &lt;/div&gt;
    &lt;div id="trace-html-1-10" class="trace-code sf-toggle-content"&gt;
        &lt;ol start="364"&gt;&lt;li&gt;&lt;code&gt;&amp;nbsp;&amp;nbsp;&amp;nbsp;&amp;nbsp;&amp;nbsp;&amp;nbsp;&amp;nbsp;&amp;nbsp;}&lt;/code&gt;&lt;/li&gt;
&lt;li&gt;&lt;code&gt;&lt;/code&gt;&lt;/li&gt;
&lt;li&gt;&lt;code&gt;&amp;nbsp;&amp;nbsp;&amp;nbsp;&amp;nbsp;&amp;nbsp;&amp;nbsp;&amp;nbsp;&amp;nbsp;if&amp;nbsp;(&lt;span&amp;nbsp;style="color:&amp;nbsp;var(--highlight-default)"&gt;$this&lt;/span&gt;&lt;span&amp;nbsp;style="color:&amp;nbsp;var(--highlight-keyword)"&gt;-&amp;gt;&lt;/span&gt;&lt;span&amp;nbsp;style="color:&amp;nbsp;var(--highlight-default)"&gt;insulated&lt;/span&gt;&lt;span&amp;nbsp;style="color:&amp;nbsp;var(--highlight-keyword)"&gt;)&amp;nbsp;{&lt;/span&gt;&lt;/code&gt;&lt;/li&gt;
&lt;li&gt;&lt;code&gt;&amp;nbsp;&amp;nbsp;&amp;nbsp;&amp;nbsp;&amp;nbsp;&amp;nbsp;&amp;nbsp;&amp;nbsp;&amp;nbsp;&amp;nbsp;&amp;nbsp;&amp;nbsp;&lt;span&amp;nbsp;style="color:&amp;nbsp;var(--highlight-default)"&gt;$this&lt;/span&gt;&lt;span&amp;nbsp;style="color:&amp;nbsp;var(--highlight-keyword)"&gt;-&amp;gt;&lt;/span&gt;&lt;span&amp;nbsp;style="color:&amp;nbsp;var(--highlight-default)"&gt;response&amp;nbsp;&lt;/span&gt;&lt;span&amp;nbsp;style="color:&amp;nbsp;var(--highlight-keyword)"&gt;=&amp;nbsp;&lt;/span&gt;&lt;span&amp;nbsp;style="color:&amp;nbsp;var(--highlight-default)"&gt;$this&lt;/span&gt;&lt;span&amp;nbsp;style="color:&amp;nbsp;var(--highlight-keyword)"&gt;-&amp;gt;&lt;/span&gt;&lt;span&amp;nbsp;style="color:&amp;nbsp;var(--highlight-default)"&gt;doRequestInProcess&lt;/span&gt;&lt;span&amp;nbsp;style="color:&amp;nbsp;var(--highlight-keyword)"&gt;(&lt;/span&gt;&lt;span&amp;nbsp;style="color:&amp;nbsp;var(--highlight-default)"&gt;$this&lt;/span&gt;&lt;span&amp;nbsp;style="color:&amp;nbsp;var(--highlight-keyword)"&gt;-&amp;gt;&lt;/span&gt;&lt;span&amp;nbsp;style="color:&amp;nbsp;var(--highlight-default)"&gt;request&lt;/span&gt;&lt;span&amp;nbsp;style="color:&amp;nbsp;var(--highlight-keyword)"&gt;);&lt;/span&gt;&lt;/code&gt;&lt;/li&gt;
&lt;li&gt;&lt;code&gt;&amp;nbsp;&amp;nbsp;&amp;nbsp;&amp;nbsp;&amp;nbsp;&amp;nbsp;&amp;nbsp;&amp;nbsp;}&amp;nbsp;else&amp;nbsp;{&lt;/code&gt;&lt;/li&gt;
&lt;li class="selected"&gt;&lt;code&gt;&amp;nbsp;&amp;nbsp;&amp;nbsp;&amp;nbsp;&amp;nbsp;&amp;nbsp;&amp;nbsp;&amp;nbsp;&amp;nbsp;&amp;nbsp;&amp;nbsp;&amp;nbsp;&lt;span&amp;nbsp;style="color:&amp;nbsp;var(--highlight-default)"&gt;$this&lt;/span&gt;&lt;span&amp;nbsp;style="color:&amp;nbsp;var(--highlight-keyword)"&gt;-&amp;gt;&lt;/span&gt;&lt;span&amp;nbsp;style="color:&amp;nbsp;var(--highlight-default)"&gt;response&amp;nbsp;&lt;/span&gt;&lt;span&amp;nbsp;style="color:&amp;nbsp;var(--highlight-keyword)"&gt;=&amp;nbsp;&lt;/span&gt;&lt;span&amp;nbsp;style="color:&amp;nbsp;var(--highlight-default)"&gt;$this&lt;/span&gt;&lt;span&amp;nbsp;style="color:&amp;nbsp;var(--highlight-keyword)"&gt;-&amp;gt;&lt;/span&gt;&lt;span&amp;nbsp;style="color:&amp;nbsp;var(--highlight-default)"&gt;doRequest&lt;/span&gt;&lt;span&amp;nbsp;style="color:&amp;nbsp;var(--highlight-keyword)"&gt;(&lt;/span&gt;&lt;span&amp;nbsp;style="color:&amp;nbsp;var(--highlight-default)"&gt;$this&lt;/span&gt;&lt;span&amp;nbsp;style="color:&amp;nbsp;var(--highlight-keyword)"&gt;-&amp;gt;&lt;/span&gt;&lt;span&amp;nbsp;style="color:&amp;nbsp;var(--highlight-default)"&gt;request&lt;/span&gt;&lt;span&amp;nbsp;style="color:&amp;nbsp;var(--highlight-keyword)"&gt;);&lt;/span&gt;&lt;/code&gt;&lt;/li&gt;
&lt;li&gt;&lt;code&gt;&amp;nbsp;&amp;nbsp;&amp;nbsp;&amp;nbsp;&amp;nbsp;&amp;nbsp;&amp;nbsp;&amp;nbsp;}&lt;/code&gt;&lt;/li&gt;
&lt;li&gt;&lt;code&gt;&lt;/code&gt;&lt;/li&gt;
&lt;li&gt;&lt;code&gt;&amp;nbsp;&amp;nbsp;&amp;nbsp;&amp;nbsp;&amp;nbsp;&amp;nbsp;&amp;nbsp;&amp;nbsp;&lt;span&amp;nbsp;style="color:&amp;nbsp;var(--highlight-default)"&gt;$this&lt;/span&gt;&lt;span&amp;nbsp;style="color:&amp;nbsp;var(--highlight-keyword)"&gt;-&amp;gt;&lt;/span&gt;&lt;span&amp;nbsp;style="color:&amp;nbsp;var(--highlight-default)"&gt;internalResponse&amp;nbsp;&lt;/span&gt;&lt;span&amp;nbsp;style="color:&amp;nbsp;var(--highlight-keyword)"&gt;=&amp;nbsp;&lt;/span&gt;&lt;span&amp;nbsp;style="color:&amp;nbsp;var(--highlight-default)"&gt;$this&lt;/span&gt;&lt;span&amp;nbsp;style="color:&amp;nbsp;var(--highlight-keyword)"&gt;-&amp;gt;&lt;/span&gt;&lt;span&amp;nbsp;style="color:&amp;nbsp;var(--highlight-default)"&gt;filterResponse&lt;/span&gt;&lt;span&amp;nbsp;style="color:&amp;nbsp;var(--highlight-keyword)"&gt;(&lt;/span&gt;&lt;span&amp;nbsp;style="color:&amp;nbsp;var(--highlight-default)"&gt;$this&lt;/span&gt;&lt;span&amp;nbsp;style="color:&amp;nbsp;var(--highlight-keyword)"&gt;-&amp;gt;&lt;/span&gt;&lt;span&amp;nbsp;style="color:&amp;nbsp;var(--highlight-default)"&gt;response&lt;/span&gt;&lt;span&amp;nbsp;style="color:&amp;nbsp;var(--highlight-keyword)"&gt;);&lt;/span&gt;&lt;/code&gt;&lt;/li&gt;
&lt;li&gt;&lt;code&gt;&lt;/code&gt;&lt;/li&gt;
&lt;li&gt;&lt;code&gt;&amp;nbsp;&amp;nbsp;&amp;nbsp;&amp;nbsp;&amp;nbsp;&amp;nbsp;&amp;nbsp;&amp;nbsp;&lt;span&amp;nbsp;style="color:&amp;nbsp;var(--highlight-default)"&gt;$this&lt;/span&gt;&lt;span&amp;nbsp;style="color:&amp;nbsp;var(--highlight-keyword)"&gt;-&amp;gt;&lt;/span&gt;&lt;span&amp;nbsp;style="color:&amp;nbsp;var(--highlight-default)"&gt;cookieJar&lt;/span&gt;&lt;span&amp;nbsp;style="color:&amp;nbsp;var(--highlight-keyword)"&gt;-&amp;gt;&lt;/span&gt;&lt;span&amp;nbsp;style="color:&amp;nbsp;var(--highlight-default)"&gt;updateFromResponse&lt;/span&gt;&lt;span&amp;nbsp;style="color:&amp;nbsp;var(--highlight-keyword)"&gt;(&lt;/span&gt;&lt;span&amp;nbsp;style="color:&amp;nbsp;var(--highlight-default)"&gt;$this&lt;/span&gt;&lt;span&amp;nbsp;style="color:&amp;nbsp;var(--highlight-keyword)"&gt;-&amp;gt;&lt;/span&gt;&lt;span&amp;nbsp;style="color:&amp;nbsp;var(--highlight-default)"&gt;internalResponse&lt;/span&gt;&lt;span&amp;nbsp;style="color:&amp;nbsp;var(--highlight-keyword)"&gt;,&amp;nbsp;&lt;/span&gt;&lt;span&amp;nbsp;style="color:&amp;nbsp;var(--highlight-default)"&gt;$uri&lt;/span&gt;&lt;span&amp;nbsp;style="color:&amp;nbsp;var(--highlight-keyword)"&gt;);&lt;/span&gt;&lt;/code&gt;&lt;/li&gt;&lt;/ol&gt;    &lt;/div&gt;            &lt;/div&gt;
                        &lt;div class="trace-line "&gt;
                &lt;div class="trace-line-header break-long-words sf-toggle" data-toggle-selector="#trace-html-1-11" data-toggle-initial=""&gt;
            &lt;span class="icon icon-close"&gt;&lt;svg width="1792" height="1792" viewBox="0 0 1792 1792" xmlns="http://www.w3.org/2000/svg"&gt;&lt;path d="M1408 960V832q0-26-19-45t-45-19H448q-26 0-45 19t-19 45v128q0 26 19 45t45 19h896q26 0 45-19t19-45zm256-544v960q0 119-84.5 203.5T1376 1664H416q-119 0-203.5-84.5T128 1376V416q0-119 84.5-203.5T416 128h960q119 0 203.5 84.5T1664 416z"/&gt;&lt;/svg&gt;&lt;/span&gt;
        &lt;span class="icon icon-open"&gt;&lt;svg width="1792" height="1792" viewBox="0 0 1792 1792" xmlns="http://www.w3.org/2000/svg"&gt;&lt;path d="M1408 960V832q0-26-19-45t-45-19h-320V448q0-26-19-45t-45-19H832q-26 0-45 19t-19 45v320H448q-26 0-45 19t-19 45v128q0 26 19 45t45 19h320v320q0 26 19 45t45 19h128q26 0 45-19t19-45v-320h320q26 0 45-19t19-45zm256-544v960q0 119-84.5 203.5T1376 1664H416q-119 0-203.5-84.5T128 1376V416q0-119 84.5-203.5T416 128h960q119 0 203.5 84.5T1664 416z"/&gt;&lt;/svg&gt;&lt;/span&gt;
    
            &lt;span class="trace-class"&gt;&lt;abbr title="Symfony\Component\BrowserKit\AbstractBrowser"&gt;AbstractBrowser&lt;/abbr&gt;&lt;/span&gt;&lt;span class="trace-type"&gt;-&gt;&lt;/span&gt;&lt;span class="trace-method"&gt;request&lt;/span&gt;&lt;span class="trace-arguments"&gt;()&lt;/span&gt;    
                    &lt;span class="block trace-file-path"&gt;
            in
            &lt;a href="file:///home/albinr/dbwebb-kurser/mvc/me/report/tests/Controller/ApiBlackJackControllerTest.php#L81"&gt;
                tests/Controller/&lt;strong&gt;ApiBlackJackControllerTest.php&lt;/strong&gt;
            &lt;/a&gt;
                        (line 81)
            &lt;span class="icon icon-copy hidden" data-clipboard-text="tests/Controller/ApiBlackJackControllerTest.php:81"&gt;
                &lt;svg xmlns="http://www.w3.org/2000/svg" height="24" viewBox="0 0 24 24" width="24"&gt;&lt;path d="M0 0h24v24H0z" fill="none"/&gt;&lt;path d="M16 1H4c-1.1 0-2 .9-2 2v14h2V3h12V1zm3 4H8c-1.1 0-2 .9-2 2v14c0 1.1.9 2 2 2h11c1.1 0 2-.9 2-2V7c0-1.1-.9-2-2-2zm0 16H8V7h11v14z"/&gt;&lt;/svg&gt;            &lt;/span&gt;
        &lt;/span&gt;
    &lt;/div&gt;
    &lt;div id="trace-html-1-11" class="trace-code sf-toggle-content"&gt;
        &lt;ol start="76"&gt;&lt;li&gt;&lt;code&gt;&amp;nbsp;&amp;nbsp;&amp;nbsp;&amp;nbsp;{&lt;/code&gt;&lt;/li&gt;
&lt;li&gt;&lt;code&gt;&amp;nbsp;&amp;nbsp;&amp;nbsp;&amp;nbsp;&amp;nbsp;&amp;nbsp;&amp;nbsp;&amp;nbsp;&lt;span&amp;nbsp;style="color:&amp;nbsp;var(--highlight-default)"&gt;$client&amp;nbsp;&lt;/span&gt;&lt;span&amp;nbsp;style="color:&amp;nbsp;var(--highlight-keyword)"&gt;=&amp;nbsp;static::&lt;/span&gt;&lt;span&amp;nbsp;style="color:&amp;nbsp;var(--highlight-default)"&gt;createClient&lt;/span&gt;&lt;span&amp;nbsp;style="color:&amp;nbsp;var(--highlight-keyword)"&gt;();&lt;/span&gt;&lt;/code&gt;&lt;/li&gt;
&lt;li&gt;&lt;code&gt;&amp;nbsp;&amp;nbsp;&amp;nbsp;&amp;nbsp;&amp;nbsp;&amp;nbsp;&amp;nbsp;&amp;nbsp;&lt;/code&gt;&lt;/li&gt;
&lt;li&gt;&lt;code&gt;&amp;nbsp;&amp;nbsp;&amp;nbsp;&amp;nbsp;&amp;nbsp;&amp;nbsp;&amp;nbsp;&amp;nbsp;&lt;span&amp;nbsp;style="color:&amp;nbsp;var(--highlight-default)"&gt;$client&lt;/span&gt;&lt;span&amp;nbsp;style="color:&amp;nbsp;var(--highlight-keyword)"&gt;-&amp;gt;&lt;/span&gt;&lt;span&amp;nbsp;style="color:&amp;nbsp;var(--highlight-default)"&gt;request&lt;/span&gt;&lt;span&amp;nbsp;style="color:&amp;nbsp;var(--highlight-keyword)"&gt;(&lt;/span&gt;&lt;span&amp;nbsp;style="color:&amp;nbsp;var(--highlight-string)"&gt;"POST"&lt;/span&gt;&lt;span&amp;nbsp;style="color:&amp;nbsp;var(--highlight-keyword)"&gt;,&amp;nbsp;&lt;/span&gt;&lt;span&amp;nbsp;style="color:&amp;nbsp;var(--highlight-string)"&gt;"/api/blackjack/setup"&lt;/span&gt;&lt;span&amp;nbsp;style="color:&amp;nbsp;var(--highlight-keyword)"&gt;);&lt;/span&gt;&lt;/code&gt;&lt;/li&gt;
&lt;li&gt;&lt;code&gt;&lt;/code&gt;&lt;/li&gt;
&lt;li class="selected"&gt;&lt;code&gt;&amp;nbsp;&amp;nbsp;&amp;nbsp;&amp;nbsp;&amp;nbsp;&amp;nbsp;&amp;nbsp;&amp;nbsp;&lt;span&amp;nbsp;style="color:&amp;nbsp;var(--highlight-default)"&gt;$client&lt;/span&gt;&lt;span&amp;nbsp;style="color:&amp;nbsp;var(--highlight-keyword)"&gt;-&amp;gt;&lt;/span&gt;&lt;span&amp;nbsp;style="color:&amp;nbsp;var(--highlight-default)"&gt;request&lt;/span&gt;&lt;span&amp;nbsp;style="color:&amp;nbsp;var(--highlight-keyword)"&gt;(&lt;/span&gt;&lt;span&amp;nbsp;style="color:&amp;nbsp;var(--highlight-string)"&gt;"GET"&lt;/span&gt;&lt;span&amp;nbsp;style="color:&amp;nbsp;var(--highlight-keyword)"&gt;,&amp;nbsp;&lt;/span&gt;&lt;span&amp;nbsp;style="color:&amp;nbsp;var(--highlight-string)"&gt;"/proj/api/blackjack/hit"&lt;/span&gt;&lt;span&amp;nbsp;style="color:&amp;nbsp;var(--highlight-keyword)"&gt;);&lt;/span&gt;&lt;/code&gt;&lt;/li&gt;
&lt;li&gt;&lt;code&gt;&lt;/code&gt;&lt;/li&gt;
&lt;li&gt;&lt;code&gt;&amp;nbsp;&amp;nbsp;&amp;nbsp;&amp;nbsp;&amp;nbsp;&amp;nbsp;&amp;nbsp;&amp;nbsp;&lt;span&amp;nbsp;style="color:&amp;nbsp;var(--highlight-default)"&gt;$this&lt;/span&gt;&lt;span&amp;nbsp;style="color:&amp;nbsp;var(--highlight-keyword)"&gt;-&amp;gt;&lt;/span&gt;&lt;span&amp;nbsp;style="color:&amp;nbsp;var(--highlight-default)"&gt;assertResponseIsSuccessful&lt;/span&gt;&lt;span&amp;nbsp;style="color:&amp;nbsp;var(--highlight-keyword)"&gt;();&lt;/span&gt;&lt;/code&gt;&lt;/li&gt;
&lt;li&gt;&lt;code&gt;&lt;/code&gt;&lt;/li&gt;
&lt;li&gt;&lt;code&gt;&amp;nbsp;&amp;nbsp;&amp;nbsp;&amp;nbsp;&amp;nbsp;&amp;nbsp;&amp;nbsp;&amp;nbsp;&lt;span&amp;nbsp;style="color:&amp;nbsp;var(--highlight-default)"&gt;$this&lt;/span&gt;&lt;span&amp;nbsp;style="color:&amp;nbsp;var(--highlight-keyword)"&gt;-&amp;gt;&lt;/span&gt;&lt;span&amp;nbsp;style="color:&amp;nbsp;var(--highlight-default)"&gt;assertJson&lt;/span&gt;&lt;span&amp;nbsp;style="color:&amp;nbsp;var(--highlight-keyword)"&gt;(&lt;/span&gt;&lt;span&amp;nbsp;style="color:&amp;nbsp;var(--highlight-default)"&gt;$client&lt;/span&gt;&lt;span&amp;nbsp;style="color:&amp;nbsp;var(--highlight-keyword)"&gt;-&amp;gt;&lt;/span&gt;&lt;span&amp;nbsp;style="color:&amp;nbsp;var(--highlight-default)"&gt;getResponse&lt;/span&gt;&lt;span&amp;nbsp;style="color:&amp;nbsp;var(--highlight-keyword)"&gt;()-&amp;gt;&lt;/span&gt;&lt;span&amp;nbsp;style="color:&amp;nbsp;var(--highlight-default)"&gt;getContent&lt;/span&gt;&lt;span&amp;nbsp;style="color:&amp;nbsp;var(--highlight-keyword)"&gt;());&lt;/span&gt;&lt;/code&gt;&lt;/li&gt;
&lt;li&gt;&lt;code&gt;&lt;/code&gt;&lt;/li&gt;&lt;/ol&gt;    &lt;/div&gt;            &lt;/div&gt;
                        &lt;div class="trace-line trace-from-vendor"&gt;
                &lt;div class="trace-line-header break-long-words sf-toggle" data-toggle-selector="#trace-html-1-12" data-toggle-initial=""&gt;
            &lt;span class="icon icon-close"&gt;&lt;svg width="1792" height="1792" viewBox="0 0 1792 1792" xmlns="http://www.w3.org/2000/svg"&gt;&lt;path d="M1408 960V832q0-26-19-45t-45-19H448q-26 0-45 19t-19 45v128q0 26 19 45t45 19h896q26 0 45-19t19-45zm256-544v960q0 119-84.5 203.5T1376 1664H416q-119 0-203.5-84.5T128 1376V416q0-119 84.5-203.5T416 128h960q119 0 203.5 84.5T1664 416z"/&gt;&lt;/svg&gt;&lt;/span&gt;
        &lt;span class="icon icon-open"&gt;&lt;svg width="1792" height="1792" viewBox="0 0 1792 1792" xmlns="http://www.w3.org/2000/svg"&gt;&lt;path d="M1408 960V832q0-26-19-45t-45-19h-320V448q0-26-19-45t-45-19H832q-26 0-45 19t-19 45v320H448q-26 0-45 19t-19 45v128q0 26 19 45t45 19h320v320q0 26 19 45t45 19h128q26 0 45-19t19-45v-320h320q26 0 45-19t19-45zm256-544v960q0 119-84.5 203.5T1376 1664H416q-119 0-203.5-84.5T128 1376V416q0-119 84.5-203.5T416 128h960q119 0 203.5 84.5T1664 416z"/&gt;&lt;/svg&gt;&lt;/span&gt;
    
    
                    &lt;span class="block trace-file-path"&gt;
            in
            &lt;a href="file:///home/albinr/dbwebb-kurser/mvc/me/report/vendor/phpunit/phpunit/src/Framework/TestCase.php#L1617"&gt;
                vendor/phpunit/phpunit/src/Framework/&lt;strong&gt;TestCase.php&lt;/strong&gt;
            &lt;/a&gt;
                            &lt;span class="trace-type"&gt;-&gt;&lt;/span&gt;
                &lt;span class="trace-method"&gt;testApiBlackJackHitWithGame&lt;/span&gt;
                        (line 1617)
            &lt;span class="icon icon-copy hidden" data-clipboard-text="vendor/phpunit/phpunit/src/Framework/TestCase.php:1617"&gt;
                &lt;svg xmlns="http://www.w3.org/2000/svg" height="24" viewBox="0 0 24 24" width="24"&gt;&lt;path d="M0 0h24v24H0z" fill="none"/&gt;&lt;path d="M16 1H4c-1.1 0-2 .9-2 2v14h2V3h12V1zm3 4H8c-1.1 0-2 .9-2 2v14c0 1.1.9 2 2 2h11c1.1 0 2-.9 2-2V7c0-1.1-.9-2-2-2zm0 16H8V7h11v14z"/&gt;&lt;/svg&gt;            &lt;/span&gt;
        &lt;/span&gt;
    &lt;/div&gt;
    &lt;div id="trace-html-1-12" class="trace-code sf-toggle-content"&gt;
        &lt;ol start="1612"&gt;&lt;li&gt;&lt;code&gt;&amp;nbsp;&amp;nbsp;&amp;nbsp;&amp;nbsp;&amp;nbsp;&amp;nbsp;&amp;nbsp;&amp;nbsp;&lt;span&amp;nbsp;style="color:&amp;nbsp;var(--highlight-default)"&gt;$testArguments&amp;nbsp;&lt;/span&gt;&lt;span&amp;nbsp;style="color:&amp;nbsp;var(--highlight-keyword)"&gt;=&amp;nbsp;&lt;/span&gt;&lt;span&amp;nbsp;style="color:&amp;nbsp;var(--highlight-default)"&gt;array_merge&lt;/span&gt;&lt;span&amp;nbsp;style="color:&amp;nbsp;var(--highlight-keyword)"&gt;(&lt;/span&gt;&lt;span&amp;nbsp;style="color:&amp;nbsp;var(--highlight-default)"&gt;$this&lt;/span&gt;&lt;span&amp;nbsp;style="color:&amp;nbsp;var(--highlight-keyword)"&gt;-&amp;gt;&lt;/span&gt;&lt;span&amp;nbsp;style="color:&amp;nbsp;var(--highlight-default)"&gt;data&lt;/span&gt;&lt;span&amp;nbsp;style="color:&amp;nbsp;var(--highlight-keyword)"&gt;,&amp;nbsp;&lt;/span&gt;&lt;span&amp;nbsp;style="color:&amp;nbsp;var(--highlight-default)"&gt;$this&lt;/span&gt;&lt;span&amp;nbsp;style="color:&amp;nbsp;var(--highlight-keyword)"&gt;-&amp;gt;&lt;/span&gt;&lt;span&amp;nbsp;style="color:&amp;nbsp;var(--highlight-default)"&gt;dependencyInput&lt;/span&gt;&lt;span&amp;nbsp;style="color:&amp;nbsp;var(--highlight-keyword)"&gt;);&lt;/span&gt;&lt;/code&gt;&lt;/li&gt;
&lt;li&gt;&lt;code&gt;&lt;/code&gt;&lt;/li&gt;
&lt;li&gt;&lt;code&gt;&amp;nbsp;&amp;nbsp;&amp;nbsp;&amp;nbsp;&amp;nbsp;&amp;nbsp;&amp;nbsp;&amp;nbsp;&lt;span&amp;nbsp;style="color:&amp;nbsp;var(--highlight-default)"&gt;$this&lt;/span&gt;&lt;span&amp;nbsp;style="color:&amp;nbsp;var(--highlight-keyword)"&gt;-&amp;gt;&lt;/span&gt;&lt;span&amp;nbsp;style="color:&amp;nbsp;var(--highlight-default)"&gt;registerMockObjectsFromTestArguments&lt;/span&gt;&lt;span&amp;nbsp;style="color:&amp;nbsp;var(--highlight-keyword)"&gt;(&lt;/span&gt;&lt;span&amp;nbsp;style="color:&amp;nbsp;var(--highlight-default)"&gt;$testArguments&lt;/span&gt;&lt;span&amp;nbsp;style="color:&amp;nbsp;var(--highlight-keyword)"&gt;);&lt;/span&gt;&lt;/code&gt;&lt;/li&gt;
&lt;li&gt;&lt;code&gt;&lt;/code&gt;&lt;/li&gt;
&lt;li&gt;&lt;code&gt;&amp;nbsp;&amp;nbsp;&amp;nbsp;&amp;nbsp;&amp;nbsp;&amp;nbsp;&amp;nbsp;&amp;nbsp;try&amp;nbsp;{&lt;/code&gt;&lt;/li&gt;
&lt;li class="selected"&gt;&lt;code&gt;&amp;nbsp;&amp;nbsp;&amp;nbsp;&amp;nbsp;&amp;nbsp;&amp;nbsp;&amp;nbsp;&amp;nbsp;&amp;nbsp;&amp;nbsp;&amp;nbsp;&amp;nbsp;&lt;span&amp;nbsp;style="color:&amp;nbsp;var(--highlight-default)"&gt;$testResult&amp;nbsp;&lt;/span&gt;&lt;span&amp;nbsp;style="color:&amp;nbsp;var(--highlight-keyword)"&gt;=&amp;nbsp;&lt;/span&gt;&lt;span&amp;nbsp;style="color:&amp;nbsp;var(--highlight-default)"&gt;$this&lt;/span&gt;&lt;span&amp;nbsp;style="color:&amp;nbsp;var(--highlight-keyword)"&gt;-&amp;gt;{&lt;/span&gt;&lt;span&amp;nbsp;style="color:&amp;nbsp;var(--highlight-default)"&gt;$this&lt;/span&gt;&lt;span&amp;nbsp;style="color:&amp;nbsp;var(--highlight-keyword)"&gt;-&amp;gt;&lt;/span&gt;&lt;span&amp;nbsp;style="color:&amp;nbsp;var(--highlight-default)"&gt;name&lt;/span&gt;&lt;span&amp;nbsp;style="color:&amp;nbsp;var(--highlight-keyword)"&gt;}(...&lt;/span&gt;&lt;span&amp;nbsp;style="color:&amp;nbsp;var(--highlight-default)"&gt;array_values&lt;/span&gt;&lt;span&amp;nbsp;style="color:&amp;nbsp;var(--highlight-keyword)"&gt;(&lt;/span&gt;&lt;span&amp;nbsp;style="color:&amp;nbsp;var(--highlight-default)"&gt;$testArguments&lt;/span&gt;&lt;span&amp;nbsp;style="color:&amp;nbsp;var(--highlight-keyword)"&gt;));&lt;/span&gt;&lt;/code&gt;&lt;/li&gt;
&lt;li&gt;&lt;code&gt;&amp;nbsp;&amp;nbsp;&amp;nbsp;&amp;nbsp;&amp;nbsp;&amp;nbsp;&amp;nbsp;&amp;nbsp;}&amp;nbsp;catch&amp;nbsp;(&lt;span&amp;nbsp;style="color:&amp;nbsp;var(--highlight-default)"&gt;Throwable&amp;nbsp;$exception&lt;/span&gt;&lt;span&amp;nbsp;style="color:&amp;nbsp;var(--highlight-keyword)"&gt;)&amp;nbsp;{&lt;/span&gt;&lt;/code&gt;&lt;/li&gt;
&lt;li&gt;&lt;code&gt;&amp;nbsp;&amp;nbsp;&amp;nbsp;&amp;nbsp;&amp;nbsp;&amp;nbsp;&amp;nbsp;&amp;nbsp;&amp;nbsp;&amp;nbsp;&amp;nbsp;&amp;nbsp;if&amp;nbsp;(!&lt;span&amp;nbsp;style="color:&amp;nbsp;var(--highlight-default)"&gt;$this&lt;/span&gt;&lt;span&amp;nbsp;style="color:&amp;nbsp;var(--highlight-keyword)"&gt;-&amp;gt;&lt;/span&gt;&lt;span&amp;nbsp;style="color:&amp;nbsp;var(--highlight-default)"&gt;checkExceptionExpectations&lt;/span&gt;&lt;span&amp;nbsp;style="color:&amp;nbsp;var(--highlight-keyword)"&gt;(&lt;/span&gt;&lt;span&amp;nbsp;style="color:&amp;nbsp;var(--highlight-default)"&gt;$exception&lt;/span&gt;&lt;span&amp;nbsp;style="color:&amp;nbsp;var(--highlight-keyword)"&gt;))&amp;nbsp;{&lt;/span&gt;&lt;/code&gt;&lt;/li&gt;
&lt;li&gt;&lt;code&gt;&amp;nbsp;&amp;nbsp;&amp;nbsp;&amp;nbsp;&amp;nbsp;&amp;nbsp;&amp;nbsp;&amp;nbsp;&amp;nbsp;&amp;nbsp;&amp;nbsp;&amp;nbsp;&amp;nbsp;&amp;nbsp;&amp;nbsp;&amp;nbsp;throw&amp;nbsp;&lt;span&amp;nbsp;style="color:&amp;nbsp;var(--highlight-default)"&gt;$exception&lt;/span&gt;&lt;span&amp;nbsp;style="color:&amp;nbsp;var(--highlight-keyword)"&gt;;&lt;/span&gt;&lt;/code&gt;&lt;/li&gt;
&lt;li&gt;&lt;code&gt;&amp;nbsp;&amp;nbsp;&amp;nbsp;&amp;nbsp;&amp;nbsp;&amp;nbsp;&amp;nbsp;&amp;nbsp;&amp;nbsp;&amp;nbsp;&amp;nbsp;&amp;nbsp;}&lt;/code&gt;&lt;/li&gt;
&lt;li&gt;&lt;code&gt;&lt;/code&gt;&lt;/li&gt;&lt;/ol&gt;    &lt;/div&gt;            &lt;/div&gt;
                        &lt;div class="trace-line trace-from-vendor"&gt;
                &lt;div class="trace-line-header break-long-words sf-toggle" data-toggle-selector="#trace-html-1-13" data-toggle-initial=""&gt;
            &lt;span class="icon icon-close"&gt;&lt;svg width="1792" height="1792" viewBox="0 0 1792 1792" xmlns="http://www.w3.org/2000/svg"&gt;&lt;path d="M1408 960V832q0-26-19-45t-45-19H448q-26 0-45 19t-19 45v128q0 26 19 45t45 19h896q26 0 45-19t19-45zm256-544v960q0 119-84.5 203.5T1376 1664H416q-119 0-203.5-84.5T128 1376V416q0-119 84.5-203.5T416 128h960q119 0 203.5 84.5T1664 416z"/&gt;&lt;/svg&gt;&lt;/span&gt;
        &lt;span class="icon icon-open"&gt;&lt;svg width="1792" height="1792" viewBox="0 0 1792 1792" xmlns="http://www.w3.org/2000/svg"&gt;&lt;path d="M1408 960V832q0-26-19-45t-45-19h-320V448q0-26-19-45t-45-19H832q-26 0-45 19t-19 45v320H448q-26 0-45 19t-19 45v128q0 26 19 45t45 19h320v320q0 26 19 45t45 19h128q26 0 45-19t19-45v-320h320q26 0 45-19t19-45zm256-544v960q0 119-84.5 203.5T1376 1664H416q-119 0-203.5-84.5T128 1376V416q0-119 84.5-203.5T416 128h960q119 0 203.5 84.5T1664 416z"/&gt;&lt;/svg&gt;&lt;/span&gt;
    
    
                    &lt;span class="block trace-file-path"&gt;
            in
            &lt;a href="file:///home/albinr/dbwebb-kurser/mvc/me/report/vendor/phpunit/phpunit/src/Framework/TestCase.php#L1223"&gt;
                vendor/phpunit/phpunit/src/Framework/&lt;strong&gt;TestCase.php&lt;/strong&gt;
            &lt;/a&gt;
                            &lt;span class="trace-type"&gt;-&gt;&lt;/span&gt;
                &lt;span class="trace-method"&gt;runTest&lt;/span&gt;
                        (line 1223)
            &lt;span class="icon icon-copy hidden" data-clipboard-text="vendor/phpunit/phpunit/src/Framework/TestCase.php:1223"&gt;
                &lt;svg xmlns="http://www.w3.org/2000/svg" height="24" viewBox="0 0 24 24" width="24"&gt;&lt;path d="M0 0h24v24H0z" fill="none"/&gt;&lt;path d="M16 1H4c-1.1 0-2 .9-2 2v14h2V3h12V1zm3 4H8c-1.1 0-2 .9-2 2v14c0 1.1.9 2 2 2h11c1.1 0 2-.9 2-2V7c0-1.1-.9-2-2-2zm0 16H8V7h11v14z"/&gt;&lt;/svg&gt;            &lt;/span&gt;
        &lt;/span&gt;
    &lt;/div&gt;
    &lt;div id="trace-html-1-13" class="trace-code sf-toggle-content"&gt;
        &lt;ol start="1218"&gt;&lt;li&gt;&lt;code&gt;&lt;/code&gt;&lt;/li&gt;
&lt;li&gt;&lt;code&gt;&amp;nbsp;&amp;nbsp;&amp;nbsp;&amp;nbsp;&amp;nbsp;&amp;nbsp;&amp;nbsp;&amp;nbsp;&amp;nbsp;&amp;nbsp;&amp;nbsp;&amp;nbsp;foreach&amp;nbsp;(&lt;span&amp;nbsp;style="color:&amp;nbsp;var(--highlight-default)"&gt;$hookMethods&lt;/span&gt;&lt;span&amp;nbsp;style="color:&amp;nbsp;var(--highlight-keyword)"&gt;[&lt;/span&gt;&lt;span&amp;nbsp;style="color:&amp;nbsp;var(--highlight-string)"&gt;'preCondition'&lt;/span&gt;&lt;span&amp;nbsp;style="color:&amp;nbsp;var(--highlight-keyword)"&gt;]&amp;nbsp;as&amp;nbsp;&lt;/span&gt;&lt;span&amp;nbsp;style="color:&amp;nbsp;var(--highlight-default)"&gt;$method&lt;/span&gt;&lt;span&amp;nbsp;style="color:&amp;nbsp;var(--highlight-keyword)"&gt;)&amp;nbsp;{&lt;/span&gt;&lt;/code&gt;&lt;/li&gt;
&lt;li&gt;&lt;code&gt;&amp;nbsp;&amp;nbsp;&amp;nbsp;&amp;nbsp;&amp;nbsp;&amp;nbsp;&amp;nbsp;&amp;nbsp;&amp;nbsp;&amp;nbsp;&amp;nbsp;&amp;nbsp;&amp;nbsp;&amp;nbsp;&amp;nbsp;&amp;nbsp;&lt;span&amp;nbsp;style="color:&amp;nbsp;var(--highlight-default)"&gt;$this&lt;/span&gt;&lt;span&amp;nbsp;style="color:&amp;nbsp;var(--highlight-keyword)"&gt;-&amp;gt;{&lt;/span&gt;&lt;span&amp;nbsp;style="color:&amp;nbsp;var(--highlight-default)"&gt;$method&lt;/span&gt;&lt;span&amp;nbsp;style="color:&amp;nbsp;var(--highlight-keyword)"&gt;}();&lt;/span&gt;&lt;/code&gt;&lt;/li&gt;
&lt;li&gt;&lt;code&gt;&amp;nbsp;&amp;nbsp;&amp;nbsp;&amp;nbsp;&amp;nbsp;&amp;nbsp;&amp;nbsp;&amp;nbsp;&amp;nbsp;&amp;nbsp;&amp;nbsp;&amp;nbsp;}&lt;/code&gt;&lt;/li&gt;
&lt;li&gt;&lt;code&gt;&lt;/code&gt;&lt;/li&gt;
&lt;li class="selected"&gt;&lt;code&gt;&amp;nbsp;&amp;nbsp;&amp;nbsp;&amp;nbsp;&amp;nbsp;&amp;nbsp;&amp;nbsp;&amp;nbsp;&amp;nbsp;&amp;nbsp;&amp;nbsp;&amp;nbsp;&lt;span&amp;nbsp;style="color:&amp;nbsp;var(--highlight-default)"&gt;$this&lt;/span&gt;&lt;span&amp;nbsp;style="color:&amp;nbsp;var(--highlight-keyword)"&gt;-&amp;gt;&lt;/span&gt;&lt;span&amp;nbsp;style="color:&amp;nbsp;var(--highlight-default)"&gt;testResult&amp;nbsp;&lt;/span&gt;&lt;span&amp;nbsp;style="color:&amp;nbsp;var(--highlight-keyword)"&gt;=&amp;nbsp;&lt;/span&gt;&lt;span&amp;nbsp;style="color:&amp;nbsp;var(--highlight-default)"&gt;$this&lt;/span&gt;&lt;span&amp;nbsp;style="color:&amp;nbsp;var(--highlight-keyword)"&gt;-&amp;gt;&lt;/span&gt;&lt;span&amp;nbsp;style="color:&amp;nbsp;var(--highlight-default)"&gt;runTest&lt;/span&gt;&lt;span&amp;nbsp;style="color:&amp;nbsp;var(--highlight-keyword)"&gt;();&lt;/span&gt;&lt;/code&gt;&lt;/li&gt;
&lt;li&gt;&lt;code&gt;&amp;nbsp;&amp;nbsp;&amp;nbsp;&amp;nbsp;&amp;nbsp;&amp;nbsp;&amp;nbsp;&amp;nbsp;&amp;nbsp;&amp;nbsp;&amp;nbsp;&amp;nbsp;&lt;span&amp;nbsp;style="color:&amp;nbsp;var(--highlight-default)"&gt;$this&lt;/span&gt;&lt;span&amp;nbsp;style="color:&amp;nbsp;var(--highlight-keyword)"&gt;-&amp;gt;&lt;/span&gt;&lt;span&amp;nbsp;style="color:&amp;nbsp;var(--highlight-default)"&gt;verifyMockObjects&lt;/span&gt;&lt;span&amp;nbsp;style="color:&amp;nbsp;var(--highlight-keyword)"&gt;();&lt;/span&gt;&lt;/code&gt;&lt;/li&gt;
&lt;li&gt;&lt;code&gt;&lt;/code&gt;&lt;/li&gt;
&lt;li&gt;&lt;code&gt;&amp;nbsp;&amp;nbsp;&amp;nbsp;&amp;nbsp;&amp;nbsp;&amp;nbsp;&amp;nbsp;&amp;nbsp;&amp;nbsp;&amp;nbsp;&amp;nbsp;&amp;nbsp;foreach&amp;nbsp;(&lt;span&amp;nbsp;style="color:&amp;nbsp;var(--highlight-default)"&gt;$hookMethods&lt;/span&gt;&lt;span&amp;nbsp;style="color:&amp;nbsp;var(--highlight-keyword)"&gt;[&lt;/span&gt;&lt;span&amp;nbsp;style="color:&amp;nbsp;var(--highlight-string)"&gt;'postCondition'&lt;/span&gt;&lt;span&amp;nbsp;style="color:&amp;nbsp;var(--highlight-keyword)"&gt;]&amp;nbsp;as&amp;nbsp;&lt;/span&gt;&lt;span&amp;nbsp;style="color:&amp;nbsp;var(--highlight-default)"&gt;$method&lt;/span&gt;&lt;span&amp;nbsp;style="color:&amp;nbsp;var(--highlight-keyword)"&gt;)&amp;nbsp;{&lt;/span&gt;&lt;/code&gt;&lt;/li&gt;
&lt;li&gt;&lt;code&gt;&amp;nbsp;&amp;nbsp;&amp;nbsp;&amp;nbsp;&amp;nbsp;&amp;nbsp;&amp;nbsp;&amp;nbsp;&amp;nbsp;&amp;nbsp;&amp;nbsp;&amp;nbsp;&amp;nbsp;&amp;nbsp;&amp;nbsp;&amp;nbsp;&lt;span&amp;nbsp;style="color:&amp;nbsp;var(--highlight-default)"&gt;$this&lt;/span&gt;&lt;span&amp;nbsp;style="color:&amp;nbsp;var(--highlight-keyword)"&gt;-&amp;gt;{&lt;/span&gt;&lt;span&amp;nbsp;style="color:&amp;nbsp;var(--highlight-default)"&gt;$method&lt;/span&gt;&lt;span&amp;nbsp;style="color:&amp;nbsp;var(--highlight-keyword)"&gt;}();&lt;/span&gt;&lt;/code&gt;&lt;/li&gt;
&lt;li&gt;&lt;code&gt;&amp;nbsp;&amp;nbsp;&amp;nbsp;&amp;nbsp;&amp;nbsp;&amp;nbsp;&amp;nbsp;&amp;nbsp;&amp;nbsp;&amp;nbsp;&amp;nbsp;&amp;nbsp;}&lt;/code&gt;&lt;/li&gt;&lt;/ol&gt;    &lt;/div&gt;            &lt;/div&gt;
                        &lt;div class="trace-line trace-from-vendor"&gt;
                &lt;div class="trace-line-header break-long-words sf-toggle" data-toggle-selector="#trace-html-1-14" data-toggle-initial=""&gt;
            &lt;span class="icon icon-close"&gt;&lt;svg width="1792" height="1792" viewBox="0 0 1792 1792" xmlns="http://www.w3.org/2000/svg"&gt;&lt;path d="M1408 960V832q0-26-19-45t-45-19H448q-26 0-45 19t-19 45v128q0 26 19 45t45 19h896q26 0 45-19t19-45zm256-544v960q0 119-84.5 203.5T1376 1664H416q-119 0-203.5-84.5T128 1376V416q0-119 84.5-203.5T416 128h960q119 0 203.5 84.5T1664 416z"/&gt;&lt;/svg&gt;&lt;/span&gt;
        &lt;span class="icon icon-open"&gt;&lt;svg width="1792" height="1792" viewBox="0 0 1792 1792" xmlns="http://www.w3.org/2000/svg"&gt;&lt;path d="M1408 960V832q0-26-19-45t-45-19h-320V448q0-26-19-45t-45-19H832q-26 0-45 19t-19 45v320H448q-26 0-45 19t-19 45v128q0 26 19 45t45 19h320v320q0 26 19 45t45 19h128q26 0 45-19t19-45v-320h320q26 0 45-19t19-45zm256-544v960q0 119-84.5 203.5T1376 1664H416q-119 0-203.5-84.5T128 1376V416q0-119 84.5-203.5T416 128h960q119 0 203.5 84.5T1664 416z"/&gt;&lt;/svg&gt;&lt;/span&gt;
    
    
                    &lt;span class="block trace-file-path"&gt;
            in
            &lt;a href="file:///home/albinr/dbwebb-kurser/mvc/me/report/vendor/phpunit/phpunit/src/Framework/TestResult.php#L729"&gt;
                vendor/phpunit/phpunit/src/Framework/&lt;strong&gt;TestResult.php&lt;/strong&gt;
            &lt;/a&gt;
                            &lt;span class="trace-type"&gt;-&gt;&lt;/span&gt;
                &lt;span class="trace-method"&gt;runBare&lt;/span&gt;
                        (line 729)
            &lt;span class="icon icon-copy hidden" data-clipboard-text="vendor/phpunit/phpunit/src/Framework/TestResult.php:729"&gt;
                &lt;svg xmlns="http://www.w3.org/2000/svg" height="24" viewBox="0 0 24 24" width="24"&gt;&lt;path d="M0 0h24v24H0z" fill="none"/&gt;&lt;path d="M16 1H4c-1.1 0-2 .9-2 2v14h2V3h12V1zm3 4H8c-1.1 0-2 .9-2 2v14c0 1.1.9 2 2 2h11c1.1 0 2-.9 2-2V7c0-1.1-.9-2-2-2zm0 16H8V7h11v14z"/&gt;&lt;/svg&gt;            &lt;/span&gt;
        &lt;/span&gt;
    &lt;/div&gt;
    &lt;div id="trace-html-1-14" class="trace-code sf-toggle-content"&gt;
        &lt;ol start="724"&gt;&lt;li&gt;&lt;code&gt;&amp;nbsp;&amp;nbsp;&amp;nbsp;&amp;nbsp;&amp;nbsp;&amp;nbsp;&amp;nbsp;&amp;nbsp;&amp;nbsp;&amp;nbsp;&amp;nbsp;&amp;nbsp;&amp;nbsp;&amp;nbsp;&amp;nbsp;&amp;nbsp;&amp;nbsp;&amp;nbsp;&amp;nbsp;&amp;nbsp;&amp;nbsp;&amp;nbsp;&amp;nbsp;&amp;nbsp;&lt;span&amp;nbsp;style="color:&amp;nbsp;var(--highlight-default)"&gt;$_timeout&amp;nbsp;&lt;/span&gt;&lt;span&amp;nbsp;style="color:&amp;nbsp;var(--highlight-keyword)"&gt;=&amp;nbsp;&lt;/span&gt;&lt;span&amp;nbsp;style="color:&amp;nbsp;var(--highlight-default)"&gt;$this&lt;/span&gt;&lt;span&amp;nbsp;style="color:&amp;nbsp;var(--highlight-keyword)"&gt;-&amp;gt;&lt;/span&gt;&lt;span&amp;nbsp;style="color:&amp;nbsp;var(--highlight-default)"&gt;defaultTimeLimit&lt;/span&gt;&lt;span&amp;nbsp;style="color:&amp;nbsp;var(--highlight-keyword)"&gt;;&lt;/span&gt;&lt;/code&gt;&lt;/li&gt;
&lt;li&gt;&lt;code&gt;&amp;nbsp;&amp;nbsp;&amp;nbsp;&amp;nbsp;&amp;nbsp;&amp;nbsp;&amp;nbsp;&amp;nbsp;&amp;nbsp;&amp;nbsp;&amp;nbsp;&amp;nbsp;&amp;nbsp;&amp;nbsp;&amp;nbsp;&amp;nbsp;}&lt;/code&gt;&lt;/li&gt;
&lt;li&gt;&lt;code&gt;&lt;/code&gt;&lt;/li&gt;
&lt;li&gt;&lt;code&gt;&amp;nbsp;&amp;nbsp;&amp;nbsp;&amp;nbsp;&amp;nbsp;&amp;nbsp;&amp;nbsp;&amp;nbsp;&amp;nbsp;&amp;nbsp;&amp;nbsp;&amp;nbsp;&amp;nbsp;&amp;nbsp;&amp;nbsp;&amp;nbsp;&lt;span&amp;nbsp;style="color:&amp;nbsp;var(--highlight-default)"&gt;$invoker&lt;/span&gt;&lt;span&amp;nbsp;style="color:&amp;nbsp;var(--highlight-keyword)"&gt;-&amp;gt;&lt;/span&gt;&lt;span&amp;nbsp;style="color:&amp;nbsp;var(--highlight-default)"&gt;invoke&lt;/span&gt;&lt;span&amp;nbsp;style="color:&amp;nbsp;var(--highlight-keyword)"&gt;([&lt;/span&gt;&lt;span&amp;nbsp;style="color:&amp;nbsp;var(--highlight-default)"&gt;$test&lt;/span&gt;&lt;span&amp;nbsp;style="color:&amp;nbsp;var(--highlight-keyword)"&gt;,&amp;nbsp;&lt;/span&gt;&lt;span&amp;nbsp;style="color:&amp;nbsp;var(--highlight-string)"&gt;'runBare'&lt;/span&gt;&lt;span&amp;nbsp;style="color:&amp;nbsp;var(--highlight-keyword)"&gt;],&amp;nbsp;[],&amp;nbsp;&lt;/span&gt;&lt;span&amp;nbsp;style="color:&amp;nbsp;var(--highlight-default)"&gt;$_timeout&lt;/span&gt;&lt;span&amp;nbsp;style="color:&amp;nbsp;var(--highlight-keyword)"&gt;);&lt;/span&gt;&lt;/code&gt;&lt;/li&gt;
&lt;li&gt;&lt;code&gt;&amp;nbsp;&amp;nbsp;&amp;nbsp;&amp;nbsp;&amp;nbsp;&amp;nbsp;&amp;nbsp;&amp;nbsp;&amp;nbsp;&amp;nbsp;&amp;nbsp;&amp;nbsp;}&amp;nbsp;else&amp;nbsp;{&lt;/code&gt;&lt;/li&gt;
&lt;li class="selected"&gt;&lt;code&gt;&amp;nbsp;&amp;nbsp;&amp;nbsp;&amp;nbsp;&amp;nbsp;&amp;nbsp;&amp;nbsp;&amp;nbsp;&amp;nbsp;&amp;nbsp;&amp;nbsp;&amp;nbsp;&amp;nbsp;&amp;nbsp;&amp;nbsp;&amp;nbsp;&lt;span&amp;nbsp;style="color:&amp;nbsp;var(--highlight-default)"&gt;$test&lt;/span&gt;&lt;span&amp;nbsp;style="color:&amp;nbsp;var(--highlight-keyword)"&gt;-&amp;gt;&lt;/span&gt;&lt;span&amp;nbsp;style="color:&amp;nbsp;var(--highlight-default)"&gt;runBare&lt;/span&gt;&lt;span&amp;nbsp;style="color:&amp;nbsp;var(--highlight-keyword)"&gt;();&lt;/span&gt;&lt;/code&gt;&lt;/li&gt;
&lt;li&gt;&lt;code&gt;&amp;nbsp;&amp;nbsp;&amp;nbsp;&amp;nbsp;&amp;nbsp;&amp;nbsp;&amp;nbsp;&amp;nbsp;&amp;nbsp;&amp;nbsp;&amp;nbsp;&amp;nbsp;}&lt;/code&gt;&lt;/li&gt;
&lt;li&gt;&lt;code&gt;&amp;nbsp;&amp;nbsp;&amp;nbsp;&amp;nbsp;&amp;nbsp;&amp;nbsp;&amp;nbsp;&amp;nbsp;}&amp;nbsp;catch&amp;nbsp;(&lt;span&amp;nbsp;style="color:&amp;nbsp;var(--highlight-default)"&gt;TimeoutException&amp;nbsp;$e&lt;/span&gt;&lt;span&amp;nbsp;style="color:&amp;nbsp;var(--highlight-keyword)"&gt;)&amp;nbsp;{&lt;/span&gt;&lt;/code&gt;&lt;/li&gt;
&lt;li&gt;&lt;code&gt;&amp;nbsp;&amp;nbsp;&amp;nbsp;&amp;nbsp;&amp;nbsp;&amp;nbsp;&amp;nbsp;&amp;nbsp;&amp;nbsp;&amp;nbsp;&amp;nbsp;&amp;nbsp;&lt;span&amp;nbsp;style="color:&amp;nbsp;var(--highlight-default)"&gt;$this&lt;/span&gt;&lt;span&amp;nbsp;style="color:&amp;nbsp;var(--highlight-keyword)"&gt;-&amp;gt;&lt;/span&gt;&lt;span&amp;nbsp;style="color:&amp;nbsp;var(--highlight-default)"&gt;addFailure&lt;/span&gt;&lt;span&amp;nbsp;style="color:&amp;nbsp;var(--highlight-keyword)"&gt;(&lt;/span&gt;&lt;/code&gt;&lt;/li&gt;
&lt;li&gt;&lt;code&gt;&amp;nbsp;&amp;nbsp;&amp;nbsp;&amp;nbsp;&amp;nbsp;&amp;nbsp;&amp;nbsp;&amp;nbsp;&amp;nbsp;&amp;nbsp;&amp;nbsp;&amp;nbsp;&amp;nbsp;&amp;nbsp;&amp;nbsp;&amp;nbsp;&lt;span&amp;nbsp;style="color:&amp;nbsp;var(--highlight-default)"&gt;$test&lt;/span&gt;&lt;span&amp;nbsp;style="color:&amp;nbsp;var(--highlight-keyword)"&gt;,&lt;/span&gt;&lt;/code&gt;&lt;/li&gt;
&lt;li&gt;&lt;code&gt;&amp;nbsp;&amp;nbsp;&amp;nbsp;&amp;nbsp;&amp;nbsp;&amp;nbsp;&amp;nbsp;&amp;nbsp;&amp;nbsp;&amp;nbsp;&amp;nbsp;&amp;nbsp;&amp;nbsp;&amp;nbsp;&amp;nbsp;&amp;nbsp;new&amp;nbsp;&lt;span&amp;nbsp;style="color:&amp;nbsp;var(--highlight-default)"&gt;RiskyTestError&lt;/span&gt;&lt;span&amp;nbsp;style="color:&amp;nbsp;var(--highlight-keyword)"&gt;(&lt;/span&gt;&lt;/code&gt;&lt;/li&gt;&lt;/ol&gt;    &lt;/div&gt;            &lt;/div&gt;
                        &lt;div class="trace-line trace-from-vendor"&gt;
                &lt;div class="trace-line-header break-long-words sf-toggle" data-toggle-selector="#trace-html-1-15" data-toggle-initial=""&gt;
            &lt;span class="icon icon-close"&gt;&lt;svg width="1792" height="1792" viewBox="0 0 1792 1792" xmlns="http://www.w3.org/2000/svg"&gt;&lt;path d="M1408 960V832q0-26-19-45t-45-19H448q-26 0-45 19t-19 45v128q0 26 19 45t45 19h896q26 0 45-19t19-45zm256-544v960q0 119-84.5 203.5T1376 1664H416q-119 0-203.5-84.5T128 1376V416q0-119 84.5-203.5T416 128h960q119 0 203.5 84.5T1664 416z"/&gt;&lt;/svg&gt;&lt;/span&gt;
        &lt;span class="icon icon-open"&gt;&lt;svg width="1792" height="1792" viewBox="0 0 1792 1792" xmlns="http://www.w3.org/2000/svg"&gt;&lt;path d="M1408 960V832q0-26-19-45t-45-19h-320V448q0-26-19-45t-45-19H832q-26 0-45 19t-19 45v320H448q-26 0-45 19t-19 45v128q0 26 19 45t45 19h320v320q0 26 19 45t45 19h128q26 0 45-19t19-45v-320h320q26 0 45-19t19-45zm256-544v960q0 119-84.5 203.5T1376 1664H416q-119 0-203.5-84.5T128 1376V416q0-119 84.5-203.5T416 128h960q119 0 203.5 84.5T1664 416z"/&gt;&lt;/svg&gt;&lt;/span&gt;
    
    
                    &lt;span class="block trace-file-path"&gt;
            in
            &lt;a href="file:///home/albinr/dbwebb-kurser/mvc/me/report/vendor/phpunit/phpunit/src/Framework/TestCase.php#L973"&gt;
                vendor/phpunit/phpunit/src/Framework/&lt;strong&gt;TestCase.php&lt;/strong&gt;
            &lt;/a&gt;
                            &lt;span class="trace-type"&gt;-&gt;&lt;/span&gt;
                &lt;span class="trace-method"&gt;run&lt;/span&gt;
                        (line 973)
            &lt;span class="icon icon-copy hidden" data-clipboard-text="vendor/phpunit/phpunit/src/Framework/TestCase.php:973"&gt;
                &lt;svg xmlns="http://www.w3.org/2000/svg" height="24" viewBox="0 0 24 24" width="24"&gt;&lt;path d="M0 0h24v24H0z" fill="none"/&gt;&lt;path d="M16 1H4c-1.1 0-2 .9-2 2v14h2V3h12V1zm3 4H8c-1.1 0-2 .9-2 2v14c0 1.1.9 2 2 2h11c1.1 0 2-.9 2-2V7c0-1.1-.9-2-2-2zm0 16H8V7h11v14z"/&gt;&lt;/svg&gt;            &lt;/span&gt;
        &lt;/span&gt;
    &lt;/div&gt;
    &lt;div id="trace-html-1-15" class="trace-code sf-toggle-content"&gt;
        &lt;ol start="968"&gt;&lt;li&gt;&lt;code&gt;&amp;nbsp;&amp;nbsp;&amp;nbsp;&amp;nbsp;&amp;nbsp;&amp;nbsp;&amp;nbsp;&amp;nbsp;&amp;nbsp;&amp;nbsp;&amp;nbsp;&amp;nbsp;&lt;span&amp;nbsp;style="color:&amp;nbsp;var(--highlight-default)"&gt;$template&lt;/span&gt;&lt;span&amp;nbsp;style="color:&amp;nbsp;var(--highlight-keyword)"&gt;-&amp;gt;&lt;/span&gt;&lt;span&amp;nbsp;style="color:&amp;nbsp;var(--highlight-default)"&gt;setVar&lt;/span&gt;&lt;span&amp;nbsp;style="color:&amp;nbsp;var(--highlight-keyword)"&gt;(&lt;/span&gt;&lt;span&amp;nbsp;style="color:&amp;nbsp;var(--highlight-default)"&gt;$var&lt;/span&gt;&lt;span&amp;nbsp;style="color:&amp;nbsp;var(--highlight-keyword)"&gt;);&lt;/span&gt;&lt;/code&gt;&lt;/li&gt;
&lt;li&gt;&lt;code&gt;&lt;/code&gt;&lt;/li&gt;
&lt;li&gt;&lt;code&gt;&amp;nbsp;&amp;nbsp;&amp;nbsp;&amp;nbsp;&amp;nbsp;&amp;nbsp;&amp;nbsp;&amp;nbsp;&amp;nbsp;&amp;nbsp;&amp;nbsp;&amp;nbsp;&lt;span&amp;nbsp;style="color:&amp;nbsp;var(--highlight-default)"&gt;$php&amp;nbsp;&lt;/span&gt;&lt;span&amp;nbsp;style="color:&amp;nbsp;var(--highlight-keyword)"&gt;=&amp;nbsp;&lt;/span&gt;&lt;span&amp;nbsp;style="color:&amp;nbsp;var(--highlight-default)"&gt;AbstractPhpProcess&lt;/span&gt;&lt;span&amp;nbsp;style="color:&amp;nbsp;var(--highlight-keyword)"&gt;::&lt;/span&gt;&lt;span&amp;nbsp;style="color:&amp;nbsp;var(--highlight-default)"&gt;factory&lt;/span&gt;&lt;span&amp;nbsp;style="color:&amp;nbsp;var(--highlight-keyword)"&gt;();&lt;/span&gt;&lt;/code&gt;&lt;/li&gt;
&lt;li&gt;&lt;code&gt;&amp;nbsp;&amp;nbsp;&amp;nbsp;&amp;nbsp;&amp;nbsp;&amp;nbsp;&amp;nbsp;&amp;nbsp;&amp;nbsp;&amp;nbsp;&amp;nbsp;&amp;nbsp;&lt;span&amp;nbsp;style="color:&amp;nbsp;var(--highlight-default)"&gt;$php&lt;/span&gt;&lt;span&amp;nbsp;style="color:&amp;nbsp;var(--highlight-keyword)"&gt;-&amp;gt;&lt;/span&gt;&lt;span&amp;nbsp;style="color:&amp;nbsp;var(--highlight-default)"&gt;runTestJob&lt;/span&gt;&lt;span&amp;nbsp;style="color:&amp;nbsp;var(--highlight-keyword)"&gt;(&lt;/span&gt;&lt;span&amp;nbsp;style="color:&amp;nbsp;var(--highlight-default)"&gt;$template&lt;/span&gt;&lt;span&amp;nbsp;style="color:&amp;nbsp;var(--highlight-keyword)"&gt;-&amp;gt;&lt;/span&gt;&lt;span&amp;nbsp;style="color:&amp;nbsp;var(--highlight-default)"&gt;render&lt;/span&gt;&lt;span&amp;nbsp;style="color:&amp;nbsp;var(--highlight-keyword)"&gt;(),&amp;nbsp;&lt;/span&gt;&lt;span&amp;nbsp;style="color:&amp;nbsp;var(--highlight-default)"&gt;$this&lt;/span&gt;&lt;span&amp;nbsp;style="color:&amp;nbsp;var(--highlight-keyword)"&gt;,&amp;nbsp;&lt;/span&gt;&lt;span&amp;nbsp;style="color:&amp;nbsp;var(--highlight-default)"&gt;$result&lt;/span&gt;&lt;span&amp;nbsp;style="color:&amp;nbsp;var(--highlight-keyword)"&gt;,&amp;nbsp;&lt;/span&gt;&lt;span&amp;nbsp;style="color:&amp;nbsp;var(--highlight-default)"&gt;$processResultFile&lt;/span&gt;&lt;span&amp;nbsp;style="color:&amp;nbsp;var(--highlight-keyword)"&gt;);&lt;/span&gt;&lt;/code&gt;&lt;/li&gt;
&lt;li&gt;&lt;code&gt;&amp;nbsp;&amp;nbsp;&amp;nbsp;&amp;nbsp;&amp;nbsp;&amp;nbsp;&amp;nbsp;&amp;nbsp;}&amp;nbsp;else&amp;nbsp;{&lt;/code&gt;&lt;/li&gt;
&lt;li class="selected"&gt;&lt;code&gt;&amp;nbsp;&amp;nbsp;&amp;nbsp;&amp;nbsp;&amp;nbsp;&amp;nbsp;&amp;nbsp;&amp;nbsp;&amp;nbsp;&amp;nbsp;&amp;nbsp;&amp;nbsp;&lt;span&amp;nbsp;style="color:&amp;nbsp;var(--highlight-default)"&gt;$result&lt;/span&gt;&lt;span&amp;nbsp;style="color:&amp;nbsp;var(--highlight-keyword)"&gt;-&amp;gt;&lt;/span&gt;&lt;span&amp;nbsp;style="color:&amp;nbsp;var(--highlight-default)"&gt;run&lt;/span&gt;&lt;span&amp;nbsp;style="color:&amp;nbsp;var(--highlight-keyword)"&gt;(&lt;/span&gt;&lt;span&amp;nbsp;style="color:&amp;nbsp;var(--highlight-default)"&gt;$this&lt;/span&gt;&lt;span&amp;nbsp;style="color:&amp;nbsp;var(--highlight-keyword)"&gt;);&lt;/span&gt;&lt;/code&gt;&lt;/li&gt;
&lt;li&gt;&lt;code&gt;&amp;nbsp;&amp;nbsp;&amp;nbsp;&amp;nbsp;&amp;nbsp;&amp;nbsp;&amp;nbsp;&amp;nbsp;}&lt;/code&gt;&lt;/li&gt;
&lt;li&gt;&lt;code&gt;&lt;/code&gt;&lt;/li&gt;
&lt;li&gt;&lt;code&gt;&amp;nbsp;&amp;nbsp;&amp;nbsp;&amp;nbsp;&amp;nbsp;&amp;nbsp;&amp;nbsp;&amp;nbsp;&lt;span&amp;nbsp;style="color:&amp;nbsp;var(--highlight-default)"&gt;$this&lt;/span&gt;&lt;span&amp;nbsp;style="color:&amp;nbsp;var(--highlight-keyword)"&gt;-&amp;gt;&lt;/span&gt;&lt;span&amp;nbsp;style="color:&amp;nbsp;var(--highlight-default)"&gt;result&amp;nbsp;&lt;/span&gt;&lt;span&amp;nbsp;style="color:&amp;nbsp;var(--highlight-keyword)"&gt;=&amp;nbsp;&lt;/span&gt;&lt;span&amp;nbsp;style="color:&amp;nbsp;var(--highlight-default)"&gt;null&lt;/span&gt;&lt;span&amp;nbsp;style="color:&amp;nbsp;var(--highlight-keyword)"&gt;;&lt;/span&gt;&lt;/code&gt;&lt;/li&gt;
&lt;li&gt;&lt;code&gt;&lt;/code&gt;&lt;/li&gt;
&lt;li&gt;&lt;code&gt;&amp;nbsp;&amp;nbsp;&amp;nbsp;&amp;nbsp;&amp;nbsp;&amp;nbsp;&amp;nbsp;&amp;nbsp;return&amp;nbsp;&lt;span&amp;nbsp;style="color:&amp;nbsp;var(--highlight-default)"&gt;$result&lt;/span&gt;&lt;span&amp;nbsp;style="color:&amp;nbsp;var(--highlight-keyword)"&gt;;&lt;/span&gt;&lt;/code&gt;&lt;/li&gt;&lt;/ol&gt;    &lt;/div&gt;            &lt;/div&gt;
                        &lt;div class="trace-line trace-from-vendor"&gt;
                &lt;div class="trace-line-header break-long-words sf-toggle" data-toggle-selector="#trace-html-1-16" data-toggle-initial=""&gt;
            &lt;span class="icon icon-close"&gt;&lt;svg width="1792" height="1792" viewBox="0 0 1792 1792" xmlns="http://www.w3.org/2000/svg"&gt;&lt;path d="M1408 960V832q0-26-19-45t-45-19H448q-26 0-45 19t-19 45v128q0 26 19 45t45 19h896q26 0 45-19t19-45zm256-544v960q0 119-84.5 203.5T1376 1664H416q-119 0-203.5-84.5T128 1376V416q0-119 84.5-203.5T416 128h960q119 0 203.5 84.5T1664 416z"/&gt;&lt;/svg&gt;&lt;/span&gt;
        &lt;span class="icon icon-open"&gt;&lt;svg width="1792" height="1792" viewBox="0 0 1792 1792" xmlns="http://www.w3.org/2000/svg"&gt;&lt;path d="M1408 960V832q0-26-19-45t-45-19h-320V448q0-26-19-45t-45-19H832q-26 0-45 19t-19 45v320H448q-26 0-45 19t-19 45v128q0 26 19 45t45 19h320v320q0 26 19 45t45 19h128q26 0 45-19t19-45v-320h320q26 0 45-19t19-45zm256-544v960q0 119-84.5 203.5T1376 1664H416q-119 0-203.5-84.5T128 1376V416q0-119 84.5-203.5T416 128h960q119 0 203.5 84.5T1664 416z"/&gt;&lt;/svg&gt;&lt;/span&gt;
    
    
                    &lt;span class="block trace-file-path"&gt;
            in
            &lt;a href="file:///home/albinr/dbwebb-kurser/mvc/me/report/vendor/phpunit/phpunit/src/Framework/TestSuite.php#L685"&gt;
                vendor/phpunit/phpunit/src/Framework/&lt;strong&gt;TestSuite.php&lt;/strong&gt;
            &lt;/a&gt;
                            &lt;span class="trace-type"&gt;-&gt;&lt;/span&gt;
                &lt;span class="trace-method"&gt;run&lt;/span&gt;
                        (line 685)
            &lt;span class="icon icon-copy hidden" data-clipboard-text="vendor/phpunit/phpunit/src/Framework/TestSuite.php:685"&gt;
                &lt;svg xmlns="http://www.w3.org/2000/svg" height="24" viewBox="0 0 24 24" width="24"&gt;&lt;path d="M0 0h24v24H0z" fill="none"/&gt;&lt;path d="M16 1H4c-1.1 0-2 .9-2 2v14h2V3h12V1zm3 4H8c-1.1 0-2 .9-2 2v14c0 1.1.9 2 2 2h11c1.1 0 2-.9 2-2V7c0-1.1-.9-2-2-2zm0 16H8V7h11v14z"/&gt;&lt;/svg&gt;            &lt;/span&gt;
        &lt;/span&gt;
    &lt;/div&gt;
    &lt;div id="trace-html-1-16" class="trace-code sf-toggle-content"&gt;
        &lt;ol start="680"&gt;&lt;li&gt;&lt;code&gt;&amp;nbsp;&amp;nbsp;&amp;nbsp;&amp;nbsp;&amp;nbsp;&amp;nbsp;&amp;nbsp;&amp;nbsp;&amp;nbsp;&amp;nbsp;&amp;nbsp;&amp;nbsp;&amp;nbsp;&amp;nbsp;&amp;nbsp;&amp;nbsp;&lt;span&amp;nbsp;style="color:&amp;nbsp;var(--highlight-default)"&gt;$test&lt;/span&gt;&lt;span&amp;nbsp;style="color:&amp;nbsp;var(--highlight-keyword)"&gt;-&amp;gt;&lt;/span&gt;&lt;span&amp;nbsp;style="color:&amp;nbsp;var(--highlight-default)"&gt;setBackupGlobals&lt;/span&gt;&lt;span&amp;nbsp;style="color:&amp;nbsp;var(--highlight-keyword)"&gt;(&lt;/span&gt;&lt;span&amp;nbsp;style="color:&amp;nbsp;var(--highlight-default)"&gt;$this&lt;/span&gt;&lt;span&amp;nbsp;style="color:&amp;nbsp;var(--highlight-keyword)"&gt;-&amp;gt;&lt;/span&gt;&lt;span&amp;nbsp;style="color:&amp;nbsp;var(--highlight-default)"&gt;backupGlobals&lt;/span&gt;&lt;span&amp;nbsp;style="color:&amp;nbsp;var(--highlight-keyword)"&gt;);&lt;/span&gt;&lt;/code&gt;&lt;/li&gt;
&lt;li&gt;&lt;code&gt;&amp;nbsp;&amp;nbsp;&amp;nbsp;&amp;nbsp;&amp;nbsp;&amp;nbsp;&amp;nbsp;&amp;nbsp;&amp;nbsp;&amp;nbsp;&amp;nbsp;&amp;nbsp;&amp;nbsp;&amp;nbsp;&amp;nbsp;&amp;nbsp;&lt;span&amp;nbsp;style="color:&amp;nbsp;var(--highlight-default)"&gt;$test&lt;/span&gt;&lt;span&amp;nbsp;style="color:&amp;nbsp;var(--highlight-keyword)"&gt;-&amp;gt;&lt;/span&gt;&lt;span&amp;nbsp;style="color:&amp;nbsp;var(--highlight-default)"&gt;setBackupStaticAttributes&lt;/span&gt;&lt;span&amp;nbsp;style="color:&amp;nbsp;var(--highlight-keyword)"&gt;(&lt;/span&gt;&lt;span&amp;nbsp;style="color:&amp;nbsp;var(--highlight-default)"&gt;$this&lt;/span&gt;&lt;span&amp;nbsp;style="color:&amp;nbsp;var(--highlight-keyword)"&gt;-&amp;gt;&lt;/span&gt;&lt;span&amp;nbsp;style="color:&amp;nbsp;var(--highlight-default)"&gt;backupStaticAttributes&lt;/span&gt;&lt;span&amp;nbsp;style="color:&amp;nbsp;var(--highlight-keyword)"&gt;);&lt;/span&gt;&lt;/code&gt;&lt;/li&gt;
&lt;li&gt;&lt;code&gt;&amp;nbsp;&amp;nbsp;&amp;nbsp;&amp;nbsp;&amp;nbsp;&amp;nbsp;&amp;nbsp;&amp;nbsp;&amp;nbsp;&amp;nbsp;&amp;nbsp;&amp;nbsp;&amp;nbsp;&amp;nbsp;&amp;nbsp;&amp;nbsp;&lt;span&amp;nbsp;style="color:&amp;nbsp;var(--highlight-default)"&gt;$test&lt;/span&gt;&lt;span&amp;nbsp;style="color:&amp;nbsp;var(--highlight-keyword)"&gt;-&amp;gt;&lt;/span&gt;&lt;span&amp;nbsp;style="color:&amp;nbsp;var(--highlight-default)"&gt;setRunTestInSeparateProcess&lt;/span&gt;&lt;span&amp;nbsp;style="color:&amp;nbsp;var(--highlight-keyword)"&gt;(&lt;/span&gt;&lt;span&amp;nbsp;style="color:&amp;nbsp;var(--highlight-default)"&gt;$this&lt;/span&gt;&lt;span&amp;nbsp;style="color:&amp;nbsp;var(--highlight-keyword)"&gt;-&amp;gt;&lt;/span&gt;&lt;span&amp;nbsp;style="color:&amp;nbsp;var(--highlight-default)"&gt;runTestInSeparateProcess&lt;/span&gt;&lt;span&amp;nbsp;style="color:&amp;nbsp;var(--highlight-keyword)"&gt;);&lt;/span&gt;&lt;/code&gt;&lt;/li&gt;
&lt;li&gt;&lt;code&gt;&amp;nbsp;&amp;nbsp;&amp;nbsp;&amp;nbsp;&amp;nbsp;&amp;nbsp;&amp;nbsp;&amp;nbsp;&amp;nbsp;&amp;nbsp;&amp;nbsp;&amp;nbsp;}&lt;/code&gt;&lt;/li&gt;
&lt;li&gt;&lt;code&gt;&lt;/code&gt;&lt;/li&gt;
&lt;li class="selected"&gt;&lt;code&gt;&amp;nbsp;&amp;nbsp;&amp;nbsp;&amp;nbsp;&amp;nbsp;&amp;nbsp;&amp;nbsp;&amp;nbsp;&amp;nbsp;&amp;nbsp;&amp;nbsp;&amp;nbsp;&lt;span&amp;nbsp;style="color:&amp;nbsp;var(--highlight-default)"&gt;$test&lt;/span&gt;&lt;span&amp;nbsp;style="color:&amp;nbsp;var(--highlight-keyword)"&gt;-&amp;gt;&lt;/span&gt;&lt;span&amp;nbsp;style="color:&amp;nbsp;var(--highlight-default)"&gt;run&lt;/span&gt;&lt;span&amp;nbsp;style="color:&amp;nbsp;var(--highlight-keyword)"&gt;(&lt;/span&gt;&lt;span&amp;nbsp;style="color:&amp;nbsp;var(--highlight-default)"&gt;$result&lt;/span&gt;&lt;span&amp;nbsp;style="color:&amp;nbsp;var(--highlight-keyword)"&gt;);&lt;/span&gt;&lt;/code&gt;&lt;/li&gt;
&lt;li&gt;&lt;code&gt;&amp;nbsp;&amp;nbsp;&amp;nbsp;&amp;nbsp;&amp;nbsp;&amp;nbsp;&amp;nbsp;&amp;nbsp;}&lt;/code&gt;&lt;/li&gt;
&lt;li&gt;&lt;code&gt;&lt;/code&gt;&lt;/li&gt;
&lt;li&gt;&lt;code&gt;&amp;nbsp;&amp;nbsp;&amp;nbsp;&amp;nbsp;&amp;nbsp;&amp;nbsp;&amp;nbsp;&amp;nbsp;if&amp;nbsp;(&lt;span&amp;nbsp;style="color:&amp;nbsp;var(--highlight-default)"&gt;$this&lt;/span&gt;&lt;span&amp;nbsp;style="color:&amp;nbsp;var(--highlight-keyword)"&gt;-&amp;gt;&lt;/span&gt;&lt;span&amp;nbsp;style="color:&amp;nbsp;var(--highlight-default)"&gt;testCase&amp;nbsp;&lt;/span&gt;&lt;span&amp;nbsp;style="color:&amp;nbsp;var(--highlight-keyword)"&gt;&amp;amp;&amp;amp;&amp;nbsp;&lt;/span&gt;&lt;span&amp;nbsp;style="color:&amp;nbsp;var(--highlight-default)"&gt;class_exists&lt;/span&gt;&lt;span&amp;nbsp;style="color:&amp;nbsp;var(--highlight-keyword)"&gt;(&lt;/span&gt;&lt;span&amp;nbsp;style="color:&amp;nbsp;var(--highlight-default)"&gt;$this&lt;/span&gt;&lt;span&amp;nbsp;style="color:&amp;nbsp;var(--highlight-keyword)"&gt;-&amp;gt;&lt;/span&gt;&lt;span&amp;nbsp;style="color:&amp;nbsp;var(--highlight-default)"&gt;name&lt;/span&gt;&lt;span&amp;nbsp;style="color:&amp;nbsp;var(--highlight-keyword)"&gt;,&amp;nbsp;&lt;/span&gt;&lt;span&amp;nbsp;style="color:&amp;nbsp;var(--highlight-default)"&gt;false&lt;/span&gt;&lt;span&amp;nbsp;style="color:&amp;nbsp;var(--highlight-keyword)"&gt;))&amp;nbsp;{&lt;/span&gt;&lt;/code&gt;&lt;/li&gt;
&lt;li&gt;&lt;code&gt;&amp;nbsp;&amp;nbsp;&amp;nbsp;&amp;nbsp;&amp;nbsp;&amp;nbsp;&amp;nbsp;&amp;nbsp;&amp;nbsp;&amp;nbsp;&amp;nbsp;&amp;nbsp;foreach&amp;nbsp;(&lt;span&amp;nbsp;style="color:&amp;nbsp;var(--highlight-default)"&gt;$hookMethods&lt;/span&gt;&lt;span&amp;nbsp;style="color:&amp;nbsp;var(--highlight-keyword)"&gt;[&lt;/span&gt;&lt;span&amp;nbsp;style="color:&amp;nbsp;var(--highlight-string)"&gt;'afterClass'&lt;/span&gt;&lt;span&amp;nbsp;style="color:&amp;nbsp;var(--highlight-keyword)"&gt;]&amp;nbsp;as&amp;nbsp;&lt;/span&gt;&lt;span&amp;nbsp;style="color:&amp;nbsp;var(--highlight-default)"&gt;$afterClassMethod&lt;/span&gt;&lt;span&amp;nbsp;style="color:&amp;nbsp;var(--highlight-keyword)"&gt;)&amp;nbsp;{&lt;/span&gt;&lt;/code&gt;&lt;/li&gt;
&lt;li&gt;&lt;code&gt;&amp;nbsp;&amp;nbsp;&amp;nbsp;&amp;nbsp;&amp;nbsp;&amp;nbsp;&amp;nbsp;&amp;nbsp;&amp;nbsp;&amp;nbsp;&amp;nbsp;&amp;nbsp;&amp;nbsp;&amp;nbsp;&amp;nbsp;&amp;nbsp;if&amp;nbsp;(&lt;span&amp;nbsp;style="color:&amp;nbsp;var(--highlight-default)"&gt;method_exists&lt;/span&gt;&lt;span&amp;nbsp;style="color:&amp;nbsp;var(--highlight-keyword)"&gt;(&lt;/span&gt;&lt;span&amp;nbsp;style="color:&amp;nbsp;var(--highlight-default)"&gt;$this&lt;/span&gt;&lt;span&amp;nbsp;style="color:&amp;nbsp;var(--highlight-keyword)"&gt;-&amp;gt;&lt;/span&gt;&lt;span&amp;nbsp;style="color:&amp;nbsp;var(--highlight-default)"&gt;name&lt;/span&gt;&lt;span&amp;nbsp;style="color:&amp;nbsp;var(--highlight-keyword)"&gt;,&amp;nbsp;&lt;/span&gt;&lt;span&amp;nbsp;style="color:&amp;nbsp;var(--highlight-default)"&gt;$afterClassMethod&lt;/span&gt;&lt;span&amp;nbsp;style="color:&amp;nbsp;var(--highlight-keyword)"&gt;))&amp;nbsp;{&lt;/span&gt;&lt;/code&gt;&lt;/li&gt;&lt;/ol&gt;    &lt;/div&gt;            &lt;/div&gt;
                        &lt;div class="trace-line trace-from-vendor"&gt;
                &lt;div class="trace-line-header break-long-words sf-toggle" data-toggle-selector="#trace-html-1-17" data-toggle-initial=""&gt;
            &lt;span class="icon icon-close"&gt;&lt;svg width="1792" height="1792" viewBox="0 0 1792 1792" xmlns="http://www.w3.org/2000/svg"&gt;&lt;path d="M1408 960V832q0-26-19-45t-45-19H448q-26 0-45 19t-19 45v128q0 26 19 45t45 19h896q26 0 45-19t19-45zm256-544v960q0 119-84.5 203.5T1376 1664H416q-119 0-203.5-84.5T128 1376V416q0-119 84.5-203.5T416 128h960q119 0 203.5 84.5T1664 416z"/&gt;&lt;/svg&gt;&lt;/span&gt;
        &lt;span class="icon icon-open"&gt;&lt;svg width="1792" height="1792" viewBox="0 0 1792 1792" xmlns="http://www.w3.org/2000/svg"&gt;&lt;path d="M1408 960V832q0-26-19-45t-45-19h-320V448q0-26-19-45t-45-19H832q-26 0-45 19t-19 45v320H448q-26 0-45 19t-19 45v128q0 26 19 45t45 19h320v320q0 26 19 45t45 19h128q26 0 45-19t19-45v-320h320q26 0 45-19t19-45zm256-544v960q0 119-84.5 203.5T1376 1664H416q-119 0-203.5-84.5T128 1376V416q0-119 84.5-203.5T416 128h960q119 0 203.5 84.5T1664 416z"/&gt;&lt;/svg&gt;&lt;/span&gt;
    
    
                    &lt;span class="block trace-file-path"&gt;
            in
            &lt;a href="file:///home/albinr/dbwebb-kurser/mvc/me/report/vendor/phpunit/phpunit/src/Framework/TestSuite.php#L685"&gt;
                vendor/phpunit/phpunit/src/Framework/&lt;strong&gt;TestSuite.php&lt;/strong&gt;
            &lt;/a&gt;
                            &lt;span class="trace-type"&gt;-&gt;&lt;/span&gt;
                &lt;span class="trace-method"&gt;run&lt;/span&gt;
                        (line 685)
            &lt;span class="icon icon-copy hidden" data-clipboard-text="vendor/phpunit/phpunit/src/Framework/TestSuite.php:685"&gt;
                &lt;svg xmlns="http://www.w3.org/2000/svg" height="24" viewBox="0 0 24 24" width="24"&gt;&lt;path d="M0 0h24v24H0z" fill="none"/&gt;&lt;path d="M16 1H4c-1.1 0-2 .9-2 2v14h2V3h12V1zm3 4H8c-1.1 0-2 .9-2 2v14c0 1.1.9 2 2 2h11c1.1 0 2-.9 2-2V7c0-1.1-.9-2-2-2zm0 16H8V7h11v14z"/&gt;&lt;/svg&gt;            &lt;/span&gt;
        &lt;/span&gt;
    &lt;/div&gt;
    &lt;div id="trace-html-1-17" class="trace-code sf-toggle-content"&gt;
        &lt;ol start="680"&gt;&lt;li&gt;&lt;code&gt;&amp;nbsp;&amp;nbsp;&amp;nbsp;&amp;nbsp;&amp;nbsp;&amp;nbsp;&amp;nbsp;&amp;nbsp;&amp;nbsp;&amp;nbsp;&amp;nbsp;&amp;nbsp;&amp;nbsp;&amp;nbsp;&amp;nbsp;&amp;nbsp;&lt;span&amp;nbsp;style="color:&amp;nbsp;var(--highlight-default)"&gt;$test&lt;/span&gt;&lt;span&amp;nbsp;style="color:&amp;nbsp;var(--highlight-keyword)"&gt;-&amp;gt;&lt;/span&gt;&lt;span&amp;nbsp;style="color:&amp;nbsp;var(--highlight-default)"&gt;setBackupGlobals&lt;/span&gt;&lt;span&amp;nbsp;style="color:&amp;nbsp;var(--highlight-keyword)"&gt;(&lt;/span&gt;&lt;span&amp;nbsp;style="color:&amp;nbsp;var(--highlight-default)"&gt;$this&lt;/span&gt;&lt;span&amp;nbsp;style="color:&amp;nbsp;var(--highlight-keyword)"&gt;-&amp;gt;&lt;/span&gt;&lt;span&amp;nbsp;style="color:&amp;nbsp;var(--highlight-default)"&gt;backupGlobals&lt;/span&gt;&lt;span&amp;nbsp;style="color:&amp;nbsp;var(--highlight-keyword)"&gt;);&lt;/span&gt;&lt;/code&gt;&lt;/li&gt;
&lt;li&gt;&lt;code&gt;&amp;nbsp;&amp;nbsp;&amp;nbsp;&amp;nbsp;&amp;nbsp;&amp;nbsp;&amp;nbsp;&amp;nbsp;&amp;nbsp;&amp;nbsp;&amp;nbsp;&amp;nbsp;&amp;nbsp;&amp;nbsp;&amp;nbsp;&amp;nbsp;&lt;span&amp;nbsp;style="color:&amp;nbsp;var(--highlight-default)"&gt;$test&lt;/span&gt;&lt;span&amp;nbsp;style="color:&amp;nbsp;var(--highlight-keyword)"&gt;-&amp;gt;&lt;/span&gt;&lt;span&amp;nbsp;style="color:&amp;nbsp;var(--highlight-default)"&gt;setBackupStaticAttributes&lt;/span&gt;&lt;span&amp;nbsp;style="color:&amp;nbsp;var(--highlight-keyword)"&gt;(&lt;/span&gt;&lt;span&amp;nbsp;style="color:&amp;nbsp;var(--highlight-default)"&gt;$this&lt;/span&gt;&lt;span&amp;nbsp;style="color:&amp;nbsp;var(--highlight-keyword)"&gt;-&amp;gt;&lt;/span&gt;&lt;span&amp;nbsp;style="color:&amp;nbsp;var(--highlight-default)"&gt;backupStaticAttributes&lt;/span&gt;&lt;span&amp;nbsp;style="color:&amp;nbsp;var(--highlight-keyword)"&gt;);&lt;/span&gt;&lt;/code&gt;&lt;/li&gt;
&lt;li&gt;&lt;code&gt;&amp;nbsp;&amp;nbsp;&amp;nbsp;&amp;nbsp;&amp;nbsp;&amp;nbsp;&amp;nbsp;&amp;nbsp;&amp;nbsp;&amp;nbsp;&amp;nbsp;&amp;nbsp;&amp;nbsp;&amp;nbsp;&amp;nbsp;&amp;nbsp;&lt;span&amp;nbsp;style="color:&amp;nbsp;var(--highlight-default)"&gt;$test&lt;/span&gt;&lt;span&amp;nbsp;style="color:&amp;nbsp;var(--highlight-keyword)"&gt;-&amp;gt;&lt;/span&gt;&lt;span&amp;nbsp;style="color:&amp;nbsp;var(--highlight-default)"&gt;setRunTestInSeparateProcess&lt;/span&gt;&lt;span&amp;nbsp;style="color:&amp;nbsp;var(--highlight-keyword)"&gt;(&lt;/span&gt;&lt;span&amp;nbsp;style="color:&amp;nbsp;var(--highlight-default)"&gt;$this&lt;/span&gt;&lt;span&amp;nbsp;style="color:&amp;nbsp;var(--highlight-keyword)"&gt;-&amp;gt;&lt;/span&gt;&lt;span&amp;nbsp;style="color:&amp;nbsp;var(--highlight-default)"&gt;runTestInSeparateProcess&lt;/span&gt;&lt;span&amp;nbsp;style="color:&amp;nbsp;var(--highlight-keyword)"&gt;);&lt;/span&gt;&lt;/code&gt;&lt;/li&gt;
&lt;li&gt;&lt;code&gt;&amp;nbsp;&amp;nbsp;&amp;nbsp;&amp;nbsp;&amp;nbsp;&amp;nbsp;&amp;nbsp;&amp;nbsp;&amp;nbsp;&amp;nbsp;&amp;nbsp;&amp;nbsp;}&lt;/code&gt;&lt;/li&gt;
&lt;li&gt;&lt;code&gt;&lt;/code&gt;&lt;/li&gt;
&lt;li class="selected"&gt;&lt;code&gt;&amp;nbsp;&amp;nbsp;&amp;nbsp;&amp;nbsp;&amp;nbsp;&amp;nbsp;&amp;nbsp;&amp;nbsp;&amp;nbsp;&amp;nbsp;&amp;nbsp;&amp;nbsp;&lt;span&amp;nbsp;style="color:&amp;nbsp;var(--highlight-default)"&gt;$test&lt;/span&gt;&lt;span&amp;nbsp;style="color:&amp;nbsp;var(--highlight-keyword)"&gt;-&amp;gt;&lt;/span&gt;&lt;span&amp;nbsp;style="color:&amp;nbsp;var(--highlight-default)"&gt;run&lt;/span&gt;&lt;span&amp;nbsp;style="color:&amp;nbsp;var(--highlight-keyword)"&gt;(&lt;/span&gt;&lt;span&amp;nbsp;style="color:&amp;nbsp;var(--highlight-default)"&gt;$result&lt;/span&gt;&lt;span&amp;nbsp;style="color:&amp;nbsp;var(--highlight-keyword)"&gt;);&lt;/span&gt;&lt;/code&gt;&lt;/li&gt;
&lt;li&gt;&lt;code&gt;&amp;nbsp;&amp;nbsp;&amp;nbsp;&amp;nbsp;&amp;nbsp;&amp;nbsp;&amp;nbsp;&amp;nbsp;}&lt;/code&gt;&lt;/li&gt;
&lt;li&gt;&lt;code&gt;&lt;/code&gt;&lt;/li&gt;
&lt;li&gt;&lt;code&gt;&amp;nbsp;&amp;nbsp;&amp;nbsp;&amp;nbsp;&amp;nbsp;&amp;nbsp;&amp;nbsp;&amp;nbsp;if&amp;nbsp;(&lt;span&amp;nbsp;style="color:&amp;nbsp;var(--highlight-default)"&gt;$this&lt;/span&gt;&lt;span&amp;nbsp;style="color:&amp;nbsp;var(--highlight-keyword)"&gt;-&amp;gt;&lt;/span&gt;&lt;span&amp;nbsp;style="color:&amp;nbsp;var(--highlight-default)"&gt;testCase&amp;nbsp;&lt;/span&gt;&lt;span&amp;nbsp;style="color:&amp;nbsp;var(--highlight-keyword)"&gt;&amp;amp;&amp;amp;&amp;nbsp;&lt;/span&gt;&lt;span&amp;nbsp;style="color:&amp;nbsp;var(--highlight-default)"&gt;class_exists&lt;/span&gt;&lt;span&amp;nbsp;style="color:&amp;nbsp;var(--highlight-keyword)"&gt;(&lt;/span&gt;&lt;span&amp;nbsp;style="color:&amp;nbsp;var(--highlight-default)"&gt;$this&lt;/span&gt;&lt;span&amp;nbsp;style="color:&amp;nbsp;var(--highlight-keyword)"&gt;-&amp;gt;&lt;/span&gt;&lt;span&amp;nbsp;style="color:&amp;nbsp;var(--highlight-default)"&gt;name&lt;/span&gt;&lt;span&amp;nbsp;style="color:&amp;nbsp;var(--highlight-keyword)"&gt;,&amp;nbsp;&lt;/span&gt;&lt;span&amp;nbsp;style="color:&amp;nbsp;var(--highlight-default)"&gt;false&lt;/span&gt;&lt;span&amp;nbsp;style="color:&amp;nbsp;var(--highlight-keyword)"&gt;))&amp;nbsp;{&lt;/span&gt;&lt;/code&gt;&lt;/li&gt;
&lt;li&gt;&lt;code&gt;&amp;nbsp;&amp;nbsp;&amp;nbsp;&amp;nbsp;&amp;nbsp;&amp;nbsp;&amp;nbsp;&amp;nbsp;&amp;nbsp;&amp;nbsp;&amp;nbsp;&amp;nbsp;foreach&amp;nbsp;(&lt;span&amp;nbsp;style="color:&amp;nbsp;var(--highlight-default)"&gt;$hookMethods&lt;/span&gt;&lt;span&amp;nbsp;style="color:&amp;nbsp;var(--highlight-keyword)"&gt;[&lt;/span&gt;&lt;span&amp;nbsp;style="color:&amp;nbsp;var(--highlight-string)"&gt;'afterClass'&lt;/span&gt;&lt;span&amp;nbsp;style="color:&amp;nbsp;var(--highlight-keyword)"&gt;]&amp;nbsp;as&amp;nbsp;&lt;/span&gt;&lt;span&amp;nbsp;style="color:&amp;nbsp;var(--highlight-default)"&gt;$afterClassMethod&lt;/span&gt;&lt;span&amp;nbsp;style="color:&amp;nbsp;var(--highlight-keyword)"&gt;)&amp;nbsp;{&lt;/span&gt;&lt;/code&gt;&lt;/li&gt;
&lt;li&gt;&lt;code&gt;&amp;nbsp;&amp;nbsp;&amp;nbsp;&amp;nbsp;&amp;nbsp;&amp;nbsp;&amp;nbsp;&amp;nbsp;&amp;nbsp;&amp;nbsp;&amp;nbsp;&amp;nbsp;&amp;nbsp;&amp;nbsp;&amp;nbsp;&amp;nbsp;if&amp;nbsp;(&lt;span&amp;nbsp;style="color:&amp;nbsp;var(--highlight-default)"&gt;method_exists&lt;/span&gt;&lt;span&amp;nbsp;style="color:&amp;nbsp;var(--highlight-keyword)"&gt;(&lt;/span&gt;&lt;span&amp;nbsp;style="color:&amp;nbsp;var(--highlight-default)"&gt;$this&lt;/span&gt;&lt;span&amp;nbsp;style="color:&amp;nbsp;var(--highlight-keyword)"&gt;-&amp;gt;&lt;/span&gt;&lt;span&amp;nbsp;style="color:&amp;nbsp;var(--highlight-default)"&gt;name&lt;/span&gt;&lt;span&amp;nbsp;style="color:&amp;nbsp;var(--highlight-keyword)"&gt;,&amp;nbsp;&lt;/span&gt;&lt;span&amp;nbsp;style="color:&amp;nbsp;var(--highlight-default)"&gt;$afterClassMethod&lt;/span&gt;&lt;span&amp;nbsp;style="color:&amp;nbsp;var(--highlight-keyword)"&gt;))&amp;nbsp;{&lt;/span&gt;&lt;/code&gt;&lt;/li&gt;&lt;/ol&gt;    &lt;/div&gt;            &lt;/div&gt;
                        &lt;div class="trace-line trace-from-vendor"&gt;
                &lt;div class="trace-line-header break-long-words sf-toggle" data-toggle-selector="#trace-html-1-18" data-toggle-initial=""&gt;
            &lt;span class="icon icon-close"&gt;&lt;svg width="1792" height="1792" viewBox="0 0 1792 1792" xmlns="http://www.w3.org/2000/svg"&gt;&lt;path d="M1408 960V832q0-26-19-45t-45-19H448q-26 0-45 19t-19 45v128q0 26 19 45t45 19h896q26 0 45-19t19-45zm256-544v960q0 119-84.5 203.5T1376 1664H416q-119 0-203.5-84.5T128 1376V416q0-119 84.5-203.5T416 128h960q119 0 203.5 84.5T1664 416z"/&gt;&lt;/svg&gt;&lt;/span&gt;
        &lt;span class="icon icon-open"&gt;&lt;svg width="1792" height="1792" viewBox="0 0 1792 1792" xmlns="http://www.w3.org/2000/svg"&gt;&lt;path d="M1408 960V832q0-26-19-45t-45-19h-320V448q0-26-19-45t-45-19H832q-26 0-45 19t-19 45v320H448q-26 0-45 19t-19 45v128q0 26 19 45t45 19h320v320q0 26 19 45t45 19h128q26 0 45-19t19-45v-320h320q26 0 45-19t19-45zm256-544v960q0 119-84.5 203.5T1376 1664H416q-119 0-203.5-84.5T128 1376V416q0-119 84.5-203.5T416 128h960q119 0 203.5 84.5T1664 416z"/&gt;&lt;/svg&gt;&lt;/span&gt;
    
    
                    &lt;span class="block trace-file-path"&gt;
            in
            &lt;a href="file:///home/albinr/dbwebb-kurser/mvc/me/report/vendor/phpunit/phpunit/src/Framework/TestSuite.php#L685"&gt;
                vendor/phpunit/phpunit/src/Framework/&lt;strong&gt;TestSuite.php&lt;/strong&gt;
            &lt;/a&gt;
                            &lt;span class="trace-type"&gt;-&gt;&lt;/span&gt;
                &lt;span class="trace-method"&gt;run&lt;/span&gt;
                        (line 685)
            &lt;span class="icon icon-copy hidden" data-clipboard-text="vendor/phpunit/phpunit/src/Framework/TestSuite.php:685"&gt;
                &lt;svg xmlns="http://www.w3.org/2000/svg" height="24" viewBox="0 0 24 24" width="24"&gt;&lt;path d="M0 0h24v24H0z" fill="none"/&gt;&lt;path d="M16 1H4c-1.1 0-2 .9-2 2v14h2V3h12V1zm3 4H8c-1.1 0-2 .9-2 2v14c0 1.1.9 2 2 2h11c1.1 0 2-.9 2-2V7c0-1.1-.9-2-2-2zm0 16H8V7h11v14z"/&gt;&lt;/svg&gt;            &lt;/span&gt;
        &lt;/span&gt;
    &lt;/div&gt;
    &lt;div id="trace-html-1-18" class="trace-code sf-toggle-content"&gt;
        &lt;ol start="680"&gt;&lt;li&gt;&lt;code&gt;&amp;nbsp;&amp;nbsp;&amp;nbsp;&amp;nbsp;&amp;nbsp;&amp;nbsp;&amp;nbsp;&amp;nbsp;&amp;nbsp;&amp;nbsp;&amp;nbsp;&amp;nbsp;&amp;nbsp;&amp;nbsp;&amp;nbsp;&amp;nbsp;&lt;span&amp;nbsp;style="color:&amp;nbsp;var(--highlight-default)"&gt;$test&lt;/span&gt;&lt;span&amp;nbsp;style="color:&amp;nbsp;var(--highlight-keyword)"&gt;-&amp;gt;&lt;/span&gt;&lt;span&amp;nbsp;style="color:&amp;nbsp;var(--highlight-default)"&gt;setBackupGlobals&lt;/span&gt;&lt;span&amp;nbsp;style="color:&amp;nbsp;var(--highlight-keyword)"&gt;(&lt;/span&gt;&lt;span&amp;nbsp;style="color:&amp;nbsp;var(--highlight-default)"&gt;$this&lt;/span&gt;&lt;span&amp;nbsp;style="color:&amp;nbsp;var(--highlight-keyword)"&gt;-&amp;gt;&lt;/span&gt;&lt;span&amp;nbsp;style="color:&amp;nbsp;var(--highlight-default)"&gt;backupGlobals&lt;/span&gt;&lt;span&amp;nbsp;style="color:&amp;nbsp;var(--highlight-keyword)"&gt;);&lt;/span&gt;&lt;/code&gt;&lt;/li&gt;
&lt;li&gt;&lt;code&gt;&amp;nbsp;&amp;nbsp;&amp;nbsp;&amp;nbsp;&amp;nbsp;&amp;nbsp;&amp;nbsp;&amp;nbsp;&amp;nbsp;&amp;nbsp;&amp;nbsp;&amp;nbsp;&amp;nbsp;&amp;nbsp;&amp;nbsp;&amp;nbsp;&lt;span&amp;nbsp;style="color:&amp;nbsp;var(--highlight-default)"&gt;$test&lt;/span&gt;&lt;span&amp;nbsp;style="color:&amp;nbsp;var(--highlight-keyword)"&gt;-&amp;gt;&lt;/span&gt;&lt;span&amp;nbsp;style="color:&amp;nbsp;var(--highlight-default)"&gt;setBackupStaticAttributes&lt;/span&gt;&lt;span&amp;nbsp;style="color:&amp;nbsp;var(--highlight-keyword)"&gt;(&lt;/span&gt;&lt;span&amp;nbsp;style="color:&amp;nbsp;var(--highlight-default)"&gt;$this&lt;/span&gt;&lt;span&amp;nbsp;style="color:&amp;nbsp;var(--highlight-keyword)"&gt;-&amp;gt;&lt;/span&gt;&lt;span&amp;nbsp;style="color:&amp;nbsp;var(--highlight-default)"&gt;backupStaticAttributes&lt;/span&gt;&lt;span&amp;nbsp;style="color:&amp;nbsp;var(--highlight-keyword)"&gt;);&lt;/span&gt;&lt;/code&gt;&lt;/li&gt;
&lt;li&gt;&lt;code&gt;&amp;nbsp;&amp;nbsp;&amp;nbsp;&amp;nbsp;&amp;nbsp;&amp;nbsp;&amp;nbsp;&amp;nbsp;&amp;nbsp;&amp;nbsp;&amp;nbsp;&amp;nbsp;&amp;nbsp;&amp;nbsp;&amp;nbsp;&amp;nbsp;&lt;span&amp;nbsp;style="color:&amp;nbsp;var(--highlight-default)"&gt;$test&lt;/span&gt;&lt;span&amp;nbsp;style="color:&amp;nbsp;var(--highlight-keyword)"&gt;-&amp;gt;&lt;/span&gt;&lt;span&amp;nbsp;style="color:&amp;nbsp;var(--highlight-default)"&gt;setRunTestInSeparateProcess&lt;/span&gt;&lt;span&amp;nbsp;style="color:&amp;nbsp;var(--highlight-keyword)"&gt;(&lt;/span&gt;&lt;span&amp;nbsp;style="color:&amp;nbsp;var(--highlight-default)"&gt;$this&lt;/span&gt;&lt;span&amp;nbsp;style="color:&amp;nbsp;var(--highlight-keyword)"&gt;-&amp;gt;&lt;/span&gt;&lt;span&amp;nbsp;style="color:&amp;nbsp;var(--highlight-default)"&gt;runTestInSeparateProcess&lt;/span&gt;&lt;span&amp;nbsp;style="color:&amp;nbsp;var(--highlight-keyword)"&gt;);&lt;/span&gt;&lt;/code&gt;&lt;/li&gt;
&lt;li&gt;&lt;code&gt;&amp;nbsp;&amp;nbsp;&amp;nbsp;&amp;nbsp;&amp;nbsp;&amp;nbsp;&amp;nbsp;&amp;nbsp;&amp;nbsp;&amp;nbsp;&amp;nbsp;&amp;nbsp;}&lt;/code&gt;&lt;/li&gt;
&lt;li&gt;&lt;code&gt;&lt;/code&gt;&lt;/li&gt;
&lt;li class="selected"&gt;&lt;code&gt;&amp;nbsp;&amp;nbsp;&amp;nbsp;&amp;nbsp;&amp;nbsp;&amp;nbsp;&amp;nbsp;&amp;nbsp;&amp;nbsp;&amp;nbsp;&amp;nbsp;&amp;nbsp;&lt;span&amp;nbsp;style="color:&amp;nbsp;var(--highlight-default)"&gt;$test&lt;/span&gt;&lt;span&amp;nbsp;style="color:&amp;nbsp;var(--highlight-keyword)"&gt;-&amp;gt;&lt;/span&gt;&lt;span&amp;nbsp;style="color:&amp;nbsp;var(--highlight-default)"&gt;run&lt;/span&gt;&lt;span&amp;nbsp;style="color:&amp;nbsp;var(--highlight-keyword)"&gt;(&lt;/span&gt;&lt;span&amp;nbsp;style="color:&amp;nbsp;var(--highlight-default)"&gt;$result&lt;/span&gt;&lt;span&amp;nbsp;style="color:&amp;nbsp;var(--highlight-keyword)"&gt;);&lt;/span&gt;&lt;/code&gt;&lt;/li&gt;
&lt;li&gt;&lt;code&gt;&amp;nbsp;&amp;nbsp;&amp;nbsp;&amp;nbsp;&amp;nbsp;&amp;nbsp;&amp;nbsp;&amp;nbsp;}&lt;/code&gt;&lt;/li&gt;
&lt;li&gt;&lt;code&gt;&lt;/code&gt;&lt;/li&gt;
&lt;li&gt;&lt;code&gt;&amp;nbsp;&amp;nbsp;&amp;nbsp;&amp;nbsp;&amp;nbsp;&amp;nbsp;&amp;nbsp;&amp;nbsp;if&amp;nbsp;(&lt;span&amp;nbsp;style="color:&amp;nbsp;var(--highlight-default)"&gt;$this&lt;/span&gt;&lt;span&amp;nbsp;style="color:&amp;nbsp;var(--highlight-keyword)"&gt;-&amp;gt;&lt;/span&gt;&lt;span&amp;nbsp;style="color:&amp;nbsp;var(--highlight-default)"&gt;testCase&amp;nbsp;&lt;/span&gt;&lt;span&amp;nbsp;style="color:&amp;nbsp;var(--highlight-keyword)"&gt;&amp;amp;&amp;amp;&amp;nbsp;&lt;/span&gt;&lt;span&amp;nbsp;style="color:&amp;nbsp;var(--highlight-default)"&gt;class_exists&lt;/span&gt;&lt;span&amp;nbsp;style="color:&amp;nbsp;var(--highlight-keyword)"&gt;(&lt;/span&gt;&lt;span&amp;nbsp;style="color:&amp;nbsp;var(--highlight-default)"&gt;$this&lt;/span&gt;&lt;span&amp;nbsp;style="color:&amp;nbsp;var(--highlight-keyword)"&gt;-&amp;gt;&lt;/span&gt;&lt;span&amp;nbsp;style="color:&amp;nbsp;var(--highlight-default)"&gt;name&lt;/span&gt;&lt;span&amp;nbsp;style="color:&amp;nbsp;var(--highlight-keyword)"&gt;,&amp;nbsp;&lt;/span&gt;&lt;span&amp;nbsp;style="color:&amp;nbsp;var(--highlight-default)"&gt;false&lt;/span&gt;&lt;span&amp;nbsp;style="color:&amp;nbsp;var(--highlight-keyword)"&gt;))&amp;nbsp;{&lt;/span&gt;&lt;/code&gt;&lt;/li&gt;
&lt;li&gt;&lt;code&gt;&amp;nbsp;&amp;nbsp;&amp;nbsp;&amp;nbsp;&amp;nbsp;&amp;nbsp;&amp;nbsp;&amp;nbsp;&amp;nbsp;&amp;nbsp;&amp;nbsp;&amp;nbsp;foreach&amp;nbsp;(&lt;span&amp;nbsp;style="color:&amp;nbsp;var(--highlight-default)"&gt;$hookMethods&lt;/span&gt;&lt;span&amp;nbsp;style="color:&amp;nbsp;var(--highlight-keyword)"&gt;[&lt;/span&gt;&lt;span&amp;nbsp;style="color:&amp;nbsp;var(--highlight-string)"&gt;'afterClass'&lt;/span&gt;&lt;span&amp;nbsp;style="color:&amp;nbsp;var(--highlight-keyword)"&gt;]&amp;nbsp;as&amp;nbsp;&lt;/span&gt;&lt;span&amp;nbsp;style="color:&amp;nbsp;var(--highlight-default)"&gt;$afterClassMethod&lt;/span&gt;&lt;span&amp;nbsp;style="color:&amp;nbsp;var(--highlight-keyword)"&gt;)&amp;nbsp;{&lt;/span&gt;&lt;/code&gt;&lt;/li&gt;
&lt;li&gt;&lt;code&gt;&amp;nbsp;&amp;nbsp;&amp;nbsp;&amp;nbsp;&amp;nbsp;&amp;nbsp;&amp;nbsp;&amp;nbsp;&amp;nbsp;&amp;nbsp;&amp;nbsp;&amp;nbsp;&amp;nbsp;&amp;nbsp;&amp;nbsp;&amp;nbsp;if&amp;nbsp;(&lt;span&amp;nbsp;style="color:&amp;nbsp;var(--highlight-default)"&gt;method_exists&lt;/span&gt;&lt;span&amp;nbsp;style="color:&amp;nbsp;var(--highlight-keyword)"&gt;(&lt;/span&gt;&lt;span&amp;nbsp;style="color:&amp;nbsp;var(--highlight-default)"&gt;$this&lt;/span&gt;&lt;span&amp;nbsp;style="color:&amp;nbsp;var(--highlight-keyword)"&gt;-&amp;gt;&lt;/span&gt;&lt;span&amp;nbsp;style="color:&amp;nbsp;var(--highlight-default)"&gt;name&lt;/span&gt;&lt;span&amp;nbsp;style="color:&amp;nbsp;var(--highlight-keyword)"&gt;,&amp;nbsp;&lt;/span&gt;&lt;span&amp;nbsp;style="color:&amp;nbsp;var(--highlight-default)"&gt;$afterClassMethod&lt;/span&gt;&lt;span&amp;nbsp;style="color:&amp;nbsp;var(--highlight-keyword)"&gt;))&amp;nbsp;{&lt;/span&gt;&lt;/code&gt;&lt;/li&gt;&lt;/ol&gt;    &lt;/div&gt;            &lt;/div&gt;
                        &lt;div class="trace-line trace-from-vendor"&gt;
                &lt;div class="trace-line-header break-long-words sf-toggle" data-toggle-selector="#trace-html-1-19" data-toggle-initial=""&gt;
            &lt;span class="icon icon-close"&gt;&lt;svg width="1792" height="1792" viewBox="0 0 1792 1792" xmlns="http://www.w3.org/2000/svg"&gt;&lt;path d="M1408 960V832q0-26-19-45t-45-19H448q-26 0-45 19t-19 45v128q0 26 19 45t45 19h896q26 0 45-19t19-45zm256-544v960q0 119-84.5 203.5T1376 1664H416q-119 0-203.5-84.5T128 1376V416q0-119 84.5-203.5T416 128h960q119 0 203.5 84.5T1664 416z"/&gt;&lt;/svg&gt;&lt;/span&gt;
        &lt;span class="icon icon-open"&gt;&lt;svg width="1792" height="1792" viewBox="0 0 1792 1792" xmlns="http://www.w3.org/2000/svg"&gt;&lt;path d="M1408 960V832q0-26-19-45t-45-19h-320V448q0-26-19-45t-45-19H832q-26 0-45 19t-19 45v320H448q-26 0-45 19t-19 45v128q0 26 19 45t45 19h320v320q0 26 19 45t45 19h128q26 0 45-19t19-45v-320h320q26 0 45-19t19-45zm256-544v960q0 119-84.5 203.5T1376 1664H416q-119 0-203.5-84.5T128 1376V416q0-119 84.5-203.5T416 128h960q119 0 203.5 84.5T1664 416z"/&gt;&lt;/svg&gt;&lt;/span&gt;
    
    
                    &lt;span class="block trace-file-path"&gt;
            in
            &lt;a href="file:///home/albinr/dbwebb-kurser/mvc/me/report/vendor/phpunit/phpunit/src/TextUI/TestRunner.php#L651"&gt;
                vendor/phpunit/phpunit/src/TextUI/&lt;strong&gt;TestRunner.php&lt;/strong&gt;
            &lt;/a&gt;
                            &lt;span class="trace-type"&gt;-&gt;&lt;/span&gt;
                &lt;span class="trace-method"&gt;run&lt;/span&gt;
                        (line 651)
            &lt;span class="icon icon-copy hidden" data-clipboard-text="vendor/phpunit/phpunit/src/TextUI/TestRunner.php:651"&gt;
                &lt;svg xmlns="http://www.w3.org/2000/svg" height="24" viewBox="0 0 24 24" width="24"&gt;&lt;path d="M0 0h24v24H0z" fill="none"/&gt;&lt;path d="M16 1H4c-1.1 0-2 .9-2 2v14h2V3h12V1zm3 4H8c-1.1 0-2 .9-2 2v14c0 1.1.9 2 2 2h11c1.1 0 2-.9 2-2V7c0-1.1-.9-2-2-2zm0 16H8V7h11v14z"/&gt;&lt;/svg&gt;            &lt;/span&gt;
        &lt;/span&gt;
    &lt;/div&gt;
    &lt;div id="trace-html-1-19" class="trace-code sf-toggle-content"&gt;
        &lt;ol start="646"&gt;&lt;li&gt;&lt;code&gt;&amp;nbsp;&amp;nbsp;&amp;nbsp;&amp;nbsp;&amp;nbsp;&amp;nbsp;&amp;nbsp;&amp;nbsp;&amp;nbsp;&amp;nbsp;&amp;nbsp;&amp;nbsp;if&amp;nbsp;(&lt;span&amp;nbsp;style="color:&amp;nbsp;var(--highlight-default)"&gt;$extension&amp;nbsp;&lt;/span&gt;&lt;span&amp;nbsp;style="color:&amp;nbsp;var(--highlight-keyword)"&gt;instanceof&amp;nbsp;&lt;/span&gt;&lt;span&amp;nbsp;style="color:&amp;nbsp;var(--highlight-default)"&gt;BeforeFirstTestHook&lt;/span&gt;&lt;span&amp;nbsp;style="color:&amp;nbsp;var(--highlight-keyword)"&gt;)&amp;nbsp;{&lt;/span&gt;&lt;/code&gt;&lt;/li&gt;
&lt;li&gt;&lt;code&gt;&amp;nbsp;&amp;nbsp;&amp;nbsp;&amp;nbsp;&amp;nbsp;&amp;nbsp;&amp;nbsp;&amp;nbsp;&amp;nbsp;&amp;nbsp;&amp;nbsp;&amp;nbsp;&amp;nbsp;&amp;nbsp;&amp;nbsp;&amp;nbsp;&lt;span&amp;nbsp;style="color:&amp;nbsp;var(--highlight-default)"&gt;$extension&lt;/span&gt;&lt;span&amp;nbsp;style="color:&amp;nbsp;var(--highlight-keyword)"&gt;-&amp;gt;&lt;/span&gt;&lt;span&amp;nbsp;style="color:&amp;nbsp;var(--highlight-default)"&gt;executeBeforeFirstTest&lt;/span&gt;&lt;span&amp;nbsp;style="color:&amp;nbsp;var(--highlight-keyword)"&gt;();&lt;/span&gt;&lt;/code&gt;&lt;/li&gt;
&lt;li&gt;&lt;code&gt;&amp;nbsp;&amp;nbsp;&amp;nbsp;&amp;nbsp;&amp;nbsp;&amp;nbsp;&amp;nbsp;&amp;nbsp;&amp;nbsp;&amp;nbsp;&amp;nbsp;&amp;nbsp;}&lt;/code&gt;&lt;/li&gt;
&lt;li&gt;&lt;code&gt;&amp;nbsp;&amp;nbsp;&amp;nbsp;&amp;nbsp;&amp;nbsp;&amp;nbsp;&amp;nbsp;&amp;nbsp;}&lt;/code&gt;&lt;/li&gt;
&lt;li&gt;&lt;code&gt;&lt;/code&gt;&lt;/li&gt;
&lt;li class="selected"&gt;&lt;code&gt;&amp;nbsp;&amp;nbsp;&amp;nbsp;&amp;nbsp;&amp;nbsp;&amp;nbsp;&amp;nbsp;&amp;nbsp;&lt;span&amp;nbsp;style="color:&amp;nbsp;var(--highlight-default)"&gt;$suite&lt;/span&gt;&lt;span&amp;nbsp;style="color:&amp;nbsp;var(--highlight-keyword)"&gt;-&amp;gt;&lt;/span&gt;&lt;span&amp;nbsp;style="color:&amp;nbsp;var(--highlight-default)"&gt;run&lt;/span&gt;&lt;span&amp;nbsp;style="color:&amp;nbsp;var(--highlight-keyword)"&gt;(&lt;/span&gt;&lt;span&amp;nbsp;style="color:&amp;nbsp;var(--highlight-default)"&gt;$result&lt;/span&gt;&lt;span&amp;nbsp;style="color:&amp;nbsp;var(--highlight-keyword)"&gt;);&lt;/span&gt;&lt;/code&gt;&lt;/li&gt;
&lt;li&gt;&lt;code&gt;&lt;/code&gt;&lt;/li&gt;
&lt;li&gt;&lt;code&gt;&amp;nbsp;&amp;nbsp;&amp;nbsp;&amp;nbsp;&amp;nbsp;&amp;nbsp;&amp;nbsp;&amp;nbsp;foreach&amp;nbsp;(&lt;span&amp;nbsp;style="color:&amp;nbsp;var(--highlight-default)"&gt;$this&lt;/span&gt;&lt;span&amp;nbsp;style="color:&amp;nbsp;var(--highlight-keyword)"&gt;-&amp;gt;&lt;/span&gt;&lt;span&amp;nbsp;style="color:&amp;nbsp;var(--highlight-default)"&gt;extensions&amp;nbsp;&lt;/span&gt;&lt;span&amp;nbsp;style="color:&amp;nbsp;var(--highlight-keyword)"&gt;as&amp;nbsp;&lt;/span&gt;&lt;span&amp;nbsp;style="color:&amp;nbsp;var(--highlight-default)"&gt;$extension&lt;/span&gt;&lt;span&amp;nbsp;style="color:&amp;nbsp;var(--highlight-keyword)"&gt;)&amp;nbsp;{&lt;/span&gt;&lt;/code&gt;&lt;/li&gt;
&lt;li&gt;&lt;code&gt;&amp;nbsp;&amp;nbsp;&amp;nbsp;&amp;nbsp;&amp;nbsp;&amp;nbsp;&amp;nbsp;&amp;nbsp;&amp;nbsp;&amp;nbsp;&amp;nbsp;&amp;nbsp;if&amp;nbsp;(&lt;span&amp;nbsp;style="color:&amp;nbsp;var(--highlight-default)"&gt;$extension&amp;nbsp;&lt;/span&gt;&lt;span&amp;nbsp;style="color:&amp;nbsp;var(--highlight-keyword)"&gt;instanceof&amp;nbsp;&lt;/span&gt;&lt;span&amp;nbsp;style="color:&amp;nbsp;var(--highlight-default)"&gt;AfterLastTestHook&lt;/span&gt;&lt;span&amp;nbsp;style="color:&amp;nbsp;var(--highlight-keyword)"&gt;)&amp;nbsp;{&lt;/span&gt;&lt;/code&gt;&lt;/li&gt;
&lt;li&gt;&lt;code&gt;&amp;nbsp;&amp;nbsp;&amp;nbsp;&amp;nbsp;&amp;nbsp;&amp;nbsp;&amp;nbsp;&amp;nbsp;&amp;nbsp;&amp;nbsp;&amp;nbsp;&amp;nbsp;&amp;nbsp;&amp;nbsp;&amp;nbsp;&amp;nbsp;&lt;span&amp;nbsp;style="color:&amp;nbsp;var(--highlight-default)"&gt;$extension&lt;/span&gt;&lt;span&amp;nbsp;style="color:&amp;nbsp;var(--highlight-keyword)"&gt;-&amp;gt;&lt;/span&gt;&lt;span&amp;nbsp;style="color:&amp;nbsp;var(--highlight-default)"&gt;executeAfterLastTest&lt;/span&gt;&lt;span&amp;nbsp;style="color:&amp;nbsp;var(--highlight-keyword)"&gt;();&lt;/span&gt;&lt;/code&gt;&lt;/li&gt;
&lt;li&gt;&lt;code&gt;&amp;nbsp;&amp;nbsp;&amp;nbsp;&amp;nbsp;&amp;nbsp;&amp;nbsp;&amp;nbsp;&amp;nbsp;&amp;nbsp;&amp;nbsp;&amp;nbsp;&amp;nbsp;}&lt;/code&gt;&lt;/li&gt;&lt;/ol&gt;    &lt;/div&gt;            &lt;/div&gt;
                        &lt;div class="trace-line trace-from-vendor"&gt;
                &lt;div class="trace-line-header break-long-words sf-toggle" data-toggle-selector="#trace-html-1-20" data-toggle-initial=""&gt;
            &lt;span class="icon icon-close"&gt;&lt;svg width="1792" height="1792" viewBox="0 0 1792 1792" xmlns="http://www.w3.org/2000/svg"&gt;&lt;path d="M1408 960V832q0-26-19-45t-45-19H448q-26 0-45 19t-19 45v128q0 26 19 45t45 19h896q26 0 45-19t19-45zm256-544v960q0 119-84.5 203.5T1376 1664H416q-119 0-203.5-84.5T128 1376V416q0-119 84.5-203.5T416 128h960q119 0 203.5 84.5T1664 416z"/&gt;&lt;/svg&gt;&lt;/span&gt;
        &lt;span class="icon icon-open"&gt;&lt;svg width="1792" height="1792" viewBox="0 0 1792 1792" xmlns="http://www.w3.org/2000/svg"&gt;&lt;path d="M1408 960V832q0-26-19-45t-45-19h-320V448q0-26-19-45t-45-19H832q-26 0-45 19t-19 45v320H448q-26 0-45 19t-19 45v128q0 26 19 45t45 19h320v320q0 26 19 45t45 19h128q26 0 45-19t19-45v-320h320q26 0 45-19t19-45zm256-544v960q0 119-84.5 203.5T1376 1664H416q-119 0-203.5-84.5T128 1376V416q0-119 84.5-203.5T416 128h960q119 0 203.5 84.5T1664 416z"/&gt;&lt;/svg&gt;&lt;/span&gt;
    
    
                    &lt;span class="block trace-file-path"&gt;
            in
            &lt;a href="file:///home/albinr/dbwebb-kurser/mvc/me/report/vendor/phpunit/phpunit/src/TextUI/Command.php#L146"&gt;
                vendor/phpunit/phpunit/src/TextUI/&lt;strong&gt;Command.php&lt;/strong&gt;
            &lt;/a&gt;
                            &lt;span class="trace-type"&gt;-&gt;&lt;/span&gt;
                &lt;span class="trace-method"&gt;run&lt;/span&gt;
                        (line 146)
            &lt;span class="icon icon-copy hidden" data-clipboard-text="vendor/phpunit/phpunit/src/TextUI/Command.php:146"&gt;
                &lt;svg xmlns="http://www.w3.org/2000/svg" height="24" viewBox="0 0 24 24" width="24"&gt;&lt;path d="M0 0h24v24H0z" fill="none"/&gt;&lt;path d="M16 1H4c-1.1 0-2 .9-2 2v14h2V3h12V1zm3 4H8c-1.1 0-2 .9-2 2v14c0 1.1.9 2 2 2h11c1.1 0 2-.9 2-2V7c0-1.1-.9-2-2-2zm0 16H8V7h11v14z"/&gt;&lt;/svg&gt;            &lt;/span&gt;
        &lt;/span&gt;
    &lt;/div&gt;
    &lt;div id="trace-html-1-20" class="trace-code sf-toggle-content"&gt;
        &lt;ol start="141"&gt;&lt;li&gt;&lt;code&gt;&amp;nbsp;&amp;nbsp;&amp;nbsp;&amp;nbsp;&amp;nbsp;&amp;nbsp;&amp;nbsp;&amp;nbsp;}&lt;/code&gt;&lt;/li&gt;
&lt;li&gt;&lt;code&gt;&lt;/code&gt;&lt;/li&gt;
&lt;li&gt;&lt;code&gt;&amp;nbsp;&amp;nbsp;&amp;nbsp;&amp;nbsp;&amp;nbsp;&amp;nbsp;&amp;nbsp;&amp;nbsp;unset(&lt;span&amp;nbsp;style="color:&amp;nbsp;var(--highlight-default)"&gt;$this&lt;/span&gt;&lt;span&amp;nbsp;style="color:&amp;nbsp;var(--highlight-keyword)"&gt;-&amp;gt;&lt;/span&gt;&lt;span&amp;nbsp;style="color:&amp;nbsp;var(--highlight-default)"&gt;arguments&lt;/span&gt;&lt;span&amp;nbsp;style="color:&amp;nbsp;var(--highlight-keyword)"&gt;[&lt;/span&gt;&lt;span&amp;nbsp;style="color:&amp;nbsp;var(--highlight-string)"&gt;'test'&lt;/span&gt;&lt;span&amp;nbsp;style="color:&amp;nbsp;var(--highlight-keyword)"&gt;],&amp;nbsp;&lt;/span&gt;&lt;span&amp;nbsp;style="color:&amp;nbsp;var(--highlight-default)"&gt;$this&lt;/span&gt;&lt;span&amp;nbsp;style="color:&amp;nbsp;var(--highlight-keyword)"&gt;-&amp;gt;&lt;/span&gt;&lt;span&amp;nbsp;style="color:&amp;nbsp;var(--highlight-default)"&gt;arguments&lt;/span&gt;&lt;span&amp;nbsp;style="color:&amp;nbsp;var(--highlight-keyword)"&gt;[&lt;/span&gt;&lt;span&amp;nbsp;style="color:&amp;nbsp;var(--highlight-string)"&gt;'testFile'&lt;/span&gt;&lt;span&amp;nbsp;style="color:&amp;nbsp;var(--highlight-keyword)"&gt;]);&lt;/span&gt;&lt;/code&gt;&lt;/li&gt;
&lt;li&gt;&lt;code&gt;&lt;/code&gt;&lt;/li&gt;
&lt;li&gt;&lt;code&gt;&amp;nbsp;&amp;nbsp;&amp;nbsp;&amp;nbsp;&amp;nbsp;&amp;nbsp;&amp;nbsp;&amp;nbsp;try&amp;nbsp;{&lt;/code&gt;&lt;/li&gt;
&lt;li class="selected"&gt;&lt;code&gt;&amp;nbsp;&amp;nbsp;&amp;nbsp;&amp;nbsp;&amp;nbsp;&amp;nbsp;&amp;nbsp;&amp;nbsp;&amp;nbsp;&amp;nbsp;&amp;nbsp;&amp;nbsp;&lt;span&amp;nbsp;style="color:&amp;nbsp;var(--highlight-default)"&gt;$result&amp;nbsp;&lt;/span&gt;&lt;span&amp;nbsp;style="color:&amp;nbsp;var(--highlight-keyword)"&gt;=&amp;nbsp;&lt;/span&gt;&lt;span&amp;nbsp;style="color:&amp;nbsp;var(--highlight-default)"&gt;$runner&lt;/span&gt;&lt;span&amp;nbsp;style="color:&amp;nbsp;var(--highlight-keyword)"&gt;-&amp;gt;&lt;/span&gt;&lt;span&amp;nbsp;style="color:&amp;nbsp;var(--highlight-default)"&gt;run&lt;/span&gt;&lt;span&amp;nbsp;style="color:&amp;nbsp;var(--highlight-keyword)"&gt;(&lt;/span&gt;&lt;span&amp;nbsp;style="color:&amp;nbsp;var(--highlight-default)"&gt;$suite&lt;/span&gt;&lt;span&amp;nbsp;style="color:&amp;nbsp;var(--highlight-keyword)"&gt;,&amp;nbsp;&lt;/span&gt;&lt;span&amp;nbsp;style="color:&amp;nbsp;var(--highlight-default)"&gt;$this&lt;/span&gt;&lt;span&amp;nbsp;style="color:&amp;nbsp;var(--highlight-keyword)"&gt;-&amp;gt;&lt;/span&gt;&lt;span&amp;nbsp;style="color:&amp;nbsp;var(--highlight-default)"&gt;arguments&lt;/span&gt;&lt;span&amp;nbsp;style="color:&amp;nbsp;var(--highlight-keyword)"&gt;,&amp;nbsp;&lt;/span&gt;&lt;span&amp;nbsp;style="color:&amp;nbsp;var(--highlight-default)"&gt;$this&lt;/span&gt;&lt;span&amp;nbsp;style="color:&amp;nbsp;var(--highlight-keyword)"&gt;-&amp;gt;&lt;/span&gt;&lt;span&amp;nbsp;style="color:&amp;nbsp;var(--highlight-default)"&gt;warnings&lt;/span&gt;&lt;span&amp;nbsp;style="color:&amp;nbsp;var(--highlight-keyword)"&gt;,&amp;nbsp;&lt;/span&gt;&lt;span&amp;nbsp;style="color:&amp;nbsp;var(--highlight-default)"&gt;$exit&lt;/span&gt;&lt;span&amp;nbsp;style="color:&amp;nbsp;var(--highlight-keyword)"&gt;);&lt;/span&gt;&lt;/code&gt;&lt;/li&gt;
&lt;li&gt;&lt;code&gt;&amp;nbsp;&amp;nbsp;&amp;nbsp;&amp;nbsp;&amp;nbsp;&amp;nbsp;&amp;nbsp;&amp;nbsp;}&amp;nbsp;catch&amp;nbsp;(&lt;span&amp;nbsp;style="color:&amp;nbsp;var(--highlight-default)"&gt;Throwable&amp;nbsp;$t&lt;/span&gt;&lt;span&amp;nbsp;style="color:&amp;nbsp;var(--highlight-keyword)"&gt;)&amp;nbsp;{&lt;/span&gt;&lt;/code&gt;&lt;/li&gt;
&lt;li&gt;&lt;code&gt;&amp;nbsp;&amp;nbsp;&amp;nbsp;&amp;nbsp;&amp;nbsp;&amp;nbsp;&amp;nbsp;&amp;nbsp;&amp;nbsp;&amp;nbsp;&amp;nbsp;&amp;nbsp;print&amp;nbsp;&lt;span&amp;nbsp;style="color:&amp;nbsp;var(--highlight-default)"&gt;$t&lt;/span&gt;&lt;span&amp;nbsp;style="color:&amp;nbsp;var(--highlight-keyword)"&gt;-&amp;gt;&lt;/span&gt;&lt;span&amp;nbsp;style="color:&amp;nbsp;var(--highlight-default)"&gt;getMessage&lt;/span&gt;&lt;span&amp;nbsp;style="color:&amp;nbsp;var(--highlight-keyword)"&gt;()&amp;nbsp;.&amp;nbsp;&lt;/span&gt;&lt;span&amp;nbsp;style="color:&amp;nbsp;var(--highlight-default)"&gt;PHP_EOL&lt;/span&gt;&lt;span&amp;nbsp;style="color:&amp;nbsp;var(--highlight-keyword)"&gt;;&lt;/span&gt;&lt;/code&gt;&lt;/li&gt;
&lt;li&gt;&lt;code&gt;&amp;nbsp;&amp;nbsp;&amp;nbsp;&amp;nbsp;&amp;nbsp;&amp;nbsp;&amp;nbsp;&amp;nbsp;}&lt;/code&gt;&lt;/li&gt;
&lt;li&gt;&lt;code&gt;&lt;/code&gt;&lt;/li&gt;
&lt;li&gt;&lt;code&gt;&amp;nbsp;&amp;nbsp;&amp;nbsp;&amp;nbsp;&amp;nbsp;&amp;nbsp;&amp;nbsp;&amp;nbsp;&lt;span&amp;nbsp;style="color:&amp;nbsp;var(--highlight-default)"&gt;$return&amp;nbsp;&lt;/span&gt;&lt;span&amp;nbsp;style="color:&amp;nbsp;var(--highlight-keyword)"&gt;=&amp;nbsp;&lt;/span&gt;&lt;span&amp;nbsp;style="color:&amp;nbsp;var(--highlight-default)"&gt;TestRunner&lt;/span&gt;&lt;span&amp;nbsp;style="color:&amp;nbsp;var(--highlight-keyword)"&gt;::&lt;/span&gt;&lt;span&amp;nbsp;style="color:&amp;nbsp;var(--highlight-default)"&gt;FAILURE_EXIT&lt;/span&gt;&lt;span&amp;nbsp;style="color:&amp;nbsp;var(--highlight-keyword)"&gt;;&lt;/span&gt;&lt;/code&gt;&lt;/li&gt;&lt;/ol&gt;    &lt;/div&gt;            &lt;/div&gt;
                        &lt;div class="trace-line trace-from-vendor"&gt;
                &lt;div class="trace-line-header break-long-words sf-toggle" data-toggle-selector="#trace-html-1-21" data-toggle-initial=""&gt;
            &lt;span class="icon icon-close"&gt;&lt;svg width="1792" height="1792" viewBox="0 0 1792 1792" xmlns="http://www.w3.org/2000/svg"&gt;&lt;path d="M1408 960V832q0-26-19-45t-45-19H448q-26 0-45 19t-19 45v128q0 26 19 45t45 19h896q26 0 45-19t19-45zm256-544v960q0 119-84.5 203.5T1376 1664H416q-119 0-203.5-84.5T128 1376V416q0-119 84.5-203.5T416 128h960q119 0 203.5 84.5T1664 416z"/&gt;&lt;/svg&gt;&lt;/span&gt;
        &lt;span class="icon icon-open"&gt;&lt;svg width="1792" height="1792" viewBox="0 0 1792 1792" xmlns="http://www.w3.org/2000/svg"&gt;&lt;path d="M1408 960V832q0-26-19-45t-45-19h-320V448q0-26-19-45t-45-19H832q-26 0-45 19t-19 45v320H448q-26 0-45 19t-19 45v128q0 26 19 45t45 19h320v320q0 26 19 45t45 19h128q26 0 45-19t19-45v-320h320q26 0 45-19t19-45zm256-544v960q0 119-84.5 203.5T1376 1664H416q-119 0-203.5-84.5T128 1376V416q0-119 84.5-203.5T416 128h960q119 0 203.5 84.5T1664 416z"/&gt;&lt;/svg&gt;&lt;/span&gt;
    
    
                    &lt;span class="block trace-file-path"&gt;
            in
            &lt;a href="file:///home/albinr/dbwebb-kurser/mvc/me/report/vendor/phpunit/phpunit/src/TextUI/Command.php#L99"&gt;
                vendor/phpunit/phpunit/src/TextUI/&lt;strong&gt;Command.php&lt;/strong&gt;
            &lt;/a&gt;
                            &lt;span class="trace-type"&gt;-&gt;&lt;/span&gt;
                &lt;span class="trace-method"&gt;run&lt;/span&gt;
                        (line 99)
            &lt;span class="icon icon-copy hidden" data-clipboard-text="vendor/phpunit/phpunit/src/TextUI/Command.php:99"&gt;
                &lt;svg xmlns="http://www.w3.org/2000/svg" height="24" viewBox="0 0 24 24" width="24"&gt;&lt;path d="M0 0h24v24H0z" fill="none"/&gt;&lt;path d="M16 1H4c-1.1 0-2 .9-2 2v14h2V3h12V1zm3 4H8c-1.1 0-2 .9-2 2v14c0 1.1.9 2 2 2h11c1.1 0 2-.9 2-2V7c0-1.1-.9-2-2-2zm0 16H8V7h11v14z"/&gt;&lt;/svg&gt;            &lt;/span&gt;
        &lt;/span&gt;
    &lt;/div&gt;
    &lt;div id="trace-html-1-21" class="trace-code sf-toggle-content"&gt;
        &lt;ol start="94"&gt;&lt;li&gt;&lt;code&gt;&amp;nbsp;&amp;nbsp;&amp;nbsp;&amp;nbsp;&amp;nbsp;*&amp;nbsp;@throws&amp;nbsp;Exception&lt;/code&gt;&lt;/li&gt;
&lt;li&gt;&lt;code&gt;&amp;nbsp;&amp;nbsp;&amp;nbsp;&amp;nbsp;&amp;nbsp;*/&lt;/code&gt;&lt;/li&gt;
&lt;li&gt;&lt;code&gt;&amp;nbsp;&amp;nbsp;&amp;nbsp;&amp;nbsp;&lt;span&amp;nbsp;style="color:&amp;nbsp;var(--highlight-keyword)"&gt;public&amp;nbsp;static&amp;nbsp;function&amp;nbsp;&lt;/span&gt;&lt;span&amp;nbsp;style="color:&amp;nbsp;var(--highlight-default)"&gt;main&lt;/span&gt;&lt;span&amp;nbsp;style="color:&amp;nbsp;var(--highlight-keyword)"&gt;(&lt;/span&gt;&lt;span&amp;nbsp;style="color:&amp;nbsp;var(--highlight-default)"&gt;bool&amp;nbsp;$exit&amp;nbsp;&lt;/span&gt;&lt;span&amp;nbsp;style="color:&amp;nbsp;var(--highlight-keyword)"&gt;=&amp;nbsp;&lt;/span&gt;&lt;span&amp;nbsp;style="color:&amp;nbsp;var(--highlight-default)"&gt;true&lt;/span&gt;&lt;span&amp;nbsp;style="color:&amp;nbsp;var(--highlight-keyword)"&gt;):&amp;nbsp;&lt;/span&gt;&lt;span&amp;nbsp;style="color:&amp;nbsp;var(--highlight-default)"&gt;int&lt;/span&gt;&lt;/code&gt;&lt;/li&gt;
&lt;li&gt;&lt;code&gt;&amp;nbsp;&amp;nbsp;&amp;nbsp;&amp;nbsp;&lt;span&amp;nbsp;style="color:&amp;nbsp;var(--highlight-keyword)"&gt;{&lt;/span&gt;&lt;/code&gt;&lt;/li&gt;
&lt;li&gt;&lt;code&gt;&amp;nbsp;&amp;nbsp;&amp;nbsp;&amp;nbsp;&amp;nbsp;&amp;nbsp;&amp;nbsp;&amp;nbsp;try&amp;nbsp;{&lt;/code&gt;&lt;/li&gt;
&lt;li class="selected"&gt;&lt;code&gt;&amp;nbsp;&amp;nbsp;&amp;nbsp;&amp;nbsp;&amp;nbsp;&amp;nbsp;&amp;nbsp;&amp;nbsp;&amp;nbsp;&amp;nbsp;&amp;nbsp;&amp;nbsp;return&amp;nbsp;(new&amp;nbsp;static)-&amp;gt;&lt;span&amp;nbsp;style="color:&amp;nbsp;var(--highlight-default)"&gt;run&lt;/span&gt;&lt;span&amp;nbsp;style="color:&amp;nbsp;var(--highlight-keyword)"&gt;(&lt;/span&gt;&lt;span&amp;nbsp;style="color:&amp;nbsp;var(--highlight-default)"&gt;$_SERVER&lt;/span&gt;&lt;span&amp;nbsp;style="color:&amp;nbsp;var(--highlight-keyword)"&gt;[&lt;/span&gt;&lt;span&amp;nbsp;style="color:&amp;nbsp;var(--highlight-string)"&gt;'argv'&lt;/span&gt;&lt;span&amp;nbsp;style="color:&amp;nbsp;var(--highlight-keyword)"&gt;],&amp;nbsp;&lt;/span&gt;&lt;span&amp;nbsp;style="color:&amp;nbsp;var(--highlight-default)"&gt;$exit&lt;/span&gt;&lt;span&amp;nbsp;style="color:&amp;nbsp;var(--highlight-keyword)"&gt;);&lt;/span&gt;&lt;/code&gt;&lt;/li&gt;
&lt;li&gt;&lt;code&gt;&amp;nbsp;&amp;nbsp;&amp;nbsp;&amp;nbsp;&amp;nbsp;&amp;nbsp;&amp;nbsp;&amp;nbsp;}&amp;nbsp;catch&amp;nbsp;(&lt;span&amp;nbsp;style="color:&amp;nbsp;var(--highlight-default)"&gt;Throwable&amp;nbsp;$t&lt;/span&gt;&lt;span&amp;nbsp;style="color:&amp;nbsp;var(--highlight-keyword)"&gt;)&amp;nbsp;{&lt;/span&gt;&lt;/code&gt;&lt;/li&gt;
&lt;li&gt;&lt;code&gt;&amp;nbsp;&amp;nbsp;&amp;nbsp;&amp;nbsp;&amp;nbsp;&amp;nbsp;&amp;nbsp;&amp;nbsp;&amp;nbsp;&amp;nbsp;&amp;nbsp;&amp;nbsp;throw&amp;nbsp;new&amp;nbsp;&lt;span&amp;nbsp;style="color:&amp;nbsp;var(--highlight-default)"&gt;RuntimeException&lt;/span&gt;&lt;span&amp;nbsp;style="color:&amp;nbsp;var(--highlight-keyword)"&gt;(&lt;/span&gt;&lt;/code&gt;&lt;/li&gt;
&lt;li&gt;&lt;code&gt;&amp;nbsp;&amp;nbsp;&amp;nbsp;&amp;nbsp;&amp;nbsp;&amp;nbsp;&amp;nbsp;&amp;nbsp;&amp;nbsp;&amp;nbsp;&amp;nbsp;&amp;nbsp;&amp;nbsp;&amp;nbsp;&amp;nbsp;&amp;nbsp;&lt;span&amp;nbsp;style="color:&amp;nbsp;var(--highlight-default)"&gt;$t&lt;/span&gt;&lt;span&amp;nbsp;style="color:&amp;nbsp;var(--highlight-keyword)"&gt;-&amp;gt;&lt;/span&gt;&lt;span&amp;nbsp;style="color:&amp;nbsp;var(--highlight-default)"&gt;getMessage&lt;/span&gt;&lt;span&amp;nbsp;style="color:&amp;nbsp;var(--highlight-keyword)"&gt;(),&lt;/span&gt;&lt;/code&gt;&lt;/li&gt;
&lt;li&gt;&lt;code&gt;&amp;nbsp;&amp;nbsp;&amp;nbsp;&amp;nbsp;&amp;nbsp;&amp;nbsp;&amp;nbsp;&amp;nbsp;&amp;nbsp;&amp;nbsp;&amp;nbsp;&amp;nbsp;&amp;nbsp;&amp;nbsp;&amp;nbsp;&amp;nbsp;(int)&amp;nbsp;&lt;span&amp;nbsp;style="color:&amp;nbsp;var(--highlight-default)"&gt;$t&lt;/span&gt;&lt;span&amp;nbsp;style="color:&amp;nbsp;var(--highlight-keyword)"&gt;-&amp;gt;&lt;/span&gt;&lt;span&amp;nbsp;style="color:&amp;nbsp;var(--highlight-default)"&gt;getCode&lt;/span&gt;&lt;span&amp;nbsp;style="color:&amp;nbsp;var(--highlight-keyword)"&gt;(),&lt;/span&gt;&lt;/code&gt;&lt;/li&gt;
&lt;li&gt;&lt;code&gt;&amp;nbsp;&amp;nbsp;&amp;nbsp;&amp;nbsp;&amp;nbsp;&amp;nbsp;&amp;nbsp;&amp;nbsp;&amp;nbsp;&amp;nbsp;&amp;nbsp;&amp;nbsp;&amp;nbsp;&amp;nbsp;&amp;nbsp;&amp;nbsp;&lt;span&amp;nbsp;style="color:&amp;nbsp;var(--highlight-default)"&gt;$t&lt;/span&gt;&lt;span&amp;nbsp;style="color:&amp;nbsp;var(--highlight-keyword)"&gt;,&lt;/span&gt;&lt;/code&gt;&lt;/li&gt;&lt;/ol&gt;    &lt;/div&gt;            &lt;/div&gt;
                        &lt;div class="trace-line trace-from-vendor"&gt;
                &lt;div class="trace-line-header break-long-words sf-toggle" data-toggle-selector="#trace-html-1-22" data-toggle-initial=""&gt;
            &lt;span class="icon icon-close"&gt;&lt;svg width="1792" height="1792" viewBox="0 0 1792 1792" xmlns="http://www.w3.org/2000/svg"&gt;&lt;path d="M1408 960V832q0-26-19-45t-45-19H448q-26 0-45 19t-19 45v128q0 26 19 45t45 19h896q26 0 45-19t19-45zm256-544v960q0 119-84.5 203.5T1376 1664H416q-119 0-203.5-84.5T128 1376V416q0-119 84.5-203.5T416 128h960q119 0 203.5 84.5T1664 416z"/&gt;&lt;/svg&gt;&lt;/span&gt;
        &lt;span class="icon icon-open"&gt;&lt;svg width="1792" height="1792" viewBox="0 0 1792 1792" xmlns="http://www.w3.org/2000/svg"&gt;&lt;path d="M1408 960V832q0-26-19-45t-45-19h-320V448q0-26-19-45t-45-19H832q-26 0-45 19t-19 45v320H448q-26 0-45 19t-19 45v128q0 26 19 45t45 19h320v320q0 26 19 45t45 19h128q26 0 45-19t19-45v-320h320q26 0 45-19t19-45zm256-544v960q0 119-84.5 203.5T1376 1664H416q-119 0-203.5-84.5T128 1376V416q0-119 84.5-203.5T416 128h960q119 0 203.5 84.5T1664 416z"/&gt;&lt;/svg&gt;&lt;/span&gt;
    
    
                    &lt;span class="block trace-file-path"&gt;
            in
            &lt;a href="file:///home/albinr/dbwebb-kurser/mvc/me/report/vendor/phpunit/phpunit/phpunit#L107"&gt;
                vendor/phpunit/phpunit/&lt;strong&gt;phpunit&lt;/strong&gt;
            &lt;/a&gt;
                            &lt;span class="trace-type"&gt;::&lt;/span&gt;
                &lt;span class="trace-method"&gt;main&lt;/span&gt;
                        (line 107)
            &lt;span class="icon icon-copy hidden" data-clipboard-text="vendor/phpunit/phpunit/phpunit:107"&gt;
                &lt;svg xmlns="http://www.w3.org/2000/svg" height="24" viewBox="0 0 24 24" width="24"&gt;&lt;path d="M0 0h24v24H0z" fill="none"/&gt;&lt;path d="M16 1H4c-1.1 0-2 .9-2 2v14h2V3h12V1zm3 4H8c-1.1 0-2 .9-2 2v14c0 1.1.9 2 2 2h11c1.1 0 2-.9 2-2V7c0-1.1-.9-2-2-2zm0 16H8V7h11v14z"/&gt;&lt;/svg&gt;            &lt;/span&gt;
        &lt;/span&gt;
    &lt;/div&gt;
    &lt;div id="trace-html-1-22" class="trace-code sf-toggle-content"&gt;
        &lt;ol start="102"&gt;&lt;li&gt;&lt;code&gt;unset(&lt;span&amp;nbsp;style="color:&amp;nbsp;var(--highlight-default)"&gt;$options&lt;/span&gt;&lt;span&amp;nbsp;style="color:&amp;nbsp;var(--highlight-keyword)"&gt;);&lt;/span&gt;&lt;/code&gt;&lt;/li&gt;
&lt;li&gt;&lt;code&gt;&lt;/code&gt;&lt;/li&gt;
&lt;li&gt;&lt;code&gt;require&amp;nbsp;&lt;span&amp;nbsp;style="color:&amp;nbsp;var(--highlight-default)"&gt;PHPUNIT_COMPOSER_INSTALL&lt;/span&gt;&lt;span&amp;nbsp;style="color:&amp;nbsp;var(--highlight-keyword)"&gt;;&lt;/span&gt;&lt;/code&gt;&lt;/li&gt;
&lt;li&gt;&lt;code&gt;&lt;/code&gt;&lt;/li&gt;
&lt;li&gt;&lt;code&gt;&lt;span&amp;nbsp;style="color:&amp;nbsp;var(--highlight-default)"&gt;PHPUnit\TextUI\Command&lt;/span&gt;&lt;span&amp;nbsp;style="color:&amp;nbsp;var(--highlight-keyword)"&gt;::&lt;/span&gt;&lt;span&amp;nbsp;style="color:&amp;nbsp;var(--highlight-default)"&gt;main&lt;/span&gt;&lt;span&amp;nbsp;style="color:&amp;nbsp;var(--highlight-keyword)"&gt;();&lt;/span&gt;&lt;/code&gt;&lt;/li&gt;
&lt;li class="selected"&gt;&lt;code&gt;&lt;/code&gt;&lt;/li&gt;&lt;/ol&gt;    &lt;/div&gt;            &lt;/div&gt;
                        &lt;div class="trace-line trace-from-vendor"&gt;
                &lt;div class="trace-line-header break-long-words sf-toggle" data-toggle-selector="#trace-html-1-23" data-toggle-initial=""&gt;
            &lt;span class="icon icon-close"&gt;&lt;svg width="1792" height="1792" viewBox="0 0 1792 1792" xmlns="http://www.w3.org/2000/svg"&gt;&lt;path d="M1408 960V832q0-26-19-45t-45-19H448q-26 0-45 19t-19 45v128q0 26 19 45t45 19h896q26 0 45-19t19-45zm256-544v960q0 119-84.5 203.5T1376 1664H416q-119 0-203.5-84.5T128 1376V416q0-119 84.5-203.5T416 128h960q119 0 203.5 84.5T1664 416z"/&gt;&lt;/svg&gt;&lt;/span&gt;
        &lt;span class="icon icon-open"&gt;&lt;svg width="1792" height="1792" viewBox="0 0 1792 1792" xmlns="http://www.w3.org/2000/svg"&gt;&lt;path d="M1408 960V832q0-26-19-45t-45-19h-320V448q0-26-19-45t-45-19H832q-26 0-45 19t-19 45v320H448q-26 0-45 19t-19 45v128q0 26 19 45t45 19h320v320q0 26 19 45t45 19h128q26 0 45-19t19-45v-320h320q26 0 45-19t19-45zm256-544v960q0 119-84.5 203.5T1376 1664H416q-119 0-203.5-84.5T128 1376V416q0-119 84.5-203.5T416 128h960q119 0 203.5 84.5T1664 416z"/&gt;&lt;/svg&gt;&lt;/span&gt;
    
    
                    &lt;span class="block trace-file-path"&gt;
            in
            &lt;a href="file:///home/albinr/dbwebb-kurser/mvc/me/report/vendor/bin/phpunit#L122"&gt;
                vendor/bin/&lt;strong&gt;phpunit&lt;/strong&gt;
            &lt;/a&gt;
                            &lt;span class="trace-type"&gt;&lt;/span&gt;
                &lt;span class="trace-method"&gt;include&lt;/span&gt;
                        (line 122)
            &lt;span class="icon icon-copy hidden" data-clipboard-text="vendor/bin/phpunit:122"&gt;
                &lt;svg xmlns="http://www.w3.org/2000/svg" height="24" viewBox="0 0 24 24" width="24"&gt;&lt;path d="M0 0h24v24H0z" fill="none"/&gt;&lt;path d="M16 1H4c-1.1 0-2 .9-2 2v14h2V3h12V1zm3 4H8c-1.1 0-2 .9-2 2v14c0 1.1.9 2 2 2h11c1.1 0 2-.9 2-2V7c0-1.1-.9-2-2-2zm0 16H8V7h11v14z"/&gt;&lt;/svg&gt;            &lt;/span&gt;
        &lt;/span&gt;
    &lt;/div&gt;
    &lt;div id="trace-html-1-23" class="trace-code sf-toggle-content"&gt;
        &lt;ol start="117"&gt;&lt;li&gt;&lt;code&gt;&amp;nbsp;&amp;nbsp;&amp;nbsp;&amp;nbsp;&amp;nbsp;&amp;nbsp;&amp;nbsp;&amp;nbsp;return&amp;nbsp;include(&lt;span&amp;nbsp;style="color:&amp;nbsp;var(--highlight-string)"&gt;"phpvfscomposer://"&amp;nbsp;&lt;/span&gt;&lt;span&amp;nbsp;style="color:&amp;nbsp;var(--highlight-keyword)"&gt;.&amp;nbsp;&lt;/span&gt;&lt;span&amp;nbsp;style="color:&amp;nbsp;var(--highlight-default)"&gt;__DIR__&amp;nbsp;&lt;/span&gt;&lt;span&amp;nbsp;style="color:&amp;nbsp;var(--highlight-keyword)"&gt;.&amp;nbsp;&lt;/span&gt;&lt;span&amp;nbsp;style="color:&amp;nbsp;var(--highlight-string)"&gt;'/..'&lt;/span&gt;&lt;span&amp;nbsp;style="color:&amp;nbsp;var(--highlight-keyword)"&gt;.&lt;/span&gt;&lt;span&amp;nbsp;style="color:&amp;nbsp;var(--highlight-string)"&gt;'/phpunit/phpunit/phpunit'&lt;/span&gt;&lt;span&amp;nbsp;style="color:&amp;nbsp;var(--highlight-keyword)"&gt;);&lt;/span&gt;&lt;/code&gt;&lt;/li&gt;
&lt;li&gt;&lt;code&gt;&amp;nbsp;&amp;nbsp;&amp;nbsp;&amp;nbsp;}&lt;/code&gt;&lt;/li&gt;
&lt;li&gt;&lt;code&gt;}&lt;/code&gt;&lt;/li&gt;
&lt;li&gt;&lt;code&gt;&lt;/code&gt;&lt;/li&gt;
&lt;li&gt;&lt;code&gt;return&amp;nbsp;include&amp;nbsp;&lt;span&amp;nbsp;style="color:&amp;nbsp;var(--highlight-default)"&gt;__DIR__&amp;nbsp;&lt;/span&gt;&lt;span&amp;nbsp;style="color:&amp;nbsp;var(--highlight-keyword)"&gt;.&amp;nbsp;&lt;/span&gt;&lt;span&amp;nbsp;style="color:&amp;nbsp;var(--highlight-string)"&gt;'/..'&lt;/span&gt;&lt;span&amp;nbsp;style="color:&amp;nbsp;var(--highlight-keyword)"&gt;.&lt;/span&gt;&lt;span&amp;nbsp;style="color:&amp;nbsp;var(--highlight-string)"&gt;'/phpunit/phpunit/phpunit'&lt;/span&gt;&lt;span&amp;nbsp;style="color:&amp;nbsp;var(--highlight-keyword)"&gt;;&lt;/span&gt;&lt;/code&gt;&lt;/li&gt;
&lt;li class="selected"&gt;&lt;code&gt;&lt;/code&gt;&lt;/li&gt;&lt;/ol&gt;    &lt;/div&gt;            &lt;/div&gt;
                    &lt;/div&gt;
    &lt;/div&gt;
&lt;/div&gt;            &lt;/div&gt;
        &lt;/div&gt;

        
        &lt;div class="tab"&gt;
            &lt;h3 class="tab-title"&gt;
                                    Stack Trace
                            &lt;/h3&gt;

            &lt;div class="tab-content"&gt;
                &lt;table class="trace trace-as-text"&gt;
    &lt;thead class="trace-head"&gt;
        &lt;tr&gt;
            &lt;th class="sf-toggle" data-toggle-selector="#trace-text-1" data-toggle-initial="display"&gt;
                &lt;div class="trace-class"&gt;
                                        Warning                    &lt;span class="icon icon-close"&gt;&lt;svg width="1792" height="1792" viewBox="0 0 1792 1792" xmlns="http://www.w3.org/2000/svg"&gt;&lt;path d="M1344 800v64q0 14-9 23t-23 9H480q-14 0-23-9t-9-23v-64q0-14 9-23t23-9h832q14 0 23 9t9 23zm128 448V416q0-66-47-113t-113-47H480q-66 0-113 47t-47 113v832q0 66 47 113t113 47h832q66 0 113-47t47-113zm128-832v832q0 119-84.5 203.5T1312 1536H480q-119 0-203.5-84.5T192 1248V416q0-119 84.5-203.5T480 128h832q119 0 203.5 84.5T1600 416z"/&gt;&lt;/svg&gt;&lt;/span&gt;
                    &lt;span class="icon icon-open"&gt;&lt;svg width="1792" height="1792" viewBox="0 0 1792 1792" xmlns="http://www.w3.org/2000/svg"&gt;&lt;path d="M1344 800v64q0 14-9 23t-23 9H960v352q0 14-9 23t-23 9h-64q-14 0-23-9t-9-23V896H480q-14 0-23-9t-9-23v-64q0-14 9-23t23-9h352V416q0-14 9-23t23-9h64q14 0 23 9t9 23v352h352q14 0 23 9t9 23zm128 448V416q0-66-47-113t-113-47H480q-66 0-113 47t-47 113v832q0 66 47 113t113 47h832q66 0 113-47t47-113zm128-832v832q0 119-84.5 203.5T1312 1536H480q-119 0-203.5-84.5T192 1248V416q0-119 84.5-203.5T480 128h832q119 0 203.5 84.5T1600 416z"/&gt;&lt;/svg&gt;&lt;/span&gt;
                &lt;/div&gt;
            &lt;/th&gt;
        &lt;/tr&gt;
    &lt;/thead&gt;

    &lt;tbody id="trace-text-1"&gt;
        &lt;tr&gt;
            &lt;td&gt;
                                &lt;pre class="stacktrace"&gt;
PHPUnit\Framework\Error\Warning:
Undefined array key 0

  at src/Card/Player.php:51
  at PHPUnit\Util\ErrorHandler-&amp;gt;__invoke()
     (vendor/symfony/phpunit-bridge/DeprecationErrorHandler.php:132)
  at Symfony\Bridge\PhpUnit\DeprecationErrorHandler-&amp;gt;handleError()
     (src/Card/Player.php:51)
  at App\Card\Player-&amp;gt;getHand()
     (src/Card/BlackJack.php:76)
  at App\Card\BlackJack-&amp;gt;hit()
     (src/Controller/ApiBlackJackController.php:109)
  at App\Controller\ApiBlackJackController-&amp;gt;apiGameHit()
     (vendor/symfony/http-kernel/HttpKernel.php:178)
  at Symfony\Component\HttpKernel\HttpKernel-&amp;gt;handleRaw()
     (vendor/symfony/http-kernel/HttpKernel.php:76)
  at Symfony\Component\HttpKernel\HttpKernel-&amp;gt;handle()
     (vendor/symfony/http-kernel/Kernel.php:185)
  at Symfony\Component\HttpKernel\Kernel-&amp;gt;handle()
     (vendor/symfony/http-kernel/HttpKernelBrowser.php:61)
  at Symfony\Component\HttpKernel\HttpKernelBrowser-&amp;gt;doRequest()
     (vendor/symfony/framework-bundle/KernelBrowser.php:157)
  at Symfony\Bundle\FrameworkBundle\KernelBrowser-&amp;gt;doRequest()
     (vendor/symfony/browser-kit/AbstractBrowser.php:369)
  at Symfony\Component\BrowserKit\AbstractBrowser-&amp;gt;request()
     (tests/Controller/ApiBlackJackControllerTest.php:81)
  at App\Tests\Controller\ApiBlackJackControllerTest-&amp;gt;testApiBlackJackHitWithGame()
     (vendor/phpunit/phpunit/src/Framework/TestCase.php:1617)
  at PHPUnit\Framework\TestCase-&amp;gt;runTest()
     (vendor/phpunit/phpunit/src/Framework/TestCase.php:1223)
  at PHPUnit\Framework\TestCase-&amp;gt;runBare()
     (vendor/phpunit/phpunit/src/Framework/TestResult.php:729)
  at PHPUnit\Framework\TestResult-&amp;gt;run()
     (vendor/phpunit/phpunit/src/Framework/TestCase.php:973)
  at PHPUnit\Framework\TestCase-&amp;gt;run()
     (vendor/phpunit/phpunit/src/Framework/TestSuite.php:685)
  at PHPUnit\Framework\TestSuite-&amp;gt;run()
     (vendor/phpunit/phpunit/src/Framework/TestSuite.php:685)
  at PHPUnit\Framework\TestSuite-&amp;gt;run()
     (vendor/phpunit/phpunit/src/Framework/TestSuite.php:685)
  at PHPUnit\Framework\TestSuite-&amp;gt;run()
     (vendor/phpunit/phpunit/src/TextUI/TestRunner.php:651)
  at PHPUnit\TextUI\TestRunner-&amp;gt;run()
     (vendor/phpunit/phpunit/src/TextUI/Command.php:146)
  at PHPUnit\TextUI\Command-&amp;gt;run()
     (vendor/phpunit/phpunit/src/TextUI/Command.php:99)
  at PHPUnit\TextUI\Command::main()
     (vendor/phpunit/phpunit/phpunit:107)
  at include('/home/albinr/dbwebb-kurser/mvc/me/report/vendor/phpunit/phpunit/phpunit')
     (vendor/bin/phpunit:122)                &lt;/pre&gt;
                            &lt;/td&gt;
        &lt;/tr&gt;
    &lt;/tbody&gt;
&lt;/table&gt;            &lt;/div&gt;
        &lt;/div&gt;

            &lt;/div&gt;
&lt;/div&gt;
        &lt;script&gt;
            /* This file is based on WebProfilerBundle/Resources/views/Profiler/base_js.html.twig.
   If you make any change in this file, verify the same change is needed in the other file. */
/*&lt;![CDATA[*/
(function() {
    "use strict";

    if ('classList' in document.documentElement) {
        var hasClass = function (el, cssClass) { return el.classList.contains(cssClass); };
        var removeClass = function(el, cssClass) { el.classList.remove(cssClass); };
        var addClass = function(el, cssClass) { el.classList.add(cssClass); };
        var toggleClass = function(el, cssClass) { el.classList.toggle(cssClass); };
    } else {
        var hasClass = function (el, cssClass) { return el.className.match(new RegExp('\\b' + cssClass + '\\b')); };
        var removeClass = function(el, cssClass) { el.className = el.className.replace(new RegExp('\\b' + cssClass + '\\b'), ' '); };
        var addClass = function(el, cssClass) { if (!hasClass(el, cssClass)) { el.className += " " + cssClass; } };
        var toggleClass = function(el, cssClass) { hasClass(el, cssClass) ? removeClass(el, cssClass) : addClass(el, cssClass); };
    }

    var addEventListener;

    var el = document.createElement('div');
    if (!('addEventListener' in el)) {
        addEventListener = function (element, eventName, callback) {
            element.attachEvent('on' + eventName, callback);
        };
    } else {
        addEventListener = function (element, eventName, callback) {
            element.addEventListener(eventName, callback, false);
        };
    }

    if (navigator.clipboard) {
        document.querySelectorAll('[data-clipboard-text]').forEach(function(element) {
            removeClass(element, 'hidden');
            element.addEventListener('click', function() {
                navigator.clipboard.writeText(element.getAttribute('data-clipboard-text'));
            })
        });
    }

    (function createTabs() {
        /* the accessibility options of this component have been defined according to: */
        /* www.w3.org/WAI/ARIA/apg/example-index/tabs/tabs-manual.html */
        var tabGroups = document.querySelectorAll('.sf-tabs:not([data-processed=true])');

        /* create the tab navigation for each group of tabs */
        for (var i = 0; i &lt; tabGroups.length; i++) {
            var tabs = tabGroups[i].querySelectorAll(':scope &gt; .tab');
            var tabNavigation = document.createElement('div');
            tabNavigation.className = 'tab-navigation';
            tabNavigation.setAttribute('role', 'tablist');

            var selectedTabId = 'tab-' + i + '-0'; /* select the first tab by default */
            for (var j = 0; j &lt; tabs.length; j++) {
                var tabId = 'tab-' + i + '-' + j;
                var tabTitle = tabs[j].querySelector('.tab-title').innerHTML;

                var tabNavigationItem = document.createElement('button');
                addClass(tabNavigationItem, 'tab-control');
                tabNavigationItem.setAttribute('data-tab-id', tabId);
                tabNavigationItem.setAttribute('role', 'tab');
                tabNavigationItem.setAttribute('aria-controls', tabId);
                if (hasClass(tabs[j], 'active')) { selectedTabId = tabId; }
                if (hasClass(tabs[j], 'disabled')) {
                    addClass(tabNavigationItem, 'disabled');
                }
                tabNavigationItem.innerHTML = tabTitle;
                tabNavigation.appendChild(tabNavigationItem);

                var tabContent = tabs[j].querySelector('.tab-content');
                tabContent.parentElement.setAttribute('id', tabId);
            }

            tabGroups[i].insertBefore(tabNavigation, tabGroups[i].firstChild);
            addClass(document.querySelector('[data-tab-id="' + selectedTabId + '"]'), 'active');
        }

        /* display the active tab and add the 'click' event listeners */
        for (i = 0; i &lt; tabGroups.length; i++) {
            tabNavigation = tabGroups[i].querySelectorAll(':scope &gt; .tab-navigation .tab-control');

            for (j = 0; j &lt; tabNavigation.length; j++) {
                tabId = tabNavigation[j].getAttribute('data-tab-id');
                var tabPanel = document.getElementById(tabId);
                tabPanel.setAttribute('role', 'tabpanel');
                tabPanel.setAttribute('aria-labelledby', tabId);
                tabPanel.querySelector('.tab-title').className = 'hidden';

                if (hasClass(tabNavigation[j], 'active')) {
                    tabPanel.className = 'block';
                    tabNavigation[j].setAttribute('aria-selected', 'true');
                    tabNavigation[j].removeAttribute('tabindex');
                } else {
                    tabPanel.className = 'hidden';
                    tabNavigation[j].removeAttribute('aria-selected');
                    tabNavigation[j].setAttribute('tabindex', '-1');
                }

                tabNavigation[j].addEventListener('click', function(e) {
                    var activeTab = e.target || e.srcElement;

                    /* needed because when the tab contains HTML contents, user can click */
                    /* on any of those elements instead of their parent '&lt;button&gt;' element */
                    while (activeTab.tagName.toLowerCase() !== 'button') {
                        activeTab = activeTab.parentNode;
                    }

                    /* get the full list of tabs through the parent of the active tab element */
                    var tabNavigation = activeTab.parentNode.children;
                    for (var k = 0; k &lt; tabNavigation.length; k++) {
                        var tabId = tabNavigation[k].getAttribute('data-tab-id');
                        document.getElementById(tabId).className = 'hidden';
                        removeClass(tabNavigation[k], 'active');
                        tabNavigation[k].removeAttribute('aria-selected');
                        tabNavigation[k].setAttribute('tabindex', '-1');
                    }

                    addClass(activeTab, 'active');
                    activeTab.setAttribute('aria-selected', 'true');
                    activeTab.removeAttribute('tabindex');
                    var activeTabId = activeTab.getAttribute('data-tab-id');
                    document.getElementById(activeTabId).className = 'block';
                });
            }

            tabGroups[i].setAttribute('data-processed', 'true');
        }
    })();

    (function createToggles() {
        var toggles = document.querySelectorAll('.sf-toggle:not([data-processed=true])');

        for (var i = 0; i &lt; toggles.length; i++) {
            var elementSelector = toggles[i].getAttribute('data-toggle-selector');
            var element = document.querySelector(elementSelector);

            addClass(element, 'sf-toggle-content');

            if (toggles[i].hasAttribute('data-toggle-initial') &amp;&amp; toggles[i].getAttribute('data-toggle-initial') == 'display') {
                addClass(toggles[i], 'sf-toggle-on');
                addClass(element, 'sf-toggle-visible');
            } else {
                addClass(toggles[i], 'sf-toggle-off');
                addClass(element, 'sf-toggle-hidden');
            }

            addEventListener(toggles[i], 'click', function(e) {
                e.preventDefault();

                if ('' !== window.getSelection().toString()) {
                    /* Don't do anything on text selection */
                    return;
                }

                var toggle = e.target || e.srcElement;

                /* needed because when the toggle contains HTML contents, user can click */
                /* on any of those elements instead of their parent '.sf-toggle' element */
                while (!hasClass(toggle, 'sf-toggle')) {
                    toggle = toggle.parentNode;
                }

                var element = document.querySelector(toggle.getAttribute('data-toggle-selector'));

                toggleClass(toggle, 'sf-toggle-on');
                toggleClass(toggle, 'sf-toggle-off');
                toggleClass(element, 'sf-toggle-hidden');
                toggleClass(element, 'sf-toggle-visible');

                /* the toggle doesn't change its contents when clicking on it */
                if (!toggle.hasAttribute('data-toggle-alt-content')) {
                    return;
                }

                if (!toggle.hasAttribute('data-toggle-original-content')) {
                    toggle.setAttribute('data-toggle-original-content', toggle.innerHTML);
                }

                var currentContent = toggle.innerHTML;
                var originalContent = toggle.getAttribute('data-toggle-original-content');
                var altContent = toggle.getAttribute('data-toggle-alt-content');
                toggle.innerHTML = currentContent !== altContent ? altContent : originalContent;
            });

            /* Prevents from disallowing clicks on links inside toggles */
            var toggleLinks = toggles[i].querySelectorAll('a');
            for (var j = 0; j &lt; toggleLinks.length; j++) {
                addEventListener(toggleLinks[j], 'click', function(e) {
                    e.stopPropagation();
                });
            }

            /* Prevents from disallowing clicks on "copy to clipboard" elements inside toggles */
            var copyToClipboardElements = toggles[i].querySelectorAll('span[data-clipboard-text]');
            for (var k = 0; k &lt; copyToClipboardElements.length; k++) {
                addEventListener(copyToClipboardElements[k], 'click', function(e) {
                    e.stopPropagation();
                });
            }

            toggles[i].setAttribute('data-processed', 'true');
        }
    })();

    (function createFilters() {
        document.querySelectorAll('[data-filters] [data-filter]').forEach(function (filter) {
            var filters = filter.closest('[data-filters]'),
                type = 'choice',
                name = filter.dataset.filter,
                ucName = name.charAt(0).toUpperCase()+name.slice(1),
                list = document.createElement('ul'),
                values = filters.dataset['filter'+ucName] || filters.querySelectorAll('[data-filter-'+name+']'),
                labels = {},
                defaults = null,
                indexed = {},
                processed = {};
            if (typeof values === 'string') {
                type = 'level';
                labels = values.split(',');
                values = values.toLowerCase().split(',');
                defaults = values.length - 1;
            }
            addClass(list, 'filter-list');
            addClass(list, 'filter-list-'+type);
            values.forEach(function (value, i) {
                if (value instanceof HTMLElement) {
                    value = value.dataset['filter'+ucName];
                }
                if (value in processed) {
                    return;
                }
                var option = document.createElement('li'),
                    label = i in labels ? labels[i] : value,
                    active = false,
                    matches;
                if ('' === label) {
                    option.innerHTML = '&lt;em&gt;(none)&lt;/em&gt;';
                } else {
                    option.innerText = label;
                }
                option.dataset.filter = value;
                option.setAttribute('title', 1 === (matches = filters.querySelectorAll('[data-filter-'+name+'="'+value+'"]').length) ? 'Matches 1 row' : 'Matches '+matches+' rows');
                indexed[value] = i;
                list.appendChild(option);
                addEventListener(option, 'click', function () {
                    if ('choice' === type) {
                        filters.querySelectorAll('[data-filter-'+name+']').forEach(function (row) {
                            if (option.dataset.filter === row.dataset['filter'+ucName]) {
                                toggleClass(row, 'filter-hidden-'+name);
                            }
                        });
                        toggleClass(option, 'active');
                    } else if ('level' === type) {
                        if (i === this.parentNode.querySelectorAll('.active').length - 1) {
                            return;
                        }
                        this.parentNode.querySelectorAll('li').forEach(function (currentOption, j) {
                            if (j &lt;= i) {
                                addClass(currentOption, 'active');
                                if (i === j) {
                                    addClass(currentOption, 'last-active');
                                } else {
                                    removeClass(currentOption, 'last-active');
                                }
                            } else {
                                removeClass(currentOption, 'active');
                                removeClass(currentOption, 'last-active');
                            }
                        });
                        filters.querySelectorAll('[data-filter-'+name+']').forEach(function (row) {
                            if (i &lt; indexed[row.dataset['filter'+ucName]]) {
                                addClass(row, 'filter-hidden-'+name);
                            } else {
                                removeClass(row, 'filter-hidden-'+name);
                            }
                        });
                    }
                });
                if ('choice' === type) {
                    active = null === defaults || 0 &lt;= defaults.indexOf(value);
                } else if ('level' === type) {
                    active = i &lt;= defaults;
                    if (active &amp;&amp; i === defaults) {
                        addClass(option, 'last-active');
                    }
                }
                if (active) {
                    addClass(option, 'active');
                } else {
                    filters.querySelectorAll('[data-filter-'+name+'="'+value+'"]').forEach(function (row) {
                        toggleClass(row, 'filter-hidden-'+name);
                    });
                }
                processed[value] = true;
            });

            if (1 &lt; list.childNodes.length) {
                filter.appendChild(list);
                filter.dataset.filtered = '';
            }
        });
    })();
})();
/*]]&gt;*/        &lt;/script&gt;
    &lt;/body&gt;
&lt;/html&gt;
&lt;!-- Undefined array key 0 (500 Internal Server Error) --&gt;

/home/albinr/dbwebb-kurser/mvc/me/report/vendor/symfony/framework-bundle/Test/BrowserKitAssertionsTrait.php:148
/home/albinr/dbwebb-kurser/mvc/me/report/vendor/symfony/framework-bundle/Test/BrowserKitAssertionsTrait.php:33
/home/albinr/dbwebb-kurser/mvc/me/report/tests/Controller/ApiBlackJackControllerTest.php:83</failure>
        </testcase>
        <testcase name="testApiBlackJackStandWithoutGame" class="App\Tests\Controller\ApiBlackJackControllerTest" classname="App.Tests.Controller.ApiBlackJackControllerTest" file="/home/albinr/dbwebb-kurser/mvc/me/report/tests/Controller/ApiBlackJackControllerTest.php" line="92" assertions="3" time="0.010477"/>
        <testcase name="testApiBlackJackStandWithGame" class="App\Tests\Controller\ApiBlackJackControllerTest" classname="App.Tests.Controller.ApiBlackJackControllerTest" file="/home/albinr/dbwebb-kurser/mvc/me/report/tests/Controller/ApiBlackJackControllerTest.php" line="107" assertions="3" time="0.216279"/>
        <testcase name="testApiBlackJackDeckWithoutGame" class="App\Tests\Controller\ApiBlackJackControllerTest" classname="App.Tests.Controller.ApiBlackJackControllerTest" file="/home/albinr/dbwebb-kurser/mvc/me/report/tests/Controller/ApiBlackJackControllerTest.php" line="124" assertions="3" time="0.011494"/>
        <testcase name="testApiBlackJackDeckWithGame" class="App\Tests\Controller\ApiBlackJackControllerTest" classname="App.Tests.Controller.ApiBlackJackControllerTest" file="/home/albinr/dbwebb-kurser/mvc/me/report/tests/Controller/ApiBlackJackControllerTest.php" line="139" assertions="4" time="0.244666"/>
      </testsuite>
      <testsuite name="App\Tests\Controller\ApiCardControllerTest" file="/home/albinr/dbwebb-kurser/mvc/me/report/tests/Controller/ApiCardControllerTest.php" tests="4" assertions="17" errors="0" warnings="0" failures="0" skipped="0" time="0.053304">
        <testcase name="testApiDeck" class="App\Tests\Controller\ApiCardControllerTest" classname="App.Tests.Controller.ApiCardControllerTest" file="/home/albinr/dbwebb-kurser/mvc/me/report/tests/Controller/ApiCardControllerTest.php" line="9" assertions="4" time="0.014390"/>
        <testcase name="testApiDeckShuffle" class="App\Tests\Controller\ApiCardControllerTest" classname="App.Tests.Controller.ApiCardControllerTest" file="/home/albinr/dbwebb-kurser/mvc/me/report/tests/Controller/ApiCardControllerTest.php" line="21" assertions="4" time="0.012851"/>
        <testcase name="testApiDraw" class="App\Tests\Controller\ApiCardControllerTest" classname="App.Tests.Controller.ApiCardControllerTest" file="/home/albinr/dbwebb-kurser/mvc/me/report/tests/Controller/ApiCardControllerTest.php" line="33" assertions="4" time="0.012776"/>
        <testcase name="testApiMultiDraw" class="App\Tests\Controller\ApiCardControllerTest" classname="App.Tests.Controller.ApiCardControllerTest" file="/home/albinr/dbwebb-kurser/mvc/me/report/tests/Controller/ApiCardControllerTest.php" line="45" assertions="5" time="0.013286"/>
      </testsuite>
      <testsuite name="App\Tests\Controller\ApiControllerTest" file="/home/albinr/dbwebb-kurser/mvc/me/report/tests/Controller/ApiControllerTest.php" tests="2" assertions="8" errors="0" warnings="0" failures="0" skipped="0" time="0.055560">
        <testcase name="testApi" class="App\Tests\Controller\ApiControllerTest" classname="App.Tests.Controller.ApiControllerTest" file="/home/albinr/dbwebb-kurser/mvc/me/report/tests/Controller/ApiControllerTest.php" line="9" assertions="2" time="0.046340"/>
        <testcase name="testApiQuote" class="App\Tests\Controller\ApiControllerTest" classname="App.Tests.Controller.ApiControllerTest" file="/home/albinr/dbwebb-kurser/mvc/me/report/tests/Controller/ApiControllerTest.php" line="19" assertions="6" time="0.009220"/>
      </testsuite>
      <testsuite name="App\Tests\Controller\ApiLibraryControllerTest" file="/home/albinr/dbwebb-kurser/mvc/me/report/tests/Controller/ApiLibraryControllerTest.php" tests="3" assertions="7" errors="0" warnings="0" failures="0" skipped="0" time="0.048345">
        <testcase name="testApiLibraryReturnsAllBooks" class="App\Tests\Controller\ApiLibraryControllerTest" classname="App.Tests.Controller.ApiLibraryControllerTest" file="/home/albinr/dbwebb-kurser/mvc/me/report/tests/Controller/ApiLibraryControllerTest.php" line="10" assertions="3" time="0.017462"/>
        <testcase name="testApiBookIsbnFound" class="App\Tests\Controller\ApiLibraryControllerTest" classname="App.Tests.Controller.ApiLibraryControllerTest" file="/home/albinr/dbwebb-kurser/mvc/me/report/tests/Controller/ApiLibraryControllerTest.php" line="21" assertions="2" time="0.015834"/>
        <testcase name="testApiBookIsbnNotFound" class="App\Tests\Controller\ApiLibraryControllerTest" classname="App.Tests.Controller.ApiLibraryControllerTest" file="/home/albinr/dbwebb-kurser/mvc/me/report/tests/Controller/ApiLibraryControllerTest.php" line="31" assertions="2" time="0.015049"/>
      </testsuite>
      <testsuite name="App\Tests\Controller\BlackJackControllerTest" file="/home/albinr/dbwebb-kurser/mvc/me/report/tests/Controller/BlackJackControllerTest.php" tests="6" assertions="9" errors="3" warnings="0" failures="3" skipped="0" time="0.879253">
        <testcase name="testHome" class="App\Tests\Controller\BlackJackControllerTest" classname="App.Tests.Controller.BlackJackControllerTest" file="/home/albinr/dbwebb-kurser/mvc/me/report/tests/Controller/BlackJackControllerTest.php" line="9" assertions="4" time="0.060465">
          <failure type="PHPUnit\Framework\ExpectationFailedException">App\Tests\Controller\BlackJackControllerTest::testHome
Failed asserting that the Crawler matches selector ".saved-players".

/home/albinr/dbwebb-kurser/mvc/me/report/vendor/symfony/framework-bundle/Test/DomCrawlerAssertionsTrait.php:29
/home/albinr/dbwebb-kurser/mvc/me/report/tests/Controller/BlackJackControllerTest.php:17</failure>
        </testcase>
        <testcase name="testStartGame" class="App\Tests\Controller\BlackJackControllerTest" classname="App.Tests.Controller.BlackJackControllerTest" file="/home/albinr/dbwebb-kurser/mvc/me/report/tests/Controller/BlackJackControllerTest.php" line="20" assertions="0" time="0.235372">
          <error type="Symfony\Component\BrowserKit\Exception\LogicException">App\Tests\Controller\BlackJackControllerTest::testStartGame
Symfony\Component\BrowserKit\Exception\LogicException: The request was not redirected.

/home/albinr/dbwebb-kurser/mvc/me/report/vendor/symfony/browser-kit/AbstractBrowser.php:535
/home/albinr/dbwebb-kurser/mvc/me/report/tests/Controller/BlackJackControllerTest.php:28</error>
        </testcase>
        <testcase name="testHitRoute" class="App\Tests\Controller\BlackJackControllerTest" classname="App.Tests.Controller.BlackJackControllerTest" file="/home/albinr/dbwebb-kurser/mvc/me/report/tests/Controller/BlackJackControllerTest.php" line="35" assertions="0" time="0.262749">
          <error type="Symfony\Component\BrowserKit\Exception\LogicException">App\Tests\Controller\BlackJackControllerTest::testHitRoute
Symfony\Component\BrowserKit\Exception\LogicException: The request was not redirected.

/home/albinr/dbwebb-kurser/mvc/me/report/vendor/symfony/browser-kit/AbstractBrowser.php:535
/home/albinr/dbwebb-kurser/mvc/me/report/tests/Controller/BlackJackControllerTest.php:43</error>
        </testcase>
        <testcase name="testStand" class="App\Tests\Controller\BlackJackControllerTest" classname="App.Tests.Controller.BlackJackControllerTest" file="/home/albinr/dbwebb-kurser/mvc/me/report/tests/Controller/BlackJackControllerTest.php" line="52" assertions="0" time="0.259359">
          <error type="Symfony\Component\BrowserKit\Exception\LogicException">App\Tests\Controller\BlackJackControllerTest::testStand
Symfony\Component\BrowserKit\Exception\LogicException: The request was not redirected.

/home/albinr/dbwebb-kurser/mvc/me/report/vendor/symfony/browser-kit/AbstractBrowser.php:535
/home/albinr/dbwebb-kurser/mvc/me/report/tests/Controller/BlackJackControllerTest.php:60</error>
        </testcase>
        <testcase name="testCreatePlayerForm" class="App\Tests\Controller\BlackJackControllerTest" classname="App.Tests.Controller.BlackJackControllerTest" file="/home/albinr/dbwebb-kurser/mvc/me/report/tests/Controller/BlackJackControllerTest.php" line="71" assertions="4" time="0.025983">
          <failure type="PHPUnit\Framework\ExpectationFailedException">App\Tests\Controller\BlackJackControllerTest::testCreatePlayerForm
Failed asserting that Symfony\Component\DomCrawler\Crawler Object &amp;00000000000013f60000000000000000 (
    'uri' =&gt; 'http://localhost/proj/blackjack/create_player_form'
    'defaultNamespacePrefix' =&gt; 'default'
    'namespaces' =&gt; Array &amp;0 ()
    'cachedNamespaces' =&gt; ArrayObject Object &amp;0000000000001cf50000000000000000 ()
    'baseHref' =&gt; 'http://localhost/proj/blackjack/create_player_form'
    'document' =&gt; DOMDocument Object &amp;00000000000015ac0000000000000000 ()
    'nodes' =&gt; Array &amp;1 (
        0 =&gt; DOMElement Object &amp;000000000000145a0000000000000000 (
            'schemaTypeInfo' =&gt; null
        )
    )
    'isHtml' =&gt; true
    'html5Parser' =&gt; Masterminds\HTML5 Object &amp;00000000000015750000000000000000 (
        'defaultOptions' =&gt; Array &amp;2 (
            'encode_entities' =&gt; false
            'disable_html_ns' =&gt; true
        )
        'errors' =&gt; Array &amp;3 ()
    )
) matches selector "button" and the Crawler has a node matching selector "button".

/home/albinr/dbwebb-kurser/mvc/me/report/vendor/symfony/framework-bundle/Test/DomCrawlerAssertionsTrait.php:44
/home/albinr/dbwebb-kurser/mvc/me/report/tests/Controller/BlackJackControllerTest.php:79</failure>
        </testcase>
        <testcase name="testPlayerNotSelected" class="App\Tests\Controller\BlackJackControllerTest" classname="App.Tests.Controller.BlackJackControllerTest" file="/home/albinr/dbwebb-kurser/mvc/me/report/tests/Controller/BlackJackControllerTest.php" line="82" assertions="1" time="0.035325">
          <failure type="PHPUnit\Framework\ExpectationFailedException">App\Tests\Controller\BlackJackControllerTest::testPlayerNotSelected
Failed asserting that the Crawler matches selector ".flash-notice".

/home/albinr/dbwebb-kurser/mvc/me/report/vendor/symfony/framework-bundle/Test/DomCrawlerAssertionsTrait.php:29
/home/albinr/dbwebb-kurser/mvc/me/report/tests/Controller/BlackJackControllerTest.php:92</failure>
        </testcase>
      </testsuite>
      <testsuite name="App\Tests\Controller\CardControllerTest" file="/home/albinr/dbwebb-kurser/mvc/me/report/tests/Controller/CardControllerTest.php" tests="4" assertions="5" errors="0" warnings="0" failures="0" skipped="0" time="0.140795">
        <testcase name="testCard" class="App\Tests\Controller\CardControllerTest" classname="App.Tests.Controller.CardControllerTest" file="/home/albinr/dbwebb-kurser/mvc/me/report/tests/Controller/CardControllerTest.php" line="10" assertions="2" time="0.020446"/>
        <testcase name="testDeck" class="App\Tests\Controller\CardControllerTest" classname="App.Tests.Controller.CardControllerTest" file="/home/albinr/dbwebb-kurser/mvc/me/report/tests/Controller/CardControllerTest.php" line="19" assertions="1" time="0.047037"/>
        <testcase name="testShuffle" class="App\Tests\Controller\CardControllerTest" classname="App.Tests.Controller.CardControllerTest" file="/home/albinr/dbwebb-kurser/mvc/me/report/tests/Controller/CardControllerTest.php" line="27" assertions="1" time="0.049935"/>
        <testcase name="testDraw" class="App\Tests\Controller\CardControllerTest" classname="App.Tests.Controller.CardControllerTest" file="/home/albinr/dbwebb-kurser/mvc/me/report/tests/Controller/CardControllerTest.php" line="35" assertions="1" time="0.023377"/>
      </testsuite>
      <testsuite name="App\Tests\Controller\LibraryControllerTest" file="/home/albinr/dbwebb-kurser/mvc/me/report/tests/Controller/LibraryControllerTest.php" tests="5" assertions="6" errors="0" warnings="0" failures="0" skipped="0" time="0.117768">
        <testcase name="testLibrary" class="App\Tests\Controller\LibraryControllerTest" classname="App.Tests.Controller.LibraryControllerTest" file="/home/albinr/dbwebb-kurser/mvc/me/report/tests/Controller/LibraryControllerTest.php" line="9" assertions="2" time="0.029958"/>
        <testcase name="testCreate" class="App\Tests\Controller\LibraryControllerTest" classname="App.Tests.Controller.LibraryControllerTest" file="/home/albinr/dbwebb-kurser/mvc/me/report/tests/Controller/LibraryControllerTest.php" line="18" assertions="1" time="0.017500"/>
        <testcase name="testReadOne" class="App\Tests\Controller\LibraryControllerTest" classname="App.Tests.Controller.LibraryControllerTest" file="/home/albinr/dbwebb-kurser/mvc/me/report/tests/Controller/LibraryControllerTest.php" line="27" assertions="1" time="0.021280"/>
        <testcase name="testReadMany" class="App\Tests\Controller\LibraryControllerTest" classname="App.Tests.Controller.LibraryControllerTest" file="/home/albinr/dbwebb-kurser/mvc/me/report/tests/Controller/LibraryControllerTest.php" line="35" assertions="1" time="0.027683"/>
        <testcase name="testUpdateFormBook" class="App\Tests\Controller\LibraryControllerTest" classname="App.Tests.Controller.LibraryControllerTest" file="/home/albinr/dbwebb-kurser/mvc/me/report/tests/Controller/LibraryControllerTest.php" line="43" assertions="1" time="0.021346"/>
      </testsuite>
      <testsuite name="App\Tests\Controller\ProjControllerTest" file="/home/albinr/dbwebb-kurser/mvc/me/report/tests/Controller/ProjContollerTest.php" tests="3" assertions="3" errors="0" warnings="0" failures="0" skipped="0" time="0.072657">
        <testcase name="testProjHome" class="App\Tests\Controller\ProjControllerTest" classname="App.Tests.Controller.ProjControllerTest" file="/home/albinr/dbwebb-kurser/mvc/me/report/tests/Controller/ProjContollerTest.php" line="9" assertions="1" time="0.032913"/>
        <testcase name="testAbout" class="App\Tests\Controller\ProjControllerTest" classname="App.Tests.Controller.ProjControllerTest" file="/home/albinr/dbwebb-kurser/mvc/me/report/tests/Controller/ProjContollerTest.php" line="17" assertions="1" time="0.021335"/>
        <testcase name="testApiBlackJack" class="App\Tests\Controller\ProjControllerTest" classname="App.Tests.Controller.ProjControllerTest" file="/home/albinr/dbwebb-kurser/mvc/me/report/tests/Controller/ProjContollerTest.php" line="25" assertions="1" time="0.018408"/>
      </testsuite>
      <testsuite name="App\Tests\Controller\ReportControllerTest" file="/home/albinr/dbwebb-kurser/mvc/me/report/tests/Controller/ReportControllerTest.php" tests="7" assertions="10" errors="0" warnings="0" failures="0" skipped="0" time="0.187576">
        <testcase name="testHome" class="App\Tests\Controller\ReportControllerTest" classname="App.Tests.Controller.ReportControllerTest" file="/home/albinr/dbwebb-kurser/mvc/me/report/tests/Controller/ReportControllerTest.php" line="9" assertions="2" time="0.018289"/>
        <testcase name="testAbout" class="App\Tests\Controller\ReportControllerTest" classname="App.Tests.Controller.ReportControllerTest" file="/home/albinr/dbwebb-kurser/mvc/me/report/tests/Controller/ReportControllerTest.php" line="18" assertions="1" time="0.026800"/>
        <testcase name="testReport" class="App\Tests\Controller\ReportControllerTest" classname="App.Tests.Controller.ReportControllerTest" file="/home/albinr/dbwebb-kurser/mvc/me/report/tests/Controller/ReportControllerTest.php" line="27" assertions="1" time="0.032783"/>
        <testcase name="testLucky" class="App\Tests\Controller\ReportControllerTest" classname="App.Tests.Controller.ReportControllerTest" file="/home/albinr/dbwebb-kurser/mvc/me/report/tests/Controller/ReportControllerTest.php" line="35" assertions="1" time="0.015904"/>
        <testcase name="testMetrics" class="App\Tests\Controller\ReportControllerTest" classname="App.Tests.Controller.ReportControllerTest" file="/home/albinr/dbwebb-kurser/mvc/me/report/tests/Controller/ReportControllerTest.php" line="43" assertions="1" time="0.032430"/>
        <testcase name="testSession" class="App\Tests\Controller\ReportControllerTest" classname="App.Tests.Controller.ReportControllerTest" file="/home/albinr/dbwebb-kurser/mvc/me/report/tests/Controller/ReportControllerTest.php" line="51" assertions="1" time="0.016247"/>
        <testcase name="testSessionDelete" class="App\Tests\Controller\ReportControllerTest" classname="App.Tests.Controller.ReportControllerTest" file="/home/albinr/dbwebb-kurser/mvc/me/report/tests/Controller/ReportControllerTest.php" line="59" assertions="3" time="0.045123"/>
      </testsuite>
      <testsuite name="App\Tests\Controller\TwentyOneControllerTest" file="/home/albinr/dbwebb-kurser/mvc/me/report/tests/Controller/TwentyOneControllerTest.php" tests="6" assertions="13" errors="0" warnings="0" failures="0" skipped="0" time="0.178080">
        <testcase name="testGame" class="App\Tests\Controller\TwentyOneControllerTest" classname="App.Tests.Controller.TwentyOneControllerTest" file="/home/albinr/dbwebb-kurser/mvc/me/report/tests/Controller/TwentyOneControllerTest.php" line="10" assertions="2" time="0.023800"/>
        <testcase name="testStart" class="App\Tests\Controller\TwentyOneControllerTest" classname="App.Tests.Controller.TwentyOneControllerTest" file="/home/albinr/dbwebb-kurser/mvc/me/report/tests/Controller/TwentyOneControllerTest.php" line="19" assertions="1" time="0.018940"/>
        <testcase name="testHit" class="App\Tests\Controller\TwentyOneControllerTest" classname="App.Tests.Controller.TwentyOneControllerTest" file="/home/albinr/dbwebb-kurser/mvc/me/report/tests/Controller/TwentyOneControllerTest.php" line="28" assertions="1" time="0.038187"/>
        <testcase name="testStand" class="App\Tests\Controller\TwentyOneControllerTest" classname="App.Tests.Controller.TwentyOneControllerTest" file="/home/albinr/dbwebb-kurser/mvc/me/report/tests/Controller/TwentyOneControllerTest.php" line="37" assertions="1" time="0.041168"/>
        <testcase name="testDoc" class="App\Tests\Controller\TwentyOneControllerTest" classname="App.Tests.Controller.TwentyOneControllerTest" file="/home/albinr/dbwebb-kurser/mvc/me/report/tests/Controller/TwentyOneControllerTest.php" line="46" assertions="1" time="0.023157"/>
        <testcase name="testApiGameStatus" class="App\Tests\Controller\TwentyOneControllerTest" classname="App.Tests.Controller.TwentyOneControllerTest" file="/home/albinr/dbwebb-kurser/mvc/me/report/tests/Controller/TwentyOneControllerTest.php" line="54" assertions="7" time="0.032829"/>
      </testsuite>
      <testsuite name="App\Tests\Entity\BookTest" file="/home/albinr/dbwebb-kurser/mvc/me/report/tests/Entity/BookTest.php" tests="4" assertions="4" errors="0" warnings="0" failures="0" skipped="0" time="0.001833">
        <testcase name="testGetSetTitle" class="App\Tests\Entity\BookTest" classname="App.Tests.Entity.BookTest" file="/home/albinr/dbwebb-kurser/mvc/me/report/tests/Entity/BookTest.php" line="10" assertions="1" time="0.000405"/>
        <testcase name="testGetISBN" class="App\Tests\Entity\BookTest" classname="App.Tests.Entity.BookTest" file="/home/albinr/dbwebb-kurser/mvc/me/report/tests/Entity/BookTest.php" line="18" assertions="1" time="0.000413"/>
        <testcase name="testGetAuthor" class="App\Tests\Entity\BookTest" classname="App.Tests.Entity.BookTest" file="/home/albinr/dbwebb-kurser/mvc/me/report/tests/Entity/BookTest.php" line="26" assertions="1" time="0.000570"/>
        <testcase name="testGetImage" class="App\Tests\Entity\BookTest" classname="App.Tests.Entity.BookTest" file="/home/albinr/dbwebb-kurser/mvc/me/report/tests/Entity/BookTest.php" line="34" assertions="1" time="0.000444"/>
      </testsuite>
      <testsuite name="GameHistoryTest" file="/home/albinr/dbwebb-kurser/mvc/me/report/tests/Entity/GameHistoryTest.php" tests="4" assertions="4" errors="0" warnings="0" failures="0" skipped="0" time="0.001541">
        <testcase name="testSetAndGetId" class="GameHistoryTest" classname="GameHistoryTest" file="/home/albinr/dbwebb-kurser/mvc/me/report/tests/Entity/GameHistoryTest.php" line="8" assertions="1" time="0.000403"/>
        <testcase name="testSetAndGetGameDate" class="GameHistoryTest" classname="GameHistoryTest" file="/home/albinr/dbwebb-kurser/mvc/me/report/tests/Entity/GameHistoryTest.php" line="20" assertions="1" time="0.000378"/>
        <testcase name="testSetAndGetPlayerDataJson" class="GameHistoryTest" classname="GameHistoryTest" file="/home/albinr/dbwebb-kurser/mvc/me/report/tests/Entity/GameHistoryTest.php" line="30" assertions="1" time="0.000378"/>
        <testcase name="testSetAndGetBankScore" class="GameHistoryTest" classname="GameHistoryTest" file="/home/albinr/dbwebb-kurser/mvc/me/report/tests/Entity/GameHistoryTest.php" line="43" assertions="1" time="0.000383"/>
      </testsuite>
      <testsuite name="PlayerTest" file="/home/albinr/dbwebb-kurser/mvc/me/report/tests/Entity/PlayerTest.php" tests="5" assertions="7" errors="0" warnings="0" failures="0" skipped="0" time="0.002060">
        <testcase name="testSetAndGetPlayerId" class="PlayerTest" classname="PlayerTest" file="/home/albinr/dbwebb-kurser/mvc/me/report/tests/Entity/PlayerTest.php" line="8" assertions="1" time="0.000412"/>
        <testcase name="testSetAndGetName" class="PlayerTest" classname="PlayerTest" file="/home/albinr/dbwebb-kurser/mvc/me/report/tests/Entity/PlayerTest.php" line="20" assertions="1" time="0.000512"/>
        <testcase name="testSetAndGetWins" class="PlayerTest" classname="PlayerTest" file="/home/albinr/dbwebb-kurser/mvc/me/report/tests/Entity/PlayerTest.php" line="30" assertions="1" time="0.000371"/>
        <testcase name="testSetAndGetLosses" class="PlayerTest" classname="PlayerTest" file="/home/albinr/dbwebb-kurser/mvc/me/report/tests/Entity/PlayerTest.php" line="40" assertions="1" time="0.000358"/>
        <testcase name="testPlayerDefaultValues" class="PlayerTest" classname="PlayerTest" file="/home/albinr/dbwebb-kurser/mvc/me/report/tests/Entity/PlayerTest.php" line="50" assertions="3" time="0.000407"/>
      </testsuite>
    </testsuite>
  </testsuite>
</testsuites>
