<?xml version="1.0" encoding="UTF-8"?>
<testsuites>
  <testsuite name="" tests="49" assertions="111" errors="0" warnings="0" failures="0" skipped="0" time="0.496089">
    <testsuite name="Project Test Suite" tests="49" assertions="111" errors="0" warnings="0" failures="0" skipped="0" time="0.496089">
      <testsuite name="App\Card\CardGraphicTest" file="/home/albinr/dbwebb-kurser/mvc/me/report/tests/Card/CardGraphicTest.php" tests="3" assertions="7" errors="0" warnings="0" failures="0" skipped="0" time="0.008609">
        <testcase name="testRenderedSuitSymbolsAndColors" class="App\Card\CardGraphicTest" classname="App.Card.CardGraphicTest" file="/home/albinr/dbwebb-kurser/mvc/me/report/tests/Card/CardGraphicTest.php" line="12" assertions="4" time="0.006241"/>
        <testcase name="testRenderOutputStructure" class="App\Card\CardGraphicTest" classname="App.Card.CardGraphicTest" file="/home/albinr/dbwebb-kurser/mvc/me/report/tests/Card/CardGraphicTest.php" line="25" assertions="1" time="0.000829"/>
        <testcase name="testRenderWithUnrecognizedSuit" class="App\Card\CardGraphicTest" classname="App.Card.CardGraphicTest" file="/home/albinr/dbwebb-kurser/mvc/me/report/tests/Card/CardGraphicTest.php" line="39" assertions="2" time="0.001538"/>
      </testsuite>
      <testsuite name="App\Card\CardHandTest" file="/home/albinr/dbwebb-kurser/mvc/me/report/tests/Card/CardHandTest.php" tests="6" assertions="9" errors="0" warnings="0" failures="0" skipped="0" time="0.002989">
        <testcase name="testConstructorInitialization" class="App\Card\CardHandTest" classname="App.Card.CardHandTest" file="/home/albinr/dbwebb-kurser/mvc/me/report/tests/Card/CardHandTest.php" line="12" assertions="3" time="0.001303"/>
        <testcase name="testAddCard" class="App\Card\CardHandTest" classname="App.Card.CardHandTest" file="/home/albinr/dbwebb-kurser/mvc/me/report/tests/Card/CardHandTest.php" line="26" assertions="2" time="0.000347"/>
        <testcase name="testShowHand" class="App\Card\CardHandTest" classname="App.Card.CardHandTest" file="/home/albinr/dbwebb-kurser/mvc/me/report/tests/Card/CardHandTest.php" line="35" assertions="1" time="0.000346"/>
        <testcase name="testClearHand" class="App\Card\CardHandTest" classname="App.Card.CardHandTest" file="/home/albinr/dbwebb-kurser/mvc/me/report/tests/Card/CardHandTest.php" line="45" assertions="1" time="0.000310"/>
        <testcase name="testToArray" class="App\Card\CardHandTest" classname="App.Card.CardHandTest" file="/home/albinr/dbwebb-kurser/mvc/me/report/tests/Card/CardHandTest.php" line="54" assertions="1" time="0.000327"/>
        <testcase name="testGetRenderedHand" class="App\Card\CardHandTest" classname="App.Card.CardHandTest" file="/home/albinr/dbwebb-kurser/mvc/me/report/tests/Card/CardHandTest.php" line="65" assertions="1" time="0.000356"/>
      </testsuite>
      <testsuite name="App\Card\CardTest" file="/home/albinr/dbwebb-kurser/mvc/me/report/tests/Card/CardTest.php" tests="5" assertions="8" errors="0" warnings="0" failures="0" skipped="0" time="0.002156">
        <testcase name="testCreateCard" class="App\Card\CardTest" classname="App.Card.CardTest" file="/home/albinr/dbwebb-kurser/mvc/me/report/tests/Card/CardTest.php" line="16" assertions="4" time="0.000877"/>
        <testcase name="testGetAsString" class="App\Card\CardTest" classname="App.Card.CardTest" file="/home/albinr/dbwebb-kurser/mvc/me/report/tests/Card/CardTest.php" line="27" assertions="1" time="0.000313"/>
        <testcase name="testGetValue" class="App\Card\CardTest" classname="App.Card.CardTest" file="/home/albinr/dbwebb-kurser/mvc/me/report/tests/Card/CardTest.php" line="36" assertions="1" time="0.000324"/>
        <testcase name="testGetSuit" class="App\Card\CardTest" classname="App.Card.CardTest" file="/home/albinr/dbwebb-kurser/mvc/me/report/tests/Card/CardTest.php" line="45" assertions="1" time="0.000320"/>
        <testcase name="testGetId" class="App\Card\CardTest" classname="App.Card.CardTest" file="/home/albinr/dbwebb-kurser/mvc/me/report/tests/Card/CardTest.php" line="54" assertions="1" time="0.000322"/>
      </testsuite>
      <testsuite name="App\Card\DeckOfCardsTest" file="/home/albinr/dbwebb-kurser/mvc/me/report/tests/Card/DeckOfCardsTest.php" tests="7" assertions="25" errors="0" warnings="0" failures="0" skipped="0" time="0.014686">
        <testcase name="testInitialization" class="App\Card\DeckOfCardsTest" classname="App.Card.DeckOfCardsTest" file="/home/albinr/dbwebb-kurser/mvc/me/report/tests/Card/DeckOfCardsTest.php" line="12" assertions="3" time="0.001447"/>
        <testcase name="testConstructFromArray" class="App\Card\DeckOfCardsTest" classname="App.Card.DeckOfCardsTest" file="/home/albinr/dbwebb-kurser/mvc/me/report/tests/Card/DeckOfCardsTest.php" line="22" assertions="13" time="0.000453"/>
        <testcase name="testShuffle" class="App\Card\DeckOfCardsTest" classname="App.Card.DeckOfCardsTest" file="/home/albinr/dbwebb-kurser/mvc/me/report/tests/Card/DeckOfCardsTest.php" line="41" assertions="1" time="0.009155"/>
        <testcase name="testSort" class="App\Card\DeckOfCardsTest" classname="App.Card.DeckOfCardsTest" file="/home/albinr/dbwebb-kurser/mvc/me/report/tests/Card/DeckOfCardsTest.php" line="51" assertions="2" time="0.001216"/>
        <testcase name="testDealCard" class="App\Card\DeckOfCardsTest" classname="App.Card.DeckOfCardsTest" file="/home/albinr/dbwebb-kurser/mvc/me/report/tests/Card/DeckOfCardsTest.php" line="61" assertions="2" time="0.000471"/>
        <testcase name="testToArray" class="App\Card\DeckOfCardsTest" classname="App.Card.DeckOfCardsTest" file="/home/albinr/dbwebb-kurser/mvc/me/report/tests/Card/DeckOfCardsTest.php" line="71" assertions="3" time="0.001420"/>
        <testcase name="testToString" class="App\Card\DeckOfCardsTest" classname="App.Card.DeckOfCardsTest" file="/home/albinr/dbwebb-kurser/mvc/me/report/tests/Card/DeckOfCardsTest.php" line="80" assertions="1" time="0.000525"/>
      </testsuite>
      <testsuite name="App\Card\DeckWithJokersTest" file="/home/albinr/dbwebb-kurser/mvc/me/report/tests/Card/DeckWithJokersTest.php" tests="1" assertions="7" errors="0" warnings="0" failures="0" skipped="0" time="0.000884">
        <testcase name="testInitializationWithJokers" class="App\Card\DeckWithJokersTest" classname="App.Card.DeckWithJokersTest" file="/home/albinr/dbwebb-kurser/mvc/me/report/tests/Card/DeckWithJokersTest.php" line="12" assertions="7" time="0.000884"/>
      </testsuite>
      <testsuite name="App\Card\TwentyOneTest" file="/home/albinr/dbwebb-kurser/mvc/me/report/tests/Card/TwentyOneTest.php" tests="10" assertions="14" errors="0" warnings="0" failures="0" skipped="0" time="0.007942">
        <testcase name="testCreateTwentyOne" class="App\Card\TwentyOneTest" classname="App.Card.TwentyOneTest" file="/home/albinr/dbwebb-kurser/mvc/me/report/tests/Card/TwentyOneTest.php" line="16" assertions="2" time="0.001394"/>
        <testcase name="testInitialGameState" class="App\Card\TwentyOneTest" classname="App.Card.TwentyOneTest" file="/home/albinr/dbwebb-kurser/mvc/me/report/tests/Card/TwentyOneTest.php" line="28" assertions="3" time="0.000961"/>
        <testcase name="testHit" class="App\Card\TwentyOneTest" classname="App.Card.TwentyOneTest" file="/home/albinr/dbwebb-kurser/mvc/me/report/tests/Card/TwentyOneTest.php" line="39" assertions="1" time="0.000494"/>
        <testcase name="testStand" class="App\Card\TwentyOneTest" classname="App.Card.TwentyOneTest" file="/home/albinr/dbwebb-kurser/mvc/me/report/tests/Card/TwentyOneTest.php" line="49" assertions="2" time="0.001583"/>
        <testcase name="testPlayerHitLoss" class="App\Card\TwentyOneTest" classname="App.Card.TwentyOneTest" file="/home/albinr/dbwebb-kurser/mvc/me/report/tests/Card/TwentyOneTest.php" line="60" assertions="1" time="0.000768"/>
        <testcase name="testGameOver" class="App\Card\TwentyOneTest" classname="App.Card.TwentyOneTest" file="/home/albinr/dbwebb-kurser/mvc/me/report/tests/Card/TwentyOneTest.php" line="72" assertions="1" time="0.000650"/>
        <testcase name="testPlayerWins" class="App\Card\TwentyOneTest" classname="App.Card.TwentyOneTest" file="/home/albinr/dbwebb-kurser/mvc/me/report/tests/Card/TwentyOneTest.php" line="81" assertions="1" time="0.000477"/>
        <testcase name="testBankWins" class="App\Card\TwentyOneTest" classname="App.Card.TwentyOneTest" file="/home/albinr/dbwebb-kurser/mvc/me/report/tests/Card/TwentyOneTest.php" line="95" assertions="1" time="0.000582"/>
        <testcase name="testPlayerLoss" class="App\Card\TwentyOneTest" classname="App.Card.TwentyOneTest" file="/home/albinr/dbwebb-kurser/mvc/me/report/tests/Card/TwentyOneTest.php" line="109" assertions="1" time="0.000520"/>
        <testcase name="testBankLoss" class="App\Card\TwentyOneTest" classname="App.Card.TwentyOneTest" file="/home/albinr/dbwebb-kurser/mvc/me/report/tests/Card/TwentyOneTest.php" line="124" assertions="1" time="0.000513"/>
      </testsuite>
      <testsuite name="App\Tests\Controller\ApiCardControllerTest" file="/home/albinr/dbwebb-kurser/mvc/me/report/tests/Controller/ApiCardControllerTest.php" tests="4" assertions="17" errors="0" warnings="0" failures="0" skipped="0" time="0.232040">
        <testcase name="testApiDeck" class="App\Tests\Controller\ApiCardControllerTest" classname="App.Tests.Controller.ApiCardControllerTest" file="/home/albinr/dbwebb-kurser/mvc/me/report/tests/Controller/ApiCardControllerTest.php" line="9" assertions="4" time="0.201798"/>
        <testcase name="testApiDeckShuffle" class="App\Tests\Controller\ApiCardControllerTest" classname="App.Tests.Controller.ApiCardControllerTest" file="/home/albinr/dbwebb-kurser/mvc/me/report/tests/Controller/ApiCardControllerTest.php" line="21" assertions="4" time="0.010002"/>
        <testcase name="testApiDraw" class="App\Tests\Controller\ApiCardControllerTest" classname="App.Tests.Controller.ApiCardControllerTest" file="/home/albinr/dbwebb-kurser/mvc/me/report/tests/Controller/ApiCardControllerTest.php" line="33" assertions="4" time="0.010001"/>
        <testcase name="testApiMultiDraw" class="App\Tests\Controller\ApiCardControllerTest" classname="App.Tests.Controller.ApiCardControllerTest" file="/home/albinr/dbwebb-kurser/mvc/me/report/tests/Controller/ApiCardControllerTest.php" line="45" assertions="5" time="0.010239"/>
      </testsuite>
      <testsuite name="App\Tests\Controller\ApiControllerTest" file="/home/albinr/dbwebb-kurser/mvc/me/report/tests/Controller/ApiControllerTest.php" tests="2" assertions="8" errors="0" warnings="0" failures="0" skipped="0" time="0.040867">
        <testcase name="testApi" class="App\Tests\Controller\ApiControllerTest" classname="App.Tests.Controller.ApiControllerTest" file="/home/albinr/dbwebb-kurser/mvc/me/report/tests/Controller/ApiControllerTest.php" line="9" assertions="2" time="0.032927"/>
        <testcase name="testApiQuote" class="App\Tests\Controller\ApiControllerTest" classname="App.Tests.Controller.ApiControllerTest" file="/home/albinr/dbwebb-kurser/mvc/me/report/tests/Controller/ApiControllerTest.php" line="19" assertions="6" time="0.007940"/>
      </testsuite>
      <testsuite name="App\Tests\Controller\ApiLibraryControllerTest" file="/home/albinr/dbwebb-kurser/mvc/me/report/tests/Controller/ApiLibraryControllerTest.php" tests="3" assertions="7" errors="0" warnings="0" failures="0" skipped="0" time="0.077788">
        <testcase name="testApiLibraryReturnsAllBooks" class="App\Tests\Controller\ApiLibraryControllerTest" classname="App.Tests.Controller.ApiLibraryControllerTest" file="/home/albinr/dbwebb-kurser/mvc/me/report/tests/Controller/ApiLibraryControllerTest.php" line="10" assertions="3" time="0.056605"/>
        <testcase name="testApiBookIsbnFound" class="App\Tests\Controller\ApiLibraryControllerTest" classname="App.Tests.Controller.ApiLibraryControllerTest" file="/home/albinr/dbwebb-kurser/mvc/me/report/tests/Controller/ApiLibraryControllerTest.php" line="21" assertions="2" time="0.011769"/>
        <testcase name="testApiBookIsbnNotFound" class="App\Tests\Controller\ApiLibraryControllerTest" classname="App.Tests.Controller.ApiLibraryControllerTest" file="/home/albinr/dbwebb-kurser/mvc/me/report/tests/Controller/ApiLibraryControllerTest.php" line="31" assertions="2" time="0.009413"/>
      </testsuite>
      <testsuite name="App\Tests\Controller\CardControllerTest" file="/home/albinr/dbwebb-kurser/mvc/me/report/tests/Controller/CardControllerTest.php" tests="4" assertions="5" errors="0" warnings="0" failures="0" skipped="0" time="0.106881">
        <testcase name="testCard" class="App\Tests\Controller\CardControllerTest" classname="App.Tests.Controller.CardControllerTest" file="/home/albinr/dbwebb-kurser/mvc/me/report/tests/Controller/CardControllerTest.php" line="10" assertions="2" time="0.014271"/>
        <testcase name="testDeck" class="App\Tests\Controller\CardControllerTest" classname="App.Tests.Controller.CardControllerTest" file="/home/albinr/dbwebb-kurser/mvc/me/report/tests/Controller/CardControllerTest.php" line="19" assertions="1" time="0.038248"/>
        <testcase name="testShuffle" class="App\Tests\Controller\CardControllerTest" classname="App.Tests.Controller.CardControllerTest" file="/home/albinr/dbwebb-kurser/mvc/me/report/tests/Controller/CardControllerTest.php" line="27" assertions="1" time="0.037947"/>
        <testcase name="testDraw" class="App\Tests\Controller\CardControllerTest" classname="App.Tests.Controller.CardControllerTest" file="/home/albinr/dbwebb-kurser/mvc/me/report/tests/Controller/CardControllerTest.php" line="35" assertions="1" time="0.016415"/>
      </testsuite>
      <testsuite name="App\Tests\Entity\BookTest" file="/home/albinr/dbwebb-kurser/mvc/me/report/tests/Entity/BookTest.php" tests="4" assertions="4" errors="0" warnings="0" failures="0" skipped="0" time="0.001248">
        <testcase name="testGetSetTitle" class="App\Tests\Entity\BookTest" classname="App.Tests.Entity.BookTest" file="/home/albinr/dbwebb-kurser/mvc/me/report/tests/Entity/BookTest.php" line="10" assertions="1" time="0.000317"/>
        <testcase name="testGetISBN" class="App\Tests\Entity\BookTest" classname="App.Tests.Entity.BookTest" file="/home/albinr/dbwebb-kurser/mvc/me/report/tests/Entity/BookTest.php" line="18" assertions="1" time="0.000321"/>
        <testcase name="testGetAuthor" class="App\Tests\Entity\BookTest" classname="App.Tests.Entity.BookTest" file="/home/albinr/dbwebb-kurser/mvc/me/report/tests/Entity/BookTest.php" line="26" assertions="1" time="0.000288"/>
        <testcase name="testGetImage" class="App\Tests\Entity\BookTest" classname="App.Tests.Entity.BookTest" file="/home/albinr/dbwebb-kurser/mvc/me/report/tests/Entity/BookTest.php" line="34" assertions="1" time="0.000321"/>
      </testsuite>
    </testsuite>
  </testsuite>
</testsuites>
