<?xml version="1.0" encoding="UTF-8"?>
<testsuites>
  <testsuite name="" tests="65" assertions="128" errors="0" warnings="0" failures="0" skipped="0" time="0.862068">
    <testsuite name="Project Test Suite" tests="65" assertions="128" errors="0" warnings="0" failures="0" skipped="0" time="0.862068">
      <testsuite name="App\Card\CardGraphicTest" file="/home/albinr/dbwebb-kurser/mvc/me/report/tests/Card/CardGraphicTest.php" tests="3" assertions="7" errors="0" warnings="0" failures="0" skipped="0" time="0.012353">
        <testcase name="testRenderedSuitSymbolsAndColors" class="App\Card\CardGraphicTest" classname="App.Card.CardGraphicTest" file="/home/albinr/dbwebb-kurser/mvc/me/report/tests/Card/CardGraphicTest.php" line="12" assertions="4" time="0.009850"/>
        <testcase name="testRenderOutputStructure" class="App\Card\CardGraphicTest" classname="App.Card.CardGraphicTest" file="/home/albinr/dbwebb-kurser/mvc/me/report/tests/Card/CardGraphicTest.php" line="25" assertions="1" time="0.000826"/>
        <testcase name="testRenderWithUnrecognizedSuit" class="App\Card\CardGraphicTest" classname="App.Card.CardGraphicTest" file="/home/albinr/dbwebb-kurser/mvc/me/report/tests/Card/CardGraphicTest.php" line="39" assertions="2" time="0.001678"/>
      </testsuite>
      <testsuite name="App\Card\CardHandTest" file="/home/albinr/dbwebb-kurser/mvc/me/report/tests/Card/CardHandTest.php" tests="6" assertions="9" errors="0" warnings="0" failures="0" skipped="0" time="0.003054">
        <testcase name="testConstructorInitialization" class="App\Card\CardHandTest" classname="App.Card.CardHandTest" file="/home/albinr/dbwebb-kurser/mvc/me/report/tests/Card/CardHandTest.php" line="12" assertions="3" time="0.001277"/>
        <testcase name="testAddCard" class="App\Card\CardHandTest" classname="App.Card.CardHandTest" file="/home/albinr/dbwebb-kurser/mvc/me/report/tests/Card/CardHandTest.php" line="26" assertions="2" time="0.000339"/>
        <testcase name="testShowHand" class="App\Card\CardHandTest" classname="App.Card.CardHandTest" file="/home/albinr/dbwebb-kurser/mvc/me/report/tests/Card/CardHandTest.php" line="35" assertions="1" time="0.000361"/>
        <testcase name="testClearHand" class="App\Card\CardHandTest" classname="App.Card.CardHandTest" file="/home/albinr/dbwebb-kurser/mvc/me/report/tests/Card/CardHandTest.php" line="45" assertions="1" time="0.000316"/>
        <testcase name="testToArray" class="App\Card\CardHandTest" classname="App.Card.CardHandTest" file="/home/albinr/dbwebb-kurser/mvc/me/report/tests/Card/CardHandTest.php" line="54" assertions="1" time="0.000368"/>
        <testcase name="testGetRenderedHand" class="App\Card\CardHandTest" classname="App.Card.CardHandTest" file="/home/albinr/dbwebb-kurser/mvc/me/report/tests/Card/CardHandTest.php" line="65" assertions="1" time="0.000395"/>
      </testsuite>
      <testsuite name="App\Card\CardTest" file="/home/albinr/dbwebb-kurser/mvc/me/report/tests/Card/CardTest.php" tests="5" assertions="8" errors="0" warnings="0" failures="0" skipped="0" time="0.002141">
        <testcase name="testCreateCard" class="App\Card\CardTest" classname="App.Card.CardTest" file="/home/albinr/dbwebb-kurser/mvc/me/report/tests/Card/CardTest.php" line="16" assertions="4" time="0.000809"/>
        <testcase name="testGetAsString" class="App\Card\CardTest" classname="App.Card.CardTest" file="/home/albinr/dbwebb-kurser/mvc/me/report/tests/Card/CardTest.php" line="27" assertions="1" time="0.000331"/>
        <testcase name="testGetValue" class="App\Card\CardTest" classname="App.Card.CardTest" file="/home/albinr/dbwebb-kurser/mvc/me/report/tests/Card/CardTest.php" line="36" assertions="1" time="0.000356"/>
        <testcase name="testGetSuit" class="App\Card\CardTest" classname="App.Card.CardTest" file="/home/albinr/dbwebb-kurser/mvc/me/report/tests/Card/CardTest.php" line="45" assertions="1" time="0.000302"/>
        <testcase name="testGetId" class="App\Card\CardTest" classname="App.Card.CardTest" file="/home/albinr/dbwebb-kurser/mvc/me/report/tests/Card/CardTest.php" line="54" assertions="1" time="0.000344"/>
      </testsuite>
      <testsuite name="App\Card\DeckOfCardsTest" file="/home/albinr/dbwebb-kurser/mvc/me/report/tests/Card/DeckOfCardsTest.php" tests="7" assertions="25" errors="0" warnings="0" failures="0" skipped="0" time="0.014354">
        <testcase name="testInitialization" class="App\Card\DeckOfCardsTest" classname="App.Card.DeckOfCardsTest" file="/home/albinr/dbwebb-kurser/mvc/me/report/tests/Card/DeckOfCardsTest.php" line="12" assertions="3" time="0.000829"/>
        <testcase name="testConstructFromArray" class="App\Card\DeckOfCardsTest" classname="App.Card.DeckOfCardsTest" file="/home/albinr/dbwebb-kurser/mvc/me/report/tests/Card/DeckOfCardsTest.php" line="22" assertions="13" time="0.000430"/>
        <testcase name="testShuffle" class="App\Card\DeckOfCardsTest" classname="App.Card.DeckOfCardsTest" file="/home/albinr/dbwebb-kurser/mvc/me/report/tests/Card/DeckOfCardsTest.php" line="41" assertions="1" time="0.009249"/>
        <testcase name="testSort" class="App\Card\DeckOfCardsTest" classname="App.Card.DeckOfCardsTest" file="/home/albinr/dbwebb-kurser/mvc/me/report/tests/Card/DeckOfCardsTest.php" line="51" assertions="2" time="0.001451"/>
        <testcase name="testDealCard" class="App\Card\DeckOfCardsTest" classname="App.Card.DeckOfCardsTest" file="/home/albinr/dbwebb-kurser/mvc/me/report/tests/Card/DeckOfCardsTest.php" line="61" assertions="2" time="0.000504"/>
        <testcase name="testToArray" class="App\Card\DeckOfCardsTest" classname="App.Card.DeckOfCardsTest" file="/home/albinr/dbwebb-kurser/mvc/me/report/tests/Card/DeckOfCardsTest.php" line="71" assertions="3" time="0.001469"/>
        <testcase name="testToString" class="App\Card\DeckOfCardsTest" classname="App.Card.DeckOfCardsTest" file="/home/albinr/dbwebb-kurser/mvc/me/report/tests/Card/DeckOfCardsTest.php" line="80" assertions="1" time="0.000422"/>
      </testsuite>
      <testsuite name="App\Card\DeckWithJokersTest" file="/home/albinr/dbwebb-kurser/mvc/me/report/tests/Card/DeckWithJokersTest.php" tests="1" assertions="7" errors="0" warnings="0" failures="0" skipped="0" time="0.000790">
        <testcase name="testInitializationWithJokers" class="App\Card\DeckWithJokersTest" classname="App.Card.DeckWithJokersTest" file="/home/albinr/dbwebb-kurser/mvc/me/report/tests/Card/DeckWithJokersTest.php" line="12" assertions="7" time="0.000790"/>
      </testsuite>
      <testsuite name="App\Card\TwentyOneTest" file="/home/albinr/dbwebb-kurser/mvc/me/report/tests/Card/TwentyOneTest.php" tests="10" assertions="14" errors="0" warnings="0" failures="0" skipped="0" time="0.007912">
        <testcase name="testCreateTwentyOne" class="App\Card\TwentyOneTest" classname="App.Card.TwentyOneTest" file="/home/albinr/dbwebb-kurser/mvc/me/report/tests/Card/TwentyOneTest.php" line="16" assertions="2" time="0.001550"/>
        <testcase name="testInitialGameState" class="App\Card\TwentyOneTest" classname="App.Card.TwentyOneTest" file="/home/albinr/dbwebb-kurser/mvc/me/report/tests/Card/TwentyOneTest.php" line="28" assertions="3" time="0.000948"/>
        <testcase name="testHit" class="App\Card\TwentyOneTest" classname="App.Card.TwentyOneTest" file="/home/albinr/dbwebb-kurser/mvc/me/report/tests/Card/TwentyOneTest.php" line="39" assertions="1" time="0.000571"/>
        <testcase name="testStand" class="App\Card\TwentyOneTest" classname="App.Card.TwentyOneTest" file="/home/albinr/dbwebb-kurser/mvc/me/report/tests/Card/TwentyOneTest.php" line="49" assertions="2" time="0.001483"/>
        <testcase name="testPlayerHitLoss" class="App\Card\TwentyOneTest" classname="App.Card.TwentyOneTest" file="/home/albinr/dbwebb-kurser/mvc/me/report/tests/Card/TwentyOneTest.php" line="60" assertions="1" time="0.000615"/>
        <testcase name="testGameOver" class="App\Card\TwentyOneTest" classname="App.Card.TwentyOneTest" file="/home/albinr/dbwebb-kurser/mvc/me/report/tests/Card/TwentyOneTest.php" line="72" assertions="1" time="0.000567"/>
        <testcase name="testPlayerWins" class="App\Card\TwentyOneTest" classname="App.Card.TwentyOneTest" file="/home/albinr/dbwebb-kurser/mvc/me/report/tests/Card/TwentyOneTest.php" line="81" assertions="1" time="0.000509"/>
        <testcase name="testBankWins" class="App\Card\TwentyOneTest" classname="App.Card.TwentyOneTest" file="/home/albinr/dbwebb-kurser/mvc/me/report/tests/Card/TwentyOneTest.php" line="95" assertions="1" time="0.000644"/>
        <testcase name="testPlayerLoss" class="App\Card\TwentyOneTest" classname="App.Card.TwentyOneTest" file="/home/albinr/dbwebb-kurser/mvc/me/report/tests/Card/TwentyOneTest.php" line="109" assertions="1" time="0.000522"/>
        <testcase name="testBankLoss" class="App\Card\TwentyOneTest" classname="App.Card.TwentyOneTest" file="/home/albinr/dbwebb-kurser/mvc/me/report/tests/Card/TwentyOneTest.php" line="124" assertions="1" time="0.000503"/>
      </testsuite>
      <testsuite name="App\Tests\Controller\ApiCardControllerTest" file="/home/albinr/dbwebb-kurser/mvc/me/report/tests/Controller/ApiCardControllerTest.php" tests="4" assertions="17" errors="0" warnings="0" failures="0" skipped="0" time="0.238726">
        <testcase name="testApiDeck" class="App\Tests\Controller\ApiCardControllerTest" classname="App.Tests.Controller.ApiCardControllerTest" file="/home/albinr/dbwebb-kurser/mvc/me/report/tests/Controller/ApiCardControllerTest.php" line="9" assertions="4" time="0.207659"/>
        <testcase name="testApiDeckShuffle" class="App\Tests\Controller\ApiCardControllerTest" classname="App.Tests.Controller.ApiCardControllerTest" file="/home/albinr/dbwebb-kurser/mvc/me/report/tests/Controller/ApiCardControllerTest.php" line="21" assertions="4" time="0.010479"/>
        <testcase name="testApiDraw" class="App\Tests\Controller\ApiCardControllerTest" classname="App.Tests.Controller.ApiCardControllerTest" file="/home/albinr/dbwebb-kurser/mvc/me/report/tests/Controller/ApiCardControllerTest.php" line="33" assertions="4" time="0.009813"/>
        <testcase name="testApiMultiDraw" class="App\Tests\Controller\ApiCardControllerTest" classname="App.Tests.Controller.ApiCardControllerTest" file="/home/albinr/dbwebb-kurser/mvc/me/report/tests/Controller/ApiCardControllerTest.php" line="45" assertions="5" time="0.010776"/>
      </testsuite>
      <testsuite name="App\Tests\Controller\ApiControllerTest" file="/home/albinr/dbwebb-kurser/mvc/me/report/tests/Controller/ApiControllerTest.php" tests="2" assertions="8" errors="0" warnings="0" failures="0" skipped="0" time="0.040952">
        <testcase name="testApi" class="App\Tests\Controller\ApiControllerTest" classname="App.Tests.Controller.ApiControllerTest" file="/home/albinr/dbwebb-kurser/mvc/me/report/tests/Controller/ApiControllerTest.php" line="9" assertions="2" time="0.032904"/>
        <testcase name="testApiQuote" class="App\Tests\Controller\ApiControllerTest" classname="App.Tests.Controller.ApiControllerTest" file="/home/albinr/dbwebb-kurser/mvc/me/report/tests/Controller/ApiControllerTest.php" line="19" assertions="6" time="0.008048"/>
      </testsuite>
      <testsuite name="App\Tests\Controller\ApiLibraryControllerTest" file="/home/albinr/dbwebb-kurser/mvc/me/report/tests/Controller/ApiLibraryControllerTest.php" tests="2" assertions="4" errors="0" warnings="0" failures="0" skipped="0" time="0.067356">
        <testcase name="testApiBookIsbnFound" class="App\Tests\Controller\ApiLibraryControllerTest" classname="App.Tests.Controller.ApiLibraryControllerTest" file="/home/albinr/dbwebb-kurser/mvc/me/report/tests/Controller/ApiLibraryControllerTest.php" line="21" assertions="2" time="0.057324"/>
        <testcase name="testApiBookIsbnNotFound" class="App\Tests\Controller\ApiLibraryControllerTest" classname="App.Tests.Controller.ApiLibraryControllerTest" file="/home/albinr/dbwebb-kurser/mvc/me/report/tests/Controller/ApiLibraryControllerTest.php" line="31" assertions="2" time="0.010032"/>
      </testsuite>
      <testsuite name="App\Tests\Controller\CardControllerTest" file="/home/albinr/dbwebb-kurser/mvc/me/report/tests/Controller/CardControllerTest.php" tests="4" assertions="5" errors="0" warnings="0" failures="0" skipped="0" time="0.117744">
        <testcase name="testCard" class="App\Tests\Controller\CardControllerTest" classname="App.Tests.Controller.CardControllerTest" file="/home/albinr/dbwebb-kurser/mvc/me/report/tests/Controller/CardControllerTest.php" line="10" assertions="2" time="0.014004"/>
        <testcase name="testDeck" class="App\Tests\Controller\CardControllerTest" classname="App.Tests.Controller.CardControllerTest" file="/home/albinr/dbwebb-kurser/mvc/me/report/tests/Controller/CardControllerTest.php" line="19" assertions="1" time="0.039747"/>
        <testcase name="testShuffle" class="App\Tests\Controller\CardControllerTest" classname="App.Tests.Controller.CardControllerTest" file="/home/albinr/dbwebb-kurser/mvc/me/report/tests/Controller/CardControllerTest.php" line="27" assertions="1" time="0.045530"/>
        <testcase name="testDraw" class="App\Tests\Controller\CardControllerTest" classname="App.Tests.Controller.CardControllerTest" file="/home/albinr/dbwebb-kurser/mvc/me/report/tests/Controller/CardControllerTest.php" line="35" assertions="1" time="0.018463"/>
      </testsuite>
      <testsuite name="App\Tests\Controller\LibraryControllerTest" file="/home/albinr/dbwebb-kurser/mvc/me/report/tests/Controller/LibraryControllerTest.php" tests="5" assertions="6" errors="0" warnings="0" failures="0" skipped="0" time="0.100758">
        <testcase name="testLibrary" class="App\Tests\Controller\LibraryControllerTest" classname="App.Tests.Controller.LibraryControllerTest" file="/home/albinr/dbwebb-kurser/mvc/me/report/tests/Controller/LibraryControllerTest.php" line="10" assertions="2" time="0.019283"/>
        <testcase name="testCreate" class="App\Tests\Controller\LibraryControllerTest" classname="App.Tests.Controller.LibraryControllerTest" file="/home/albinr/dbwebb-kurser/mvc/me/report/tests/Controller/LibraryControllerTest.php" line="19" assertions="1" time="0.016198"/>
        <testcase name="testReadOne" class="App\Tests\Controller\LibraryControllerTest" classname="App.Tests.Controller.LibraryControllerTest" file="/home/albinr/dbwebb-kurser/mvc/me/report/tests/Controller/LibraryControllerTest.php" line="28" assertions="1" time="0.017345"/>
        <testcase name="testReadMany" class="App\Tests\Controller\LibraryControllerTest" classname="App.Tests.Controller.LibraryControllerTest" file="/home/albinr/dbwebb-kurser/mvc/me/report/tests/Controller/LibraryControllerTest.php" line="36" assertions="1" time="0.023205"/>
        <testcase name="testUpdateFormBook" class="App\Tests\Controller\LibraryControllerTest" classname="App.Tests.Controller.LibraryControllerTest" file="/home/albinr/dbwebb-kurser/mvc/me/report/tests/Controller/LibraryControllerTest.php" line="44" assertions="1" time="0.024728"/>
      </testsuite>
      <testsuite name="App\Tests\Controller\ReportControllerTest" file="/home/albinr/dbwebb-kurser/mvc/me/report/tests/Controller/ReportControllerTest.php" tests="6" assertions="7" errors="0" warnings="0" failures="0" skipped="0" time="0.110119">
        <testcase name="testHome" class="App\Tests\Controller\ReportControllerTest" classname="App.Tests.Controller.ReportControllerTest" file="/home/albinr/dbwebb-kurser/mvc/me/report/tests/Controller/ReportControllerTest.php" line="10" assertions="2" time="0.015347"/>
        <testcase name="testAbout" class="App\Tests\Controller\ReportControllerTest" classname="App.Tests.Controller.ReportControllerTest" file="/home/albinr/dbwebb-kurser/mvc/me/report/tests/Controller/ReportControllerTest.php" line="19" assertions="1" time="0.015525"/>
        <testcase name="testReport" class="App\Tests\Controller\ReportControllerTest" classname="App.Tests.Controller.ReportControllerTest" file="/home/albinr/dbwebb-kurser/mvc/me/report/tests/Controller/ReportControllerTest.php" line="28" assertions="1" time="0.027202"/>
        <testcase name="testLucky" class="App\Tests\Controller\ReportControllerTest" classname="App.Tests.Controller.ReportControllerTest" file="/home/albinr/dbwebb-kurser/mvc/me/report/tests/Controller/ReportControllerTest.php" line="36" assertions="1" time="0.014865"/>
        <testcase name="testMetrics" class="App\Tests\Controller\ReportControllerTest" classname="App.Tests.Controller.ReportControllerTest" file="/home/albinr/dbwebb-kurser/mvc/me/report/tests/Controller/ReportControllerTest.php" line="44" assertions="1" time="0.020170"/>
        <testcase name="testSession" class="App\Tests\Controller\ReportControllerTest" classname="App.Tests.Controller.ReportControllerTest" file="/home/albinr/dbwebb-kurser/mvc/me/report/tests/Controller/ReportControllerTest.php" line="52" assertions="1" time="0.017010"/>
      </testsuite>
      <testsuite name="App\Tests\Controller\TwentyOneControllerTest" file="/home/albinr/dbwebb-kurser/mvc/me/report/tests/Controller/TwentyOneControllerTest.php" tests="6" assertions="7" errors="0" warnings="0" failures="0" skipped="0" time="0.144218">
        <testcase name="testGame" class="App\Tests\Controller\TwentyOneControllerTest" classname="App.Tests.Controller.TwentyOneControllerTest" file="/home/albinr/dbwebb-kurser/mvc/me/report/tests/Controller/TwentyOneControllerTest.php" line="10" assertions="2" time="0.016528"/>
        <testcase name="testStart" class="App\Tests\Controller\TwentyOneControllerTest" classname="App.Tests.Controller.TwentyOneControllerTest" file="/home/albinr/dbwebb-kurser/mvc/me/report/tests/Controller/TwentyOneControllerTest.php" line="19" assertions="1" time="0.016697"/>
        <testcase name="testHit" class="App\Tests\Controller\TwentyOneControllerTest" classname="App.Tests.Controller.TwentyOneControllerTest" file="/home/albinr/dbwebb-kurser/mvc/me/report/tests/Controller/TwentyOneControllerTest.php" line="28" assertions="1" time="0.034318"/>
        <testcase name="testStand" class="App\Tests\Controller\TwentyOneControllerTest" classname="App.Tests.Controller.TwentyOneControllerTest" file="/home/albinr/dbwebb-kurser/mvc/me/report/tests/Controller/TwentyOneControllerTest.php" line="37" assertions="1" time="0.036586"/>
        <testcase name="testDoc" class="App\Tests\Controller\TwentyOneControllerTest" classname="App.Tests.Controller.TwentyOneControllerTest" file="/home/albinr/dbwebb-kurser/mvc/me/report/tests/Controller/TwentyOneControllerTest.php" line="46" assertions="1" time="0.020947"/>
        <testcase name="testApiGameStatus" class="App\Tests\Controller\TwentyOneControllerTest" classname="App.Tests.Controller.TwentyOneControllerTest" file="/home/albinr/dbwebb-kurser/mvc/me/report/tests/Controller/TwentyOneControllerTest.php" line="54" assertions="1" time="0.019142"/>
      </testsuite>
      <testsuite name="App\Tests\Entity\BookTest" file="/home/albinr/dbwebb-kurser/mvc/me/report/tests/Entity/BookTest.php" tests="4" assertions="4" errors="0" warnings="0" failures="0" skipped="0" time="0.001590">
        <testcase name="testGetSetTitle" class="App\Tests\Entity\BookTest" classname="App.Tests.Entity.BookTest" file="/home/albinr/dbwebb-kurser/mvc/me/report/tests/Entity/BookTest.php" line="10" assertions="1" time="0.000395"/>
        <testcase name="testGetISBN" class="App\Tests\Entity\BookTest" classname="App.Tests.Entity.BookTest" file="/home/albinr/dbwebb-kurser/mvc/me/report/tests/Entity/BookTest.php" line="18" assertions="1" time="0.000396"/>
        <testcase name="testGetAuthor" class="App\Tests\Entity\BookTest" classname="App.Tests.Entity.BookTest" file="/home/albinr/dbwebb-kurser/mvc/me/report/tests/Entity/BookTest.php" line="26" assertions="1" time="0.000493"/>
        <testcase name="testGetImage" class="App\Tests\Entity\BookTest" classname="App.Tests.Entity.BookTest" file="/home/albinr/dbwebb-kurser/mvc/me/report/tests/Entity/BookTest.php" line="34" assertions="1" time="0.000307"/>
      </testsuite>
    </testsuite>
  </testsuite>
</testsuites>
