<?xml version="1.0" encoding="UTF-8"?>
<testsuites>
  <testsuite name="" tests="110" assertions="257" errors="0" warnings="0" failures="0" skipped="0" time="4.567018">
    <testsuite name="Project Test Suite" tests="110" assertions="257" errors="0" warnings="0" failures="0" skipped="0" time="4.567018">
      <testsuite name="App\Card\BlackJackTest" file="/home/albinr/dbwebb-kurser/mvc/me/report/tests/Card/BlackJackTest.php" tests="9" assertions="27" errors="0" warnings="0" failures="0" skipped="0" time="0.021490">
        <testcase name="testInitWithPlayers" class="App\Card\BlackJackTest" classname="App.Card.BlackJackTest" file="/home/albinr/dbwebb-kurser/mvc/me/report/tests/Card/BlackJackTest.php" line="12" assertions="3" time="0.011491"/>
        <testcase name="testPlayerHit" class="App\Card\BlackJackTest" classname="App.Card.BlackJackTest" file="/home/albinr/dbwebb-kurser/mvc/me/report/tests/Card/BlackJackTest.php" line="26" assertions="2" time="0.001164"/>
        <testcase name="testPlayerStand" class="App\Card\BlackJackTest" classname="App.Card.BlackJackTest" file="/home/albinr/dbwebb-kurser/mvc/me/report/tests/Card/BlackJackTest.php" line="47" assertions="1" time="0.000691"/>
        <testcase name="testAllPlayersStandBankPlays" class="App\Card\BlackJackTest" classname="App.Card.BlackJackTest" file="/home/albinr/dbwebb-kurser/mvc/me/report/tests/Card/BlackJackTest.php" line="60" assertions="1" time="0.000625"/>
        <testcase name="testGameResults" class="App\Card\BlackJackTest" classname="App.Card.BlackJackTest" file="/home/albinr/dbwebb-kurser/mvc/me/report/tests/Card/BlackJackTest.php" line="74" assertions="10" time="0.001525"/>
        <testcase name="testBankPlay" class="App\Card\BlackJackTest" classname="App.Card.BlackJackTest" file="/home/albinr/dbwebb-kurser/mvc/me/report/tests/Card/BlackJackTest.php" line="97" assertions="3" time="0.002671"/>
        <testcase name="testToSessionAndFromSession" class="App\Card\BlackJackTest" classname="App.Card.BlackJackTest" file="/home/albinr/dbwebb-kurser/mvc/me/report/tests/Card/BlackJackTest.php" line="113" assertions="4" time="0.001459"/>
        <testcase name="testMultipleDecks" class="App\Card\BlackJackTest" classname="App.Card.BlackJackTest" file="/home/albinr/dbwebb-kurser/mvc/me/report/tests/Card/BlackJackTest.php" line="132" assertions="2" time="0.000763"/>
        <testcase name="testNoPlayers" class="App\Card\BlackJackTest" classname="App.Card.BlackJackTest" file="/home/albinr/dbwebb-kurser/mvc/me/report/tests/Card/BlackJackTest.php" line="146" assertions="1" time="0.001100"/>
      </testsuite>
      <testsuite name="App\Card\CardGraphicTest" file="/home/albinr/dbwebb-kurser/mvc/me/report/tests/Card/CardGraphicTest.php" tests="3" assertions="7" errors="0" warnings="0" failures="0" skipped="0" time="0.002685">
        <testcase name="testRenderedSuitSymbolsAndColors" class="App\Card\CardGraphicTest" classname="App.Card.CardGraphicTest" file="/home/albinr/dbwebb-kurser/mvc/me/report/tests/Card/CardGraphicTest.php" line="12" assertions="4" time="0.000824"/>
        <testcase name="testRenderOutputStructure" class="App\Card\CardGraphicTest" classname="App.Card.CardGraphicTest" file="/home/albinr/dbwebb-kurser/mvc/me/report/tests/Card/CardGraphicTest.php" line="25" assertions="1" time="0.000583"/>
        <testcase name="testRenderWithUnrecognizedSuit" class="App\Card\CardGraphicTest" classname="App.Card.CardGraphicTest" file="/home/albinr/dbwebb-kurser/mvc/me/report/tests/Card/CardGraphicTest.php" line="39" assertions="2" time="0.001279"/>
      </testsuite>
      <testsuite name="App\Card\CardHandTest" file="/home/albinr/dbwebb-kurser/mvc/me/report/tests/Card/CardHandTest.php" tests="6" assertions="9" errors="0" warnings="0" failures="0" skipped="0" time="0.003274">
        <testcase name="testConstructorInitialization" class="App\Card\CardHandTest" classname="App.Card.CardHandTest" file="/home/albinr/dbwebb-kurser/mvc/me/report/tests/Card/CardHandTest.php" line="12" assertions="3" time="0.000896"/>
        <testcase name="testAddCard" class="App\Card\CardHandTest" classname="App.Card.CardHandTest" file="/home/albinr/dbwebb-kurser/mvc/me/report/tests/Card/CardHandTest.php" line="26" assertions="2" time="0.000338"/>
        <testcase name="testShowHand" class="App\Card\CardHandTest" classname="App.Card.CardHandTest" file="/home/albinr/dbwebb-kurser/mvc/me/report/tests/Card/CardHandTest.php" line="35" assertions="1" time="0.000384"/>
        <testcase name="testClearHand" class="App\Card\CardHandTest" classname="App.Card.CardHandTest" file="/home/albinr/dbwebb-kurser/mvc/me/report/tests/Card/CardHandTest.php" line="45" assertions="1" time="0.000366"/>
        <testcase name="testToArray" class="App\Card\CardHandTest" classname="App.Card.CardHandTest" file="/home/albinr/dbwebb-kurser/mvc/me/report/tests/Card/CardHandTest.php" line="54" assertions="1" time="0.000547"/>
        <testcase name="testGetRenderedHand" class="App\Card\CardHandTest" classname="App.Card.CardHandTest" file="/home/albinr/dbwebb-kurser/mvc/me/report/tests/Card/CardHandTest.php" line="65" assertions="1" time="0.000743"/>
      </testsuite>
      <testsuite name="App\Card\CardTest" file="/home/albinr/dbwebb-kurser/mvc/me/report/tests/Card/CardTest.php" tests="5" assertions="8" errors="0" warnings="0" failures="0" skipped="0" time="0.002115">
        <testcase name="testCreateCard" class="App\Card\CardTest" classname="App.Card.CardTest" file="/home/albinr/dbwebb-kurser/mvc/me/report/tests/Card/CardTest.php" line="16" assertions="4" time="0.000786"/>
        <testcase name="testGetAsString" class="App\Card\CardTest" classname="App.Card.CardTest" file="/home/albinr/dbwebb-kurser/mvc/me/report/tests/Card/CardTest.php" line="27" assertions="1" time="0.000339"/>
        <testcase name="testGetValue" class="App\Card\CardTest" classname="App.Card.CardTest" file="/home/albinr/dbwebb-kurser/mvc/me/report/tests/Card/CardTest.php" line="36" assertions="1" time="0.000315"/>
        <testcase name="testGetSuit" class="App\Card\CardTest" classname="App.Card.CardTest" file="/home/albinr/dbwebb-kurser/mvc/me/report/tests/Card/CardTest.php" line="45" assertions="1" time="0.000309"/>
        <testcase name="testGetId" class="App\Card\CardTest" classname="App.Card.CardTest" file="/home/albinr/dbwebb-kurser/mvc/me/report/tests/Card/CardTest.php" line="54" assertions="1" time="0.000367"/>
      </testsuite>
      <testsuite name="App\Card\DeckOfCardsTest" file="/home/albinr/dbwebb-kurser/mvc/me/report/tests/Card/DeckOfCardsTest.php" tests="7" assertions="25" errors="0" warnings="0" failures="0" skipped="0" time="0.015019">
        <testcase name="testInitialization" class="App\Card\DeckOfCardsTest" classname="App.Card.DeckOfCardsTest" file="/home/albinr/dbwebb-kurser/mvc/me/report/tests/Card/DeckOfCardsTest.php" line="12" assertions="3" time="0.000452"/>
        <testcase name="testConstructFromArray" class="App\Card\DeckOfCardsTest" classname="App.Card.DeckOfCardsTest" file="/home/albinr/dbwebb-kurser/mvc/me/report/tests/Card/DeckOfCardsTest.php" line="22" assertions="13" time="0.000471"/>
        <testcase name="testShuffle" class="App\Card\DeckOfCardsTest" classname="App.Card.DeckOfCardsTest" file="/home/albinr/dbwebb-kurser/mvc/me/report/tests/Card/DeckOfCardsTest.php" line="41" assertions="1" time="0.009754"/>
        <testcase name="testSort" class="App\Card\DeckOfCardsTest" classname="App.Card.DeckOfCardsTest" file="/home/albinr/dbwebb-kurser/mvc/me/report/tests/Card/DeckOfCardsTest.php" line="51" assertions="2" time="0.001268"/>
        <testcase name="testDealCard" class="App\Card\DeckOfCardsTest" classname="App.Card.DeckOfCardsTest" file="/home/albinr/dbwebb-kurser/mvc/me/report/tests/Card/DeckOfCardsTest.php" line="61" assertions="2" time="0.000678"/>
        <testcase name="testToArray" class="App\Card\DeckOfCardsTest" classname="App.Card.DeckOfCardsTest" file="/home/albinr/dbwebb-kurser/mvc/me/report/tests/Card/DeckOfCardsTest.php" line="71" assertions="3" time="0.001775"/>
        <testcase name="testToString" class="App\Card\DeckOfCardsTest" classname="App.Card.DeckOfCardsTest" file="/home/albinr/dbwebb-kurser/mvc/me/report/tests/Card/DeckOfCardsTest.php" line="80" assertions="1" time="0.000621"/>
      </testsuite>
      <testsuite name="App\Card\DeckWithJokersTest" file="/home/albinr/dbwebb-kurser/mvc/me/report/tests/Card/DeckWithJokersTest.php" tests="1" assertions="7" errors="0" warnings="0" failures="0" skipped="0" time="0.001129">
        <testcase name="testInitializationWithJokers" class="App\Card\DeckWithJokersTest" classname="App.Card.DeckWithJokersTest" file="/home/albinr/dbwebb-kurser/mvc/me/report/tests/Card/DeckWithJokersTest.php" line="12" assertions="7" time="0.001129"/>
      </testsuite>
      <testsuite name="App\Card\PlayerTest" file="/home/albinr/dbwebb-kurser/mvc/me/report/tests/Card/PlayerTest.php" tests="7" assertions="22" errors="0" warnings="0" failures="0" skipped="0" time="0.003997">
        <testcase name="testPlayerInit" class="App\Card\PlayerTest" classname="App.Card.PlayerTest" file="/home/albinr/dbwebb-kurser/mvc/me/report/tests/Card/PlayerTest.php" line="12" assertions="6" time="0.000907"/>
        <testcase name="testAddAndGetHands" class="App\Card\PlayerTest" classname="App.Card.PlayerTest" file="/home/albinr/dbwebb-kurser/mvc/me/report/tests/Card/PlayerTest.php" line="24" assertions="3" time="0.001031"/>
        <testcase name="testSetAndGetHand" class="App\Card\PlayerTest" classname="App.Card.PlayerTest" file="/home/albinr/dbwebb-kurser/mvc/me/report/tests/Card/PlayerTest.php" line="39" assertions="2" time="0.000369"/>
        <testcase name="testSetAndGetResults" class="App\Card\PlayerTest" classname="App.Card.PlayerTest" file="/home/albinr/dbwebb-kurser/mvc/me/report/tests/Card/PlayerTest.php" line="52" assertions="5" time="0.000373"/>
        <testcase name="testGetResultReturnsNullIfNoResult" class="App\Card\PlayerTest" classname="App.Card.PlayerTest" file="/home/albinr/dbwebb-kurser/mvc/me/report/tests/Card/PlayerTest.php" line="68" assertions="2" time="0.000474"/>
        <testcase name="testOverwriteResults" class="App\Card\PlayerTest" classname="App.Card.PlayerTest" file="/home/albinr/dbwebb-kurser/mvc/me/report/tests/Card/PlayerTest.php" line="77" assertions="1" time="0.000438"/>
        <testcase name="testAddHandIncreasesResultsArray" class="App\Card\PlayerTest" classname="App.Card.PlayerTest" file="/home/albinr/dbwebb-kurser/mvc/me/report/tests/Card/PlayerTest.php" line="87" assertions="3" time="0.000404"/>
      </testsuite>
      <testsuite name="App\Card\TwentyOneTest" file="/home/albinr/dbwebb-kurser/mvc/me/report/tests/Card/TwentyOneTest.php" tests="10" assertions="14" errors="0" warnings="0" failures="0" skipped="0" time="0.007307">
        <testcase name="testCreateTwentyOne" class="App\Card\TwentyOneTest" classname="App.Card.TwentyOneTest" file="/home/albinr/dbwebb-kurser/mvc/me/report/tests/Card/TwentyOneTest.php" line="16" assertions="2" time="0.001535"/>
        <testcase name="testInitialGameState" class="App\Card\TwentyOneTest" classname="App.Card.TwentyOneTest" file="/home/albinr/dbwebb-kurser/mvc/me/report/tests/Card/TwentyOneTest.php" line="28" assertions="3" time="0.001132"/>
        <testcase name="testHit" class="App\Card\TwentyOneTest" classname="App.Card.TwentyOneTest" file="/home/albinr/dbwebb-kurser/mvc/me/report/tests/Card/TwentyOneTest.php" line="39" assertions="1" time="0.000905"/>
        <testcase name="testStand" class="App\Card\TwentyOneTest" classname="App.Card.TwentyOneTest" file="/home/albinr/dbwebb-kurser/mvc/me/report/tests/Card/TwentyOneTest.php" line="49" assertions="2" time="0.000657"/>
        <testcase name="testPlayerHitLoss" class="App\Card\TwentyOneTest" classname="App.Card.TwentyOneTest" file="/home/albinr/dbwebb-kurser/mvc/me/report/tests/Card/TwentyOneTest.php" line="60" assertions="1" time="0.000580"/>
        <testcase name="testGameOver" class="App\Card\TwentyOneTest" classname="App.Card.TwentyOneTest" file="/home/albinr/dbwebb-kurser/mvc/me/report/tests/Card/TwentyOneTest.php" line="72" assertions="1" time="0.000534"/>
        <testcase name="testPlayerWins" class="App\Card\TwentyOneTest" classname="App.Card.TwentyOneTest" file="/home/albinr/dbwebb-kurser/mvc/me/report/tests/Card/TwentyOneTest.php" line="81" assertions="1" time="0.000484"/>
        <testcase name="testBankWins" class="App\Card\TwentyOneTest" classname="App.Card.TwentyOneTest" file="/home/albinr/dbwebb-kurser/mvc/me/report/tests/Card/TwentyOneTest.php" line="95" assertions="1" time="0.000504"/>
        <testcase name="testPlayerLoss" class="App\Card\TwentyOneTest" classname="App.Card.TwentyOneTest" file="/home/albinr/dbwebb-kurser/mvc/me/report/tests/Card/TwentyOneTest.php" line="109" assertions="1" time="0.000491"/>
        <testcase name="testBankLoss" class="App\Card\TwentyOneTest" classname="App.Card.TwentyOneTest" file="/home/albinr/dbwebb-kurser/mvc/me/report/tests/Card/TwentyOneTest.php" line="124" assertions="1" time="0.000487"/>
      </testsuite>
      <testsuite name="App\Tests\Controller\ApiBlackJackControllerTest" file="/home/albinr/dbwebb-kurser/mvc/me/report/tests/Controller/ApiBlackJackControllerTest.php" tests="9" assertions="32" errors="0" warnings="0" failures="0" skipped="0" time="2.848763">
        <testcase name="testApiBlackJackSetup" class="App\Tests\Controller\ApiBlackJackControllerTest" classname="App.Tests.Controller.ApiBlackJackControllerTest" file="/home/albinr/dbwebb-kurser/mvc/me/report/tests/Controller/ApiBlackJackControllerTest.php" line="9" assertions="5" time="2.629810"/>
        <testcase name="testApiBlackJackStatusNoGame" class="App\Tests\Controller\ApiBlackJackControllerTest" classname="App.Tests.Controller.ApiBlackJackControllerTest" file="/home/albinr/dbwebb-kurser/mvc/me/report/tests/Controller/ApiBlackJackControllerTest.php" line="26" assertions="3" time="0.015042"/>
        <testcase name="testApiBlackJackStatusWithGame" class="App\Tests\Controller\ApiBlackJackControllerTest" classname="App.Tests.Controller.ApiBlackJackControllerTest" file="/home/albinr/dbwebb-kurser/mvc/me/report/tests/Controller/ApiBlackJackControllerTest.php" line="41" assertions="5" time="0.050511"/>
        <testcase name="testApiBlackJackHitWithoutGame" class="App\Tests\Controller\ApiBlackJackControllerTest" classname="App.Tests.Controller.ApiBlackJackControllerTest" file="/home/albinr/dbwebb-kurser/mvc/me/report/tests/Controller/ApiBlackJackControllerTest.php" line="60" assertions="3" time="0.014293"/>
        <testcase name="testApiBlackJackHitWithGame" class="App\Tests\Controller\ApiBlackJackControllerTest" classname="App.Tests.Controller.ApiBlackJackControllerTest" file="/home/albinr/dbwebb-kurser/mvc/me/report/tests/Controller/ApiBlackJackControllerTest.php" line="75" assertions="3" time="0.031304"/>
        <testcase name="testApiBlackJackStandWithoutGame" class="App\Tests\Controller\ApiBlackJackControllerTest" classname="App.Tests.Controller.ApiBlackJackControllerTest" file="/home/albinr/dbwebb-kurser/mvc/me/report/tests/Controller/ApiBlackJackControllerTest.php" line="92" assertions="3" time="0.016572"/>
        <testcase name="testApiBlackJackStandWithGame" class="App\Tests\Controller\ApiBlackJackControllerTest" classname="App.Tests.Controller.ApiBlackJackControllerTest" file="/home/albinr/dbwebb-kurser/mvc/me/report/tests/Controller/ApiBlackJackControllerTest.php" line="107" assertions="3" time="0.034218"/>
        <testcase name="testApiBlackJackDeckWithoutGame" class="App\Tests\Controller\ApiBlackJackControllerTest" classname="App.Tests.Controller.ApiBlackJackControllerTest" file="/home/albinr/dbwebb-kurser/mvc/me/report/tests/Controller/ApiBlackJackControllerTest.php" line="124" assertions="3" time="0.020337"/>
        <testcase name="testApiBlackJackDeckWithGame" class="App\Tests\Controller\ApiBlackJackControllerTest" classname="App.Tests.Controller.ApiBlackJackControllerTest" file="/home/albinr/dbwebb-kurser/mvc/me/report/tests/Controller/ApiBlackJackControllerTest.php" line="139" assertions="4" time="0.036676"/>
      </testsuite>
      <testsuite name="App\Tests\Controller\ApiCardControllerTest" file="/home/albinr/dbwebb-kurser/mvc/me/report/tests/Controller/ApiCardControllerTest.php" tests="4" assertions="17" errors="0" warnings="0" failures="0" skipped="0" time="0.057830">
        <testcase name="testApiDeck" class="App\Tests\Controller\ApiCardControllerTest" classname="App.Tests.Controller.ApiCardControllerTest" file="/home/albinr/dbwebb-kurser/mvc/me/report/tests/Controller/ApiCardControllerTest.php" line="9" assertions="4" time="0.012309"/>
        <testcase name="testApiDeckShuffle" class="App\Tests\Controller\ApiCardControllerTest" classname="App.Tests.Controller.ApiCardControllerTest" file="/home/albinr/dbwebb-kurser/mvc/me/report/tests/Controller/ApiCardControllerTest.php" line="21" assertions="4" time="0.011581"/>
        <testcase name="testApiDraw" class="App\Tests\Controller\ApiCardControllerTest" classname="App.Tests.Controller.ApiCardControllerTest" file="/home/albinr/dbwebb-kurser/mvc/me/report/tests/Controller/ApiCardControllerTest.php" line="33" assertions="4" time="0.012538"/>
        <testcase name="testApiMultiDraw" class="App\Tests\Controller\ApiCardControllerTest" classname="App.Tests.Controller.ApiCardControllerTest" file="/home/albinr/dbwebb-kurser/mvc/me/report/tests/Controller/ApiCardControllerTest.php" line="45" assertions="5" time="0.021402"/>
      </testsuite>
      <testsuite name="App\Tests\Controller\ApiControllerTest" file="/home/albinr/dbwebb-kurser/mvc/me/report/tests/Controller/ApiControllerTest.php" tests="2" assertions="8" errors="0" warnings="0" failures="0" skipped="0" time="0.075616">
        <testcase name="testApi" class="App\Tests\Controller\ApiControllerTest" classname="App.Tests.Controller.ApiControllerTest" file="/home/albinr/dbwebb-kurser/mvc/me/report/tests/Controller/ApiControllerTest.php" line="9" assertions="2" time="0.062025"/>
        <testcase name="testApiQuote" class="App\Tests\Controller\ApiControllerTest" classname="App.Tests.Controller.ApiControllerTest" file="/home/albinr/dbwebb-kurser/mvc/me/report/tests/Controller/ApiControllerTest.php" line="19" assertions="6" time="0.013591"/>
      </testsuite>
      <testsuite name="App\Tests\Controller\ApiLibraryControllerTest" file="/home/albinr/dbwebb-kurser/mvc/me/report/tests/Controller/ApiLibraryControllerTest.php" tests="3" assertions="7" errors="0" warnings="0" failures="0" skipped="0" time="0.071043">
        <testcase name="testApiLibraryReturnsAllBooks" class="App\Tests\Controller\ApiLibraryControllerTest" classname="App.Tests.Controller.ApiLibraryControllerTest" file="/home/albinr/dbwebb-kurser/mvc/me/report/tests/Controller/ApiLibraryControllerTest.php" line="10" assertions="3" time="0.035502"/>
        <testcase name="testApiBookIsbnFound" class="App\Tests\Controller\ApiLibraryControllerTest" classname="App.Tests.Controller.ApiLibraryControllerTest" file="/home/albinr/dbwebb-kurser/mvc/me/report/tests/Controller/ApiLibraryControllerTest.php" line="21" assertions="2" time="0.016867"/>
        <testcase name="testApiBookIsbnNotFound" class="App\Tests\Controller\ApiLibraryControllerTest" classname="App.Tests.Controller.ApiLibraryControllerTest" file="/home/albinr/dbwebb-kurser/mvc/me/report/tests/Controller/ApiLibraryControllerTest.php" line="31" assertions="2" time="0.018673"/>
      </testsuite>
      <testsuite name="App\Tests\Controller\BlackJackControllerTest" file="/home/albinr/dbwebb-kurser/mvc/me/report/tests/Controller/BlackJackControllerTest.php" tests="6" assertions="22" errors="0" warnings="0" failures="0" skipped="0" time="0.519285">
        <testcase name="testHome" class="App\Tests\Controller\BlackJackControllerTest" classname="App.Tests.Controller.BlackJackControllerTest" file="/home/albinr/dbwebb-kurser/mvc/me/report/tests/Controller/BlackJackControllerTest.php" line="9" assertions="4" time="0.048899"/>
        <testcase name="testStartGame" class="App\Tests\Controller\BlackJackControllerTest" classname="App.Tests.Controller.BlackJackControllerTest" file="/home/albinr/dbwebb-kurser/mvc/me/report/tests/Controller/BlackJackControllerTest.php" line="20" assertions="3" time="0.059113"/>
        <testcase name="testHitRoute" class="App\Tests\Controller\BlackJackControllerTest" classname="App.Tests.Controller.BlackJackControllerTest" file="/home/albinr/dbwebb-kurser/mvc/me/report/tests/Controller/BlackJackControllerTest.php" line="36" assertions="5" time="0.139555"/>
        <testcase name="testStand" class="App\Tests\Controller\BlackJackControllerTest" classname="App.Tests.Controller.BlackJackControllerTest" file="/home/albinr/dbwebb-kurser/mvc/me/report/tests/Controller/BlackJackControllerTest.php" line="59" assertions="4" time="0.143422"/>
        <testcase name="testCreatePlayerForm" class="App\Tests\Controller\BlackJackControllerTest" classname="App.Tests.Controller.BlackJackControllerTest" file="/home/albinr/dbwebb-kurser/mvc/me/report/tests/Controller/BlackJackControllerTest.php" line="80" assertions="3" time="0.037036"/>
        <testcase name="testPlayerNotSelected" class="App\Tests\Controller\BlackJackControllerTest" classname="App.Tests.Controller.BlackJackControllerTest" file="/home/albinr/dbwebb-kurser/mvc/me/report/tests/Controller/BlackJackControllerTest.php" line="93" assertions="3" time="0.091259"/>
      </testsuite>
      <testsuite name="App\Tests\Controller\CardControllerTest" file="/home/albinr/dbwebb-kurser/mvc/me/report/tests/Controller/CardControllerTest.php" tests="4" assertions="5" errors="0" warnings="0" failures="0" skipped="0" time="0.210941">
        <testcase name="testCard" class="App\Tests\Controller\CardControllerTest" classname="App.Tests.Controller.CardControllerTest" file="/home/albinr/dbwebb-kurser/mvc/me/report/tests/Controller/CardControllerTest.php" line="10" assertions="2" time="0.037959"/>
        <testcase name="testDeck" class="App\Tests\Controller\CardControllerTest" classname="App.Tests.Controller.CardControllerTest" file="/home/albinr/dbwebb-kurser/mvc/me/report/tests/Controller/CardControllerTest.php" line="19" assertions="1" time="0.057054"/>
        <testcase name="testShuffle" class="App\Tests\Controller\CardControllerTest" classname="App.Tests.Controller.CardControllerTest" file="/home/albinr/dbwebb-kurser/mvc/me/report/tests/Controller/CardControllerTest.php" line="27" assertions="1" time="0.084975"/>
        <testcase name="testDraw" class="App\Tests\Controller\CardControllerTest" classname="App.Tests.Controller.CardControllerTest" file="/home/albinr/dbwebb-kurser/mvc/me/report/tests/Controller/CardControllerTest.php" line="35" assertions="1" time="0.030953"/>
      </testsuite>
      <testsuite name="App\Tests\Controller\LibraryControllerTest" file="/home/albinr/dbwebb-kurser/mvc/me/report/tests/Controller/LibraryControllerTest.php" tests="5" assertions="6" errors="0" warnings="0" failures="0" skipped="0" time="0.171288">
        <testcase name="testLibrary" class="App\Tests\Controller\LibraryControllerTest" classname="App.Tests.Controller.LibraryControllerTest" file="/home/albinr/dbwebb-kurser/mvc/me/report/tests/Controller/LibraryControllerTest.php" line="9" assertions="2" time="0.033098"/>
        <testcase name="testCreate" class="App\Tests\Controller\LibraryControllerTest" classname="App.Tests.Controller.LibraryControllerTest" file="/home/albinr/dbwebb-kurser/mvc/me/report/tests/Controller/LibraryControllerTest.php" line="18" assertions="1" time="0.024655"/>
        <testcase name="testReadOne" class="App\Tests\Controller\LibraryControllerTest" classname="App.Tests.Controller.LibraryControllerTest" file="/home/albinr/dbwebb-kurser/mvc/me/report/tests/Controller/LibraryControllerTest.php" line="27" assertions="1" time="0.032305"/>
        <testcase name="testReadMany" class="App\Tests\Controller\LibraryControllerTest" classname="App.Tests.Controller.LibraryControllerTest" file="/home/albinr/dbwebb-kurser/mvc/me/report/tests/Controller/LibraryControllerTest.php" line="35" assertions="1" time="0.051918"/>
        <testcase name="testUpdateFormBook" class="App\Tests\Controller\LibraryControllerTest" classname="App.Tests.Controller.LibraryControllerTest" file="/home/albinr/dbwebb-kurser/mvc/me/report/tests/Controller/LibraryControllerTest.php" line="43" assertions="1" time="0.029312"/>
      </testsuite>
      <testsuite name="App\Tests\Controller\ProjControllerTest" file="/home/albinr/dbwebb-kurser/mvc/me/report/tests/Controller/ProjContollerTest.php" tests="3" assertions="3" errors="0" warnings="0" failures="0" skipped="0" time="0.115152">
        <testcase name="testProjHome" class="App\Tests\Controller\ProjControllerTest" classname="App.Tests.Controller.ProjControllerTest" file="/home/albinr/dbwebb-kurser/mvc/me/report/tests/Controller/ProjContollerTest.php" line="9" assertions="1" time="0.052174"/>
        <testcase name="testAbout" class="App\Tests\Controller\ProjControllerTest" classname="App.Tests.Controller.ProjControllerTest" file="/home/albinr/dbwebb-kurser/mvc/me/report/tests/Controller/ProjContollerTest.php" line="17" assertions="1" time="0.024368"/>
        <testcase name="testApiBlackJack" class="App\Tests\Controller\ProjControllerTest" classname="App.Tests.Controller.ProjControllerTest" file="/home/albinr/dbwebb-kurser/mvc/me/report/tests/Controller/ProjContollerTest.php" line="25" assertions="1" time="0.038610"/>
      </testsuite>
      <testsuite name="App\Tests\Controller\ReportControllerTest" file="/home/albinr/dbwebb-kurser/mvc/me/report/tests/Controller/ReportControllerTest.php" tests="7" assertions="10" errors="0" warnings="0" failures="0" skipped="0" time="0.234370">
        <testcase name="testHome" class="App\Tests\Controller\ReportControllerTest" classname="App.Tests.Controller.ReportControllerTest" file="/home/albinr/dbwebb-kurser/mvc/me/report/tests/Controller/ReportControllerTest.php" line="9" assertions="2" time="0.034916"/>
        <testcase name="testAbout" class="App\Tests\Controller\ReportControllerTest" classname="App.Tests.Controller.ReportControllerTest" file="/home/albinr/dbwebb-kurser/mvc/me/report/tests/Controller/ReportControllerTest.php" line="18" assertions="1" time="0.034271"/>
        <testcase name="testReport" class="App\Tests\Controller\ReportControllerTest" classname="App.Tests.Controller.ReportControllerTest" file="/home/albinr/dbwebb-kurser/mvc/me/report/tests/Controller/ReportControllerTest.php" line="27" assertions="1" time="0.053599"/>
        <testcase name="testLucky" class="App\Tests\Controller\ReportControllerTest" classname="App.Tests.Controller.ReportControllerTest" file="/home/albinr/dbwebb-kurser/mvc/me/report/tests/Controller/ReportControllerTest.php" line="35" assertions="1" time="0.017966"/>
        <testcase name="testMetrics" class="App\Tests\Controller\ReportControllerTest" classname="App.Tests.Controller.ReportControllerTest" file="/home/albinr/dbwebb-kurser/mvc/me/report/tests/Controller/ReportControllerTest.php" line="43" assertions="1" time="0.026885"/>
        <testcase name="testSession" class="App\Tests\Controller\ReportControllerTest" classname="App.Tests.Controller.ReportControllerTest" file="/home/albinr/dbwebb-kurser/mvc/me/report/tests/Controller/ReportControllerTest.php" line="51" assertions="1" time="0.016983"/>
        <testcase name="testSessionDelete" class="App\Tests\Controller\ReportControllerTest" classname="App.Tests.Controller.ReportControllerTest" file="/home/albinr/dbwebb-kurser/mvc/me/report/tests/Controller/ReportControllerTest.php" line="59" assertions="3" time="0.049751"/>
      </testsuite>
      <testsuite name="App\Tests\Controller\TwentyOneControllerTest" file="/home/albinr/dbwebb-kurser/mvc/me/report/tests/Controller/TwentyOneControllerTest.php" tests="6" assertions="13" errors="0" warnings="0" failures="0" skipped="0" time="0.200862">
        <testcase name="testGame" class="App\Tests\Controller\TwentyOneControllerTest" classname="App.Tests.Controller.TwentyOneControllerTest" file="/home/albinr/dbwebb-kurser/mvc/me/report/tests/Controller/TwentyOneControllerTest.php" line="10" assertions="2" time="0.020899"/>
        <testcase name="testStart" class="App\Tests\Controller\TwentyOneControllerTest" classname="App.Tests.Controller.TwentyOneControllerTest" file="/home/albinr/dbwebb-kurser/mvc/me/report/tests/Controller/TwentyOneControllerTest.php" line="19" assertions="1" time="0.021385"/>
        <testcase name="testHit" class="App\Tests\Controller\TwentyOneControllerTest" classname="App.Tests.Controller.TwentyOneControllerTest" file="/home/albinr/dbwebb-kurser/mvc/me/report/tests/Controller/TwentyOneControllerTest.php" line="28" assertions="1" time="0.045962"/>
        <testcase name="testStand" class="App\Tests\Controller\TwentyOneControllerTest" classname="App.Tests.Controller.TwentyOneControllerTest" file="/home/albinr/dbwebb-kurser/mvc/me/report/tests/Controller/TwentyOneControllerTest.php" line="37" assertions="1" time="0.050855"/>
        <testcase name="testDoc" class="App\Tests\Controller\TwentyOneControllerTest" classname="App.Tests.Controller.TwentyOneControllerTest" file="/home/albinr/dbwebb-kurser/mvc/me/report/tests/Controller/TwentyOneControllerTest.php" line="46" assertions="1" time="0.026018"/>
        <testcase name="testApiGameStatus" class="App\Tests\Controller\TwentyOneControllerTest" classname="App.Tests.Controller.TwentyOneControllerTest" file="/home/albinr/dbwebb-kurser/mvc/me/report/tests/Controller/TwentyOneControllerTest.php" line="54" assertions="7" time="0.035744"/>
      </testsuite>
      <testsuite name="App\Tests\Entity\BookTest" file="/home/albinr/dbwebb-kurser/mvc/me/report/tests/Entity/BookTest.php" tests="4" assertions="4" errors="0" warnings="0" failures="0" skipped="0" time="0.001424">
        <testcase name="testGetSetTitle" class="App\Tests\Entity\BookTest" classname="App.Tests.Entity.BookTest" file="/home/albinr/dbwebb-kurser/mvc/me/report/tests/Entity/BookTest.php" line="10" assertions="1" time="0.000368"/>
        <testcase name="testGetISBN" class="App\Tests\Entity\BookTest" classname="App.Tests.Entity.BookTest" file="/home/albinr/dbwebb-kurser/mvc/me/report/tests/Entity/BookTest.php" line="18" assertions="1" time="0.000366"/>
        <testcase name="testGetAuthor" class="App\Tests\Entity\BookTest" classname="App.Tests.Entity.BookTest" file="/home/albinr/dbwebb-kurser/mvc/me/report/tests/Entity/BookTest.php" line="26" assertions="1" time="0.000360"/>
        <testcase name="testGetImage" class="App\Tests\Entity\BookTest" classname="App.Tests.Entity.BookTest" file="/home/albinr/dbwebb-kurser/mvc/me/report/tests/Entity/BookTest.php" line="34" assertions="1" time="0.000329"/>
      </testsuite>
      <testsuite name="GameHistoryTest" file="/home/albinr/dbwebb-kurser/mvc/me/report/tests/Entity/GameHistoryTest.php" tests="4" assertions="4" errors="0" warnings="0" failures="0" skipped="0" time="0.001456">
        <testcase name="testSetAndGetId" class="GameHistoryTest" classname="GameHistoryTest" file="/home/albinr/dbwebb-kurser/mvc/me/report/tests/Entity/GameHistoryTest.php" line="8" assertions="1" time="0.000338"/>
        <testcase name="testSetAndGetGameDate" class="GameHistoryTest" classname="GameHistoryTest" file="/home/albinr/dbwebb-kurser/mvc/me/report/tests/Entity/GameHistoryTest.php" line="20" assertions="1" time="0.000343"/>
        <testcase name="testSetAndGetPlayerDataJson" class="GameHistoryTest" classname="GameHistoryTest" file="/home/albinr/dbwebb-kurser/mvc/me/report/tests/Entity/GameHistoryTest.php" line="30" assertions="1" time="0.000329"/>
        <testcase name="testSetAndGetBankScore" class="GameHistoryTest" classname="GameHistoryTest" file="/home/albinr/dbwebb-kurser/mvc/me/report/tests/Entity/GameHistoryTest.php" line="43" assertions="1" time="0.000445"/>
      </testsuite>
      <testsuite name="PlayerTest" file="/home/albinr/dbwebb-kurser/mvc/me/report/tests/Entity/PlayerTest.php" tests="5" assertions="7" errors="0" warnings="0" failures="0" skipped="0" time="0.001974">
        <testcase name="testSetAndGetPlayerId" class="PlayerTest" classname="PlayerTest" file="/home/albinr/dbwebb-kurser/mvc/me/report/tests/Entity/PlayerTest.php" line="8" assertions="1" time="0.000383"/>
        <testcase name="testSetAndGetName" class="PlayerTest" classname="PlayerTest" file="/home/albinr/dbwebb-kurser/mvc/me/report/tests/Entity/PlayerTest.php" line="20" assertions="1" time="0.000525"/>
        <testcase name="testSetAndGetWins" class="PlayerTest" classname="PlayerTest" file="/home/albinr/dbwebb-kurser/mvc/me/report/tests/Entity/PlayerTest.php" line="30" assertions="1" time="0.000387"/>
        <testcase name="testSetAndGetLosses" class="PlayerTest" classname="PlayerTest" file="/home/albinr/dbwebb-kurser/mvc/me/report/tests/Entity/PlayerTest.php" line="40" assertions="1" time="0.000334"/>
        <testcase name="testPlayerDefaultValues" class="PlayerTest" classname="PlayerTest" file="/home/albinr/dbwebb-kurser/mvc/me/report/tests/Entity/PlayerTest.php" line="50" assertions="3" time="0.000344"/>
      </testsuite>
    </testsuite>
  </testsuite>
</testsuites>
